number,value,params_alpha,params_colsample_bytree,params_eval_metric,params_lambda,params_learning_rate,params_max_depth,params_min_child_weight,params_objective,params_subsample,params_tree_method,state
257,0.7469284250592563,0.10626019631689833,0.6259230689598765,logloss,3.1854997111333523,0.025717275165054634,11,272,binary:logistic,0.43042672519604186,gpu_hist,COMPLETE
258,0.7479703213590545,0.13646195615928094,0.35876850955615436,logloss,4.5479308079925005,0.03502622566570573,11,281,binary:logistic,0.8585492042705739,gpu_hist,COMPLETE
259,0.7477304249150923,0.07140021635171899,0.3003797640963368,logloss,6.443224056519453,0.020011434701013603,11,290,binary:logistic,0.8443526615804728,gpu_hist,COMPLETE
260,0.7470705741788681,6.29145159851483,0.3235614767341202,logloss,5.6869115791304115,0.03225656838686866,9,68,binary:logistic,0.8943726238582406,gpu_hist,COMPLETE
261,0.7477459552078722,0.053856793230771714,0.3793189837935147,logloss,3.795043440551633,0.024086827370337027,11,267,binary:logistic,0.8696915096646844,gpu_hist,COMPLETE
262,0.7482488064005068,0.04253091687735529,0.3347005186909992,logloss,3.1687921944697015,0.02755387214479179,11,278,binary:logistic,0.8320944333088203,gpu_hist,COMPLETE
263,0.7480507020224813,0.0903216958757213,0.3122241636013297,logloss,4.905839262308909,0.021788674145963704,13,285,binary:logistic,0.8528249351121635,gpu_hist,COMPLETE
264,0.7481167179221943,8.052649855475797,0.3450649494619092,logloss,4.177440923959959,0.03053475325053842,11,262,binary:logistic,0.8290528294323748,gpu_hist,COMPLETE
265,0.7483154607712076,2.337518603614261,0.3247334375955194,logloss,6.7387615150691555,0.02594188230626872,20,274,binary:logistic,0.8754430594632862,gpu_hist,COMPLETE
266,0.7483640227689656,2.853381952941183,0.35967878538968373,logloss,6.550965996583734,0.024782209301854,20,275,binary:logistic,0.8826579018560567,gpu_hist,COMPLETE
267,0.7481917421529948,2.008994503887587,0.3713505445959001,logloss,6.096651177935759,0.022320204613817066,20,271,binary:logistic,0.8821714833545561,gpu_hist,COMPLETE
268,0.7479555760966385,4.434870278929448,0.3541642387189626,logloss,7.081473174529835,0.024316750865092107,20,276,binary:logistic,0.8911079663634418,gpu_hist,COMPLETE
269,0.7320078749900724,2.4849014702154606,0.3935329589328903,logloss,5.781560585587109,0.004194812236233933,20,273,binary:logistic,0.8719452716022111,gpu_hist,COMPLETE
270,0.7479793128809626,1.7339736723319215,0.36190261238709,logloss,0.0019832400747981974,0.018971768396489713,20,281,binary:logistic,0.8920753605038043,gpu_hist,COMPLETE
271,0.748041514763928,2.413765701615384,0.4082137596158696,logloss,5.15905437305252,0.02500665314518691,20,266,binary:logistic,0.8766709634222306,gpu_hist,COMPLETE
272,0.7479323597022886,3.1149273136774127,0.3405627982997037,logloss,6.912374759317655,0.021963105671033194,20,275,binary:logistic,0.9044521612864985,gpu_hist,COMPLETE
273,0.7467192191210644,3.744165225075702,0.38084335441958617,logloss,4.64973261574253,0.026975610337521324,20,284,binary:logistic,0.5707821015843353,gpu_hist,COMPLETE
274,0.7475359154788038,2.2468223719849956,0.7368209771273008,logloss,6.620238072247543,0.023801496353617016,20,269,binary:logistic,0.8628842926274201,gpu_hist,COMPLETE
275,0.7347451594549187,2.9952031904697622,0.3517425117404984,logloss,5.241811934209653,0.019662660760557282,3,279,binary:logistic,0.8759998002259108,gpu_hist,COMPLETE
276,0.7479730829266715,0.1239319314011295,0.3254311943085727,logloss,3.9830336356005387,0.029449381186358918,15,288,binary:logistic,0.8630242721322768,gpu_hist,COMPLETE
277,0.7468131650702818,5.308712549647986,0.4194100104382483,logloss,4.408956542942463,0.02571411400263219,7,274,binary:logistic,0.8118424906951507,gpu_hist,COMPLETE
278,0.7482097335319411,0.07389224331837004,0.36281574165951275,logloss,6.791698791067674,0.021867482755894764,20,282,binary:logistic,0.8548236046109294,gpu_hist,COMPLETE
279,0.7460901666916304,0.03702285266312305,0.31290238198669307,logloss,3.6427767470908416,0.03176886771917656,5,96,binary:logistic,0.8856720187819653,gpu_hist,COMPLETE
280,0.7478423386270531,0.17128838379525455,0.33733947190596,logloss,0.009002693501074627,0.027321008980278973,20,267,binary:logistic,0.7978064533237659,gpu_hist,COMPLETE
281,0.7480528473461246,0.04459886512118427,0.3255265710500854,logloss,5.0767600597172,0.0234115405829245,11,290,binary:logistic,0.8376475975279579,gpu_hist,COMPLETE
282,0.747691263277388,0.09724405644561532,0.3463201369878579,logloss,5.429814922670081,0.03645560498981689,11,278,binary:logistic,0.8205841229880786,gpu_hist,COMPLETE
283,0.747320177854601,0.02672762320436173,0.3148115155560183,logloss,3.5666873287334893,0.024848845095461317,20,177,binary:logistic,0.8696032004609594,gpu_hist,COMPLETE
284,0.7474681944892508,0.022290505873748714,0.36959355895042795,logloss,2.4739407046377897,0.029443513345182876,11,155,binary:logistic,0.8564433779906294,gpu_hist,COMPLETE
285,0.7478313215295416,0.06442243364579282,0.3348567382420847,logloss,7.447231280638741,0.020168432043934884,11,166,binary:logistic,0.8427691925603127,gpu_hist,COMPLETE
286,0.7476537164322777,2.0140951280863444,0.3933254739015392,logloss,5.825796242563588,0.022300734690515082,11,284,binary:logistic,0.8982709092623297,gpu_hist,COMPLETE
287,0.7478297400774689,0.05155227917019681,0.31259303393143256,logloss,4.292809665265503,0.026993024913807655,11,260,binary:logistic,0.8665232468623568,gpu_hist,COMPLETE
288,0.7478119173459943,0.03275548358984338,0.3005673928061382,logloss,0.2712025996022431,0.02449456663977249,9,272,binary:logistic,0.8280714712677659,gpu_hist,COMPLETE
289,0.7473841478965599,0.11253675115132435,0.35097115220897024,logloss,3.01026413142193,0.031149878475079155,20,294,binary:logistic,0.8472637261366935,gpu_hist,COMPLETE
290,0.7413278371542815,4.2636645565601565,0.32646187679791977,logloss,6.68215443767159,0.00880701019687444,11,278,binary:logistic,0.8832992400873915,gpu_hist,COMPLETE
291,0.7477593080867566,0.08572021956405329,0.810320985503072,logloss,4.697330237648483,0.021401406617776626,13,286,binary:logistic,0.8384158250662932,gpu_hist,COMPLETE
292,0.7478015378859576,0.2239831767262694,0.3812793730673268,logloss,2.632856254817822,0.028305458212706018,17,265,binary:logistic,0.859301712760697,gpu_hist,COMPLETE
293,0.7480146161868095,0.042407329585710106,0.3391250426223708,logloss,3.582511653521485,0.02611169623613455,11,271,binary:logistic,0.8148651593549849,gpu_hist,COMPLETE
294,0.7480090880504973,2.7913492222508047,0.41454859793244664,logloss,5.6020892184015345,0.02356007456760895,15,295,binary:logistic,0.8298377858839924,gpu_hist,COMPLETE
295,0.7475237861970607,0.07478718385805379,0.3227606921585647,logloss,7.5810087773036345,0.018565761506086093,11,281,binary:logistic,0.875011760821566,gpu_hist,COMPLETE
296,0.7413551454030587,1.6261971217117013,0.36469825755331076,logloss,4.260826727151615,0.03178582117078863,3,275,binary:logistic,0.8470575467042575,gpu_hist,COMPLETE
297,0.748106067431501,0.055479273246699504,0.43585528811817187,logloss,6.091920788112491,0.025462997981642185,11,288,binary:logistic,0.8557286555906906,gpu_hist,COMPLETE
298,0.747567048579998,0.06584578825443474,0.5343945136935611,logloss,4.795127431870156,0.028926720446741137,11,263,binary:logistic,0.8330647999780125,gpu_hist,COMPLETE
299,0.7473983353998339,3.3269516013747324,0.31432273327654303,logloss,0.04542563058249647,0.03397230288335745,20,282,binary:logistic,0.8676371577666658,gpu_hist,COMPLETE
300,0.7440077518890873,0.03599815521199387,0.344662291496016,logloss,3.579051971827337,0.09411849973484473,7,271,binary:logistic,0.8219365904892469,gpu_hist,COMPLETE
301,0.7462061240531809,0.04865823698740218,0.33159063519721516,logloss,2.951025791706612,0.03918065357302138,17,256,binary:logistic,0.8048098866721972,gpu_hist,COMPLETE
302,0.7476302654040073,0.08947819324847832,0.30019421343272285,logloss,7.515680095842534,0.020695314960234506,11,291,binary:logistic,0.8892958388349171,gpu_hist,COMPLETE
303,0.7482220657741093,0.11671280387494745,0.4020941742381582,logloss,5.354850688756516,0.023928053303742692,11,279,binary:logistic,0.8480533074356835,gpu_hist,COMPLETE
304,0.7448830557437303,0.1530584997514873,0.8637929717927901,logloss,4.020498911273445,0.027264374792829407,5,300,binary:logistic,0.8609321401471538,gpu_hist,COMPLETE
305,0.746434841698102,0.061886536376071104,0.3558291727274251,logloss,6.359155723305616,0.05272403088201427,11,286,binary:logistic,0.8773939524751251,gpu_hist,COMPLETE
306,0.7484596536647912,0.03052143301092377,0.31449266046993385,logloss,0.00374958929099431,0.023043452475408496,17,274,binary:logistic,0.8381801925731337,gpu_hist,COMPLETE
307,0.7322853364775126,0.02702390668232887,0.312713554168274,logloss,0.0031653155817272204,0.0033147619263320743,17,266,binary:logistic,0.836732673216265,gpu_hist,COMPLETE
308,0.7483543581852787,0.020995593850897522,0.3243147460115466,logloss,3.14987160669255,0.022697033153105166,17,273,binary:logistic,0.8182670034669031,gpu_hist,COMPLETE
309,0.7482318514950246,0.024388536044299584,0.32332335456049943,logloss,0.0012477256762377141,0.023142314114112536,17,259,binary:logistic,0.8134934147563875,gpu_hist,COMPLETE
310,0.7395963935767875,0.014509149767748922,0.332188725057724,logloss,0.06939568672416002,0.06739891579184422,17,269,binary:logistic,0.7872551706277328,gpu_hist,COMPLETE
311,0.7481417270641721,0.01820581486413338,0.3126713528607701,logloss,0.012145205127666687,0.022110112887977162,17,274,binary:logistic,0.8224041963202751,gpu_hist,COMPLETE
312,0.7478152130565503,0.0094105363043024,0.31987669187331597,logloss,2.4403904323479817,0.029588555399480094,17,276,binary:logistic,0.8435892801313714,gpu_hist,COMPLETE
313,0.7480049478523139,0.02133130890014501,0.3418395855241413,logloss,1.9647228722856849,0.025999581783871163,17,264,binary:logistic,0.8276048289737578,gpu_hist,COMPLETE
314,0.7479175070556094,0.03393430893185149,0.32704306708750924,logloss,2.980891424161822,0.02041152543281237,17,201,binary:logistic,0.8100365012949702,gpu_hist,COMPLETE
315,0.7481343985396958,0.031890661710989344,0.31037560905505923,logloss,0.1654073033350703,0.022868349042389352,17,270,binary:logistic,0.8560493581369821,gpu_hist,COMPLETE
316,0.7472349460063686,0.04083996562693596,0.33727440670463,logloss,3.242348761852537,0.033812289758401684,17,275,binary:logistic,0.8439113239063146,gpu_hist,COMPLETE
317,0.7480821865883401,0.04280860668961486,0.3012874823046757,logloss,2.312823902477575,0.02689693386672681,17,279,binary:logistic,0.8017456770795416,gpu_hist,COMPLETE
318,0.7480086869918068,6.798418115608604,0.32252332573093834,logloss,0.44173786857174974,0.024280759561830043,17,267,binary:logistic,0.8323676106409672,gpu_hist,COMPLETE
319,0.7480962514262788,0.02811654883284757,0.3124229435330623,logloss,3.48767289236334,0.030046027948112373,11,290,binary:logistic,0.8530499697280509,gpu_hist,COMPLETE
320,0.7442773584885671,0.054263023821432534,0.3456090814813057,logloss,0.028678416105100354,0.019369695850590323,17,28,binary:logistic,0.8647311887376664,gpu_hist,COMPLETE
321,0.7478992151952126,0.020600104251591148,0.33164894299996595,logloss,0.0060770694101687575,0.021540666613161594,11,258,binary:logistic,0.8194722019671193,gpu_hist,COMPLETE
322,0.7483050801998203,0.029238847824557428,0.3553899769522719,logloss,0.053455055979941574,0.027458435930307806,11,274,binary:logistic,0.8410897275547669,gpu_hist,COMPLETE
323,0.7481788597922208,0.028501711076395982,0.3525040735932272,logloss,0.019401185647481122,0.028303882999260604,11,272,binary:logistic,0.8356742990669128,gpu_hist,COMPLETE
324,0.7471600013760633,0.03625261748317094,0.36032794036530963,logloss,0.9433825498596639,0.04395625116993663,11,268,binary:logistic,0.8407450373505531,gpu_hist,COMPLETE
325,0.7478488785092756,0.018300467324446904,0.3342600169599029,logloss,2.639931174058209,0.035701745046561505,11,264,binary:logistic,0.7981530317266214,gpu_hist,COMPLETE
326,0.7479556174944527,0.03037175491643849,0.3013426616759217,logloss,0.10208390770183039,0.031164938606124286,11,276,binary:logistic,0.8237462293400817,gpu_hist,COMPLETE
327,0.7481864831024754,0.024635644868270044,0.3505170679707554,logloss,0.663288460601423,0.02624578022348122,11,281,binary:logistic,0.7797886945112501,gpu_hist,COMPLETE
328,0.7478307900260603,0.013020495536242753,0.3183172530735206,logloss,0.0046263858042322435,0.028879028907609076,9,255,binary:logistic,0.867076397907877,gpu_hist,COMPLETE
329,0.7481631015336249,0.03766022414924519,0.367372593373142,logloss,4.05295925968189,0.025107898213139804,11,275,binary:logistic,0.8508426804504273,gpu_hist,COMPLETE
330,0.7480707856580742,0.046308784438027835,0.3395328094630759,logloss,0.05098919594582682,0.03342715396112141,13,271,binary:logistic,0.8381700221081192,gpu_hist,COMPLETE
331,0.7479144470903245,9.943828069021665,0.32434181076716445,logloss,3.2141694862572754,0.02703733169475862,11,263,binary:logistic,0.9002008057999444,gpu_hist,COMPLETE
332,0.7480366166245545,0.016356298112999046,0.3001272598364216,logloss,4.233722599827676,0.023069279831273364,11,184,binary:logistic,0.8198507699510894,gpu_hist,COMPLETE
333,0.7482092631527495,5.362633299127777,0.3527523170622324,logloss,0.03837053843472188,0.030913062156517974,11,281,binary:logistic,0.8756707770569963,gpu_hist,COMPLETE
334,0.7484050688407323,0.075436985348845,0.3166625681277168,logloss,1.8765305756740718,0.025332243599591554,11,248,binary:logistic,0.8572596808092376,gpu_hist,COMPLETE
335,0.7483701411714283,0.08117878918286714,0.30982388423969004,logloss,1.2875740651235625,0.021513628710107716,15,256,binary:logistic,0.8573674496456891,gpu_hist,COMPLETE
336,0.7476954154225915,0.07688264504777445,0.31414390120216934,logloss,1.3863180706573646,0.017973214691618007,15,252,binary:logistic,0.8838333698384777,gpu_hist,COMPLETE
337,0.7476092140597761,0.09507835371240346,0.6645727307043399,logloss,1.3217779602402657,0.020292416576893464,15,256,binary:logistic,0.8641663629734333,gpu_hist,COMPLETE
338,0.7479654580883098,0.07940677536196257,0.3121482905664342,logloss,1.8404445115931352,0.021775680149357053,15,257,binary:logistic,0.9146441401580719,gpu_hist,COMPLETE
339,0.7478771769715431,0.07046186948024308,0.300467190383404,logloss,1.7608901814387732,0.016776820652144326,15,242,binary:logistic,0.8589329496904652,gpu_hist,COMPLETE
340,0.7482273019030201,0.06801730456869634,0.32302031778861107,logloss,1.6545991474874935,0.023906514224577714,15,244,binary:logistic,0.8720838498042885,gpu_hist,COMPLETE
341,0.745658300108853,0.08927152124663348,0.314285646284318,logloss,1.1278443297747194,0.020133342319461685,7,253,binary:logistic,0.5496167606298902,gpu_hist,COMPLETE
342,0.7369713501166882,0.05597234947686851,0.32668393461616363,logloss,1.928097973925687,0.022438859918340638,3,250,binary:logistic,0.8472683759310784,gpu_hist,COMPLETE
343,0.7410970947672699,0.06213658068089744,0.31191582256170214,logloss,2.200535740812562,0.007362778505851253,15,262,binary:logistic,0.8576160848787823,gpu_hist,COMPLETE
344,0.7444250030985639,0.07870319345783339,0.3006367912808115,logloss,1.5193170430719285,0.02477736428805033,5,262,binary:logistic,0.8900501022985533,gpu_hist,COMPLETE
345,0.7481328504281448,2.6237192328074266,0.37945375574874657,logloss,2.779251506142042,0.028354743366663496,11,266,binary:logistic,0.8435468555457075,gpu_hist,COMPLETE
346,0.7480692971427054,0.10580760510543549,0.32846328154553445,logloss,2.354509879871257,0.02165921369013399,20,268,binary:logistic,0.9805614532829784,gpu_hist,COMPLETE
347,0.7474872191465278,0.05309922597893036,0.34084733590230387,logloss,2.0970533389537445,0.019013646022447612,11,272,binary:logistic,0.8777529102324841,gpu_hist,COMPLETE
348,0.7476561137546966,0.024697689452879517,0.592627448313447,logloss,2.6185194950708803,0.024651583204019636,11,247,binary:logistic,0.8613260088260161,gpu_hist,COMPLETE
349,0.7481600792153456,0.09973754462316252,0.3198084199985165,logloss,3.1694469217277588,0.028029750746850726,11,262,binary:logistic,0.8386753959926876,gpu_hist,COMPLETE
350,0.7480382401690355,0.133448563294878,0.36050200584945435,logloss,0.013950767898488871,0.023164629855658075,11,273,binary:logistic,0.8704581419354692,gpu_hist,COMPLETE
351,0.7334293541002521,3.5909374031755967,0.31214547296688533,logloss,3.64388505675601,0.0047164841014180605,9,258,binary:logistic,0.8525554271772741,gpu_hist,COMPLETE
352,0.7460097708860502,0.06493312345291118,0.33392155458915856,logloss,2.7627020642203757,0.03895903578882707,20,269,binary:logistic,0.8293616681431822,gpu_hist,COMPLETE
353,0.7465813068871485,2.1212982580462296,0.34910457285969937,logloss,0.0020395856293069638,0.03080548835597962,11,82,binary:logistic,0.815539663554451,gpu_hist,COMPLETE
354,0.7481585691675565,0.047036654478426664,0.3249898184604021,logloss,2.1974933239858774,0.02557552059373906,17,231,binary:logistic,0.8965175191416469,gpu_hist,COMPLETE
355,0.7480849976110642,0.03328518555677026,0.31222981097831476,logloss,0.0011912266584954158,0.021577652939756973,11,277,binary:logistic,0.8472882352920243,gpu_hist,COMPLETE
356,0.7477333080366942,0.08130551952871681,0.37181717517321106,logloss,3.5054908959151736,0.026480054006973154,15,285,binary:logistic,0.6955340717417606,gpu_hist,COMPLETE
357,0.7480488442608362,0.06058935836641097,0.34324345100561116,logloss,8.760451117289186,0.028839204649285407,11,267,binary:logistic,0.8674689989647693,gpu_hist,COMPLETE
358,0.7476337728268754,0.03819661042767656,0.3315025411239236,logloss,0.02347292970682039,0.033733876698396274,17,275,binary:logistic,0.8836720522240217,gpu_hist,COMPLETE
359,0.7434806806134849,1.4761161777991536,0.3001315630240976,logloss,1.4962625147914572,0.02316117843321699,13,4,binary:logistic,0.8342951761557779,gpu_hist,COMPLETE
360,0.7476501941450939,0.07285772849544898,0.3180654305985718,logloss,4.284046581622654,0.019208021012745186,11,282,binary:logistic,0.8562032779018152,gpu_hist,COMPLETE
361,0.7480461989682883,0.02226583602973316,0.35588973827566295,logloss,3.0603323617526383,0.025228475887985338,11,210,binary:logistic,0.8111616409387565,gpu_hist,COMPLETE
362,0.7486883567232341,0.0011736111404269316,0.3382779500282529,logloss,2.5058086065541505,0.020617833561526695,20,260,binary:logistic,0.8451317149919986,gpu_hist,COMPLETE
363,0.7479810533951068,0.0018051513803369673,0.3853196793557796,logloss,2.1270330852371697,0.02067487728598738,20,248,binary:logistic,0.8516669120592729,gpu_hist,COMPLETE
364,0.7478992079714328,0.0023693150937888294,0.3445958317175498,logloss,2.4547078099592765,0.01654567389170069,20,259,binary:logistic,0.8666207228270215,gpu_hist,COMPLETE
365,0.7483999489868904,0.005075415431282748,0.36779606414337185,logloss,0.08648237036127607,0.01904643998218164,17,262,binary:logistic,0.8421706900134562,gpu_hist,COMPLETE
366,0.748056424923007,0.005996662002351836,0.371725848894393,logloss,0.2095359451949416,0.018205874144810865,17,216,binary:logistic,0.8395535983272734,gpu_hist,COMPLETE
367,0.725110834930764,0.0033826077853131424,0.39365893180852685,logloss,0.13196807963495902,0.002152513183330168,20,253,binary:logistic,0.8458556291525976,gpu_hist,COMPLETE
368,0.7484012206499503,0.002487251814682248,0.36629477093549323,logloss,2.6768437652717045,0.019196974773409165,17,261,binary:logistic,0.8285975046413142,gpu_hist,COMPLETE
369,0.7481453697939902,0.0023744720029715877,0.379021351492973,logloss,2.4756999053350626,0.016920999713928308,17,247,binary:logistic,0.8282393556083427,gpu_hist,COMPLETE
370,0.7476537235171385,0.001006035450311561,0.3666944835700731,logloss,1.9436781507373793,0.014710855121264594,17,257,binary:logistic,0.8232489887654563,gpu_hist,COMPLETE
371,0.748410861061759,0.004301599956827996,0.3617344437516897,logloss,1.70275838113205,0.018677266758923984,17,254,binary:logistic,0.8354822897279057,gpu_hist,COMPLETE
372,0.7483740734081086,0.0012629154624272576,0.36057616054145736,logloss,0.08199413622863301,0.019835964406095103,17,235,binary:logistic,0.8333169982130643,gpu_hist,COMPLETE
373,0.74813359100448,0.0017733113785756956,0.3672368129427592,logloss,0.10294609654107895,0.01785223017613287,17,243,binary:logistic,0.8336183947629862,gpu_hist,COMPLETE
374,0.7479674808855366,0.0015211045574792736,0.35583613340135783,logloss,0.06703336621413587,0.01833344532997461,17,252,binary:logistic,0.8581189486332185,gpu_hist,COMPLETE
375,0.7480425460973948,0.0012940181881728869,0.3462084492786253,logloss,1.653242845081955,0.016754181187255374,17,238,binary:logistic,0.8364199444373486,gpu_hist,COMPLETE
376,0.7474904378960466,0.004978112083343942,0.92452780067886,logloss,1.9212260967658474,0.01945296095240755,17,247,binary:logistic,0.851068588192993,gpu_hist,COMPLETE
377,0.7475654004468822,0.0038204063775984574,0.9643025616542816,logloss,1.235838347370484,0.019262467220027616,17,251,binary:logistic,0.8610034751165612,gpu_hist,COMPLETE
378,0.7482768895385725,0.002764219996174764,0.35929398784422506,logloss,1.1178810029796868,0.0208331061900898,17,258,binary:logistic,0.8250702441610678,gpu_hist,COMPLETE
379,0.7476095013439369,0.001423483903391394,0.3413547245840351,logloss,0.08586181624758402,0.01575864783562575,17,224,binary:logistic,0.8415554444354738,gpu_hist,COMPLETE
380,0.7482683296375,0.0072171731202791516,0.3739237817525852,logloss,0.297551148816039,0.01993596231020143,17,252,binary:logistic,0.8049431131128144,gpu_hist,COMPLETE
381,0.7477589827388337,0.0019580826216985922,0.3364792408479864,logloss,1.3921551488355899,0.015445761415420334,17,240,binary:logistic,0.8765217485242118,gpu_hist,COMPLETE
382,0.7481237658306141,0.0012408427908755532,0.3924748341371995,logloss,0.07477085086095862,0.018192730250998827,17,261,binary:logistic,0.8508255238112769,gpu_hist,COMPLETE
383,0.7483999913571366,0.0031120824140020886,0.3615624311803738,logloss,0.09144709768418814,0.020845849088566872,17,257,binary:logistic,0.8293023095458865,gpu_hist,COMPLETE
384,0.7471356850223397,0.004257778643452392,0.3629512243881378,logloss,0.0926743573314461,0.013458711521073948,17,248,binary:logistic,0.8183009340279552,gpu_hist,COMPLETE
