Trial 825 finished with value: 0.7466916720708017 and parameters: {'objective': 'binary:logistic', 'tree_method': 'gpu_hist', 'lambda': 0.005185271322676868, 'alpha': 0.18757041033634403, 'colsample_bytree': 0.34622374200249717, 'subsample': 0.8201064772492378, 'learning_rate': 0.017991967321954423, 'max_depth': 9, 'min_child_weight': 270, 'eval_metric': 'logloss'}. Best is trial 362 with value: 0.7486883567232341.
start listen on 192.168.1.101:59327
@tracker All of 4 nodes getting started
@tracker All nodes finishes job
Trial 826 finished with value: 0.7478600448056212 and parameters: {'objective': 'binary:logistic', 'tree_method': 'gpu_hist', 'lambda': 0.00862903711093721, 'alpha': 0.07654883222750802, 'colsample_bytree': 0.8692510683034346, 'subsample': 0.8476364606855399, 'learning_rate': 0.021439137192571605, 'max_depth': 17, 'min_child_weight': 277, 'eval_metric': 'logloss'}. Best is trial 362 with value: 0.7486883567232341.
start listen on 192.168.1.101:44347
@tracker All of 4 nodes getting started
@tracker All nodes finishes job
Trial 827 finished with value: 0.7475258884558639 and parameters: {'objective': 'binary:logistic', 'tree_method': 'gpu_hist', 'lambda': 0.006689849863127242, 'alpha': 0.048640456539596005, 'colsample_bytree': 0.388638468730488, 'subsample': 0.6575335904637792, 'learning_rate': 0.02464248994978412, 'max_depth': 17, 'min_child_weight': 264, 'eval_metric': 'logloss'}. Best is trial 362 with value: 0.7486883567232341.
start listen on 192.168.1.101:40417
@tracker All of 4 nodes getting started
@tracker All nodes finishes job
Trial 828 finished with value: 0.7469344717795975 and parameters: {'objective': 'binary:logistic', 'tree_method': 'gpu_hist', 'lambda': 0.1703931624808211, 'alpha': 0.06609973267158865, 'colsample_bytree': 0.3175385242261929, 'subsample': 0.7950070546978784, 'learning_rate': 0.015015938655714985, 'max_depth': 11, 'min_child_weight': 255, 'eval_metric': 'logloss'}. Best is trial 362 with value: 0.7486883567232341.
start listen on 192.168.1.101:51631
@tracker All of 4 nodes getting started
@tracker All nodes finishes job
Trial 829 finished with value: 0.748153783830281 and parameters: {'objective': 'binary:logistic', 'tree_method': 'gpu_hist', 'lambda': 0.0031184877164137335, 'alpha': 0.4516679108657728, 'colsample_bytree': 0.33748150757494716, 'subsample': 0.8330776026121027, 'learning_rate': 0.019065326437461366, 'max_depth': 20, 'min_child_weight': 280, 'eval_metric': 'logloss'}. Best is trial 362 with value: 0.7486883567232341.
start listen on 192.168.1.101:54787
@tracker All of 4 nodes getting started
@tracker All nodes finishes job
Trial 830 finished with value: 0.7482825807656026 and parameters: {'objective': 'binary:logistic', 'tree_method': 'gpu_hist', 'lambda': 0.004449665882991626, 'alpha': 0.09039804669621586, 'colsample_bytree': 0.3190289196741949, 'subsample': 0.8133125181731427, 'learning_rate': 0.021998957832855416, 'max_depth': 17, 'min_child_weight': 249, 'eval_metric': 'logloss'}. Best is trial 362 with value: 0.7486883567232341.
start listen on 192.168.1.101:60093
@tracker All of 4 nodes getting started
@tracker All nodes finishes job
Trial 831 finished with value: 0.7482358199895218 and parameters: {'objective': 'binary:logistic', 'tree_method': 'gpu_hist', 'lambda': 0.00574059956235717, 'alpha': 0.057428526852699516, 'colsample_bytree': 0.35642277563103314, 'subsample': 0.8660760524082336, 'learning_rate': 0.02963940671975289, 'max_depth': 13, 'min_child_weight': 270, 'eval_metric': 'logloss'}. Best is trial 362 with value: 0.7486883567232341.
start listen on 192.168.1.101:40047
@tracker All of 4 nodes getting started
@tracker All nodes finishes job
Trial 832 finished with value: 0.745350454292765 and parameters: {'objective': 'binary:logistic', 'tree_method': 'gpu_hist', 'lambda': 0.04042105612774524, 'alpha': 0.07218225270909097, 'colsample_bytree': 0.37512644570107967, 'subsample': 0.87873060370378, 'learning_rate': 0.04348359936445599, 'max_depth': 17, 'min_child_weight': 262, 'eval_metric': 'logloss'}. Best is trial 362 with value: 0.7486883567232341.
start listen on 192.168.1.101:45883
@tracker All of 4 nodes getting started
@tracker All nodes finishes job
Trial 833 finished with value: 0.7474329221623052 and parameters: {'objective': 'binary:logistic', 'tree_method': 'gpu_hist', 'lambda': 0.40583341098093567, 'alpha': 0.1332321991059128, 'colsample_bytree': 0.4927088167602997, 'subsample': 0.8486884777456543, 'learning_rate': 0.02579733712635726, 'max_depth': 17, 'min_child_weight': 275, 'eval_metric': 'logloss'}. Best is trial 362 with value: 0.7486883567232341.
start listen on 192.168.1.101:56431
@tracker All of 4 nodes getting started
@tracker All nodes finishes job
Trial 834 finished with value: 0.7469785457263971 and parameters: {'objective': 'binary:logistic', 'tree_method': 'gpu_hist', 'lambda': 0.12485699942799607, 'alpha': 0.0018558062888132216, 'colsample_bytree': 0.3322870334060331, 'subsample': 0.4301575286816562, 'learning_rate': 0.02018446556804557, 'max_depth': 20, 'min_child_weight': 192, 'eval_metric': 'logloss'}. Best is trial 362 with value: 0.7486883567232341.
start listen on 192.168.1.101:34317
@tracker All of 4 nodes getting started
@tracker All nodes finishes job
Trial 835 finished with value: 0.7479968205445086 and parameters: {'objective': 'binary:logistic', 'tree_method': 'gpu_hist', 'lambda': 0.06248959211499861, 'alpha': 0.00892345355633377, 'colsample_bytree': 0.34446413111117913, 'subsample': 0.8269250866965129, 'learning_rate': 0.023437986468486792, 'max_depth': 17, 'min_child_weight': 285, 'eval_metric': 'logloss'}. Best is trial 362 with value: 0.7486883567232341.
start listen on 192.168.1.101:57995
@tracker All of 4 nodes getting started
@tracker All nodes finishes job
Trial 836 finished with value: 0.7470485662395059 and parameters: {'objective': 'binary:logistic', 'tree_method': 'gpu_hist', 'lambda': 1.390360548006276, 'alpha': 0.1092194122579418, 'colsample_bytree': 0.31335630976446305, 'subsample': 0.860219452354764, 'learning_rate': 0.016713612497593427, 'max_depth': 11, 'min_child_weight': 293, 'eval_metric': 'logloss'}. Best is trial 362 with value: 0.7486883567232341.
start listen on 192.168.1.101:46469
@tracker All of 4 nodes getting started
@tracker All nodes finishes job
Trial 837 finished with value: 0.7336451545157707 and parameters: {'objective': 'binary:logistic', 'tree_method': 'gpu_hist', 'lambda': 0.003973827193330056, 'alpha': 0.05171623437965418, 'colsample_bytree': 0.3231470504003999, 'subsample': 0.8377678794475146, 'learning_rate': 0.018232077433853407, 'max_depth': 3, 'min_child_weight': 256, 'eval_metric': 'logloss'}. Best is trial 362 with value: 0.7486883567232341.
start listen on 192.168.1.101:52761
@tracker All of 4 nodes getting started
@tracker All nodes finishes job
Trial 838 finished with value: 0.7416512224317928 and parameters: {'objective': 'binary:logistic', 'tree_method': 'gpu_hist', 'lambda': 0.00524543872663821, 'alpha': 0.002854948536797231, 'colsample_bytree': 0.3582746408954461, 'subsample': 0.8055732392374252, 'learning_rate': 0.021021512253548032, 'max_depth': 17, 'min_child_weight': 12, 'eval_metric': 'logloss'}. Best is trial 362 with value: 0.7486883567232341.
start listen on 192.168.1.101:60059
@tracker All of 4 nodes getting started
@tracker All nodes finishes job
Trial 839 finished with value: 0.7373531536836435 and parameters: {'objective': 'binary:logistic', 'tree_method': 'gpu_hist', 'lambda': 0.0026485189278144636, 'alpha': 0.07619879760383827, 'colsample_bytree': 0.3342988287666324, 'subsample': 0.8472363695729951, 'learning_rate': 0.0055353121392847995, 'max_depth': 17, 'min_child_weight': 268, 'eval_metric': 'logloss'}. Best is trial 362 with value: 0.7486883567232341.
start listen on 192.168.1.101:38107
@tracker All of 4 nodes getting started
@tracker All nodes finishes job
Trial 840 finished with value: 0.7479557151543973 and parameters: {'objective': 'binary:logistic', 'tree_method': 'gpu_hist', 'lambda': 0.08375314279605314, 'alpha': 0.04494406567503049, 'colsample_bytree': 0.30064898322897193, 'subsample': 0.786175580023705, 'learning_rate': 0.036315421869782316, 'max_depth': 7, 'min_child_weight': 244, 'eval_metric': 'logloss'}. Best is trial 362 with value: 0.7486883567232341.
start listen on 192.168.1.101:55393
@tracker All of 4 nodes getting started
@tracker All nodes finishes job
Trial 841 finished with value: 0.7478575559356869 and parameters: {'objective': 'binary:logistic', 'tree_method': 'gpu_hist', 'lambda': 0.027879097712388716, 'alpha': 0.004615927920361091, 'colsample_bytree': 0.3139386033306062, 'subsample': 0.8136908424382356, 'learning_rate': 0.027678684666186688, 'max_depth': 20, 'min_child_weight': 277, 'eval_metric': 'logloss'}. Best is trial 362 with value: 0.7486883567232341.
start listen on 192.168.1.101:41989
@tracker All of 4 nodes getting started
@tracker All nodes finishes job
Trial 842 finished with value: 0.7482973961820328 and parameters: {'objective': 'binary:logistic', 'tree_method': 'gpu_hist', 'lambda': 9.706608128416784, 'alpha': 0.06090983520838599, 'colsample_bytree': 0.34586242173662696, 'subsample': 0.8339756241809674, 'learning_rate': 0.022968812864049355, 'max_depth': 17, 'min_child_weight': 261, 'eval_metric': 'logloss'}. Best is trial 362 with value: 0.7486883567232341.
start listen on 192.168.1.101:37243
@tracker All of 4 nodes getting started
@tracker All nodes finishes job
Trial 843 finished with value: 0.7444732478056917 and parameters: {'objective': 'binary:logistic', 'tree_method': 'gpu_hist', 'lambda': 0.010149751269005493, 'alpha': 0.08162608291439431, 'colsample_bytree': 0.3664166652079023, 'subsample': 0.8586474948575509, 'learning_rate': 0.025240499449894274, 'max_depth': 5, 'min_child_weight': 251, 'eval_metric': 'logloss'}. Best is trial 362 with value: 0.7486883567232341.
start listen on 192.168.1.101:56671
@tracker All of 4 nodes getting started
@tracker All nodes finishes job
Trial 844 finished with value: 0.7437992013699818 and parameters: {'objective': 'binary:logistic', 'tree_method': 'gpu_hist', 'lambda': 0.051140164182138334, 'alpha': 0.1004529781431553, 'colsample_bytree': 0.32665101553309234, 'subsample': 0.9049131545605117, 'learning_rate': 0.009101745073749818, 'max_depth': 17, 'min_child_weight': 272, 'eval_metric': 'logloss'}. Best is trial 362 with value: 0.7486883567232341.
start listen on 192.168.1.101:41091
@tracker All of 4 nodes getting started
@tracker All nodes finishes job
Trial 845 finished with value: 0.7474045354865744 and parameters: {'objective': 'binary:logistic', 'tree_method': 'gpu_hist', 'lambda': 0.001600023831649877, 'alpha': 0.06943428692549825, 'colsample_bytree': 0.3903249757263748, 'subsample': 0.8870655658920733, 'learning_rate': 0.01963561605687631, 'max_depth': 17, 'min_child_weight': 115, 'eval_metric': 'logloss'}. Best is trial 362 with value: 0.7486883567232341.
start listen on 192.168.1.101:46191
@tracker All of 4 nodes getting started
@tracker All nodes finishes job
Trial 846 finished with value: 0.747913753607476 and parameters: {'objective': 'binary:logistic', 'tree_method': 'gpu_hist', 'lambda': 0.0035675655099731097, 'alpha': 0.0036306139413548946, 'colsample_bytree': 0.31281017233718333, 'subsample': 0.8227102422980814, 'learning_rate': 0.021909046069213053, 'max_depth': 11, 'min_child_weight': 283, 'eval_metric': 'logloss'}. Best is trial 362 with value: 0.7486883567232341.
start listen on 192.168.1.101:39251
@tracker All of 4 nodes getting started
@tracker All nodes finishes job
Trial 847 finished with value: 0.7482303296391342 and parameters: {'objective': 'binary:logistic', 'tree_method': 'gpu_hist', 'lambda': 0.00105222829106089, 'alpha': 0.0024645682925426063, 'colsample_bytree': 0.337196987008157, 'subsample': 0.8750783725467476, 'learning_rate': 0.018485583425862095, 'max_depth': 20, 'min_child_weight': 267, 'eval_metric': 'logloss'}. Best is trial 362 with value: 0.7486883567232341.
start listen on 192.168.1.101:47873
@tracker All of 4 nodes getting started
@tracker All nodes finishes job
Trial 848 finished with value: 0.7483748539930695 and parameters: {'objective': 'binary:logistic', 'tree_method': 'gpu_hist', 'lambda': 0.0077494980940358265, 'alpha': 0.052581885420735844, 'colsample_bytree': 0.3490621164684882, 'subsample': 0.8430375017873443, 'learning_rate': 0.02074598478591805, 'max_depth': 17, 'min_child_weight': 258, 'eval_metric': 'logloss'}. Best is trial 362 with value: 0.7486883567232341.
start listen on 192.168.1.101:45863
@tracker All of 4 nodes getting started
@tracker All nodes finishes job
Trial 849 finished with value: 0.7481042153655284 and parameters: {'objective': 'binary:logistic', 'tree_method': 'gpu_hist', 'lambda': 0.006705956159241743, 'alpha': 0.06220963070296869, 'colsample_bytree': 0.3762848483695673, 'subsample': 0.7984022639849259, 'learning_rate': 0.023881454956318236, 'max_depth': 17, 'min_child_weight': 288, 'eval_metric': 'logloss'}. Best is trial 362 with value: 0.7486883567232341.
start listen on 192.168.1.101:35761
@tracker All of 4 nodes getting started
@tracker All nodes finishes job
Trial 850 finished with value: 0.732536114156361 and parameters: {'objective': 'binary:logistic', 'tree_method': 'gpu_hist', 'lambda': 0.004253423834017443, 'alpha': 0.09271338987397701, 'colsample_bytree': 0.3219354921001882, 'subsample': 0.92614050715976, 'learning_rate': 0.0032583250737173845, 'max_depth': 17, 'min_child_weight': 236, 'eval_metric': 'logloss'}. Best is trial 362 with value: 0.7486883567232341.
start listen on 192.168.1.101:35873
@tracker All of 4 nodes getting started
@tracker All nodes finishes job
Trial 851 finished with value: 0.7475081836664841 and parameters: {'objective': 'binary:logistic', 'tree_method': 'gpu_hist', 'lambda': 1.7015396998437953, 'alpha': 0.15837857397183125, 'colsample_bytree': 0.30011063925481646, 'subsample': 0.8600378676828287, 'learning_rate': 0.01639137454829797, 'max_depth': 15, 'min_child_weight': 274, 'eval_metric': 'logloss'}. Best is trial 362 with value: 0.7486883567232341.
start listen on 192.168.1.101:34693
@tracker All of 4 nodes getting started
@tracker All nodes finishes job
Trial 852 finished with value: 0.7482230732135358 and parameters: {'objective': 'binary:logistic', 'tree_method': 'gpu_hist', 'lambda': 0.01936121291866575, 'alpha': 0.002118795213517453, 'colsample_bytree': 0.33336308152277394, 'subsample': 0.8342805390002768, 'learning_rate': 0.026023588052322365, 'max_depth': 20, 'min_child_weight': 264, 'eval_metric': 'logloss'}. Best is trial 362 with value: 0.7486883567232341.
start listen on 192.168.1.101:41487
@tracker All of 4 nodes getting started
@tracker All nodes finishes job
Trial 853 finished with value: 0.7474752753214358 and parameters: {'objective': 'binary:logistic', 'tree_method': 'gpu_hist', 'lambda': 0.005834925721176187, 'alpha': 0.04240985861528125, 'colsample_bytree': 0.35847038258077424, 'subsample': 0.76029745676559, 'learning_rate': 0.02908311214660068, 'max_depth': 17, 'min_child_weight': 248, 'eval_metric': 'logloss'}. Best is trial 362 with value: 0.7486883567232341.
start listen on 192.168.1.101:41449
@tracker All of 4 nodes getting started
@tracker All nodes finishes job
Trial 854 finished with value: 0.7475647129375439 and parameters: {'objective': 'binary:logistic', 'tree_method': 'gpu_hist', 'lambda': 4.33357044945147, 'alpha': 0.04984025428907613, 'colsample_bytree': 0.3132739152355, 'subsample': 0.8189151584005059, 'learning_rate': 0.01996255535107358, 'max_depth': 11, 'min_child_weight': 279, 'eval_metric': 'logloss'}. Best is trial 362 with value: 0.7486883567232341.
start listen on 192.168.1.101:59695
@tracker All of 4 nodes getting started
@tracker All nodes finishes job
Trial 855 finished with value: 0.7482124659266017 and parameters: {'objective': 'binary:logistic', 'tree_method': 'gpu_hist', 'lambda': 0.0033395502337931317, 'alpha': 0.07284009414377997, 'colsample_bytree': 0.32563899566580967, 'subsample': 0.8489402216782517, 'learning_rate': 0.022261051826183882, 'max_depth': 17, 'min_child_weight': 254, 'eval_metric': 'logloss'}. Best is trial 362 with value: 0.7486883567232341.
start listen on 192.168.1.101:52323
@tracker All of 4 nodes getting started
@tracker All nodes finishes job
Trial 856 finished with value: 0.7480198267546538 and parameters: {'objective': 'binary:logistic', 'tree_method': 'gpu_hist', 'lambda': 0.0049731724173090325, 'alpha': 0.12641227160592394, 'colsample_bytree': 0.34823621657393855, 'subsample': 0.7788118542751776, 'learning_rate': 0.018137837245449914, 'max_depth': 17, 'min_child_weight': 268, 'eval_metric': 'logloss'}. Best is trial 362 with value: 0.7486883567232341.
start listen on 192.168.1.101:59107
@tracker All of 4 nodes getting started
@tracker All nodes finishes job
Trial 857 finished with value: 0.7291537660322771 and parameters: {'objective': 'binary:logistic', 'tree_method': 'gpu_hist', 'lambda': 0.0024066927119483915, 'alpha': 0.09081355670554885, 'colsample_bytree': 0.30043650666951965, 'subsample': 0.8709315907241518, 'learning_rate': 0.0020002055398840347, 'max_depth': 20, 'min_child_weight': 261, 'eval_metric': 'logloss'}. Best is trial 362 with value: 0.7486883567232341.
start listen on 192.168.1.101:48629
@tracker All of 4 nodes getting started
@tracker All nodes finishes job
Trial 858 finished with value: 0.7474141896513484 and parameters: {'objective': 'binary:logistic', 'tree_method': 'gpu_hist', 'lambda': 0.006464158568555065, 'alpha': 0.06003939898417212, 'colsample_bytree': 0.4008143674615227, 'subsample': 0.806110045471238, 'learning_rate': 0.023658158722413992, 'max_depth': 9, 'min_child_weight': 242, 'eval_metric': 'logloss'}. Best is trial 362 with value: 0.7486883567232341.
start listen on 192.168.1.101:52093
@tracker All of 4 nodes getting started
@tracker All nodes finishes job
Trial 859 finished with value: 0.741325372734063 and parameters: {'objective': 'binary:logistic', 'tree_method': 'gpu_hist', 'lambda': 0.0045762709872471455, 'alpha': 0.006517395759640879, 'colsample_bytree': 0.3681281687946322, 'subsample': 0.8278724465985561, 'learning_rate': 0.061316769388818394, 'max_depth': 17, 'min_child_weight': 272, 'eval_metric': 'logloss'}. Best is trial 362 with value: 0.7486883567232341.
start listen on 192.168.1.101:57015
@tracker All of 4 nodes getting started
@tracker All nodes finishes job
Trial 860 finished with value: 0.747765385924918 and parameters: {'objective': 'binary:logistic', 'tree_method': 'gpu_hist', 'lambda': 0.015206642255347983, 'alpha': 0.0722373813481427, 'colsample_bytree': 0.3385788430013133, 'subsample': 0.850141366248862, 'learning_rate': 0.03197347879622288, 'max_depth': 17, 'min_child_weight': 282, 'eval_metric': 'logloss'}. Best is trial 362 with value: 0.7486883567232341.
start listen on 192.168.1.101:46581
@tracker All of 4 nodes getting started
@tracker All nodes finishes job
Trial 861 finished with value: 0.7482242201274774 and parameters: {'objective': 'binary:logistic', 'tree_method': 'gpu_hist', 'lambda': 0.0038073371306643934, 'alpha': 0.003272036347011183, 'colsample_bytree': 0.3130750628129975, 'subsample': 0.7223192206302708, 'learning_rate': 0.020938946349027054, 'max_depth': 13, 'min_child_weight': 265, 'eval_metric': 'logloss'}. Best is trial 362 with value: 0.7486883567232341.
start listen on 192.168.1.101:56689
@tracker All of 4 nodes getting started
@tracker All nodes finishes job
Trial 862 finished with value: 0.7466521868911193 and parameters: {'objective': 'binary:logistic', 'tree_method': 'gpu_hist', 'lambda': 3.588763682755898, 'alpha': 0.0451855449342709, 'colsample_bytree': 0.3187394898288737, 'subsample': 0.9593513698809062, 'learning_rate': 0.013002199063693067, 'max_depth': 17, 'min_child_weight': 255, 'eval_metric': 'logloss'}. Best is trial 362 with value: 0.7486883567232341.
start listen on 192.168.1.101:43441
@tracker All of 4 nodes getting started
@tracker All nodes finishes job
Trial 863 finished with value: 0.7480505314301459 and parameters: {'objective': 'binary:logistic', 'tree_method': 'gpu_hist', 'lambda': 0.0027943136285458066, 'alpha': 0.054664460617206576, 'colsample_bytree': 0.3326737432222581, 'subsample': 0.8636587808888049, 'learning_rate': 0.026278033106559698, 'max_depth': 11, 'min_child_weight': 276, 'eval_metric': 'logloss'}. Best is trial 362 with value: 0.7486883567232341.
start listen on 192.168.1.101:33101
@tracker All of 4 nodes getting started
@tracker All nodes finishes job
Trial 864 finished with value: 0.7481321447204384 and parameters: {'objective': 'binary:logistic', 'tree_method': 'gpu_hist', 'lambda': 2.3182790078673285, 'alpha': 0.26660694848576383, 'colsample_bytree': 0.3829840967117939, 'subsample': 0.752879732650416, 'learning_rate': 0.01763386592678419, 'max_depth': 20, 'min_child_weight': 290, 'eval_metric': 'logloss'}. Best is trial 362 with value: 0.7486883567232341.
start listen on 192.168.1.101:52229
@tracker All of 4 nodes getting started
@tracker All nodes finishes job
Trial 865 finished with value: 0.748147991053579 and parameters: {'objective': 'binary:logistic', 'tree_method': 'gpu_hist', 'lambda': 0.0079246303989753, 'alpha': 0.0168210345401359, 'colsample_bytree': 0.355400888316485, 'subsample': 0.8390034760624077, 'learning_rate': 0.022151869703730898, 'max_depth': 17, 'min_child_weight': 214, 'eval_metric': 'logloss'}. Best is trial 362 with value: 0.7486883567232341.
start listen on 192.168.1.101:44223
@tracker All of 4 nodes getting started
@tracker All nodes finishes job
