Trial 620 finished with value: 0.7480898050364353 and parameters: {'objective': 'binary:logistic', 'tree_method': 'gpu_hist', 'lambda': 0.0041712686779721755, 'alpha': 0.15129038220838906, 'colsample_bytree': 0.3926510635203176, 'subsample': 0.8464406725914438, 'learning_rate': 0.024132011561779812, 'max_depth': 17, 'min_child_weight': 251, 'eval_metric': 'logloss'}. Best is trial 362 with value: 0.7486883567232341.
start listen on 192.168.1.101:39913
@tracker All of 4 nodes getting started
@tracker All nodes finishes job
Trial 621 finished with value: 0.748076533563991 and parameters: {'objective': 'binary:logistic', 'tree_method': 'gpu_hist', 'lambda': 0.002910489756633049, 'alpha': 0.0044074940828358255, 'colsample_bytree': 0.3427170700856582, 'subsample': 0.7708016518184762, 'learning_rate': 0.020570755498575066, 'max_depth': 17, 'min_child_weight': 187, 'eval_metric': 'logloss'}. Best is trial 362 with value: 0.7486883567232341.
start listen on 192.168.1.101:36421
@tracker All of 4 nodes getting started
@tracker All nodes finishes job
Trial 622 finished with value: 0.7481931418992249 and parameters: {'objective': 'binary:logistic', 'tree_method': 'gpu_hist', 'lambda': 0.0899442490081037, 'alpha': 0.07387605063398345, 'colsample_bytree': 0.642504779197188, 'subsample': 0.825953518391755, 'learning_rate': 0.022460084105828157, 'max_depth': 17, 'min_child_weight': 278, 'eval_metric': 'logloss'}. Best is trial 362 with value: 0.7486883567232341.
start listen on 192.168.1.101:52359
@tracker All of 4 nodes getting started
@tracker All nodes finishes job
Trial 623 finished with value: 0.7479598517406908 and parameters: {'objective': 'binary:logistic', 'tree_method': 'gpu_hist', 'lambda': 2.7870260522425734, 'alpha': 0.001011447342903274, 'colsample_bytree': 0.3003777199436593, 'subsample': 0.8567546368539366, 'learning_rate': 0.02726030925197411, 'max_depth': 17, 'min_child_weight': 268, 'eval_metric': 'logloss'}. Best is trial 362 with value: 0.7486883567232341.
start listen on 192.168.1.101:59209
@tracker All of 4 nodes getting started
@tracker All nodes finishes job
Trial 624 finished with value: 0.7483841973963987 and parameters: {'objective': 'binary:logistic', 'tree_method': 'gpu_hist', 'lambda': 0.006556327841973073, 'alpha': 0.001349108879129811, 'colsample_bytree': 0.37649114031088843, 'subsample': 0.8385911281064898, 'learning_rate': 0.019396179032499416, 'max_depth': 17, 'min_child_weight': 262, 'eval_metric': 'logloss'}. Best is trial 362 with value: 0.7486883567232341.
start listen on 192.168.1.101:44513
@tracker All of 4 nodes getting started
@tracker All nodes finishes job
Trial 625 finished with value: 0.7455710775536459 and parameters: {'objective': 'binary:logistic', 'tree_method': 'gpu_hist', 'lambda': 0.009250557199461383, 'alpha': 0.0012885447384605965, 'colsample_bytree': 0.41057852712499887, 'subsample': 0.84316501101205, 'learning_rate': 0.014885632312490547, 'max_depth': 9, 'min_child_weight': 243, 'eval_metric': 'logloss'}. Best is trial 362 with value: 0.7486883567232341.
start listen on 192.168.1.101:52075
@tracker All of 4 nodes getting started
@tracker All nodes finishes job
Trial 626 finished with value: 0.7479913044941353 and parameters: {'objective': 'binary:logistic', 'tree_method': 'gpu_hist', 'lambda': 0.006854491898301536, 'alpha': 0.0017120887769938218, 'colsample_bytree': 0.373956276772063, 'subsample': 0.8692710741963817, 'learning_rate': 0.016180382270008665, 'max_depth': 20, 'min_child_weight': 256, 'eval_metric': 'logloss'}. Best is trial 362 with value: 0.7486883567232341.
start listen on 192.168.1.101:36893
@tracker All of 4 nodes getting started
@tracker All nodes finishes job
Trial 627 finished with value: 0.7482951187465726 and parameters: {'objective': 'binary:logistic', 'tree_method': 'gpu_hist', 'lambda': 0.008831120318544461, 'alpha': 0.0013848307876966229, 'colsample_bytree': 0.3967118597616976, 'subsample': 0.8358346964353701, 'learning_rate': 0.01917604438643472, 'max_depth': 17, 'min_child_weight': 261, 'eval_metric': 'logloss'}. Best is trial 362 with value: 0.7486883567232341.
start listen on 192.168.1.101:43775
@tracker All of 4 nodes getting started
@tracker All nodes finishes job
Trial 628 finished with value: 0.748120953279783 and parameters: {'objective': 'binary:logistic', 'tree_method': 'gpu_hist', 'lambda': 0.011042860099050525, 'alpha': 0.0011575977084015828, 'colsample_bytree': 0.382797554537664, 'subsample': 0.8506057166865716, 'learning_rate': 0.017388221072658548, 'max_depth': 17, 'min_child_weight': 250, 'eval_metric': 'logloss'}. Best is trial 362 with value: 0.7486883567232341.
start listen on 192.168.1.101:53689
@tracker All of 4 nodes getting started
@tracker All nodes finishes job
Trial 629 finished with value: 0.7479913745092307 and parameters: {'objective': 'binary:logistic', 'tree_method': 'gpu_hist', 'lambda': 0.7993843793361493, 'alpha': 0.0021277984283799758, 'colsample_bytree': 0.3726549574786146, 'subsample': 0.8607270618866533, 'learning_rate': 0.018168978186107642, 'max_depth': 17, 'min_child_weight': 282, 'eval_metric': 'logloss'}. Best is trial 362 with value: 0.7486883567232341.
start listen on 192.168.1.101:46985
@tracker All of 4 nodes getting started
@tracker All nodes finishes job
Trial 630 finished with value: 0.7472518047800139 and parameters: {'objective': 'binary:logistic', 'tree_method': 'gpu_hist', 'lambda': 2.504851077069313, 'alpha': 0.0010575362321279, 'colsample_bytree': 0.9954632053589412, 'subsample': 0.8412351712140788, 'learning_rate': 0.019721783919911074, 'max_depth': 13, 'min_child_weight': 273, 'eval_metric': 'logloss'}. Best is trial 362 with value: 0.7486883567232341.
start listen on 192.168.1.101:38265
@tracker All of 4 nodes getting started
@tracker All nodes finishes job
Trial 631 finished with value: 0.7483533046247975 and parameters: {'objective': 'binary:logistic', 'tree_method': 'gpu_hist', 'lambda': 0.007407422698324138, 'alpha': 0.001612887111430159, 'colsample_bytree': 0.36796270929905295, 'subsample': 0.8282490633609343, 'learning_rate': 0.017852041282091318, 'max_depth': 17, 'min_child_weight': 237, 'eval_metric': 'logloss'}. Best is trial 362 with value: 0.7486883567232341.
start listen on 192.168.1.101:46329
@tracker All of 4 nodes getting started
@tracker All nodes finishes job
Trial 632 finished with value: 0.7483208580459727 and parameters: {'objective': 'binary:logistic', 'tree_method': 'gpu_hist', 'lambda': 0.11496990215977011, 'alpha': 0.0013622385765251464, 'colsample_bytree': 0.36141785955062117, 'subsample': 0.8811096879872045, 'learning_rate': 0.021657357831335957, 'max_depth': 20, 'min_child_weight': 255, 'eval_metric': 'logloss'}. Best is trial 362 with value: 0.7486883567232341.
start listen on 192.168.1.101:32913
@tracker All of 4 nodes getting started
@tracker All nodes finishes job
Trial 633 finished with value: 0.7479886390583556 and parameters: {'objective': 'binary:logistic', 'tree_method': 'gpu_hist', 'lambda': 0.005640047621078123, 'alpha': 0.0012936934486692362, 'colsample_bytree': 0.386708687578116, 'subsample': 0.8631873239761935, 'learning_rate': 0.02020987025172023, 'max_depth': 17, 'min_child_weight': 263, 'eval_metric': 'logloss'}. Best is trial 362 with value: 0.7486883567232341.
start listen on 192.168.1.101:36401
@tracker All of 4 nodes getting started
@tracker All nodes finishes job
Trial 634 finished with value: 0.7476072065436217 and parameters: {'objective': 'binary:logistic', 'tree_method': 'gpu_hist', 'lambda': 0.0065651799991778, 'alpha': 0.0018799577523804312, 'colsample_bytree': 0.4268668487144993, 'subsample': 0.8541387223412469, 'learning_rate': 0.015605619782191939, 'max_depth': 17, 'min_child_weight': 270, 'eval_metric': 'logloss'}. Best is trial 362 with value: 0.7486883567232341.
start listen on 192.168.1.101:35801
@tracker All of 4 nodes getting started
@tracker All nodes finishes job
Trial 635 finished with value: 0.7482574574323384 and parameters: {'objective': 'binary:logistic', 'tree_method': 'gpu_hist', 'lambda': 0.08213979518549475, 'alpha': 0.0023729692467902358, 'colsample_bytree': 0.3495010917353186, 'subsample': 0.8399719046541531, 'learning_rate': 0.02035593036853259, 'max_depth': 17, 'min_child_weight': 247, 'eval_metric': 'logloss'}. Best is trial 362 with value: 0.7486883567232341.
start listen on 192.168.1.101:48123
@tracker All of 4 nodes getting started
@tracker All nodes finishes job
Trial 636 finished with value: 0.734100754409901 and parameters: {'objective': 'binary:logistic', 'tree_method': 'gpu_hist', 'lambda': 0.007726881687998559, 'alpha': 0.0016346467001298784, 'colsample_bytree': 0.3602920542368254, 'subsample': 0.8285873984835572, 'learning_rate': 0.018633730878748065, 'max_depth': 3, 'min_child_weight': 285, 'eval_metric': 'logloss'}. Best is trial 362 with value: 0.7486883567232341.
start listen on 192.168.1.101:50033
@tracker All of 4 nodes getting started
@tracker All nodes finishes job
Trial 637 finished with value: 0.748169967875121 and parameters: {'objective': 'binary:logistic', 'tree_method': 'gpu_hist', 'lambda': 0.004525462273690222, 'alpha': 0.0031526267288906236, 'colsample_bytree': 0.3533333188126663, 'subsample': 0.8497968352026405, 'learning_rate': 0.017008202962958477, 'max_depth': 17, 'min_child_weight': 259, 'eval_metric': 'logloss'}. Best is trial 362 with value: 0.7486883567232341.
start listen on 192.168.1.101:48819
@tracker All of 4 nodes getting started
@tracker All nodes finishes job
Trial 638 finished with value: 0.7483522042486672 and parameters: {'objective': 'binary:logistic', 'tree_method': 'gpu_hist', 'lambda': 2.196581828735315, 'alpha': 0.0013768407914891451, 'colsample_bytree': 0.3858197209936114, 'subsample': 0.8355823276507741, 'learning_rate': 0.022090430052177604, 'max_depth': 20, 'min_child_weight': 276, 'eval_metric': 'logloss'}. Best is trial 362 with value: 0.7486883567232341.
start listen on 192.168.1.101:39827
@tracker All of 4 nodes getting started
@tracker All nodes finishes job
Trial 639 finished with value: 0.7482003581772786 and parameters: {'objective': 'binary:logistic', 'tree_method': 'gpu_hist', 'lambda': 0.0023336084327316388, 'alpha': 0.0010125997367191593, 'colsample_bytree': 0.40824652864889793, 'subsample': 0.8684614318321218, 'learning_rate': 0.02469039649692662, 'max_depth': 17, 'min_child_weight': 267, 'eval_metric': 'logloss'}. Best is trial 362 with value: 0.7486883567232341.
start listen on 192.168.1.101:41437
@tracker All of 4 nodes getting started
@tracker All nodes finishes job
Trial 640 finished with value: 0.748220615044665 and parameters: {'objective': 'binary:logistic', 'tree_method': 'gpu_hist', 'lambda': 0.10130707099151454, 'alpha': 0.03775443486558799, 'colsample_bytree': 0.37326840525706817, 'subsample': 0.8181923556052277, 'learning_rate': 0.02064177642074629, 'max_depth': 17, 'min_child_weight': 253, 'eval_metric': 'logloss'}. Best is trial 362 with value: 0.7486883567232341.
start listen on 192.168.1.101:54569
@tracker All of 4 nodes getting started
@tracker All nodes finishes job
Trial 641 finished with value: 0.7454049015871724 and parameters: {'objective': 'binary:logistic', 'tree_method': 'gpu_hist', 'lambda': 0.13937591551956946, 'alpha': 0.001948863354491112, 'colsample_bytree': 0.3405391823068064, 'subsample': 0.8483691925914081, 'learning_rate': 0.018799893969927144, 'max_depth': 7, 'min_child_weight': 145, 'eval_metric': 'logloss'}. Best is trial 362 with value: 0.7486883567232341.
start listen on 192.168.1.101:36517
@tracker All of 4 nodes getting started
@tracker All nodes finishes job
Trial 642 finished with value: 0.7484688713465703 and parameters: {'objective': 'binary:logistic', 'tree_method': 'gpu_hist', 'lambda': 0.003605219396077495, 'alpha': 0.045634696437395386, 'colsample_bytree': 0.3549493533366935, 'subsample': 0.8268880211692405, 'learning_rate': 0.023248920006399318, 'max_depth': 17, 'min_child_weight': 273, 'eval_metric': 'logloss'}. Best is trial 362 with value: 0.7486883567232341.
start listen on 192.168.1.101:36067
@tracker All of 4 nodes getting started
@tracker All nodes finishes job
Trial 643 finished with value: 0.7482292876089167 and parameters: {'objective': 'binary:logistic', 'tree_method': 'gpu_hist', 'lambda': 0.0037478124179285252, 'alpha': 0.05395123852329691, 'colsample_bytree': 0.336392879339223, 'subsample': 0.8857466404875456, 'learning_rate': 0.021999148434697538, 'max_depth': 20, 'min_child_weight': 262, 'eval_metric': 'logloss'}. Best is trial 362 with value: 0.7486883567232341.
start listen on 192.168.1.101:55725
@tracker All of 4 nodes getting started
@tracker All nodes finishes job
Trial 644 finished with value: 0.7474891413665146 and parameters: {'objective': 'binary:logistic', 'tree_method': 'gpu_hist', 'lambda': 0.00284767058272856, 'alpha': 0.03884274456533392, 'colsample_bytree': 0.34979388649482324, 'subsample': 0.8682709497427996, 'learning_rate': 0.014338160717784444, 'max_depth': 17, 'min_child_weight': 245, 'eval_metric': 'logloss'}. Best is trial 362 with value: 0.7486883567232341.
start listen on 192.168.1.101:36517
@tracker All of 4 nodes getting started
@tracker All nodes finishes job
Trial 645 finished with value: 0.7480864954339952 and parameters: {'objective': 'binary:logistic', 'tree_method': 'gpu_hist', 'lambda': 0.23326857097872694, 'alpha': 0.0485775019312289, 'colsample_bytree': 0.33155942055500465, 'subsample': 0.8564427142931823, 'learning_rate': 0.02109974819729499, 'max_depth': 17, 'min_child_weight': 269, 'eval_metric': 'logloss'}. Best is trial 362 with value: 0.7486883567232341.
start listen on 192.168.1.101:38187
@tracker All of 4 nodes getting started
@tracker All nodes finishes job
Trial 646 finished with value: 0.7480797567589127 and parameters: {'objective': 'binary:logistic', 'tree_method': 'gpu_hist', 'lambda': 0.0023289908750793046, 'alpha': 0.04170346896317396, 'colsample_bytree': 0.44737369767264007, 'subsample': 0.8375589449241233, 'learning_rate': 0.018923500096041188, 'max_depth': 17, 'min_child_weight': 256, 'eval_metric': 'logloss'}. Best is trial 362 with value: 0.7486883567232341.
start listen on 192.168.1.101:50075
@tracker All of 4 nodes getting started
@tracker All nodes finishes job
Trial 647 finished with value: 0.7474379579702489 and parameters: {'objective': 'binary:logistic', 'tree_method': 'gpu_hist', 'lambda': 0.0033401654998361377, 'alpha': 0.04804676624587193, 'colsample_bytree': 0.9581132637343703, 'subsample': 0.7526236620835425, 'learning_rate': 0.017117628750947623, 'max_depth': 17, 'min_child_weight': 278, 'eval_metric': 'logloss'}. Best is trial 362 with value: 0.7486883567232341.
start listen on 192.168.1.101:54519
@tracker All of 4 nodes getting started
@tracker All nodes finishes job
Trial 648 finished with value: 0.7438723457510419 and parameters: {'objective': 'binary:logistic', 'tree_method': 'gpu_hist', 'lambda': 2.337102414799998, 'alpha': 0.05704186764490939, 'colsample_bytree': 0.3572565901238777, 'subsample': 0.8457899311258209, 'learning_rate': 0.022798109496516554, 'max_depth': 5, 'min_child_weight': 266, 'eval_metric': 'logloss'}. Best is trial 362 with value: 0.7486883567232341.
start listen on 192.168.1.101:60479
@tracker All of 4 nodes getting started
@tracker All nodes finishes job
Trial 649 finished with value: 0.7483786370309157 and parameters: {'objective': 'binary:logistic', 'tree_method': 'gpu_hist', 'lambda': 0.003795220355206074, 'alpha': 0.04511627355343611, 'colsample_bytree': 0.3435501722026155, 'subsample': 0.8305201500538235, 'learning_rate': 0.020115648209962082, 'max_depth': 20, 'min_child_weight': 260, 'eval_metric': 'logloss'}. Best is trial 362 with value: 0.7486883567232341.
start listen on 192.168.1.101:53229
@tracker All of 4 nodes getting started
@tracker All nodes finishes job
Trial 650 finished with value: 0.7482819252075976 and parameters: {'objective': 'binary:logistic', 'tree_method': 'gpu_hist', 'lambda': 0.0030467188272760783, 'alpha': 0.0397930921334468, 'colsample_bytree': 0.3259169254269715, 'subsample': 0.8157018857667863, 'learning_rate': 0.023773542333304476, 'max_depth': 20, 'min_child_weight': 261, 'eval_metric': 'logloss'}. Best is trial 362 with value: 0.7486883567232341.
start listen on 192.168.1.101:49151
@tracker All of 4 nodes getting started
@tracker All nodes finishes job
Trial 651 finished with value: 0.7482022984567145 and parameters: {'objective': 'binary:logistic', 'tree_method': 'gpu_hist', 'lambda': 0.003527547652490237, 'alpha': 0.05599137523310873, 'colsample_bytree': 0.33945569785802227, 'subsample': 0.8266269859468824, 'learning_rate': 0.020441027396651587, 'max_depth': 20, 'min_child_weight': 272, 'eval_metric': 'logloss'}. Best is trial 362 with value: 0.7486883567232341.
start listen on 192.168.1.101:50651
@tracker All of 4 nodes getting started
@tracker All nodes finishes job
Trial 652 finished with value: 0.7479252973463093 and parameters: {'objective': 'binary:logistic', 'tree_method': 'gpu_hist', 'lambda': 0.0030626266831228757, 'alpha': 0.03308713093180774, 'colsample_bytree': 0.3216401733554243, 'subsample': 0.7361811114427217, 'learning_rate': 0.022730373909706357, 'max_depth': 20, 'min_child_weight': 262, 'eval_metric': 'logloss'}. Best is trial 362 with value: 0.7486883567232341.
start listen on 192.168.1.101:55005
@tracker All of 4 nodes getting started
@tracker All nodes finishes job
Trial 653 finished with value: 0.7483965693693551 and parameters: {'objective': 'binary:logistic', 'tree_method': 'gpu_hist', 'lambda': 0.004170954471270359, 'alpha': 0.04518270263754778, 'colsample_bytree': 0.33638680686081956, 'subsample': 0.8597906455441549, 'learning_rate': 0.018669222288116075, 'max_depth': 20, 'min_child_weight': 288, 'eval_metric': 'logloss'}. Best is trial 362 with value: 0.7486883567232341.
start listen on 192.168.1.101:54129
@tracker All of 4 nodes getting started
@tracker All nodes finishes job
Trial 654 finished with value: 0.7474356813683019 and parameters: {'objective': 'binary:logistic', 'tree_method': 'gpu_hist', 'lambda': 0.004123045738838914, 'alpha': 0.04752088343508865, 'colsample_bytree': 0.31698603493357697, 'subsample': 0.8757522169210776, 'learning_rate': 0.015450437026032665, 'max_depth': 20, 'min_child_weight': 292, 'eval_metric': 'logloss'}. Best is trial 362 with value: 0.7486883567232341.
start listen on 192.168.1.101:60935
@tracker All of 4 nodes getting started
@tracker All nodes finishes job
Trial 655 finished with value: 0.7231945490012076 and parameters: {'objective': 'binary:logistic', 'tree_method': 'gpu_hist', 'lambda': 0.005606820151448132, 'alpha': 0.034011126889080666, 'colsample_bytree': 0.33070109444833756, 'subsample': 0.8880623599806398, 'learning_rate': 0.0010044566739041147, 'max_depth': 20, 'min_child_weight': 287, 'eval_metric': 'logloss'}. Best is trial 362 with value: 0.7486883567232341.
start listen on 192.168.1.101:36681
@tracker All of 4 nodes getting started
@tracker All nodes finishes job
Trial 656 finished with value: 0.7478832759253683 and parameters: {'objective': 'binary:logistic', 'tree_method': 'gpu_hist', 'lambda': 0.004506121099728925, 'alpha': 0.06215221248932464, 'colsample_bytree': 0.3171759559664411, 'subsample': 0.8633235577412843, 'learning_rate': 0.01713554342499563, 'max_depth': 20, 'min_child_weight': 289, 'eval_metric': 'logloss'}. Best is trial 362 with value: 0.7486883567232341.
start listen on 192.168.1.101:59419
@tracker All of 4 nodes getting started
@tracker All nodes finishes job
Trial 657 finished with value: 0.7459973018088248 and parameters: {'objective': 'binary:logistic', 'tree_method': 'gpu_hist', 'lambda': 0.0023524035168462354, 'alpha': 0.05344386269306764, 'colsample_bytree': 0.3462130615434372, 'subsample': 0.8761714241492518, 'learning_rate': 0.011279237619507644, 'max_depth': 20, 'min_child_weight': 287, 'eval_metric': 'logloss'}. Best is trial 362 with value: 0.7486883567232341.
start listen on 192.168.1.101:53723
@tracker All of 4 nodes getting started
@tracker All nodes finishes job
Trial 658 finished with value: 0.7482838654870334 and parameters: {'objective': 'binary:logistic', 'tree_method': 'gpu_hist', 'lambda': 0.0019412749054271167, 'alpha': 0.043171379873710954, 'colsample_bytree': 0.3295869561546081, 'subsample': 0.8639975954268883, 'learning_rate': 0.018677829162667924, 'max_depth': 20, 'min_child_weight': 283, 'eval_metric': 'logloss'}. Best is trial 362 with value: 0.7486883567232341.
start listen on 192.168.1.101:41647
@tracker All of 4 nodes getting started
@tracker All nodes finishes job
Trial 659 finished with value: 0.7479140165808398 and parameters: {'objective': 'binary:logistic', 'tree_method': 'gpu_hist', 'lambda': 0.3411676400435174, 'alpha': 0.06249655172297648, 'colsample_bytree': 0.31391779142666976, 'subsample': 0.8514984647826612, 'learning_rate': 0.01631383002257693, 'max_depth': 20, 'min_child_weight': 282, 'eval_metric': 'logloss'}. Best is trial 362 with value: 0.7486883567232341.
start listen on 192.168.1.101:55897
@tracker All of 4 nodes getting started
@tracker All nodes finishes job
Trial 660 finished with value: 0.7479171485060838 and parameters: {'objective': 'binary:logistic', 'tree_method': 'gpu_hist', 'lambda': 0.020297107386845863, 'alpha': 0.03766077439420036, 'colsample_bytree': 0.3399513858802069, 'subsample': 0.8609176053716611, 'learning_rate': 0.026007797390842108, 'max_depth': 20, 'min_child_weight': 277, 'eval_metric': 'logloss'}. Best is trial 362 with value: 0.7486883567232341.
start listen on 192.168.1.101:51993
@tracker All of 4 nodes getting started
@tracker All nodes finishes job
