number,value,params_alpha,params_colsample_bytree,params_eval_metric,params_lambda,params_learning_rate,params_max_depth,params_min_child_weight,params_objective,params_subsample,params_tree_method,state
128,0.7477253660466212,0.3540965510371926,0.4105337608441022,logloss,6.382714328588168,0.02862455375754651,17,274,binary:logistic,0.8951169312493581,gpu_hist,COMPLETE
129,0.74669980382401,0.18722234399428558,0.46973419733759897,logloss,8.013486872269754,0.026019597056703855,7,257,binary:logistic,0.8748564365228163,gpu_hist,COMPLETE
130,0.7448382274676303,0.7511921270006513,0.44808229545998357,logloss,3.724414684269794,0.009819392984549197,17,283,binary:logistic,0.9337939714272768,gpu_hist,COMPLETE
131,0.7481026211329225,0.3895268573629259,0.43454378076049816,logloss,4.551809490725238,0.020489605323147943,17,269,binary:logistic,0.8854401285583845,gpu_hist,COMPLETE
132,0.748271711338818,0.5761391550013278,0.4227358962345336,logloss,5.531572434648238,0.02392221640122072,17,288,binary:logistic,0.8505669972750434,gpu_hist,COMPLETE
133,0.7478698380281538,0.8371633172317313,0.4209843811528539,logloss,5.8741133908590895,0.01738508344926287,17,288,binary:logistic,0.8413649319826899,gpu_hist,COMPLETE
134,0.7481588677041434,0.6335491472951378,0.3935296151036391,logloss,7.092696183740834,0.023042564583137096,17,290,binary:logistic,0.816428161361795,gpu_hist,COMPLETE
135,0.7439812595106563,0.615297200557251,0.3959272065963476,logloss,7.791171350046382,0.0232422446034573,5,296,binary:logistic,0.8179234080104846,gpu_hist,COMPLETE
136,0.7472497736476567,1.3966636920869147,0.34487277607313294,logloss,7.089649023478286,0.031708335618475865,17,277,binary:logistic,0.8029361619840066,gpu_hist,COMPLETE
137,0.7482615156684063,1.0199024117825413,0.3694026983627709,logloss,4.9459315261334735,0.025129393361522263,11,284,binary:logistic,0.832620965145318,gpu_hist,COMPLETE
138,0.7483127621338251,2.494496155488852,0.36989161766066636,logloss,4.925057378878618,0.029174770103960215,11,284,binary:logistic,0.8245988625012787,gpu_hist,COMPLETE
139,0.7476719561981097,2.4544041245061923,0.3641884646084552,logloss,4.856036445785085,0.0390648643005832,11,266,binary:logistic,0.8282344568000701,gpu_hist,COMPLETE
140,0.7478456186397803,0.6453433630532032,0.38252890429974185,logloss,8.251945011701965,0.029359975987479515,11,283,binary:logistic,0.7623279946316994,gpu_hist,COMPLETE
141,0.7482731051115378,8.482639869097438,0.33185669757370867,logloss,5.185110646399712,0.026516105740946504,11,292,binary:logistic,0.8529551798083533,gpu_hist,COMPLETE
142,0.7467029203292628,7.224828373282706,0.3353935071236244,logloss,4.143630950730497,0.02702335860487352,11,38,binary:logistic,0.8510930427437974,gpu_hist,COMPLETE
143,0.7476289862393302,4.015246987506945,0.3172465461124778,logloss,6.735449888285453,0.03430296164224782,11,276,binary:logistic,0.8172886510792041,gpu_hist,COMPLETE
144,0.7474955085726193,5.802141704729042,0.3061370083481402,logloss,9.657628425368367,0.02117970168411465,11,286,binary:logistic,0.8315898442847929,gpu_hist,COMPLETE
145,0.748058603448253,2.572317723212386,0.32634029904261413,logloss,4.98786441141115,0.025330191813980052,11,293,binary:logistic,0.7420289478986096,gpu_hist,COMPLETE
146,0.7472043752486381,1.8140004568801231,0.36214850509370156,logloss,2.4071811804775107,0.04286112735932797,11,274,binary:logistic,0.8049713043909504,gpu_hist,COMPLETE
147,0.7476793607111913,9.682444509311788,0.3530322755317225,logloss,4.017158079087664,0.03030528504012107,11,259,binary:logistic,0.7851544867666767,gpu_hist,COMPLETE
148,0.7482393104642915,1.0223087530691461,0.3001553668361244,logloss,2.909653210678623,0.022714682667222822,11,282,binary:logistic,0.8404305647106631,gpu_hist,COMPLETE
149,0.7479001083044338,3.147674938058515,0.3167473307010931,logloss,2.931950260013243,0.022710666128050686,11,281,binary:logistic,0.8418332048398853,gpu_hist,COMPLETE
150,0.7477701447286952,1.2721595563052988,0.34753669725267866,logloss,6.99104610785469,0.026162254186589587,11,292,binary:logistic,0.7183355246371755,gpu_hist,COMPLETE
151,0.7478255839036189,1.016310570633641,0.32725325727759486,logloss,5.275699427556881,0.021249654744812555,11,285,binary:logistic,0.8558689128717972,gpu_hist,COMPLETE
152,0.7482769677498794,0.8300278293551815,0.3035251335515373,logloss,8.31985811568095,0.024166574054951928,11,269,binary:logistic,0.8256085573777472,gpu_hist,COMPLETE
153,0.7481130410183416,1.530229809443982,0.30464511729646027,logloss,9.99642104380746,0.023827452566045054,11,271,binary:logistic,0.8256812118540059,gpu_hist,COMPLETE
154,0.7481918959361504,0.8751417872286233,0.3001464569111865,logloss,7.982125468839227,0.02736528778582628,11,263,binary:logistic,0.8115047813717213,gpu_hist,COMPLETE
155,0.7482522465866563,1.0402415648456043,0.30034559080763507,logloss,8.616879488020011,0.02849082151062601,11,252,binary:logistic,0.8449534872825852,gpu_hist,COMPLETE
156,0.7479474739331432,1.145386911732287,0.3072836973066762,logloss,8.30997096660888,0.029700379106494357,11,245,binary:logistic,0.8357937411817775,gpu_hist,COMPLETE
157,0.7476964384209281,0.8704544061644005,0.3314004676832685,logloss,5.990886732032859,0.03282131998672769,11,263,binary:logistic,0.8488987334518426,gpu_hist,COMPLETE
158,0.7480673945102752,1.0298915369267803,0.3166349331044893,logloss,3.75133428105102,0.02731003674560966,11,254,binary:logistic,0.8629241076147921,gpu_hist,COMPLETE
159,0.7481628852369913,2.101421695901204,0.3036377257334728,logloss,3.060095996182555,0.025366067784513155,11,250,binary:logistic,0.8079511252762306,gpu_hist,COMPLETE
160,0.7477571010831483,0.738870037157854,0.3369193159071165,logloss,1.8004493457403985,0.0366690016751006,11,268,binary:logistic,0.8366384173125062,gpu_hist,COMPLETE
161,0.7482138201074523,0.5295418291044744,0.3017089319246919,logloss,8.3422669918052,0.027810298267574793,11,278,binary:logistic,0.8565381362888793,gpu_hist,COMPLETE
162,0.7482337455144867,0.5104962677024687,0.300406462372889,logloss,8.270506125032838,0.027591666982540838,11,261,binary:logistic,0.8495736637195869,gpu_hist,COMPLETE
163,0.748290496500015,0.559191587154148,0.3205778420865534,logloss,5.690572237283946,0.030001003342968305,11,277,binary:logistic,0.8730316317993024,gpu_hist,COMPLETE
164,0.7480832697385342,0.47550157827694645,0.32288603771510704,logloss,4.997023823928458,0.030385612144664384,11,258,binary:logistic,0.8724334631378052,gpu_hist,COMPLETE
165,0.7246431402067628,1.6727793799134172,0.33751192299297333,logloss,6.001463046817194,0.0014391867333047104,11,275,binary:logistic,0.852586490007608,gpu_hist,COMPLETE
166,0.7478936260735296,0.7503337723625247,0.31785126613136727,logloss,4.455410191588069,0.03399479412075385,11,269,binary:logistic,0.8588319250893087,gpu_hist,COMPLETE
167,0.7479979081401056,0.5125493458252172,0.3490917204124541,logloss,6.522359246689954,0.028280607682639503,11,279,binary:logistic,0.8454890169949412,gpu_hist,COMPLETE
168,0.7478547186573021,1.321775798200483,0.30310161354848864,logloss,3.9105495645776345,0.024872585199064854,11,251,binary:logistic,0.8701466898878463,gpu_hist,COMPLETE
169,0.7477701547308517,1.0097281722909934,0.370893145530293,logloss,8.798046743403825,0.03238098434005779,11,239,binary:logistic,0.842865006589365,gpu_hist,COMPLETE
170,0.7299346406390592,0.5252329259170196,0.32298174271193986,logloss,5.734013748124264,0.002820358285463578,11,265,binary:logistic,0.8283602125014179,gpu_hist,COMPLETE
171,0.7479076033925991,0.7917864781693862,0.3405692057247211,logloss,7.164444691938174,0.021476288912652856,11,285,binary:logistic,0.8757430515992468,gpu_hist,COMPLETE
172,0.7484349062459075,0.5402005723296847,0.3006414337746033,logloss,9.966075946328713,0.02469866432582161,20,279,binary:logistic,0.8525508012682014,gpu_hist,COMPLETE
173,0.7481558609447742,0.5829123199569204,0.3154247914506017,logloss,9.547572902691027,0.024573821416166566,20,279,binary:logistic,0.8604262983223933,gpu_hist,COMPLETE
174,0.747902952112004,0.3221864026008652,0.3014508375530261,logloss,4.935644171934374,0.02731284424305171,20,273,binary:logistic,0.8241572289399349,gpu_hist,COMPLETE
175,0.7478141875576747,5.558463600070539,0.32387513451829925,logloss,8.201165693717043,0.02985328489010445,20,280,binary:logistic,0.8530917346500111,gpu_hist,COMPLETE
176,0.7480396822855118,7.053605469208591,0.30096842597228435,logloss,6.5553713149134625,0.022838611086023596,20,269,binary:logistic,0.8397795726614071,gpu_hist,COMPLETE
177,0.7478163210732167,3.734984219740748,0.34958060183734035,logloss,3.197137607683217,0.02565070257356839,11,257,binary:logistic,0.8668371738742677,gpu_hist,COMPLETE
178,0.7474109582602151,0.6496257198363379,0.3354498390248057,logloss,5.528252158231712,0.020169636551818658,11,275,binary:logistic,0.7922851462806165,gpu_hist,COMPLETE
179,0.7476497954480235,1.209578671767212,0.3231381153405256,logloss,4.203423655809629,0.036953543134063,9,140,binary:logistic,0.8835644005353742,gpu_hist,COMPLETE
180,0.7480486626939125,0.10166639385450443,0.3684453097557969,logloss,8.786745081567956,0.02875411620419936,20,285,binary:logistic,0.8337272652705138,gpu_hist,COMPLETE
181,0.7481287948315348,0.4611935130437341,0.31403017011537615,logloss,7.445256140866729,0.02011314876356229,15,283,binary:logistic,0.8507696552612896,gpu_hist,COMPLETE
182,0.7481655698435709,0.07899752970834263,0.3356655478304602,logloss,9.979956414148797,0.023625563288765906,11,291,binary:logistic,0.8741868475998085,gpu_hist,COMPLETE
183,0.7475394374881501,0.5437942185729702,0.31355633435325464,logloss,7.537899386315523,0.017495775030007182,13,272,binary:logistic,0.8184705841219163,gpu_hist,COMPLETE
184,0.7363803293591155,0.7084999707783874,0.40667776544608997,logloss,6.239882021078095,0.02195930319046812,3,281,binary:logistic,0.8956200749965014,gpu_hist,COMPLETE
185,0.7452673927735673,0.4092319171996264,0.35712402116303976,logloss,4.915036297517884,0.018729415475418374,7,288,binary:logistic,0.8652919374795173,gpu_hist,COMPLETE
186,0.74793879914619,0.8450906461693619,0.3027109444518849,logloss,7.789994151076791,0.02541695273422816,11,265,binary:logistic,0.8474291102614951,gpu_hist,COMPLETE
187,0.7391289437667009,0.5602655660263817,0.5816831424786028,logloss,2.2525038458279423,0.006203813796783274,20,293,binary:logistic,0.8853964926435087,gpu_hist,COMPLETE
188,0.7460399529488669,0.30581075292525717,0.32877815778340425,logloss,9.951738140625439,0.03138892289026662,5,277,binary:logistic,0.8372022253931037,gpu_hist,COMPLETE
189,0.7475059480455947,1.0060669544237941,0.4191917198583527,logloss,5.770348232643185,0.021323914197696674,11,261,binary:logistic,0.860571795279614,gpu_hist,COMPLETE
190,0.7481132964900881,0.4375021575913333,0.3825595246332712,logloss,6.796196503509479,0.02745607003449196,11,286,binary:logistic,0.8248576711349233,gpu_hist,COMPLETE
191,0.7480474233989425,0.8216966883695619,0.30443154998205313,logloss,8.658774395628315,0.02778493312592679,11,266,binary:logistic,0.808362740142931,gpu_hist,COMPLETE
192,0.747919008629349,0.9553050015597262,0.3148665921159923,logloss,7.9060429285961655,0.023114008267456417,11,261,binary:logistic,0.8154391157979162,gpu_hist,COMPLETE
193,0.7484547798362147,0.06720775689659914,0.30173827950139837,logloss,4.582114453174963,0.025777644748367887,11,274,binary:logistic,0.8455147547698268,gpu_hist,COMPLETE
194,0.7484090534498151,0.0722546011689914,0.32921746286513737,logloss,3.6258315429780814,0.02479493272121328,11,276,binary:logistic,0.8570326083467239,gpu_hist,COMPLETE
195,0.7481042021682387,0.06888015609378653,0.30022890150525333,logloss,2.8257943874735134,0.025316936025090275,11,271,binary:logistic,0.8564287716196729,gpu_hist,COMPLETE
196,0.7479670584333447,0.061413235265312394,0.3445715315063817,logloss,3.9508213485536308,0.030731526624226013,11,276,binary:logistic,0.8450166207908367,gpu_hist,COMPLETE
197,0.748334124239501,0.03932805881197725,0.32777661715719336,logloss,3.3027862066934586,0.02425415419735006,11,280,binary:logistic,0.833228894123625,gpu_hist,COMPLETE
198,0.7479729020543422,0.07610298144613314,0.3323554581733522,logloss,3.291097501000465,0.03446833150978717,11,281,binary:logistic,0.831535835147687,gpu_hist,COMPLETE
199,0.7480709298558299,0.027211743792745317,0.32025255739041153,logloss,2.679168894544345,0.023809485340908508,11,295,binary:logistic,0.840606216802038,gpu_hist,COMPLETE
200,0.7478913822564288,0.04709032067749633,0.353160416349183,logloss,3.611263891789743,0.027213327984037167,11,270,binary:logistic,0.8560446687561714,gpu_hist,COMPLETE
201,0.7481816590068434,0.08645509341923069,0.3186396068507934,logloss,4.519163401406415,0.0225386621749566,11,278,binary:logistic,0.8762879258777894,gpu_hist,COMPLETE
202,0.7481409618992024,0.039005988080135695,0.33302009326196236,logloss,5.113884705992113,0.024910172117427555,11,274,binary:logistic,0.8644563552062149,gpu_hist,COMPLETE
203,0.7478678814952135,0.05344908168639921,0.31376772163582645,logloss,4.315861861981357,0.02114863993937335,11,283,binary:logistic,0.8304515566788679,gpu_hist,COMPLETE
204,0.7483298556803095,0.11490286566571398,0.33817923423702,logloss,5.569522993057361,0.02607460930130783,11,289,binary:logistic,0.8478375933600285,gpu_hist,COMPLETE
205,0.7481231982082346,0.03564340364971764,0.34262826335795615,logloss,3.560166328936511,0.02945695943927505,11,290,binary:logistic,0.8468143968276909,gpu_hist,COMPLETE
206,0.748155228725134,0.11313250858151687,0.33064138947530847,logloss,5.176174782874991,0.026251662737298884,11,287,binary:logistic,0.8240116124793475,gpu_hist,COMPLETE
207,0.7478764784876166,0.0665033035321277,0.35701906003386974,logloss,2.5209301182064254,0.03232657045196269,11,281,binary:logistic,0.8376286883222839,gpu_hist,COMPLETE
208,0.7483171019583814,0.03258883930991042,0.3130625602107962,logloss,3.21726543152639,0.024156438527313195,11,297,binary:logistic,0.8514076316720067,gpu_hist,COMPLETE
209,0.7482449341767654,0.032075675390989024,0.3249273624260634,logloss,2.157378295528327,0.024200463811012915,11,300,binary:logistic,0.846288506180743,gpu_hist,COMPLETE
210,0.7479942162330182,0.018652466965761533,0.34508434826477463,logloss,2.2846084925633914,0.02410928282230094,11,300,binary:logistic,0.870136388494977,gpu_hist,COMPLETE
211,0.7480763064316878,0.022834098127123382,0.3250453725442515,logloss,2.871038436056144,0.022495005649099505,11,294,binary:logistic,0.8477249663411852,gpu_hist,COMPLETE
212,0.7480853832497635,0.03250413217999554,0.3141471662507271,logloss,3.439204666748756,0.02538851558310945,11,296,binary:logistic,0.8361069649072858,gpu_hist,COMPLETE
213,0.7477952915392435,0.04232047546698709,0.3734225745890866,logloss,4.072342624148482,0.020791222007816277,11,292,binary:logistic,0.853010739357136,gpu_hist,COMPLETE
214,0.7480719259039116,0.02571806698575023,0.300289025771626,logloss,2.096706808487461,0.024414355375326893,11,298,binary:logistic,0.820490936185826,gpu_hist,COMPLETE
215,0.7481477823974814,0.034518317034176994,0.3282092373529053,logloss,3.2755434659535174,0.029116873466702064,11,289,binary:logistic,0.7979037236690838,gpu_hist,COMPLETE
216,0.7477011060939465,0.04732108401217326,0.31633398997544415,logloss,4.485316102287843,0.022678722593083036,9,286,binary:logistic,0.8376655012615424,gpu_hist,COMPLETE
217,0.7483054081872011,0.10206693085343609,0.34126444598794736,logloss,2.7462163307534384,0.02695716693930928,11,283,binary:logistic,0.8623903837350336,gpu_hist,COMPLETE
218,0.7481172647067478,0.031007937768403635,0.36076894999951115,logloss,2.6586170811674275,0.026781876950896778,11,300,binary:logistic,0.8665449557009753,gpu_hist,COMPLETE
219,0.7483196280585649,4.5149170891230135,0.3436997685374306,logloss,1.7283009898634423,0.03051814879035723,11,268,binary:logistic,0.8763049142078354,gpu_hist,COMPLETE
220,0.748014769275371,4.379698034354002,0.34575653206300805,logloss,1.8087975406465695,0.030471629763165423,11,282,binary:logistic,0.8734735296943644,gpu_hist,COMPLETE
221,0.7477556567439705,2.8374023055939164,0.34019629805324547,logloss,2.1001403759354913,0.026274226872314656,11,269,binary:logistic,0.8594371676325044,gpu_hist,COMPLETE
222,0.7479939083888691,0.04026250083508608,0.3322521152972247,logloss,1.382105538015106,0.02820631446608152,11,274,binary:logistic,0.8520436897348652,gpu_hist,COMPLETE
223,0.7480382708700992,5.003883668785299,0.3178892227767679,logloss,2.69094410305269,0.03260785932954692,11,266,binary:logistic,0.8846912554036902,gpu_hist,COMPLETE
224,0.7479541459271826,7.621389821172052,0.35995501155018345,logloss,5.8067143775981425,0.023799577545995362,11,254,binary:logistic,0.862645788336848,gpu_hist,COMPLETE
225,0.7482526438945383,0.057158465073591,0.3285943079566132,logloss,3.0978351154388593,0.026268669674990416,11,291,binary:logistic,0.8470491320466502,gpu_hist,COMPLETE
226,0.7481144045067545,0.05658016547290816,0.33080334070752404,logloss,3.0847251764967374,0.030010736188327468,11,291,binary:logistic,0.8477796482798818,gpu_hist,COMPLETE
227,0.7479863332834522,0.05881789574881774,0.3487287390595283,logloss,1.6522741712142894,0.02649559487175492,11,283,binary:logistic,0.8269511131947754,gpu_hist,COMPLETE
228,0.7479956411235583,0.07863419502706849,0.3140760043308351,logloss,2.3595848203024916,0.03397119770650522,11,293,binary:logistic,0.8745978820532617,gpu_hist,COMPLETE
229,0.7479129655208977,9.685272109179245,0.34000345316901703,logloss,3.795231480975461,0.025211403699770516,11,286,binary:logistic,0.8359391340169989,gpu_hist,COMPLETE
230,0.7479717015177282,0.14842602185536277,0.37253941689025977,logloss,3.158604805934045,0.02815620389017212,13,277,binary:logistic,0.8599234557106545,gpu_hist,COMPLETE
231,0.7483219634231812,0.04229782724240232,0.3245767176538572,logloss,4.780655404040878,0.023424473245896568,11,271,binary:logistic,0.844483865778388,gpu_hist,COMPLETE
232,0.7482975612176145,0.05570759446936288,0.3007386759426511,logloss,4.668172600490046,0.023843169619999785,11,278,binary:logistic,0.8459825292296674,gpu_hist,COMPLETE
233,0.7480818740209505,0.047951092587818794,0.32257916201375697,logloss,4.500202126415204,0.02350051303992214,11,281,binary:logistic,0.8388758053668244,gpu_hist,COMPLETE
234,0.7481457755759213,0.038168694202335256,0.32647975403415186,logloss,3.996758822413402,0.022285030348452133,11,273,binary:logistic,0.8194826425683951,gpu_hist,COMPLETE
235,0.7480743301722724,0.06576799875014958,0.3113659431697045,logloss,4.717719544971878,0.024711125340438195,11,288,binary:logistic,0.8493098435684625,gpu_hist,COMPLETE
236,0.7481395477054129,0.05254730148606381,0.35520189928268187,logloss,3.195520610671982,0.020871715248739892,15,295,binary:logistic,0.8669212696011236,gpu_hist,COMPLETE
237,0.7482721653255864,0.043773087252673,0.3385100258252133,logloss,5.311543645304518,0.025924166018158563,11,279,binary:logistic,0.8293905462659166,gpu_hist,COMPLETE
238,0.748089846851006,0.044986394985072335,0.3404473263714964,logloss,5.6246376934132165,0.026445932871742864,11,275,binary:logistic,0.8312756696154725,gpu_hist,COMPLETE
239,0.7382961100408515,0.03127466708406827,0.3604752960808863,logloss,4.983247166419762,0.02492635556889979,3,270,binary:logistic,0.8800486382524647,gpu_hist,COMPLETE
240,0.7472368944820161,0.039437884078786234,0.33308518921511565,logloss,3.792593422824404,0.030336071056196283,7,279,binary:logistic,0.48592060302248546,gpu_hist,COMPLETE
241,0.7482404086177203,0.06796290100012044,0.31413142336993566,logloss,2.7360491357967374,0.023237753986271065,11,285,binary:logistic,0.8441817531143626,gpu_hist,COMPLETE
242,0.7481530614523138,0.0677856483637784,0.3225892245285223,logloss,6.009550388225865,0.02335766933061091,11,287,binary:logistic,0.8529602952972692,gpu_hist,COMPLETE
243,0.74799559903115,0.10184808386201173,0.3465331194817966,logloss,4.398335100118728,0.025923418705066762,11,293,binary:logistic,0.8234674869553056,gpu_hist,COMPLETE
244,0.7483605642455292,0.0580936746433699,0.31698995706329897,logloss,3.4583707792248846,0.028226687441206127,11,281,binary:logistic,0.8431087993996386,gpu_hist,COMPLETE
245,0.7469556852421148,0.053140558729765364,0.6859915130062181,logloss,3.5707185755636277,0.029093186535469454,11,116,binary:logistic,0.8671581637624067,gpu_hist,COMPLETE
246,0.7480770839604344,0.043387917323877465,0.33341485049405534,logloss,5.266181207454836,0.027890687001589167,11,278,binary:logistic,0.8290731559877527,gpu_hist,COMPLETE
247,0.7483036951789872,0.08882363204844101,0.3830095424034395,logloss,4.108079082035743,0.030363696412475966,11,268,binary:logistic,0.8128156598828092,gpu_hist,COMPLETE
248,0.7460613503399282,0.07737961729315987,0.3915984810782909,logloss,4.344980588435041,0.031950469598825554,5,267,binary:logistic,0.8214976610886738,gpu_hist,COMPLETE
249,0.7470667846118364,0.12048308630012702,0.3751669623707515,logloss,6.500843890620122,0.040457172013687565,11,272,binary:logistic,0.8162704254864218,gpu_hist,COMPLETE
250,0.7475738151777672,0.08223814957720542,0.3867668396822109,logloss,5.218844143633283,0.035999113459136776,11,278,binary:logistic,0.8072247739734761,gpu_hist,COMPLETE
251,0.7481643502750761,0.09880340193531163,0.3686397220095625,logloss,4.3784390934181,0.029535245475035242,11,265,binary:logistic,0.8603840704607547,gpu_hist,COMPLETE
252,0.7480442231256293,3.4569098683817523,0.3516757850509762,logloss,0.12406730757494061,0.032432710817935216,11,271,binary:logistic,0.8336437557337302,gpu_hist,COMPLETE
253,0.7481639935314954,0.05960997840105852,0.4027350501074537,logloss,3.6587114038218,0.026145479964828387,11,282,binary:logistic,0.854381283593196,gpu_hist,COMPLETE
254,0.7481417440122706,0.05023443489919672,0.3117877592375965,logloss,6.217963457691641,0.027484820814366935,11,260,binary:logistic,0.8394190043777967,gpu_hist,COMPLETE
255,0.7474422782072487,0.06080716072382154,0.7721789046212174,logloss,5.1872032430740385,0.02904486431089004,11,276,binary:logistic,0.8804331507339703,gpu_hist,COMPLETE
256,0.7481594554697547,0.08495040860573856,0.34183153445620174,logloss,3.853423680924086,0.02111893292919672,20,285,binary:logistic,0.808746533366109,gpu_hist,COMPLETE
