Trial 58 finished with value: 0.750663769983993 and parameters: {'C': 0.28485527612880973}. Best is trial 23 with value: 0.7506636096716518.
sklearn.linear_model.LogisticRegression.fit: running accelerated version on CPU
sklearn.linear_model.LogisticRegression.predict: running accelerated version on CPU
sklearn.metrics.roc_auc_score: running accelerated version on CPU
Trial 59 finished with value: 0.7506636746856689 and parameters: {'C': 0.8714122300950177}. Best is trial 23 with value: 0.7506636096716518.
sklearn.linear_model.LogisticRegression.fit: running accelerated version on CPU
sklearn.linear_model.LogisticRegression.predict: running accelerated version on CPU
sklearn.metrics.roc_auc_score: running accelerated version on CPU
Trial 60 finished with value: 0.7506636880218774 and parameters: {'C': 0.738510426923102}. Best is trial 23 with value: 0.7506636096716518.
sklearn.linear_model.LogisticRegression.fit: running accelerated version on CPU
sklearn.linear_model.LogisticRegression.predict: running accelerated version on CPU
sklearn.metrics.roc_auc_score: running accelerated version on CPU
Trial 61 finished with value: 0.7506636705181036 and parameters: {'C': 0.47202339327603093}. Best is trial 23 with value: 0.7506636096716518.
sklearn.linear_model.LogisticRegression.fit: running accelerated version on CPU
sklearn.linear_model.LogisticRegression.predict: running accelerated version on CPU
sklearn.metrics.roc_auc_score: running accelerated version on CPU
Trial 62 finished with value: 0.7506636602381095 and parameters: {'C': 0.48121479240161813}. Best is trial 23 with value: 0.7506636096716518.
sklearn.linear_model.LogisticRegression.fit: running accelerated version on CPU
sklearn.linear_model.LogisticRegression.predict: running accelerated version on CPU
sklearn.metrics.roc_auc_score: running accelerated version on CPU
Trial 63 finished with value: 0.7506636702402659 and parameters: {'C': 0.5115444167196836}. Best is trial 23 with value: 0.7506636096716518.
sklearn.linear_model.LogisticRegression.fit: running accelerated version on CPU
sklearn.linear_model.LogisticRegression.predict: running accelerated version on CPU
sklearn.metrics.roc_auc_score: running accelerated version on CPU
Trial 64 finished with value: 0.7506636799645847 and parameters: {'C': 0.6764130884994737}. Best is trial 23 with value: 0.7506636096716518.
sklearn.linear_model.LogisticRegression.fit: running accelerated version on CPU
sklearn.linear_model.LogisticRegression.predict: running accelerated version on CPU
sklearn.metrics.roc_auc_score: running accelerated version on CPU
Trial 65 finished with value: 0.750663662460811 and parameters: {'C': 0.45175504897715224}. Best is trial 23 with value: 0.7506636096716518.
sklearn.linear_model.LogisticRegression.fit: running accelerated version on CPU
sklearn.linear_model.LogisticRegression.predict: running accelerated version on CPU
sklearn.metrics.roc_auc_score: running accelerated version on CPU
Trial 66 finished with value: 0.750663671907292 and parameters: {'C': 0.5790682619767238}. Best is trial 23 with value: 0.7506636096716518.
sklearn.linear_model.LogisticRegression.fit: running accelerated version on CPU
sklearn.linear_model.LogisticRegression.predict: running accelerated version on CPU
sklearn.metrics.roc_auc_score: running accelerated version on CPU
Trial 67 finished with value: 0.7506646818472575 and parameters: {'C': 0.03657425532951508}. Best is trial 23 with value: 0.7506636096716518.
sklearn.linear_model.LogisticRegression.fit: running accelerated version on CPU
sklearn.linear_model.LogisticRegression.predict: running accelerated version on CPU
sklearn.metrics.roc_auc_score: running accelerated version on CPU
Trial 68 finished with value: 0.7506636830207992 and parameters: {'C': 0.4146497962994212}. Best is trial 23 with value: 0.7506636096716518.
sklearn.linear_model.LogisticRegression.fit: running accelerated version on CPU
sklearn.linear_model.LogisticRegression.predict: running accelerated version on CPU
sklearn.metrics.roc_auc_score: running accelerated version on CPU
Trial 69 finished with value: 0.7506636924672803 and parameters: {'C': 0.3477250974649325}. Best is trial 23 with value: 0.7506636096716518.
sklearn.linear_model.LogisticRegression.fit: running accelerated version on CPU
sklearn.linear_model.LogisticRegression.predict: running accelerated version on CPU
sklearn.metrics.roc_auc_score: running accelerated version on CPU
Trial 70 finished with value: 0.7506636613494602 and parameters: {'C': 0.6268339338336204}. Best is trial 23 with value: 0.7506636096716518.
sklearn.linear_model.LogisticRegression.fit: running accelerated version on CPU
sklearn.linear_model.LogisticRegression.predict: running accelerated version on CPU
sklearn.metrics.roc_auc_score: running accelerated version on CPU
Trial 71 finished with value: 0.7506636630164862 and parameters: {'C': 0.6042643735241862}. Best is trial 23 with value: 0.7506636096716518.
sklearn.linear_model.LogisticRegression.fit: running accelerated version on CPU
sklearn.linear_model.LogisticRegression.predict: running accelerated version on CPU
sklearn.metrics.roc_auc_score: running accelerated version on CPU
Trial 72 finished with value: 0.7506636916337672 and parameters: {'C': 0.7245242695188898}. Best is trial 23 with value: 0.7506636096716518.
sklearn.linear_model.LogisticRegression.fit: running accelerated version on CPU
sklearn.linear_model.LogisticRegression.predict: running accelerated version on CPU
sklearn.metrics.roc_auc_score: running accelerated version on CPU
Trial 73 finished with value: 0.7506636735743181 and parameters: {'C': 0.6622141108844767}. Best is trial 23 with value: 0.7506636096716518.
sklearn.linear_model.LogisticRegression.fit: running accelerated version on CPU
sklearn.linear_model.LogisticRegression.predict: running accelerated version on CPU
sklearn.metrics.roc_auc_score: running accelerated version on CPU
Trial 74 finished with value: 0.7506636677397268 and parameters: {'C': 0.6292591052040427}. Best is trial 23 with value: 0.7506636096716518.
sklearn.linear_model.LogisticRegression.fit: running accelerated version on CPU
sklearn.linear_model.LogisticRegression.predict: running accelerated version on CPU
sklearn.metrics.roc_auc_score: running accelerated version on CPU
Trial 75 finished with value: 0.7506636749635065 and parameters: {'C': 0.5396810134492913}. Best is trial 23 with value: 0.7506636096716518.
sklearn.linear_model.LogisticRegression.fit: running accelerated version on CPU
sklearn.linear_model.LogisticRegression.predict: running accelerated version on CPU
sklearn.metrics.roc_auc_score: running accelerated version on CPU
Trial 76 finished with value: 0.7506636613494602 and parameters: {'C': 0.4811326337091582}. Best is trial 23 with value: 0.7506636096716518.
sklearn.linear_model.LogisticRegression.fit: running accelerated version on CPU
sklearn.linear_model.LogisticRegression.predict: running accelerated version on CPU
sklearn.metrics.roc_auc_score: running accelerated version on CPU
Trial 77 finished with value: 0.7506636721851296 and parameters: {'C': 0.43099393653225077}. Best is trial 23 with value: 0.7506636096716518.
sklearn.linear_model.LogisticRegression.fit: running accelerated version on CPU
sklearn.linear_model.LogisticRegression.predict: running accelerated version on CPU
sklearn.metrics.roc_auc_score: running accelerated version on CPU
Trial 78 finished with value: 0.7506636680175645 and parameters: {'C': 0.5093649302086583}. Best is trial 23 with value: 0.7506636096716518.
sklearn.linear_model.LogisticRegression.fit: running accelerated version on CPU
sklearn.linear_model.LogisticRegression.predict: running accelerated version on CPU
sklearn.metrics.roc_auc_score: running accelerated version on CPU
Trial 79 finished with value: 0.7506636846878253 and parameters: {'C': 0.3888244117042148}. Best is trial 23 with value: 0.7506636096716518.
sklearn.linear_model.LogisticRegression.fit: running accelerated version on CPU
sklearn.linear_model.LogisticRegression.predict: running accelerated version on CPU
sklearn.metrics.roc_auc_score: running accelerated version on CPU
Trial 80 finished with value: 0.7506636741299935 and parameters: {'C': 0.5708835916582597}. Best is trial 23 with value: 0.7506636096716518.
sklearn.linear_model.LogisticRegression.fit: running accelerated version on CPU
sklearn.linear_model.LogisticRegression.predict: running accelerated version on CPU
sklearn.metrics.roc_auc_score: running accelerated version on CPU
Trial 81 finished with value: 0.7506636616272979 and parameters: {'C': 0.48510608379211406}. Best is trial 23 with value: 0.7506636096716518.
sklearn.linear_model.LogisticRegression.fit: running accelerated version on CPU
sklearn.linear_model.LogisticRegression.predict: running accelerated version on CPU
sklearn.metrics.roc_auc_score: running accelerated version on CPU
Trial 82 finished with value: 0.7506636613494602 and parameters: {'C': 0.48058137290282293}. Best is trial 23 with value: 0.7506636096716518.
sklearn.linear_model.LogisticRegression.fit: running accelerated version on CPU
sklearn.linear_model.LogisticRegression.predict: running accelerated version on CPU
sklearn.metrics.roc_auc_score: running accelerated version on CPU
Trial 83 finished with value: 0.7506637441450887 and parameters: {'C': 0.24699597487783673}. Best is trial 23 with value: 0.7506636096716518.
sklearn.linear_model.LogisticRegression.fit: running accelerated version on CPU
sklearn.linear_model.LogisticRegression.predict: running accelerated version on CPU
sklearn.metrics.roc_auc_score: running accelerated version on CPU
Trial 84 finished with value: 0.7506636577375704 and parameters: {'C': 0.6380426418378526}. Best is trial 23 with value: 0.7506636096716518.
sklearn.linear_model.LogisticRegression.fit: running accelerated version on CPU
sklearn.linear_model.LogisticRegression.predict: running accelerated version on CPU
sklearn.metrics.roc_auc_score: running accelerated version on CPU
Trial 85 finished with value: 0.750663687466202 and parameters: {'C': 0.7111844856694316}. Best is trial 23 with value: 0.7506636096716518.
sklearn.linear_model.LogisticRegression.fit: running accelerated version on CPU
sklearn.linear_model.LogisticRegression.predict: running accelerated version on CPU
sklearn.metrics.roc_auc_score: running accelerated version on CPU
Trial 86 finished with value: 0.7506636735743181 and parameters: {'C': 0.537292151682049}. Best is trial 23 with value: 0.7506636096716518.
sklearn.linear_model.LogisticRegression.fit: running accelerated version on CPU
sklearn.linear_model.LogisticRegression.predict: running accelerated version on CPU
sklearn.metrics.roc_auc_score: running accelerated version on CPU
Trial 87 finished with value: 0.7506636594045965 and parameters: {'C': 0.6375057562377519}. Best is trial 23 with value: 0.7506636096716518.
sklearn.linear_model.LogisticRegression.fit: running accelerated version on CPU
sklearn.linear_model.LogisticRegression.predict: running accelerated version on CPU
sklearn.metrics.roc_auc_score: running accelerated version on CPU
Trial 88 finished with value: 0.7506636930229557 and parameters: {'C': 0.760095556227135}. Best is trial 23 with value: 0.7506636096716518.
sklearn.linear_model.LogisticRegression.fit: running accelerated version on CPU
sklearn.linear_model.LogisticRegression.predict: running accelerated version on CPU
sklearn.metrics.roc_auc_score: running accelerated version on CPU
Trial 89 finished with value: 0.7506636752413441 and parameters: {'C': 0.6735464914855396}. Best is trial 23 with value: 0.7506636096716518.
sklearn.linear_model.LogisticRegression.fit: running accelerated version on CPU
sklearn.linear_model.LogisticRegression.predict: running accelerated version on CPU
sklearn.metrics.roc_auc_score: running accelerated version on CPU
Trial 90 finished with value: 0.750663663294324 and parameters: {'C': 0.6448193614503688}. Best is trial 23 with value: 0.7506636096716518.
sklearn.linear_model.LogisticRegression.fit: running accelerated version on CPU
sklearn.linear_model.LogisticRegression.predict: running accelerated version on CPU
sklearn.metrics.roc_auc_score: running accelerated version on CPU
Trial 91 finished with value: 0.7506636627386486 and parameters: {'C': 0.6167108585003603}. Best is trial 23 with value: 0.7506636096716518.
sklearn.linear_model.LogisticRegression.fit: running accelerated version on CPU
sklearn.linear_model.LogisticRegression.predict: running accelerated version on CPU
sklearn.metrics.roc_auc_score: running accelerated version on CPU
Trial 92 finished with value: 0.750663687466202 and parameters: {'C': 0.6951045010593067}. Best is trial 23 with value: 0.7506636096716518.
sklearn.linear_model.LogisticRegression.fit: running accelerated version on CPU
sklearn.linear_model.LogisticRegression.predict: running accelerated version on CPU
sklearn.metrics.roc_auc_score: running accelerated version on CPU
Trial 93 finished with value: 0.7506636649613501 and parameters: {'C': 0.5972278531813378}. Best is trial 23 with value: 0.7506636096716518.
sklearn.linear_model.LogisticRegression.fit: running accelerated version on CPU
sklearn.linear_model.LogisticRegression.predict: running accelerated version on CPU
sklearn.metrics.roc_auc_score: running accelerated version on CPU
Trial 94 finished with value: 0.750663678019721 and parameters: {'C': 0.5546205430022918}. Best is trial 23 with value: 0.7506636096716518.
sklearn.linear_model.LogisticRegression.fit: running accelerated version on CPU
sklearn.linear_model.LogisticRegression.predict: running accelerated version on CPU
sklearn.metrics.roc_auc_score: running accelerated version on CPU
Trial 95 finished with value: 0.7506636616272979 and parameters: {'C': 0.6337171983449441}. Best is trial 23 with value: 0.7506636096716518.
sklearn.linear_model.LogisticRegression.fit: running accelerated version on CPU
sklearn.linear_model.LogisticRegression.predict: running accelerated version on CPU
sklearn.metrics.roc_auc_score: running accelerated version on CPU
Trial 96 finished with value: 0.7506636735743181 and parameters: {'C': 0.5645763001096367}. Best is trial 23 with value: 0.7506636096716518.
sklearn.linear_model.LogisticRegression.fit: running accelerated version on CPU
sklearn.linear_model.LogisticRegression.predict: running accelerated version on CPU
sklearn.metrics.roc_auc_score: running accelerated version on CPU
Trial 97 finished with value: 0.7506638216618013 and parameters: {'C': 0.21737374682039964}. Best is trial 23 with value: 0.7506636096716518.
sklearn.linear_model.LogisticRegression.fit: running accelerated version on CPU
sklearn.linear_model.LogisticRegression.predict: running accelerated version on CPU
sklearn.metrics.roc_auc_score: running accelerated version on CPU
Trial 98 finished with value: 0.7506637455342772 and parameters: {'C': 0.27320496040931724}. Best is trial 23 with value: 0.7506636096716518.
sklearn.linear_model.LogisticRegression.fit: running accelerated version on CPU
sklearn.linear_model.LogisticRegression.predict: running accelerated version on CPU
sklearn.metrics.roc_auc_score: running accelerated version on CPU
Trial 99 finished with value: 0.7506636696845905 and parameters: {'C': 0.6542214615192488}. Best is trial 23 with value: 0.7506636096716518.
sklearn.linear_model.LogisticRegression.fit: running accelerated version on CPU
sklearn.linear_model.LogisticRegression.predict: running accelerated version on CPU
sklearn.metrics.roc_auc_score: running accelerated version on CPU
Trial 100 finished with value: 0.7506638616704272 and parameters: {'C': 0.16270446133111824}. Best is trial 23 with value: 0.7506636096716518.
sklearn.linear_model.LogisticRegression.fit: running accelerated version on CPU
sklearn.linear_model.LogisticRegression.predict: running accelerated version on CPU
sklearn.metrics.roc_auc_score: running accelerated version on CPU
Trial 101 finished with value: 0.7506636674618892 and parameters: {'C': 0.45932859781286695}. Best is trial 23 with value: 0.7506636096716518.
sklearn.linear_model.LogisticRegression.fit: running accelerated version on CPU
sklearn.linear_model.LogisticRegression.predict: running accelerated version on CPU
sklearn.metrics.roc_auc_score: running accelerated version on CPU
Trial 102 finished with value: 0.7506636707959413 and parameters: {'C': 0.46463757369897773}. Best is trial 23 with value: 0.7506636096716518.
sklearn.linear_model.LogisticRegression.fit: running accelerated version on CPU
sklearn.linear_model.LogisticRegression.predict: running accelerated version on CPU
sklearn.metrics.roc_auc_score: running accelerated version on CPU
Trial 103 finished with value: 0.7506636635721616 and parameters: {'C': 0.5851198899909866}. Best is trial 23 with value: 0.7506636096716518.
sklearn.linear_model.LogisticRegression.fit: running accelerated version on CPU
sklearn.linear_model.LogisticRegression.predict: running accelerated version on CPU
sklearn.metrics.roc_auc_score: running accelerated version on CPU
Trial 104 finished with value: 0.7506636688510775 and parameters: {'C': 0.5195449468095874}. Best is trial 23 with value: 0.7506636096716518.
sklearn.linear_model.LogisticRegression.fit: running accelerated version on CPU
sklearn.linear_model.LogisticRegression.predict: running accelerated version on CPU
sklearn.metrics.roc_auc_score: running accelerated version on CPU
Trial 105 finished with value: 0.750663664127837 and parameters: {'C': 0.6145325774335583}. Best is trial 23 with value: 0.7506636096716518.
sklearn.linear_model.LogisticRegression.fit: running accelerated version on CPU
sklearn.linear_model.LogisticRegression.predict: running accelerated version on CPU
sklearn.metrics.roc_auc_score: running accelerated version on CPU
Trial 106 finished with value: 0.750663841943952 and parameters: {'C': 0.19396318982583705}. Best is trial 23 with value: 0.7506636096716518.
sklearn.linear_model.LogisticRegression.fit: running accelerated version on CPU
sklearn.linear_model.LogisticRegression.predict: running accelerated version on CPU
sklearn.metrics.roc_auc_score: running accelerated version on CPU
Trial 107 finished with value: 0.7506636888553905 and parameters: {'C': 0.3471895607927}. Best is trial 23 with value: 0.7506636096716518.
sklearn.linear_model.LogisticRegression.fit: running accelerated version on CPU
sklearn.linear_model.LogisticRegression.predict: running accelerated version on CPU
sklearn.metrics.roc_auc_score: running accelerated version on CPU
Trial 108 finished with value: 0.7506636682954022 and parameters: {'C': 0.4985001671993447}. Best is trial 23 with value: 0.7506636096716518.
sklearn.linear_model.LogisticRegression.fit: running accelerated version on CPU
sklearn.linear_model.LogisticRegression.predict: running accelerated version on CPU
sklearn.metrics.roc_auc_score: running accelerated version on CPU
Trial 109 finished with value: 0.7506636835764745 and parameters: {'C': 0.6845310420532367}. Best is trial 23 with value: 0.7506636096716518.
sklearn.linear_model.LogisticRegression.fit: running accelerated version on CPU
sklearn.linear_model.LogisticRegression.predict: running accelerated version on CPU
sklearn.metrics.roc_auc_score: running accelerated version on CPU
Trial 110 finished with value: 0.7506636746856689 and parameters: {'C': 0.43289411898735025}. Best is trial 23 with value: 0.7506636096716518.
sklearn.linear_model.LogisticRegression.fit: running accelerated version on CPU
sklearn.linear_model.LogisticRegression.predict: running accelerated version on CPU
sklearn.metrics.roc_auc_score: running accelerated version on CPU
Trial 111 finished with value: 0.750663671907292 and parameters: {'C': 0.40022696928313783}. Best is trial 23 with value: 0.7506636096716518.
sklearn.linear_model.LogisticRegression.fit: running accelerated version on CPU
sklearn.linear_model.LogisticRegression.predict: running accelerated version on CPU
sklearn.metrics.roc_auc_score: running accelerated version on CPU
Trial 112 finished with value: 0.7506636082824634 and parameters: {'C': 0.3001113938970954}. Best is trial 112 with value: 0.7506636082824634.
sklearn.linear_model.LogisticRegression.fit: running accelerated version on CPU
sklearn.linear_model.LogisticRegression.predict: running accelerated version on CPU
sklearn.metrics.roc_auc_score: running accelerated version on CPU
Trial 113 finished with value: 0.7506636177289445 and parameters: {'C': 0.3015762131170945}. Best is trial 112 with value: 0.7506636082824634.
sklearn.linear_model.LogisticRegression.fit: running accelerated version on CPU
sklearn.linear_model.LogisticRegression.predict: running accelerated version on CPU
sklearn.metrics.roc_auc_score: running accelerated version on CPU
Trial 114 finished with value: 0.7506637405331988 and parameters: {'C': 0.2894897878070439}. Best is trial 112 with value: 0.7506636082824634.
sklearn.linear_model.LogisticRegression.fit: running accelerated version on CPU
sklearn.linear_model.LogisticRegression.predict: running accelerated version on CPU
sklearn.metrics.roc_auc_score: running accelerated version on CPU
Trial 115 finished with value: 0.7506636796867471 and parameters: {'C': 0.3626015062530791}. Best is trial 112 with value: 0.7506636082824634.
sklearn.linear_model.LogisticRegression.fit: running accelerated version on CPU
sklearn.linear_model.LogisticRegression.predict: running accelerated version on CPU
sklearn.metrics.roc_auc_score: running accelerated version on CPU
Trial 116 finished with value: 0.7506636832986369 and parameters: {'C': 0.32726931181388436}. Best is trial 112 with value: 0.7506636082824634.
sklearn.linear_model.LogisticRegression.fit: running accelerated version on CPU
sklearn.linear_model.LogisticRegression.predict: running accelerated version on CPU
sklearn.metrics.roc_auc_score: running accelerated version on CPU
