Trial 176 finished with value: 0.7506636560705443 and parameters: {'C': 0.6411388843078059}. Best is trial 176 with value: 0.7506636560705443.
sklearn.linear_model.LogisticRegression.fit: running accelerated version on CPU
sklearn.linear_model.LogisticRegression.predict: running accelerated version on CPU
sklearn.metrics.roc_auc_score: running accelerated version on CPU
Trial 177 finished with value: 0.7506636557927066 and parameters: {'C': 0.6383182894093546}. Best is trial 177 with value: 0.7506636557927066.
sklearn.linear_model.LogisticRegression.fit: running accelerated version on CPU
sklearn.linear_model.LogisticRegression.predict: running accelerated version on CPU
sklearn.metrics.roc_auc_score: running accelerated version on CPU
Trial 178 finished with value: 0.7506636560705443 and parameters: {'C': 0.6384824613729404}. Best is trial 177 with value: 0.7506636557927066.
sklearn.linear_model.LogisticRegression.fit: running accelerated version on CPU
sklearn.linear_model.LogisticRegression.predict: running accelerated version on CPU
sklearn.metrics.roc_auc_score: running accelerated version on CPU
Trial 179 finished with value: 0.750663657181895 and parameters: {'C': 0.6419780517859657}. Best is trial 177 with value: 0.7506636557927066.
sklearn.linear_model.LogisticRegression.fit: running accelerated version on CPU
sklearn.linear_model.LogisticRegression.predict: running accelerated version on CPU
sklearn.metrics.roc_auc_score: running accelerated version on CPU
Trial 180 finished with value: 0.7506636738521558 and parameters: {'C': 0.6626758517642359}. Best is trial 177 with value: 0.7506636557927066.
sklearn.linear_model.LogisticRegression.fit: running accelerated version on CPU
sklearn.linear_model.LogisticRegression.predict: running accelerated version on CPU
sklearn.metrics.roc_auc_score: running accelerated version on CPU
Trial 181 finished with value: 0.7506636577375704 and parameters: {'C': 0.6390623142024274}. Best is trial 177 with value: 0.7506636557927066.
sklearn.linear_model.LogisticRegression.fit: running accelerated version on CPU
sklearn.linear_model.LogisticRegression.predict: running accelerated version on CPU
sklearn.metrics.roc_auc_score: running accelerated version on CPU
Trial 182 finished with value: 0.7506636566262196 and parameters: {'C': 0.638831841612038}. Best is trial 177 with value: 0.7506636557927066.
sklearn.linear_model.LogisticRegression.fit: running accelerated version on CPU
sklearn.linear_model.LogisticRegression.predict: running accelerated version on CPU
sklearn.metrics.roc_auc_score: running accelerated version on CPU
Trial 183 finished with value: 0.7506636946899817 and parameters: {'C': 0.7283722193976554}. Best is trial 177 with value: 0.7506636557927066.
sklearn.linear_model.LogisticRegression.fit: running accelerated version on CPU
sklearn.linear_model.LogisticRegression.predict: running accelerated version on CPU
sklearn.metrics.roc_auc_score: running accelerated version on CPU
Trial 184 finished with value: 0.750663664127837 and parameters: {'C': 0.6450152646293749}. Best is trial 177 with value: 0.7506636557927066.
sklearn.linear_model.LogisticRegression.fit: running accelerated version on CPU
sklearn.linear_model.LogisticRegression.predict: running accelerated version on CPU
sklearn.metrics.roc_auc_score: running accelerated version on CPU
Trial 185 finished with value: 0.7506636891332281 and parameters: {'C': 0.7035137860313574}. Best is trial 177 with value: 0.7506636557927066.
sklearn.linear_model.LogisticRegression.fit: running accelerated version on CPU
sklearn.linear_model.LogisticRegression.predict: running accelerated version on CPU
sklearn.metrics.roc_auc_score: running accelerated version on CPU
Trial 186 finished with value: 0.7506636619051356 and parameters: {'C': 0.6332427371996543}. Best is trial 177 with value: 0.7506636557927066.
sklearn.linear_model.LogisticRegression.fit: running accelerated version on CPU
sklearn.linear_model.LogisticRegression.predict: running accelerated version on CPU
sklearn.metrics.roc_auc_score: running accelerated version on CPU
Trial 187 finished with value: 0.7506636821872862 and parameters: {'C': 0.6828646375846611}. Best is trial 177 with value: 0.7506636557927066.
sklearn.linear_model.LogisticRegression.fit: running accelerated version on CPU
sklearn.linear_model.LogisticRegression.predict: running accelerated version on CPU
sklearn.metrics.roc_auc_score: running accelerated version on CPU
Trial 188 finished with value: 0.7506636699624283 and parameters: {'C': 0.6561240927313985}. Best is trial 177 with value: 0.7506636557927066.
sklearn.linear_model.LogisticRegression.fit: running accelerated version on CPU
sklearn.linear_model.LogisticRegression.predict: running accelerated version on CPU
sklearn.metrics.roc_auc_score: running accelerated version on CPU
Trial 189 finished with value: 0.7506636638499993 and parameters: {'C': 0.6251986341495566}. Best is trial 177 with value: 0.7506636557927066.
sklearn.linear_model.LogisticRegression.fit: running accelerated version on CPU
sklearn.linear_model.LogisticRegression.predict: running accelerated version on CPU
sklearn.metrics.roc_auc_score: running accelerated version on CPU
Trial 190 finished with value: 0.7506636655170253 and parameters: {'C': 0.6160737034068344}. Best is trial 177 with value: 0.7506636557927066.
sklearn.linear_model.LogisticRegression.fit: running accelerated version on CPU
sklearn.linear_model.LogisticRegression.predict: running accelerated version on CPU
sklearn.metrics.roc_auc_score: running accelerated version on CPU
Trial 191 finished with value: 0.7506636738521558 and parameters: {'C': 0.6724829611529751}. Best is trial 177 with value: 0.7506636557927066.
sklearn.linear_model.LogisticRegression.fit: running accelerated version on CPU
sklearn.linear_model.LogisticRegression.predict: running accelerated version on CPU
sklearn.metrics.roc_auc_score: running accelerated version on CPU
Trial 192 finished with value: 0.7506636627386486 and parameters: {'C': 0.6442267437936198}. Best is trial 177 with value: 0.7506636557927066.
sklearn.linear_model.LogisticRegression.fit: running accelerated version on CPU
sklearn.linear_model.LogisticRegression.predict: running accelerated version on CPU
sklearn.metrics.roc_auc_score: running accelerated version on CPU
Trial 193 finished with value: 0.7506636652391877 and parameters: {'C': 0.5971971001058258}. Best is trial 177 with value: 0.7506636557927066.
sklearn.linear_model.LogisticRegression.fit: running accelerated version on CPU
sklearn.linear_model.LogisticRegression.predict: running accelerated version on CPU
sklearn.metrics.roc_auc_score: running accelerated version on CPU
Trial 194 finished with value: 0.750663658015408 and parameters: {'C': 0.6391798034467475}. Best is trial 177 with value: 0.7506636557927066.
sklearn.linear_model.LogisticRegression.fit: running accelerated version on CPU
sklearn.linear_model.LogisticRegression.predict: running accelerated version on CPU
sklearn.metrics.roc_auc_score: running accelerated version on CPU
Trial 195 finished with value: 0.7506636591267587 and parameters: {'C': 0.6376327481370014}. Best is trial 177 with value: 0.7506636557927066.
sklearn.linear_model.LogisticRegression.fit: running accelerated version on CPU
sklearn.linear_model.LogisticRegression.predict: running accelerated version on CPU
sklearn.metrics.roc_auc_score: running accelerated version on CPU
Trial 196 finished with value: 0.7506636616272979 and parameters: {'C': 0.6342622993460457}. Best is trial 177 with value: 0.7506636557927066.
sklearn.linear_model.LogisticRegression.fit: running accelerated version on CPU
sklearn.linear_model.LogisticRegression.predict: running accelerated version on CPU
sklearn.metrics.roc_auc_score: running accelerated version on CPU
Trial 197 finished with value: 0.7506636819094484 and parameters: {'C': 0.6755038452372405}. Best is trial 177 with value: 0.7506636557927066.
sklearn.linear_model.LogisticRegression.fit: running accelerated version on CPU
sklearn.linear_model.LogisticRegression.predict: running accelerated version on CPU
sklearn.metrics.roc_auc_score: running accelerated version on CPU
Trial 198 finished with value: 0.7506636688510775 and parameters: {'C': 0.6571488568858816}. Best is trial 177 with value: 0.7506636557927066.
sklearn.linear_model.LogisticRegression.fit: running accelerated version on CPU
sklearn.linear_model.LogisticRegression.predict: running accelerated version on CPU
sklearn.metrics.roc_auc_score: running accelerated version on CPU
Trial 199 finished with value: 0.750663662460811 and parameters: {'C': 0.6346674883178324}. Best is trial 177 with value: 0.7506636557927066.
sklearn.linear_model.LogisticRegression.fit: running accelerated version on CPU
sklearn.linear_model.LogisticRegression.predict: running accelerated version on CPU
sklearn.metrics.roc_auc_score: running accelerated version on CPU
Trial 200 finished with value: 0.7506636885775528 and parameters: {'C': 0.7090241831671463}. Best is trial 177 with value: 0.7506636557927066.
sklearn.linear_model.LogisticRegression.fit: running accelerated version on CPU
sklearn.linear_model.LogisticRegression.predict: running accelerated version on CPU
sklearn.metrics.roc_auc_score: running accelerated version on CPU
Trial 201 finished with value: 0.750663664127837 and parameters: {'C': 0.6281063752728889}. Best is trial 177 with value: 0.7506636557927066.
sklearn.linear_model.LogisticRegression.fit: running accelerated version on CPU
sklearn.linear_model.LogisticRegression.predict: running accelerated version on CPU
sklearn.metrics.roc_auc_score: running accelerated version on CPU
Trial 202 finished with value: 0.7506636577375704 and parameters: {'C': 0.6401658723124258}. Best is trial 177 with value: 0.7506636557927066.
sklearn.linear_model.LogisticRegression.fit: running accelerated version on CPU
sklearn.linear_model.LogisticRegression.predict: running accelerated version on CPU
sklearn.metrics.roc_auc_score: running accelerated version on CPU
Trial 203 finished with value: 0.7506636644056747 and parameters: {'C': 0.6452092459872285}. Best is trial 177 with value: 0.7506636557927066.
sklearn.linear_model.LogisticRegression.fit: running accelerated version on CPU
sklearn.linear_model.LogisticRegression.predict: running accelerated version on CPU
sklearn.metrics.roc_auc_score: running accelerated version on CPU
Trial 204 finished with value: 0.7506636807980978 and parameters: {'C': 0.6802988693767938}. Best is trial 177 with value: 0.7506636557927066.
sklearn.linear_model.LogisticRegression.fit: running accelerated version on CPU
sklearn.linear_model.LogisticRegression.predict: running accelerated version on CPU
sklearn.metrics.roc_auc_score: running accelerated version on CPU
Trial 205 finished with value: 0.7506636699624283 and parameters: {'C': 0.6543424257755973}. Best is trial 177 with value: 0.7506636557927066.
sklearn.linear_model.LogisticRegression.fit: running accelerated version on CPU
sklearn.linear_model.LogisticRegression.predict: running accelerated version on CPU
sklearn.metrics.roc_auc_score: running accelerated version on CPU
Trial 206 finished with value: 0.7506636644056747 and parameters: {'C': 0.6134000338353535}. Best is trial 177 with value: 0.7506636557927066.
sklearn.linear_model.LogisticRegression.fit: running accelerated version on CPU
sklearn.linear_model.LogisticRegression.predict: running accelerated version on CPU
sklearn.metrics.roc_auc_score: running accelerated version on CPU
Trial 207 finished with value: 0.7506636735743181 and parameters: {'C': 0.6631404749870319}. Best is trial 177 with value: 0.7506636557927066.
sklearn.linear_model.LogisticRegression.fit: running accelerated version on CPU
sklearn.linear_model.LogisticRegression.predict: running accelerated version on CPU
sklearn.metrics.roc_auc_score: running accelerated version on CPU
Trial 208 finished with value: 0.750663662460811 and parameters: {'C': 0.5867309717284518}. Best is trial 177 with value: 0.7506636557927066.
sklearn.linear_model.LogisticRegression.fit: running accelerated version on CPU
sklearn.linear_model.LogisticRegression.predict: running accelerated version on CPU
sklearn.metrics.roc_auc_score: running accelerated version on CPU
Trial 209 finished with value: 0.7506636619051356 and parameters: {'C': 0.6343269269618714}. Best is trial 177 with value: 0.7506636557927066.
sklearn.linear_model.LogisticRegression.fit: running accelerated version on CPU
sklearn.linear_model.LogisticRegression.predict: running accelerated version on CPU
sklearn.metrics.roc_auc_score: running accelerated version on CPU
Trial 210 finished with value: 0.7506636627386486 and parameters: {'C': 0.6227699195022606}. Best is trial 177 with value: 0.7506636557927066.
sklearn.linear_model.LogisticRegression.fit: running accelerated version on CPU
sklearn.linear_model.LogisticRegression.predict: running accelerated version on CPU
sklearn.metrics.roc_auc_score: running accelerated version on CPU
Trial 211 finished with value: 0.750663662460811 and parameters: {'C': 0.6017904883510159}. Best is trial 177 with value: 0.7506636557927066.
sklearn.linear_model.LogisticRegression.fit: running accelerated version on CPU
sklearn.linear_model.LogisticRegression.predict: running accelerated version on CPU
sklearn.metrics.roc_auc_score: running accelerated version on CPU
Trial 212 finished with value: 0.750663657181895 and parameters: {'C': 0.642250674023906}. Best is trial 177 with value: 0.7506636557927066.
sklearn.linear_model.LogisticRegression.fit: running accelerated version on CPU
sklearn.linear_model.LogisticRegression.predict: running accelerated version on CPU
sklearn.metrics.roc_auc_score: running accelerated version on CPU
Trial 213 finished with value: 0.7506636810759354 and parameters: {'C': 0.6903775584010663}. Best is trial 177 with value: 0.7506636557927066.
sklearn.linear_model.LogisticRegression.fit: running accelerated version on CPU
sklearn.linear_model.LogisticRegression.predict: running accelerated version on CPU
sklearn.metrics.roc_auc_score: running accelerated version on CPU
Trial 214 finished with value: 0.7506636638499993 and parameters: {'C': 0.6145950636005044}. Best is trial 177 with value: 0.7506636557927066.
sklearn.linear_model.LogisticRegression.fit: running accelerated version on CPU
sklearn.linear_model.LogisticRegression.predict: running accelerated version on CPU
sklearn.metrics.roc_auc_score: running accelerated version on CPU
Trial 215 finished with value: 0.7506636680175645 and parameters: {'C': 0.6497195370597847}. Best is trial 177 with value: 0.7506636557927066.
sklearn.linear_model.LogisticRegression.fit: running accelerated version on CPU
sklearn.linear_model.LogisticRegression.predict: running accelerated version on CPU
sklearn.metrics.roc_auc_score: running accelerated version on CPU
Trial 216 finished with value: 0.7506636669062138 and parameters: {'C': 0.5828976306421415}. Best is trial 177 with value: 0.7506636557927066.
sklearn.linear_model.LogisticRegression.fit: running accelerated version on CPU
sklearn.linear_model.LogisticRegression.predict: running accelerated version on CPU
sklearn.metrics.roc_auc_score: running accelerated version on CPU
Trial 217 finished with value: 0.7506636741299935 and parameters: {'C': 0.6634297306929668}. Best is trial 177 with value: 0.7506636557927066.
sklearn.linear_model.LogisticRegression.fit: running accelerated version on CPU
sklearn.linear_model.LogisticRegression.predict: running accelerated version on CPU
sklearn.metrics.roc_auc_score: running accelerated version on CPU
Trial 218 finished with value: 0.7506636635721616 and parameters: {'C': 0.606146827912063}. Best is trial 177 with value: 0.7506636557927066.
sklearn.linear_model.LogisticRegression.fit: running accelerated version on CPU
sklearn.linear_model.LogisticRegression.predict: running accelerated version on CPU
sklearn.metrics.roc_auc_score: running accelerated version on CPU
Trial 219 finished with value: 0.750663658015408 and parameters: {'C': 0.6392541444154395}. Best is trial 177 with value: 0.7506636557927066.
sklearn.linear_model.LogisticRegression.fit: running accelerated version on CPU
sklearn.linear_model.LogisticRegression.predict: running accelerated version on CPU
sklearn.metrics.roc_auc_score: running accelerated version on CPU
Trial 220 finished with value: 0.7506636605159471 and parameters: {'C': 0.6369320664108988}. Best is trial 177 with value: 0.7506636557927066.
sklearn.linear_model.LogisticRegression.fit: running accelerated version on CPU
sklearn.linear_model.LogisticRegression.predict: running accelerated version on CPU
sklearn.metrics.roc_auc_score: running accelerated version on CPU
Trial 221 finished with value: 0.7506636560705443 and parameters: {'C': 0.6383677273058493}. Best is trial 177 with value: 0.7506636557927066.
sklearn.linear_model.LogisticRegression.fit: running accelerated version on CPU
sklearn.linear_model.LogisticRegression.predict: running accelerated version on CPU
sklearn.metrics.roc_auc_score: running accelerated version on CPU
Trial 222 finished with value: 0.7506636555148689 and parameters: {'C': 0.6404117889793832}. Best is trial 222 with value: 0.7506636555148689.
sklearn.linear_model.LogisticRegression.fit: running accelerated version on CPU
sklearn.linear_model.LogisticRegression.predict: running accelerated version on CPU
sklearn.metrics.roc_auc_score: running accelerated version on CPU
Trial 223 finished with value: 0.7506636566262196 and parameters: {'C': 0.6421452304432785}. Best is trial 222 with value: 0.7506636555148689.
sklearn.linear_model.LogisticRegression.fit: running accelerated version on CPU
sklearn.linear_model.LogisticRegression.predict: running accelerated version on CPU
sklearn.metrics.roc_auc_score: running accelerated version on CPU
Trial 224 finished with value: 0.7506636616272979 and parameters: {'C': 0.6439575749118123}. Best is trial 222 with value: 0.7506636555148689.
sklearn.linear_model.LogisticRegression.fit: running accelerated version on CPU
sklearn.linear_model.LogisticRegression.predict: running accelerated version on CPU
sklearn.metrics.roc_auc_score: running accelerated version on CPU
Trial 225 finished with value: 0.7506636769083702 and parameters: {'C': 0.6740429106478876}. Best is trial 222 with value: 0.7506636555148689.
sklearn.linear_model.LogisticRegression.fit: running accelerated version on CPU
sklearn.linear_model.LogisticRegression.predict: running accelerated version on CPU
sklearn.metrics.roc_auc_score: running accelerated version on CPU
Trial 226 finished with value: 0.7506636869105268 and parameters: {'C': 0.6943577573570269}. Best is trial 222 with value: 0.7506636555148689.
sklearn.linear_model.LogisticRegression.fit: running accelerated version on CPU
sklearn.linear_model.LogisticRegression.predict: running accelerated version on CPU
sklearn.metrics.roc_auc_score: running accelerated version on CPU
Trial 227 finished with value: 0.7506636616272979 and parameters: {'C': 0.6334981942105561}. Best is trial 222 with value: 0.7506636555148689.
sklearn.linear_model.LogisticRegression.fit: running accelerated version on CPU
sklearn.linear_model.LogisticRegression.predict: running accelerated version on CPU
sklearn.metrics.roc_auc_score: running accelerated version on CPU
Trial 228 finished with value: 0.7506636730186427 and parameters: {'C': 0.6620707243311131}. Best is trial 222 with value: 0.7506636555148689.
sklearn.linear_model.LogisticRegression.fit: running accelerated version on CPU
sklearn.linear_model.LogisticRegression.predict: running accelerated version on CPU
sklearn.metrics.roc_auc_score: running accelerated version on CPU
Trial 229 finished with value: 0.7506636682954022 and parameters: {'C': 0.6489484631322608}. Best is trial 222 with value: 0.7506636555148689.
sklearn.linear_model.LogisticRegression.fit: running accelerated version on CPU
sklearn.linear_model.LogisticRegression.predict: running accelerated version on CPU
sklearn.metrics.roc_auc_score: running accelerated version on CPU
Trial 230 finished with value: 0.7506636682954022 and parameters: {'C': 0.6296226265228305}. Best is trial 222 with value: 0.7506636555148689.
sklearn.linear_model.LogisticRegression.fit: running accelerated version on CPU
sklearn.linear_model.LogisticRegression.predict: running accelerated version on CPU
sklearn.metrics.roc_auc_score: running accelerated version on CPU
Trial 231 finished with value: 0.7506636630164862 and parameters: {'C': 0.6226472538766483}. Best is trial 222 with value: 0.7506636555148689.
sklearn.linear_model.LogisticRegression.fit: running accelerated version on CPU
sklearn.linear_model.LogisticRegression.predict: running accelerated version on CPU
sklearn.metrics.roc_auc_score: running accelerated version on CPU
Trial 232 finished with value: 0.7506636705181036 and parameters: {'C': 0.6529422154023685}. Best is trial 222 with value: 0.7506636555148689.
sklearn.linear_model.LogisticRegression.fit: running accelerated version on CPU
sklearn.linear_model.LogisticRegression.predict: running accelerated version on CPU
sklearn.metrics.roc_auc_score: running accelerated version on CPU
Trial 233 finished with value: 0.7506636741299935 and parameters: {'C': 0.6706023804359161}. Best is trial 222 with value: 0.7506636555148689.
sklearn.linear_model.LogisticRegression.fit: running accelerated version on CPU
sklearn.linear_model.LogisticRegression.predict: running accelerated version on CPU
sklearn.metrics.roc_auc_score: running accelerated version on CPU
Trial 234 finished with value: 0.7506636560705443 and parameters: {'C': 0.6409158763740076}. Best is trial 222 with value: 0.7506636555148689.
sklearn.linear_model.LogisticRegression.fit: running accelerated version on CPU
sklearn.linear_model.LogisticRegression.predict: running accelerated version on CPU
sklearn.metrics.roc_auc_score: running accelerated version on CPU
