number,value,params_alpha,params_colsample_bytree,params_eval_metric,params_lambda,params_learning_rate,params_max_depth,params_min_child_weight,params_objective,params_subsample,params_tree_method,state
892,0.7480682164930504,0.059875328599375,0.3249829322902495,logloss,0.0038904015491276448,0.021517963768152765,20,245,binary:logistic,0.8696306925503363,gpu_hist,COMPLETE
893,0.7480113472875896,0.07709481027302753,0.4040906554345863,logloss,3.1458076192600615,0.025373178079642005,17,300,binary:logistic,0.8262444385813843,gpu_hist,COMPLETE
894,0.7480548381920183,0.04657816070522607,0.3159347526542349,logloss,0.0032946313123412515,0.018986154058734248,17,199,binary:logistic,0.8428470393330262,gpu_hist,COMPLETE
895,0.7478554306163563,0.0040009581517212,0.3311181454811003,logloss,0.00537343653830793,0.023361524747071215,13,271,binary:logistic,0.6892259080216102,gpu_hist,COMPLETE
896,0.7476318312971699,0.3609624420126714,0.37165307755328747,logloss,4.050448180730223,0.020135275661111323,11,265,binary:logistic,0.8154468700374027,gpu_hist,COMPLETE
897,0.7305050784867286,0.0027498957542250986,0.6345417260576269,logloss,0.0859947077080679,0.003889697483612568,17,258,binary:logistic,0.8345728366015347,gpu_hist,COMPLETE
898,0.7480233215359073,0.005538321092693539,0.3510220594563688,logloss,0.18660293890834773,0.017589489544701433,20,275,binary:logistic,0.8636057625848306,gpu_hist,COMPLETE
899,0.7478146840536082,0.09357682683168134,0.3117817066350905,logloss,0.004137898559244852,0.02923324788583025,17,251,binary:logistic,0.7964541336547712,gpu_hist,COMPLETE
900,0.7363482592503466,0.0015932177871392013,0.3358254012419713,logloss,0.006762428670195321,0.021704347143397903,3,286,binary:logistic,0.8458155721239721,gpu_hist,COMPLETE
901,0.7482257254520257,0.06186812875928747,0.3003504533958934,logloss,4.724316480218487,0.026527960188081613,17,267,binary:logistic,0.8764402592661615,gpu_hist,COMPLETE
902,0.7409472321790765,0.0012093769407238507,0.32272694027910315,logloss,0.00228738211384295,0.006891747333735964,17,241,binary:logistic,0.8562551778041751,gpu_hist,COMPLETE
903,0.7468336505980783,0.03713300756233417,0.35473984235459927,logloss,0.007633926001019879,0.023927411725139423,7,281,binary:logistic,0.8288330916125282,gpu_hist,COMPLETE
904,0.7481180644625087,0.11196176918502602,0.3422929668923703,logloss,0.033060332154340004,0.0190887302717293,20,261,binary:logistic,0.8105371910376139,gpu_hist,COMPLETE
905,0.7477485647982784,0.05395859959585904,0.5048060375668764,logloss,2.804832933142152,0.01629204863389841,17,273,binary:logistic,0.8210824025036645,gpu_hist,COMPLETE
906,0.7472030139829267,0.06746698594329892,0.757674389877166,logloss,0.005048416895402076,0.021246123248505375,11,255,binary:logistic,0.853365771085873,gpu_hist,COMPLETE
907,0.7480123775097056,0.07486930324327895,0.3801975760158017,logloss,0.003141067028941212,0.02435874250850525,17,267,binary:logistic,0.7819274153702374,gpu_hist,COMPLETE
908,0.7480664123540774,0.13188801908710127,0.3125375949592245,logloss,0.00613347079789671,0.01999377026030314,17,292,binary:logistic,0.8382334605406752,gpu_hist,COMPLETE
909,0.7093731288213997,0.0489049715072635,0.32783610899771287,logloss,0.057574309501429916,0.0025903578551461693,5,277,binary:logistic,0.9120218713730323,gpu_hist,COMPLETE
910,0.7481305429862153,0.1690047129745917,0.364144887571032,logloss,1.487721339999933,0.022402503102755995,20,247,binary:logistic,0.8676224828008579,gpu_hist,COMPLETE
911,0.7482063967014083,0.09870783228595637,0.31247641745218124,logloss,0.01124560822864378,0.026910316934902485,17,260,binary:logistic,0.8927484957969211,gpu_hist,COMPLETE
912,0.7482470415755657,0.0031380508675755577,0.3417355729675088,logloss,0.1187093343732597,0.018050271540332723,17,283,binary:logistic,0.801702127441952,gpu_hist,COMPLETE
913,0.7478006267172871,0.002396572887409262,0.3263801557440794,logloss,0.003978181248685728,0.0211645233670382,11,271,binary:logistic,0.8385574416685769,gpu_hist,COMPLETE
914,0.7461290666062406,0.7785043202275995,0.9164614239321007,logloss,0.023075279677659634,0.034287316769358187,15,253,binary:logistic,0.8232198951026443,gpu_hist,COMPLETE
915,0.7476268068805709,0.08404739592861912,0.39416490181518415,logloss,0.00490228047562963,0.014907242192491208,17,267,binary:logistic,0.8545927852235252,gpu_hist,COMPLETE
916,0.7480809609074164,0.05888286076049004,0.5412690377028035,logloss,3.571505963587086,0.024308365729500115,20,275,binary:logistic,0.748451414064332,gpu_hist,COMPLETE
917,0.7479487340659393,0.03634085184386071,0.3001983287230985,logloss,0.00882723368424835,0.01873316386275866,17,234,binary:logistic,0.8477583403298874,gpu_hist,COMPLETE
918,0.7475717045838337,0.0018936194209043988,0.36025997705977947,logloss,0.013499264105098942,0.02873153695737509,17,261,binary:logistic,0.8803242528195497,gpu_hist,COMPLETE
919,0.7478935788411242,0.20511047923940706,0.3348404985643787,logloss,2.180196996699303,0.022644701829771623,17,171,binary:logistic,0.8118146931884688,gpu_hist,COMPLETE
920,0.7480074249141468,0.06905016956015073,0.6124791391891601,logloss,0.003414405735098375,0.016932928169095307,20,289,binary:logistic,0.8326033198165476,gpu_hist,COMPLETE
921,0.7464527554214169,0.05397695513269795,0.9474832738160328,logloss,0.006015598437282593,0.020287033444046577,9,279,binary:logistic,0.8636037175396126,gpu_hist,COMPLETE
922,0.7478892092879361,0.044534501588368997,0.30005791753740907,logloss,0.002820264293075777,0.02539691275811644,11,252,binary:logistic,0.7921077421485809,gpu_hist,COMPLETE
923,0.7481964149660102,0.007596877658732241,0.3486141779408962,logloss,2.5992935849178918,0.0217027849345775,17,244,binary:logistic,0.7703635783494391,gpu_hist,COMPLETE
924,0.74829955303594,0.08975604029321287,0.3219138869531666,logloss,0.004251732119588398,0.019403864183358474,17,266,binary:logistic,0.8415122425122294,gpu_hist,COMPLETE
925,0.7469553083553022,0.020210520466197045,0.37421648942409313,logloss,0.00196971871300732,0.023118646587796086,17,259,binary:logistic,0.460237225767259,gpu_hist,COMPLETE
926,0.7476303295845114,0.06512543811642237,0.3151951473579425,logloss,0.0013328768118910932,0.01746717302733717,13,270,binary:logistic,0.8205496000018515,gpu_hist,COMPLETE
927,0.7478156600973769,0.003852877077273744,0.33894762874700196,logloss,5.817627405645639,0.025505645004017623,20,281,binary:logistic,0.875101805892212,gpu_hist,COMPLETE
928,0.7481288433142099,0.5034999185786455,0.3140829030073709,logloss,0.007047161086289802,0.020382186161926164,17,275,binary:logistic,0.8570568381224425,gpu_hist,COMPLETE
929,0.7479289261842434,0.00150265454160983,0.3555227373003042,logloss,0.07257173354481679,0.02816657125757398,17,263,binary:logistic,0.8281911782636895,gpu_hist,COMPLETE
930,0.7369566352774982,0.12136317744687648,0.32551709987560634,logloss,0.005259063140155873,0.022514953070371282,3,255,binary:logistic,0.8458752103246715,gpu_hist,COMPLETE
931,0.7474441868131891,0.07817937391122748,0.3326290574772046,logloss,0.0038448554953671716,0.018485766240993906,11,270,binary:logistic,0.8688357344860129,gpu_hist,COMPLETE
932,0.7480290544385895,0.0528608202403086,0.3123456292329334,logloss,3.1314062065595865,0.02068419998235027,17,287,binary:logistic,0.8013507862504706,gpu_hist,COMPLETE
933,0.7474356783120872,0.0011962781221963035,0.8386201551563052,logloss,1.79264887949695,0.015300309705260312,20,245,binary:logistic,0.8115906765648468,gpu_hist,COMPLETE
934,0.747822831921402,0.00304379918797589,0.7365098443236744,logloss,0.0996759239340056,0.023948921390748782,17,295,binary:logistic,0.834838274757942,gpu_hist,COMPLETE
935,0.7470076849254832,0.03949610781896123,0.3462059545718614,logloss,0.004562748784674971,0.025715286650024455,7,263,binary:logistic,0.7855924542659025,gpu_hist,COMPLETE
936,0.748282272643616,0.08010465879130514,0.37210763827879767,logloss,3.879334695189157,0.021920662519576195,17,274,binary:logistic,0.8548348266335306,gpu_hist,COMPLETE
937,0.7400947724162926,0.10734720404182488,0.9759372804941548,logloss,0.006335372892589621,0.01676633559891969,5,251,binary:logistic,0.8204680100893321,gpu_hist,COMPLETE
938,0.7476209261682432,0.024916134506739445,0.4074387788741981,logloss,7.470645224928668,0.018916015336834794,17,239,binary:logistic,0.5935789013758241,gpu_hist,COMPLETE
939,0.7471713393760948,0.06373907269607985,0.32459066105510515,logloss,0.003158462843852703,0.0317374174709363,20,267,binary:logistic,0.8859034065177839,gpu_hist,COMPLETE
940,0.7476899336851719,0.005134444154044714,0.30057009583145883,logloss,4.797000012732264,0.020195338864143916,11,282,binary:logistic,0.8435867610226097,gpu_hist,COMPLETE
941,0.7481370670316901,0.048522862301159354,0.35825047409354754,logloss,0.007938772510405192,0.024447874867405493,17,257,binary:logistic,0.86490022033703,gpu_hist,COMPLETE
942,0.7481529501783232,0.0975875175311641,0.34130166031825154,logloss,0.005256290190092171,0.02210628149516623,17,276,binary:logistic,0.832668913388038,gpu_hist,COMPLETE
943,0.7478009067776682,0.001028954188060681,0.3861133687818375,logloss,0.0026677360677772534,0.01816500401225746,17,261,binary:logistic,0.8047213678966287,gpu_hist,COMPLETE
944,0.7477623652736647,1.8145065851206463,0.31527557527618966,logloss,0.04766283709965519,0.027625965019781998,20,286,binary:logistic,0.7632499425707223,gpu_hist,COMPLETE
945,0.747990927607323,0.07440775319416447,0.3313169407914334,logloss,2.483508021020438,0.023498309376408826,17,270,binary:logistic,0.8968919697065652,gpu_hist,COMPLETE
946,0.7480167558147806,0.056151153196695766,0.3110555368681403,logloss,0.0037597603125466244,0.019512566428786304,15,247,binary:logistic,0.8520674978030321,gpu_hist,COMPLETE
947,0.7480724239279524,0.0022209663214533483,0.300062740151446,logloss,0.004579240763358118,0.02132076223519796,17,278,binary:logistic,0.8211013411501784,gpu_hist,COMPLETE
948,0.7477487569230339,0.04056892912857618,0.35273318106983353,logloss,0.005767857272086646,0.03023765282923083,11,257,binary:logistic,0.87694853602432,gpu_hist,COMPLETE
949,0.7480110711169359,0.062054892454136666,0.3733905021316086,logloss,1.2160372904017303,0.025952450046842088,17,266,binary:logistic,0.8400888975392304,gpu_hist,COMPLETE
950,0.7465860727757865,0.15020611207349696,0.32534345032452033,logloss,0.1294140913354596,0.011400755220960042,20,125,binary:logistic,0.8615370490879154,gpu_hist,COMPLETE
951,0.7470917958375969,0.08169835450805159,0.4220553839919802,logloss,3.199756633314385,0.013592731300806772,17,272,binary:logistic,0.8286952472657697,gpu_hist,COMPLETE
952,0.7464757284299595,0.004442207169713765,0.34281762483193456,logloss,0.002409796960947494,0.016991618038991123,9,251,binary:logistic,0.8465536284475419,gpu_hist,COMPLETE
953,0.7479682913380481,0.03114970681383488,0.3620747958398367,logloss,0.0036761687942604405,0.023276059114167556,17,281,binary:logistic,0.7795486038425523,gpu_hist,COMPLETE
954,0.7347111433710416,1.4070680972323237,0.32277002442652014,logloss,0.0016486679002069486,0.00447244712972779,17,264,binary:logistic,0.7948653303485673,gpu_hist,COMPLETE
955,0.7483206410547449,0.006335735446597041,0.3346326730211379,logloss,0.0069441507484091745,0.020130531759124392,20,259,binary:logistic,0.7278846841167244,gpu_hist,COMPLETE
956,0.7470020713540846,0.04683594103000769,0.3125236958924962,logloss,8.407665394201258,0.021625861646223203,11,51,binary:logistic,0.8155363475809198,gpu_hist,COMPLETE
957,0.7478884998294211,1.0770096609385709,0.34118817034550947,logloss,0.008775616605091035,0.01858960806685865,13,290,binary:logistic,0.8553457958597338,gpu_hist,COMPLETE
958,0.7481566430578424,0.002583024137549344,0.31172637886032917,logloss,1.9805879227146876,0.026490808293048486,17,274,binary:logistic,0.8720269706188535,gpu_hist,COMPLETE
959,0.7472836977672619,0.0714202716388733,0.8951048426468183,logloss,0.004148504372494797,0.0156492065115134,17,234,binary:logistic,0.8332965830341816,gpu_hist,COMPLETE
960,0.7481228231273671,0.001576209969602661,0.3898348421646038,logloss,0.005306993833162978,0.023503332591903504,17,255,binary:logistic,0.8081551787415325,gpu_hist,COMPLETE
961,0.7481931182830222,0.0035942727713549048,0.3626882110952741,logloss,4.043168525024583,0.020640422984576946,20,269,binary:logistic,0.8453435815778931,gpu_hist,COMPLETE
962,0.7440825776048656,0.10256973323690861,0.32813287692594645,logloss,0.004734630188951248,0.05071742756121051,17,279,binary:logistic,0.8265635240214931,gpu_hist,COMPLETE
963,0.7378180219649295,0.0584264490882815,0.3504562341054397,logloss,9.976569160333387,0.024391274702091667,3,264,binary:logistic,0.8576665179751949,gpu_hist,COMPLETE
964,0.7393903630454366,0.122768370548813,0.32209840561023695,logloss,2.468042113304266,0.08572597326294006,11,285,binary:logistic,0.7542690810204802,gpu_hist,COMPLETE
965,0.7480976674260129,0.06939722065838888,0.3777566288079681,logloss,0.0027827071751642964,0.018902114171689886,17,242,binary:logistic,0.8815712033595652,gpu_hist,COMPLETE
966,0.7481526723406435,0.08480713649382046,0.31181311701906383,logloss,0.08234210633373543,0.021894583817120138,17,250,binary:logistic,0.8373786527016815,gpu_hist,COMPLETE
967,0.7472950293770269,0.04833087400037185,0.3368249246695399,logloss,0.0034076284804745336,0.02851309076518457,7,273,binary:logistic,0.8685476153901086,gpu_hist,COMPLETE
968,0.7478022873530984,0.0018667056668155771,0.34995085781435153,logloss,0.006506878747853529,0.017426103965372166,20,263,binary:logistic,0.8149161240342435,gpu_hist,COMPLETE
969,0.7454184775697137,0.244277300069125,0.3113606953453477,logloss,3.0942145662806104,0.020248362494353325,17,40,binary:logistic,0.7889841716513489,gpu_hist,COMPLETE
970,0.7479665549914691,0.056139553141447585,0.3322274436945523,logloss,0.010846376207210408,0.025396111926665486,17,225,binary:logistic,0.8442140384561265,gpu_hist,COMPLETE
971,0.743677238963742,0.08900444815448907,0.3684927852432632,logloss,5.99845254058933,0.022571832167188534,5,255,binary:logistic,0.8029875920496568,gpu_hist,COMPLETE
972,0.7480358481255324,0.003082639200447785,0.3982456865987325,logloss,1.5786805102605994,0.01920014994537588,17,270,binary:logistic,0.857615319504267,gpu_hist,COMPLETE
973,0.7481483423793248,0.043357739913773403,0.32204803263846926,logloss,0.004227457081755499,0.02162178327054343,20,295,binary:logistic,0.828012974956555,gpu_hist,COMPLETE
974,0.7474030236328406,0.06657568671486318,0.34782614641830933,logloss,0.005253088163891159,0.03940274376704113,11,279,binary:logistic,0.7714884400129087,gpu_hist,COMPLETE
975,0.7478288664168853,0.036775493656946295,0.3101519413594485,logloss,0.03979813652323027,0.016445062861320997,17,259,binary:logistic,0.8502906407984002,gpu_hist,COMPLETE
976,0.7480240122403791,0.0012045288216117802,0.33406990516527246,logloss,0.008016523447878239,0.0247977038999233,17,248,binary:logistic,0.8177729192595539,gpu_hist,COMPLETE
977,0.7483007220379772,0.0997963841654969,0.35952547393743384,logloss,0.003387043793584129,0.027362454461774537,17,285,binary:logistic,0.8900525898514914,gpu_hist,COMPLETE
978,0.7480254072633686,0.07437799205556996,0.3200092784009293,logloss,0.006155375974356451,0.018098619166264058,20,275,binary:logistic,0.8353378940923123,gpu_hist,COMPLETE
979,0.7472401738001492,0.05324124266772369,0.30087889148533764,logloss,2.0584282975327266,0.020629601061462825,15,265,binary:logistic,0.5193700633362507,gpu_hist,COMPLETE
980,0.7482107483340661,0.6054527820810548,0.3002466236755182,logloss,3.5465663164440633,0.023235798420113085,17,268,binary:logistic,0.8623449924621512,gpu_hist,COMPLETE
981,0.7477283554411354,0.06250605109985476,0.3433031062506418,logloss,4.9837150373899695,0.019736521468952398,11,259,binary:logistic,0.8448104122717774,gpu_hist,COMPLETE
982,0.7474793841239613,0.12388047403573788,0.38195305509996524,logloss,2.804976208185156,0.030016759185308925,17,239,binary:logistic,0.8774245822313554,gpu_hist,COMPLETE
983,0.7480543046047545,0.08347944601138953,0.32336779084207135,logloss,0.8726457478594932,0.02171290457889642,20,277,binary:logistic,0.9823180175034395,gpu_hist,COMPLETE
984,0.7476978692849784,0.003817348649857738,0.46912375914511534,logloss,0.004346176776133476,0.02544553642081779,9,271,binary:logistic,0.7964168374025575,gpu_hist,COMPLETE
985,0.7485444493078663,0.0014621822108701829,0.3606558336885241,logloss,0.0022758279195517137,0.023029091621507517,17,252,binary:logistic,0.8261636997954382,gpu_hist,COMPLETE
986,0.7481132769025317,0.0023689823992700905,0.3733609569650649,logloss,0.0019012770785100126,0.027289179143378143,17,243,binary:logistic,0.8115374480558065,gpu_hist,COMPLETE
987,0.747815152626855,0.0012360791787706178,0.3916811055107902,logloss,0.0023643326205888757,0.02405849105219165,17,248,binary:logistic,0.8225831932131293,gpu_hist,COMPLETE
988,0.7478271377108425,0.0017691796153993743,0.3686304951229271,logloss,0.002712847141955986,0.02608286202440535,17,253,binary:logistic,0.8067285377717437,gpu_hist,COMPLETE
989,0.7469686516487868,0.0010257883280978379,0.36148595258742977,logloss,0.0016743827387110505,0.0335884184520533,17,247,binary:logistic,0.8234349379826899,gpu_hist,COMPLETE
990,0.7471860895006701,0.0014407848389210798,0.4066541575049799,logloss,0.0012862819566164128,0.023103710974156248,17,138,binary:logistic,0.6422478288082382,gpu_hist,COMPLETE
991,0.7477821806569781,0.0014136045985221207,0.3753215283239336,logloss,0.002597820194266318,0.02935091565977171,17,231,binary:logistic,0.8028945611627986,gpu_hist,COMPLETE
992,0.7480734038614485,0.0012276090310892366,0.3845930443346501,logloss,0.0022112896537963894,0.024114451352662977,17,254,binary:logistic,0.8290882349823113,gpu_hist,COMPLETE
993,0.7478522627111328,0.0016277371539216092,0.3507966347789055,logloss,2.4937880141920736,0.026638156644350038,17,244,binary:logistic,0.8204732152934926,gpu_hist,COMPLETE
994,0.7479935660928478,0.0013882780350450508,0.3599032584848341,logloss,0.0021665279561747697,0.022681360298554838,17,252,binary:logistic,0.7943400841280321,gpu_hist,COMPLETE
995,0.7484998306602959,0.001020734418008906,0.43222498204638243,logloss,0.0014915775570769067,0.022237515016774154,17,258,binary:logistic,0.8094944491079746,gpu_hist,COMPLETE
996,0.7479353736854375,0.001336942404749737,0.4552054398090524,logloss,0.0017714520285785373,0.025360639264202928,17,261,binary:logistic,0.8100949409994194,gpu_hist,COMPLETE
997,0.7476823496889491,0.0010081596816059744,0.41429763108152345,logloss,0.001121560882564704,0.028571857891149268,17,260,binary:logistic,0.8125525864104574,gpu_hist,COMPLETE
998,0.7479649346421212,0.0010418874787727567,0.4102966831557109,logloss,0.0024574285944922963,0.02367670008554066,17,258,binary:logistic,0.813946045390158,gpu_hist,COMPLETE
999,0.7482773154637354,0.0011272757453068796,0.43259681467551986,logloss,0.0011472507158167696,0.022357605098663733,17,264,binary:logistic,0.8282313902629097,gpu_hist,COMPLETE
