A new study created in RDB with name: nov_2021_test_1000
Start optimization.
start listen on 192.168.1.101:41519
@tracker All of 4 nodes getting started
@tracker All nodes finishes job
Trial 0 finished with value: 0.7472818413948052 and parameters: {'objective': 'binary:logistic', 'tree_method': 'gpu_hist', 'lambda': 0.008354153123955812, 'alpha': 3.843774196293632, 'colsample_bytree': 0.7177645164332866, 'subsample': 0.5614412190882784, 'learning_rate': 0.013203814478919057, 'max_depth': 17, 'min_child_weight': 195, 'eval_metric': 'logloss'}. Best is trial 0 with value: 0.7472818413948052.
start listen on 192.168.1.101:35907
@tracker All of 4 nodes getting started
@tracker All nodes finishes job
Trial 1 finished with value: 0.7368332493699067 and parameters: {'objective': 'binary:logistic', 'tree_method': 'gpu_hist', 'lambda': 0.010623550752601468, 'alpha': 0.0016223654999199472, 'colsample_bytree': 0.7507640022392137, 'subsample': 0.6452845508192232, 'learning_rate': 0.04330830306992073, 'max_depth': 20, 'min_child_weight': 59, 'eval_metric': 'logloss'}. Best is trial 0 with value: 0.7472818413948052.
start listen on 192.168.1.101:42231
@tracker All of 4 nodes getting started
@tracker All nodes finishes job
Trial 2 finished with value: 0.7447968980014305 and parameters: {'objective': 'binary:logistic', 'tree_method': 'gpu_hist', 'lambda': 0.42470639993760234, 'alpha': 0.003246992385151529, 'colsample_bytree': 0.9660183615707596, 'subsample': 0.8881096397007939, 'learning_rate': 0.009095127333739825, 'max_depth': 20, 'min_child_weight': 37, 'eval_metric': 'logloss'}. Best is trial 0 with value: 0.7472818413948052.
start listen on 192.168.1.101:55747
@tracker All of 4 nodes getting started
@tracker All nodes finishes job
Trial 3 finished with value: 0.7255906362927377 and parameters: {'objective': 'binary:logistic', 'tree_method': 'gpu_hist', 'lambda': 0.003694071720703118, 'alpha': 0.22879679200185854, 'colsample_bytree': 0.5338202680569722, 'subsample': 0.6604516210206979, 'learning_rate': 0.0030973899570732074, 'max_depth': 9, 'min_child_weight': 139, 'eval_metric': 'logloss'}. Best is trial 0 with value: 0.7472818413948052.
start listen on 192.168.1.101:39561
@tracker All of 4 nodes getting started
@tracker All nodes finishes job
Trial 4 finished with value: 0.7461157249797823 and parameters: {'objective': 'binary:logistic', 'tree_method': 'gpu_hist', 'lambda': 0.0018750262835688348, 'alpha': 0.004658646100841974, 'colsample_bytree': 0.9398208610145777, 'subsample': 0.992457832926268, 'learning_rate': 0.012520679059366303, 'max_depth': 17, 'min_child_weight': 210, 'eval_metric': 'logloss'}. Best is trial 0 with value: 0.7472818413948052.
start listen on 192.168.1.101:46307
@tracker All of 4 nodes getting started
@tracker All nodes finishes job
Trial 5 finished with value: 0.731519369807108 and parameters: {'objective': 'binary:logistic', 'tree_method': 'gpu_hist', 'lambda': 4.05359009690571, 'alpha': 2.9647693791287995, 'colsample_bytree': 0.7005323345338398, 'subsample': 0.8171727734629988, 'learning_rate': 0.004113251224314417, 'max_depth': 20, 'min_child_weight': 227, 'eval_metric': 'logloss'}. Best is trial 0 with value: 0.7472818413948052.
start listen on 192.168.1.101:36147
@tracker All of 4 nodes getting started
@tracker All nodes finishes job
Trial 6 finished with value: 0.7172694873896116 and parameters: {'objective': 'binary:logistic', 'tree_method': 'gpu_hist', 'lambda': 0.2069080267273601, 'alpha': 0.005409793188252508, 'colsample_bytree': 0.7658773210592511, 'subsample': 0.5046337120361906, 'learning_rate': 0.001747386956209172, 'max_depth': 9, 'min_child_weight': 14, 'eval_metric': 'logloss'}. Best is trial 0 with value: 0.7472818413948052.
start listen on 192.168.1.101:57743
@tracker All of 4 nodes getting started
@tracker All nodes finishes job
Trial 7 finished with value: 0.7458899172677991 and parameters: {'objective': 'binary:logistic', 'tree_method': 'gpu_hist', 'lambda': 0.020526681666460062, 'alpha': 0.38831526935312416, 'colsample_bytree': 0.9115988433034714, 'subsample': 0.766239174731564, 'learning_rate': 0.020766837966474532, 'max_depth': 9, 'min_child_weight': 16, 'eval_metric': 'logloss'}. Best is trial 0 with value: 0.7472818413948052.
start listen on 192.168.1.101:43035
@tracker All of 4 nodes getting started
@tracker All nodes finishes job
Trial 8 finished with value: 0.7430258600540459 and parameters: {'objective': 'binary:logistic', 'tree_method': 'gpu_hist', 'lambda': 4.659389157487917, 'alpha': 0.032386481778403226, 'colsample_bytree': 0.5641725350420301, 'subsample': 0.8099383796024087, 'learning_rate': 0.010187837474160667, 'max_depth': 9, 'min_child_weight': 23, 'eval_metric': 'logloss'}. Best is trial 0 with value: 0.7472818413948052.
start listen on 192.168.1.101:33953
@tracker All of 4 nodes getting started
@tracker All nodes finishes job
Trial 9 finished with value: 0.7010640728032809 and parameters: {'objective': 'binary:logistic', 'tree_method': 'gpu_hist', 'lambda': 0.002639592921251016, 'alpha': 0.766240311362698, 'colsample_bytree': 0.4214702345907063, 'subsample': 0.525005815266256, 'learning_rate': 0.00425872940274482, 'max_depth': 3, 'min_child_weight': 293, 'eval_metric': 'logloss'}. Best is trial 0 with value: 0.7472818413948052.
start listen on 192.168.1.101:37779
@tracker All of 4 nodes getting started
@tracker All nodes finishes job
Trial 10 finished with value: 0.7203083934119274 and parameters: {'objective': 'binary:logistic', 'tree_method': 'gpu_hist', 'lambda': 0.042395556399256434, 'alpha': 6.8403561795742105, 'colsample_bytree': 0.4368919653902171, 'subsample': 0.40030678663023833, 'learning_rate': 0.09866691616855965, 'max_depth': 17, 'min_child_weight': 133, 'eval_metric': 'logloss'}. Best is trial 0 with value: 0.7472818413948052.
start listen on 192.168.1.101:42897
@tracker All of 4 nodes getting started
@tracker All nodes finishes job
Trial 11 finished with value: 0.7470019520228011 and parameters: {'objective': 'binary:logistic', 'tree_method': 'gpu_hist', 'lambda': 0.001032138192450469, 'alpha': 0.028699487656453155, 'colsample_bytree': 0.8551597046396144, 'subsample': 0.9861667126375585, 'learning_rate': 0.017362425539810433, 'max_depth': 17, 'min_child_weight': 208, 'eval_metric': 'logloss'}. Best is trial 0 with value: 0.7472818413948052.
start listen on 192.168.1.101:32971
@tracker All of 4 nodes getting started
@tracker All nodes finishes job
Trial 12 finished with value: 0.7462106754511302 and parameters: {'objective': 'binary:logistic', 'tree_method': 'gpu_hist', 'lambda': 0.0010368768473314298, 'alpha': 0.037415193511925, 'colsample_bytree': 0.8321644080478137, 'subsample': 0.5566833293260152, 'learning_rate': 0.030580716988201744, 'max_depth': 15, 'min_child_weight': 209, 'eval_metric': 'logloss'}. Best is trial 0 with value: 0.7472818413948052.
start listen on 192.168.1.101:58075
@tracker All of 4 nodes getting started
@tracker All nodes finishes job
Trial 13 finished with value: 0.7413808858138096 and parameters: {'objective': 'binary:logistic', 'tree_method': 'gpu_hist', 'lambda': 0.007734878766266385, 'alpha': 0.04267688849526489, 'colsample_bytree': 0.6504917580440693, 'subsample': 0.9495045580567376, 'learning_rate': 0.05683373852138358, 'max_depth': 17, 'min_child_weight': 264, 'eval_metric': 'logloss'}. Best is trial 0 with value: 0.7472818413948052.
start listen on 192.168.1.101:60203
@tracker All of 4 nodes getting started
@tracker All nodes finishes job
Trial 14 finished with value: 0.7475637860710447 and parameters: {'objective': 'binary:logistic', 'tree_method': 'gpu_hist', 'lambda': 0.042312705866860555, 'alpha': 1.4876563393396496, 'colsample_bytree': 0.8458531171808145, 'subsample': 0.6011236785564688, 'learning_rate': 0.017767712065985573, 'max_depth': 13, 'min_child_weight': 170, 'eval_metric': 'logloss'}. Best is trial 14 with value: 0.7475637860710447.
start listen on 192.168.1.101:50635
@tracker All of 4 nodes getting started
@tracker All nodes finishes job
Trial 15 finished with value: 0.7406366241007775 and parameters: {'objective': 'binary:logistic', 'tree_method': 'gpu_hist', 'lambda': 0.0683868508581317, 'alpha': 1.4627988530070812, 'colsample_bytree': 0.32263380793351737, 'subsample': 0.6030955412814127, 'learning_rate': 0.0058496008708506285, 'max_depth': 13, 'min_child_weight': 96, 'eval_metric': 'logloss'}. Best is trial 14 with value: 0.7475637860710447.
start listen on 192.168.1.101:42869
@tracker All of 4 nodes getting started
@tracker All nodes finishes job
Trial 16 finished with value: 0.746900479450842 and parameters: {'objective': 'binary:logistic', 'tree_method': 'gpu_hist', 'lambda': 0.8348215600902287, 'alpha': 6.219591208280503, 'colsample_bytree': 0.8107309830989022, 'subsample': 0.45542940792542863, 'learning_rate': 0.02421720961734388, 'max_depth': 7, 'min_child_weight': 167, 'eval_metric': 'logloss'}. Best is trial 14 with value: 0.7475637860710447.
start listen on 192.168.1.101:55221
@tracker All of 4 nodes getting started
@tracker All nodes finishes job
Trial 17 finished with value: 0.7420268361920015 and parameters: {'objective': 'binary:logistic', 'tree_method': 'gpu_hist', 'lambda': 0.02824080113308023, 'alpha': 1.698287670089432, 'colsample_bytree': 0.5992021804592051, 'subsample': 0.7408473288816066, 'learning_rate': 0.0073830084163953175, 'max_depth': 13, 'min_child_weight': 172, 'eval_metric': 'logloss'}. Best is trial 14 with value: 0.7475637860710447.
start listen on 192.168.1.101:45191
@tracker All of 4 nodes getting started
@tracker All nodes finishes job
Trial 18 finished with value: 0.6914783852930577 and parameters: {'objective': 'binary:logistic', 'tree_method': 'gpu_hist', 'lambda': 0.1218221909675793, 'alpha': 0.12257450050079902, 'colsample_bytree': 0.6581889474476302, 'subsample': 0.5879862311554371, 'learning_rate': 0.0017313198068323562, 'max_depth': 5, 'min_child_weight': 109, 'eval_metric': 'logloss'}. Best is trial 14 with value: 0.7475637860710447.
start listen on 192.168.1.101:57663
@tracker All of 4 nodes getting started
@tracker All nodes finishes job
Trial 19 finished with value: 0.7453817072809181 and parameters: {'objective': 'binary:logistic', 'tree_method': 'gpu_hist', 'lambda': 0.006808601741206816, 'alpha': 8.705324998472317, 'colsample_bytree': 0.893026827231847, 'subsample': 0.6815320865015322, 'learning_rate': 0.01410970330234466, 'max_depth': 11, 'min_child_weight': 248, 'eval_metric': 'logloss'}. Best is trial 14 with value: 0.7475637860710447.
start listen on 192.168.1.101:32917
@tracker All of 4 nodes getting started
@tracker All nodes finishes job
Trial 20 finished with value: 0.7048071724554945 and parameters: {'objective': 'binary:logistic', 'tree_method': 'gpu_hist', 'lambda': 1.1249227173864182, 'alpha': 0.6824507471222112, 'colsample_bytree': 0.7475124195520728, 'subsample': 0.4783542427169739, 'learning_rate': 0.0010981281158678863, 'max_depth': 13, 'min_child_weight': 175, 'eval_metric': 'logloss'}. Best is trial 14 with value: 0.7475637860710447.
start listen on 192.168.1.101:49487
@tracker All of 4 nodes getting started
@tracker All nodes finishes job
Trial 21 finished with value: 0.748127518861991 and parameters: {'objective': 'binary:logistic', 'tree_method': 'gpu_hist', 'lambda': 0.01490206287795873, 'alpha': 0.011029707265074443, 'colsample_bytree': 0.851118307797954, 'subsample': 0.6062653356449977, 'learning_rate': 0.016427236490381858, 'max_depth': 17, 'min_child_weight': 190, 'eval_metric': 'logloss'}. Best is trial 21 with value: 0.748127518861991.
start listen on 192.168.1.101:60363
@tracker All of 4 nodes getting started
@tracker All nodes finishes job
Trial 22 finished with value: 0.7447633885545621 and parameters: {'objective': 'binary:logistic', 'tree_method': 'gpu_hist', 'lambda': 0.01693895522605985, 'alpha': 0.011863723642028354, 'colsample_bytree': 0.8243488368912918, 'subsample': 0.6184492955016015, 'learning_rate': 0.036186339993168476, 'max_depth': 17, 'min_child_weight': 180, 'eval_metric': 'logloss'}. Best is trial 21 with value: 0.748127518861991.
start listen on 192.168.1.101:36475
@tracker All of 4 nodes getting started
@tracker All nodes finishes job
Trial 23 finished with value: 0.744488090728052 and parameters: {'objective': 'binary:logistic', 'tree_method': 'gpu_hist', 'lambda': 0.06240985497923463, 'alpha': 3.036108587385725, 'colsample_bytree': 0.9958251132009868, 'subsample': 0.5505819017177127, 'learning_rate': 0.02391482005857231, 'max_depth': 5, 'min_child_weight': 115, 'eval_metric': 'logloss'}. Best is trial 21 with value: 0.748127518861991.
start listen on 192.168.1.101:44311
@tracker All of 4 nodes getting started
@tracker All nodes finishes job
Trial 24 finished with value: 0.7406921855242803 and parameters: {'objective': 'binary:logistic', 'tree_method': 'gpu_hist', 'lambda': 0.00517004951793956, 'alpha': 0.0010701717003640393, 'colsample_bytree': 0.7119343576787215, 'subsample': 0.7127793225842018, 'learning_rate': 0.063138214274015, 'max_depth': 11, 'min_child_weight': 195, 'eval_metric': 'logloss'}. Best is trial 21 with value: 0.748127518861991.
start listen on 192.168.1.101:33299
@tracker All of 4 nodes getting started
@tracker All nodes finishes job
Trial 25 finished with value: 0.7464709722656403 and parameters: {'objective': 'binary:logistic', 'tree_method': 'gpu_hist', 'lambda': 0.17870625771638896, 'alpha': 0.11265108774256595, 'colsample_bytree': 0.8852466399869093, 'subsample': 0.5852245469525605, 'learning_rate': 0.013201223015347615, 'max_depth': 15, 'min_child_weight': 244, 'eval_metric': 'logloss'}. Best is trial 21 with value: 0.748127518861991.
start listen on 192.168.1.101:54405
@tracker All of 4 nodes getting started
@tracker All nodes finishes job
Trial 26 finished with value: 0.7353647006670652 and parameters: {'objective': 'binary:logistic', 'tree_method': 'gpu_hist', 'lambda': 0.01471251691355674, 'alpha': 3.437578809932919, 'colsample_bytree': 0.7918649738393712, 'subsample': 0.41039579432862894, 'learning_rate': 0.007129834126807883, 'max_depth': 7, 'min_child_weight': 148, 'eval_metric': 'logloss'}. Best is trial 21 with value: 0.748127518861991.
start listen on 192.168.1.101:51787
@tracker All of 4 nodes getting started
@tracker All nodes finishes job
Trial 27 finished with value: 0.747060638286687 and parameters: {'objective': 'binary:logistic', 'tree_method': 'gpu_hist', 'lambda': 0.030664527120300825, 'alpha': 0.01212562512964299, 'colsample_bytree': 0.6845755615336415, 'subsample': 0.6603054075801542, 'learning_rate': 0.017263643138161967, 'max_depth': 13, 'min_child_weight': 77, 'eval_metric': 'logloss'}. Best is trial 21 with value: 0.748127518861991.
start listen on 192.168.1.101:51009
@tracker All of 4 nodes getting started
@tracker All nodes finishes job
Trial 28 finished with value: 0.7416467525792023 and parameters: {'objective': 'binary:logistic', 'tree_method': 'gpu_hist', 'lambda': 0.04834681091761677, 'alpha': 0.2992432922494142, 'colsample_bytree': 0.8733720615665591, 'subsample': 0.45360601009705953, 'learning_rate': 0.028803984669869956, 'max_depth': 3, 'min_child_weight': 159, 'eval_metric': 'logloss'}. Best is trial 21 with value: 0.748127518861991.
start listen on 192.168.1.101:38321
@tracker All of 4 nodes getting started
@tracker All nodes finishes job
Trial 29 finished with value: 0.7417285667461373 and parameters: {'objective': 'binary:logistic', 'tree_method': 'gpu_hist', 'lambda': 0.010751924858808406, 'alpha': 1.1876022577652643, 'colsample_bytree': 0.7411702225941069, 'subsample': 0.6293874066223761, 'learning_rate': 0.04657015356628032, 'max_depth': 17, 'min_child_weight': 190, 'eval_metric': 'logloss'}. Best is trial 21 with value: 0.748127518861991.
start listen on 192.168.1.101:38117
@tracker All of 4 nodes getting started
@tracker All nodes finishes job
Trial 30 finished with value: 0.7447457343316402 and parameters: {'objective': 'binary:logistic', 'tree_method': 'gpu_hist', 'lambda': 0.011456649807699816, 'alpha': 0.07039133081968803, 'colsample_bytree': 0.6004018177885384, 'subsample': 0.5298641668147985, 'learning_rate': 0.009487777228078873, 'max_depth': 17, 'min_child_weight': 228, 'eval_metric': 'logloss'}. Best is trial 21 with value: 0.748127518861991.
start listen on 192.168.1.101:39443
@tracker All of 4 nodes getting started
@tracker All nodes finishes job
Trial 31 finished with value: 0.7468693581577492 and parameters: {'objective': 'binary:logistic', 'tree_method': 'gpu_hist', 'lambda': 0.02813148521200835, 'alpha': 0.010489667418273002, 'colsample_bytree': 0.6744740912584887, 'subsample': 0.655874746766361, 'learning_rate': 0.01729431091403984, 'max_depth': 13, 'min_child_weight': 55, 'eval_metric': 'logloss'}. Best is trial 21 with value: 0.748127518861991.
start listen on 192.168.1.101:43233
@tracker All of 4 nodes getting started
@tracker All nodes finishes job
Trial 32 finished with value: 0.7467953046918014 and parameters: {'objective': 'binary:logistic', 'tree_method': 'gpu_hist', 'lambda': 0.030767265050734877, 'alpha': 0.013957131814127676, 'colsample_bytree': 0.7836598296199431, 'subsample': 0.7123274369616149, 'learning_rate': 0.01768977106505409, 'max_depth': 13, 'min_child_weight': 74, 'eval_metric': 'logloss'}. Best is trial 21 with value: 0.748127518861991.
start listen on 192.168.1.101:57797
@tracker All of 4 nodes getting started
@tracker All nodes finishes job
Trial 33 finished with value: 0.7462301111692542 and parameters: {'objective': 'binary:logistic', 'tree_method': 'gpu_hist', 'lambda': 0.10077827481015383, 'alpha': 0.002180126349935329, 'colsample_bytree': 0.7184663085927713, 'subsample': 0.6502425800988085, 'learning_rate': 0.011987615013076464, 'max_depth': 13, 'min_child_weight': 130, 'eval_metric': 'logloss'}. Best is trial 21 with value: 0.748127518861991.
start listen on 192.168.1.101:58235
@tracker All of 4 nodes getting started
@tracker All nodes finishes job
Trial 34 finished with value: 0.7384779839751444 and parameters: {'objective': 'binary:logistic', 'tree_method': 'gpu_hist', 'lambda': 0.003569156409689676, 'alpha': 0.006521619483206633, 'colsample_bytree': 0.9408654188211284, 'subsample': 0.5781555996528026, 'learning_rate': 0.03778230758720041, 'max_depth': 20, 'min_child_weight': 76, 'eval_metric': 'logloss'}. Best is trial 21 with value: 0.748127518861991.
start listen on 192.168.1.101:55019
@tracker All of 4 nodes getting started
@tracker All nodes finishes job
Trial 35 finished with value: 0.7425797302572268 and parameters: {'objective': 'binary:logistic', 'tree_method': 'gpu_hist', 'lambda': 0.005379297026167265, 'alpha': 0.015335185065129693, 'colsample_bytree': 0.6264854093134886, 'subsample': 0.6212935841153461, 'learning_rate': 0.007825266385155202, 'max_depth': 13, 'min_child_weight': 195, 'eval_metric': 'logloss'}. Best is trial 21 with value: 0.748127518861991.
start listen on 192.168.1.101:60789
@tracker All of 4 nodes getting started
@tracker All nodes finishes job
Trial 36 finished with value: 0.747488022097422 and parameters: {'objective': 'binary:logistic', 'tree_method': 'gpu_hist', 'lambda': 0.24450835206409952, 'alpha': 4.5008080629392495, 'colsample_bytree': 0.49030711947654454, 'subsample': 0.6817101618772021, 'learning_rate': 0.015270707074946143, 'max_depth': 17, 'min_child_weight': 146, 'eval_metric': 'logloss'}. Best is trial 21 with value: 0.748127518861991.
start listen on 192.168.1.101:55105
@tracker All of 4 nodes getting started
@tracker All nodes finishes job
Trial 37 finished with value: 0.7377496605595247 and parameters: {'objective': 'binary:logistic', 'tree_method': 'gpu_hist', 'lambda': 0.4792421522615785, 'alpha': 4.928397605179296, 'colsample_bytree': 0.46371713603463116, 'subsample': 0.7847310171473062, 'learning_rate': 0.005396333912117729, 'max_depth': 17, 'min_child_weight': 148, 'eval_metric': 'logloss'}. Best is trial 21 with value: 0.748127518861991.
start listen on 192.168.1.101:35005
@tracker All of 4 nodes getting started
@tracker All nodes finishes job
Trial 38 finished with value: 0.7464837051497424 and parameters: {'objective': 'binary:logistic', 'tree_method': 'gpu_hist', 'lambda': 0.2335403361016304, 'alpha': 2.1687173414852348, 'colsample_bytree': 0.5302764259699322, 'subsample': 0.8556544168001746, 'learning_rate': 0.010781042758139939, 'max_depth': 17, 'min_child_weight': 124, 'eval_metric': 'logloss'}. Best is trial 21 with value: 0.748127518861991.
start listen on 192.168.1.101:46007
@tracker All of 4 nodes getting started
@tracker All nodes finishes job
Trial 39 finished with value: 0.7481147516649352 and parameters: {'objective': 'binary:logistic', 'tree_method': 'gpu_hist', 'lambda': 2.3257117486967656, 'alpha': 0.7109184353257966, 'colsample_bytree': 0.3357244346752843, 'subsample': 0.6913988496571828, 'learning_rate': 0.022719278043303363, 'max_depth': 17, 'min_child_weight': 227, 'eval_metric': 'logloss'}. Best is trial 21 with value: 0.748127518861991.
start listen on 192.168.1.101:39309
@tracker All of 4 nodes getting started
@tracker All nodes finishes job
Trial 40 finished with value: 0.747685124314937 and parameters: {'objective': 'binary:logistic', 'tree_method': 'gpu_hist', 'lambda': 2.1023270767376134, 'alpha': 0.5230905420401663, 'colsample_bytree': 0.3162162443145146, 'subsample': 0.6910666279464626, 'learning_rate': 0.02137821866955477, 'max_depth': 17, 'min_child_weight': 277, 'eval_metric': 'logloss'}. Best is trial 21 with value: 0.748127518861991.
start listen on 192.168.1.101:40899
@tracker All of 4 nodes getting started
@tracker All nodes finishes job
