Trial 661 finished with value: 0.7465912761198512 and parameters: {'objective': 'binary:logistic', 'tree_method': 'gpu_hist', 'lambda': 0.0031623874261134197, 'alpha': 0.04679221404730488, 'colsample_bytree': 0.35333442789667063, 'subsample': 0.9042333842750054, 'learning_rate': 0.018423923723793367, 'max_depth': 9, 'min_child_weight': 290, 'eval_metric': 'logloss'}. Best is trial 362 with value: 0.7486883567232341.
start listen on 192.168.1.101:46859
@tracker All of 4 nodes getting started
@tracker All nodes finishes job
Trial 662 finished with value: 0.7471486835192636 and parameters: {'objective': 'binary:logistic', 'tree_method': 'gpu_hist', 'lambda': 2.955810875413021, 'alpha': 0.00594839492063046, 'colsample_bytree': 0.3260901193502312, 'subsample': 0.8792273021225162, 'learning_rate': 0.02153160167785472, 'max_depth': 13, 'min_child_weight': 71, 'eval_metric': 'logloss'}. Best is trial 362 with value: 0.7486883567232341.
start listen on 192.168.1.101:45817
@tracker All of 4 nodes getting started
@tracker All nodes finishes job
Trial 663 finished with value: 0.7482917823327964 and parameters: {'objective': 'binary:logistic', 'tree_method': 'gpu_hist', 'lambda': 0.006187891652445176, 'alpha': 0.08015615296919011, 'colsample_bytree': 0.3122681102462831, 'subsample': 0.8962541530938103, 'learning_rate': 0.02445209809925423, 'max_depth': 20, 'min_child_weight': 278, 'eval_metric': 'logloss'}. Best is trial 362 with value: 0.7486883567232341.
start listen on 192.168.1.101:57511
@tracker All of 4 nodes getting started
@tracker All nodes finishes job
Trial 664 finished with value: 0.7482875005763152 and parameters: {'objective': 'binary:logistic', 'tree_method': 'gpu_hist', 'lambda': 0.004104829810262668, 'alpha': 0.06582998187075716, 'colsample_bytree': 0.3328760772548947, 'subsample': 0.7787199406802218, 'learning_rate': 0.02070120826242042, 'max_depth': 17, 'min_child_weight': 295, 'eval_metric': 'logloss'}. Best is trial 362 with value: 0.7486883567232341.
start listen on 192.168.1.101:43845
@tracker All of 4 nodes getting started
@tracker All nodes finishes job
Trial 665 finished with value: 0.7479000423179848 and parameters: {'objective': 'binary:logistic', 'tree_method': 'gpu_hist', 'lambda': 0.005397648110469969, 'alpha': 0.05838570669632797, 'colsample_bytree': 0.35490674847764625, 'subsample': 0.8560649461653099, 'learning_rate': 0.02760137475371024, 'max_depth': 20, 'min_child_weight': 283, 'eval_metric': 'logloss'}. Best is trial 362 with value: 0.7486883567232341.
start listen on 192.168.1.101:53169
@tracker All of 4 nodes getting started
@tracker All nodes finishes job
Trial 666 finished with value: 0.7372437293972925 and parameters: {'objective': 'binary:logistic', 'tree_method': 'gpu_hist', 'lambda': 0.009434745043016462, 'alpha': 0.09235214281319781, 'colsample_bytree': 0.4610280692147811, 'subsample': 0.8443293779353925, 'learning_rate': 0.023099005223003743, 'max_depth': 3, 'min_child_weight': 272, 'eval_metric': 'logloss'}. Best is trial 362 with value: 0.7486883567232341.
start listen on 192.168.1.101:60739
@tracker All of 4 nodes getting started
@tracker All nodes finishes job
Trial 667 finished with value: 0.7452581781480027 and parameters: {'objective': 'binary:logistic', 'tree_method': 'gpu_hist', 'lambda': 0.002558181338348833, 'alpha': 0.02900911170827001, 'colsample_bytree': 0.31355397623695597, 'subsample': 0.8639858664776803, 'learning_rate': 0.018534119010905216, 'max_depth': 7, 'min_child_weight': 268, 'eval_metric': 'logloss'}. Best is trial 362 with value: 0.7486883567232341.
start listen on 192.168.1.101:44165
@tracker All of 4 nodes getting started
@tracker All nodes finishes job
Trial 668 finished with value: 0.7478689485308223 and parameters: {'objective': 'binary:logistic', 'tree_method': 'gpu_hist', 'lambda': 0.004665935777226567, 'alpha': 0.07056963033609612, 'colsample_bytree': 0.3357740407841915, 'subsample': 0.7135981927126563, 'learning_rate': 0.025071859325934878, 'max_depth': 17, 'min_child_weight': 281, 'eval_metric': 'logloss'}. Best is trial 362 with value: 0.7486883567232341.
start listen on 192.168.1.101:35623
@tracker All of 4 nodes getting started
@tracker All nodes finishes job
Trial 669 finished with value: 0.7436986901163942 and parameters: {'objective': 'binary:logistic', 'tree_method': 'gpu_hist', 'lambda': 0.003314080162246509, 'alpha': 0.11434372817489512, 'colsample_bytree': 0.48194087465092816, 'subsample': 0.6828254351072486, 'learning_rate': 0.021817457829009113, 'max_depth': 5, 'min_child_weight': 273, 'eval_metric': 'logloss'}. Best is trial 362 with value: 0.7486883567232341.
start listen on 192.168.1.101:35585
@tracker All of 4 nodes getting started
@tracker All nodes finishes job
Trial 670 finished with value: 0.7480546414829412 and parameters: {'objective': 'binary:logistic', 'tree_method': 'gpu_hist', 'lambda': 3.8644726998674086, 'alpha': 0.007930103140962557, 'colsample_bytree': 0.4372842438996724, 'subsample': 0.7646751394075791, 'learning_rate': 0.017024586859411016, 'max_depth': 17, 'min_child_weight': 277, 'eval_metric': 'logloss'}. Best is trial 362 with value: 0.7486883567232341.
start listen on 192.168.1.101:57065
@tracker All of 4 nodes getting started
@tracker All nodes finishes job
Trial 671 finished with value: 0.7381166656581483 and parameters: {'objective': 'binary:logistic', 'tree_method': 'gpu_hist', 'lambda': 2.566894058590139, 'alpha': 0.044759578049835685, 'colsample_bytree': 0.3465424932357791, 'subsample': 0.8735107756368722, 'learning_rate': 0.07710055507767957, 'max_depth': 17, 'min_child_weight': 288, 'eval_metric': 'logloss'}. Best is trial 362 with value: 0.7486883567232341.
start listen on 192.168.1.101:49303
@tracker All of 4 nodes getting started
@tracker All nodes finishes job
Trial 672 finished with value: 0.7471904911441103 and parameters: {'objective': 'binary:logistic', 'tree_method': 'gpu_hist', 'lambda': 0.006818175243198505, 'alpha': 0.08378015672315153, 'colsample_bytree': 0.3218623697218055, 'subsample': 0.8438204269388161, 'learning_rate': 0.01341449268916092, 'max_depth': 17, 'min_child_weight': 267, 'eval_metric': 'logloss'}. Best is trial 362 with value: 0.7486883567232341.
start listen on 192.168.1.101:57749
@tracker All of 4 nodes getting started
@tracker All nodes finishes job
Trial 673 finished with value: 0.7482224821138721 and parameters: {'objective': 'binary:logistic', 'tree_method': 'gpu_hist', 'lambda': 0.003802158759052782, 'alpha': 0.05247750808128348, 'colsample_bytree': 0.36334126662222993, 'subsample': 0.79107387570616, 'learning_rate': 0.019632465183995244, 'max_depth': 20, 'min_child_weight': 272, 'eval_metric': 'logloss'}. Best is trial 362 with value: 0.7486883567232341.
start listen on 192.168.1.101:38307
@tracker All of 4 nodes getting started
@tracker All nodes finishes job
Trial 674 finished with value: 0.74321529784133 and parameters: {'objective': 'binary:logistic', 'tree_method': 'gpu_hist', 'lambda': 0.007860661754173194, 'alpha': 0.0051834046595941674, 'colsample_bytree': 0.54157864973845, 'subsample': 0.8018301971328009, 'learning_rate': 0.04867194915755294, 'max_depth': 17, 'min_child_weight': 266, 'eval_metric': 'logloss'}. Best is trial 362 with value: 0.7486883567232341.
start listen on 192.168.1.101:60429
@tracker All of 4 nodes getting started
@tracker All nodes finishes job
Trial 675 finished with value: 0.7484042135174355 and parameters: {'objective': 'binary:logistic', 'tree_method': 'gpu_hist', 'lambda': 0.0049172689062425695, 'alpha': 0.0644450866813409, 'colsample_bytree': 0.3122333810459312, 'subsample': 0.8519871891421463, 'learning_rate': 0.023298864045587266, 'max_depth': 17, 'min_child_weight': 282, 'eval_metric': 'logloss'}. Best is trial 362 with value: 0.7486883567232341.
start listen on 192.168.1.101:43425
@tracker All of 4 nodes getting started
@tracker All nodes finishes job
Trial 676 finished with value: 0.7478631194963032 and parameters: {'objective': 'binary:logistic', 'tree_method': 'gpu_hist', 'lambda': 0.004603149053387748, 'alpha': 0.06747383888887207, 'colsample_bytree': 0.31587286932932, 'subsample': 0.8799109209530068, 'learning_rate': 0.028595012562157112, 'max_depth': 17, 'min_child_weight': 289, 'eval_metric': 'logloss'}. Best is trial 362 with value: 0.7486883567232341.
start listen on 192.168.1.101:41965
@tracker All of 4 nodes getting started
@tracker All nodes finishes job
Trial 677 finished with value: 0.7482817455855376 and parameters: {'objective': 'binary:logistic', 'tree_method': 'gpu_hist', 'lambda': 0.0038542800920414347, 'alpha': 0.06054631688003637, 'colsample_bytree': 0.300380997380124, 'subsample': 0.8564733941169649, 'learning_rate': 0.02680245492660903, 'max_depth': 20, 'min_child_weight': 295, 'eval_metric': 'logloss'}. Best is trial 362 with value: 0.7486883567232341.
start listen on 192.168.1.101:58857
@tracker All of 4 nodes getting started
@tracker All nodes finishes job
Trial 678 finished with value: 0.7482827637217148 and parameters: {'objective': 'binary:logistic', 'tree_method': 'gpu_hist', 'lambda': 0.4355369416477933, 'alpha': 0.038548524909554224, 'colsample_bytree': 0.3133430158366978, 'subsample': 0.8699993691128883, 'learning_rate': 0.024312841443002085, 'max_depth': 17, 'min_child_weight': 281, 'eval_metric': 'logloss'}. Best is trial 362 with value: 0.7486883567232341.
start listen on 192.168.1.101:54885
@tracker All of 4 nodes getting started
@tracker All nodes finishes job
Trial 679 finished with value: 0.7482927286479333 and parameters: {'objective': 'binary:logistic', 'tree_method': 'gpu_hist', 'lambda': 9.924685843262282, 'alpha': 0.07710058454904883, 'colsample_bytree': 0.32369244643551426, 'subsample': 0.8880611401098706, 'learning_rate': 0.02359266724643988, 'max_depth': 17, 'min_child_weight': 281, 'eval_metric': 'logloss'}. Best is trial 362 with value: 0.7486883567232341.
start listen on 192.168.1.101:36255
@tracker All of 4 nodes getting started
@tracker All nodes finishes job
Trial 680 finished with value: 0.7478585615691683 and parameters: {'objective': 'binary:logistic', 'tree_method': 'gpu_hist', 'lambda': 0.0030359172513609225, 'alpha': 0.05152425714151427, 'colsample_bytree': 0.31078520455104247, 'subsample': 0.8559909102584062, 'learning_rate': 0.030088956175076568, 'max_depth': 9, 'min_child_weight': 286, 'eval_metric': 'logloss'}. Best is trial 362 with value: 0.7486883567232341.
start listen on 192.168.1.101:60515
@tracker All of 4 nodes getting started
@tracker All nodes finishes job
Trial 681 finished with value: 0.7479483356467067 and parameters: {'objective': 'binary:logistic', 'tree_method': 'gpu_hist', 'lambda': 0.0047353611815962255, 'alpha': 0.10138818249314328, 'colsample_bytree': 0.3312851515625613, 'subsample': 0.8498798024276769, 'learning_rate': 0.025437292352862875, 'max_depth': 17, 'min_child_weight': 292, 'eval_metric': 'logloss'}. Best is trial 362 with value: 0.7486883567232341.
start listen on 192.168.1.101:49183
@tracker All of 4 nodes getting started
@tracker All nodes finishes job
Trial 682 finished with value: 0.7482385214052812 and parameters: {'objective': 'binary:logistic', 'tree_method': 'gpu_hist', 'lambda': 0.0034815642706621445, 'alpha': 0.06410059605673402, 'colsample_bytree': 0.32293365344176206, 'subsample': 0.866155125676513, 'learning_rate': 0.02258941075260333, 'max_depth': 20, 'min_child_weight': 284, 'eval_metric': 'logloss'}. Best is trial 362 with value: 0.7486883567232341.
start listen on 192.168.1.101:40953
@tracker All of 4 nodes getting started
@tracker All nodes finishes job
Trial 683 finished with value: 0.7482610483454292 and parameters: {'objective': 'binary:logistic', 'tree_method': 'gpu_hist', 'lambda': 3.382827331833187, 'alpha': 0.13233717097894732, 'colsample_bytree': 0.31134118142282496, 'subsample': 0.8104025451019216, 'learning_rate': 0.021507092878893814, 'max_depth': 17, 'min_child_weight': 276, 'eval_metric': 'logloss'}. Best is trial 362 with value: 0.7486883567232341.
start listen on 192.168.1.101:43101
@tracker All of 4 nodes getting started
@tracker All nodes finishes job
Trial 684 finished with value: 0.7480148106731852 and parameters: {'objective': 'binary:logistic', 'tree_method': 'gpu_hist', 'lambda': 0.005249261715641687, 'alpha': 0.0855467927855884, 'colsample_bytree': 0.33222854648774935, 'subsample': 0.847634166703514, 'learning_rate': 0.026276781166169747, 'max_depth': 17, 'min_child_weight': 276, 'eval_metric': 'logloss'}. Best is trial 362 with value: 0.7486883567232341.
start listen on 192.168.1.101:54535
@tracker All of 4 nodes getting started
@tracker All nodes finishes job
Trial 685 finished with value: 0.7483826624821375 and parameters: {'objective': 'binary:logistic', 'tree_method': 'gpu_hist', 'lambda': 0.004126974042033921, 'alpha': 0.05431516190132548, 'colsample_bytree': 0.33764560914198327, 'subsample': 0.8738549221818291, 'learning_rate': 0.023471110755084085, 'max_depth': 17, 'min_child_weight': 284, 'eval_metric': 'logloss'}. Best is trial 362 with value: 0.7486883567232341.
start listen on 192.168.1.101:48297
@tracker All of 4 nodes getting started
@tracker All nodes finishes job
Trial 686 finished with value: 0.74720170481178 and parameters: {'objective': 'binary:logistic', 'tree_method': 'gpu_hist', 'lambda': 0.002718722116722479, 'alpha': 0.04741787489933168, 'colsample_bytree': 0.30115047077024415, 'subsample': 0.5357944677083264, 'learning_rate': 0.021076720014272864, 'max_depth': 20, 'min_child_weight': 273, 'eval_metric': 'logloss'}. Best is trial 362 with value: 0.7486883567232341.
start listen on 192.168.1.101:42589
@tracker All of 4 nodes getting started
@tracker All nodes finishes job
Trial 687 finished with value: 0.7481611552806788 and parameters: {'objective': 'binary:logistic', 'tree_method': 'gpu_hist', 'lambda': 2.7185363816879895, 'alpha': 0.07788822451674472, 'colsample_bytree': 0.322537500416417, 'subsample': 0.838350299201835, 'learning_rate': 0.02436291451953011, 'max_depth': 17, 'min_child_weight': 278, 'eval_metric': 'logloss'}. Best is trial 362 with value: 0.7486883567232341.
start listen on 192.168.1.101:52753
@tracker All of 4 nodes getting started
@tracker All nodes finishes job
Trial 688 finished with value: 0.7478931780602712 and parameters: {'objective': 'binary:logistic', 'tree_method': 'gpu_hist', 'lambda': 2.046399891256689, 'alpha': 0.06629055515755572, 'colsample_bytree': 0.31256444620594764, 'subsample': 0.9148243324342296, 'learning_rate': 0.03007607008505996, 'max_depth': 17, 'min_child_weight': 290, 'eval_metric': 'logloss'}. Best is trial 362 with value: 0.7486883567232341.
start listen on 192.168.1.101:36061
@tracker All of 4 nodes getting started
@tracker All nodes finishes job
Trial 689 finished with value: 0.7474769738820903 and parameters: {'objective': 'binary:logistic', 'tree_method': 'gpu_hist', 'lambda': 0.005667338909119772, 'alpha': 0.039101682977362835, 'colsample_bytree': 0.300653170905139, 'subsample': 0.8205229661649791, 'learning_rate': 0.022339092081309735, 'max_depth': 13, 'min_child_weight': 90, 'eval_metric': 'logloss'}. Best is trial 362 with value: 0.7486883567232341.
start listen on 192.168.1.101:45233
@tracker All of 4 nodes getting started
@tracker All nodes finishes job
Trial 690 finished with value: 0.7399240037929743 and parameters: {'objective': 'binary:logistic', 'tree_method': 'gpu_hist', 'lambda': 0.003612121461305808, 'alpha': 0.10679100047551603, 'colsample_bytree': 0.3443456422288094, 'subsample': 0.7839848806972167, 'learning_rate': 0.027242855238629415, 'max_depth': 3, 'min_child_weight': 270, 'eval_metric': 'logloss'}. Best is trial 362 with value: 0.7486883567232341.
start listen on 192.168.1.101:58441
@tracker All of 4 nodes getting started
@tracker All nodes finishes job
Trial 691 finished with value: 0.7479533695097866 and parameters: {'objective': 'binary:logistic', 'tree_method': 'gpu_hist', 'lambda': 0.0048471601687682464, 'alpha': 0.09212650281781948, 'colsample_bytree': 0.511416644999754, 'subsample': 0.8571917231531616, 'learning_rate': 0.02099601526555928, 'max_depth': 17, 'min_child_weight': 279, 'eval_metric': 'logloss'}. Best is trial 362 with value: 0.7486883567232341.
start listen on 192.168.1.101:49281
@tracker All of 4 nodes getting started
@tracker All nodes finishes job
Trial 692 finished with value: 0.7481286459105385 and parameters: {'objective': 'binary:logistic', 'tree_method': 'gpu_hist', 'lambda': 3.5936509285560616, 'alpha': 0.05615089582451076, 'colsample_bytree': 0.326826032367195, 'subsample': 0.8905316315623195, 'learning_rate': 0.01989235988591816, 'max_depth': 20, 'min_child_weight': 269, 'eval_metric': 'logloss'}. Best is trial 362 with value: 0.7486883567232341.
start listen on 192.168.1.101:40463
@tracker All of 4 nodes getting started
@tracker All nodes finishes job
Trial 693 finished with value: 0.7483920292238317 and parameters: {'objective': 'binary:logistic', 'tree_method': 'gpu_hist', 'lambda': 2.954418795330936, 'alpha': 0.034500391314312484, 'colsample_bytree': 0.34322660816792483, 'subsample': 0.8311031279095594, 'learning_rate': 0.024838709928002342, 'max_depth': 17, 'min_child_weight': 253, 'eval_metric': 'logloss'}. Best is trial 362 with value: 0.7486883567232341.
start listen on 192.168.1.101:36307
@tracker All of 4 nodes getting started
@tracker All nodes finishes job
Trial 694 finished with value: 0.7478442247281415 and parameters: {'objective': 'binary:logistic', 'tree_method': 'gpu_hist', 'lambda': 1.8698020178844161, 'alpha': 0.03346839098450385, 'colsample_bytree': 0.3466280816493312, 'subsample': 0.8261933649437065, 'learning_rate': 0.02746519858096621, 'max_depth': 17, 'min_child_weight': 251, 'eval_metric': 'logloss'}. Best is trial 362 with value: 0.7486883567232341.
start listen on 192.168.1.101:46667
@tracker All of 4 nodes getting started
@tracker All nodes finishes job
Trial 695 finished with value: 0.7474865159393607 and parameters: {'objective': 'binary:logistic', 'tree_method': 'gpu_hist', 'lambda': 3.1550598736680757, 'alpha': 0.0342791135748797, 'colsample_bytree': 0.3367553466769653, 'subsample': 0.8114043854286452, 'learning_rate': 0.030964719480816607, 'max_depth': 17, 'min_child_weight': 300, 'eval_metric': 'logloss'}. Best is trial 362 with value: 0.7486883567232341.
start listen on 192.168.1.101:52707
@tracker All of 4 nodes getting started
@tracker All nodes finishes job
Trial 696 finished with value: 0.7470035655651257 and parameters: {'objective': 'binary:logistic', 'tree_method': 'gpu_hist', 'lambda': 2.3586747177280367, 'alpha': 0.02838578464242718, 'colsample_bytree': 0.35216598667068544, 'subsample': 0.8335900218619045, 'learning_rate': 0.025012920611890293, 'max_depth': 7, 'min_child_weight': 181, 'eval_metric': 'logloss'}. Best is trial 362 with value: 0.7486883567232341.
start listen on 192.168.1.101:59955
@tracker All of 4 nodes getting started
@tracker All nodes finishes job
Trial 697 finished with value: 0.7439393019923817 and parameters: {'objective': 'binary:logistic', 'tree_method': 'gpu_hist', 'lambda': 2.4395273433811933, 'alpha': 0.024254597406300114, 'colsample_bytree': 0.3249325602166155, 'subsample': 0.7972636635825164, 'learning_rate': 0.02332859406022436, 'max_depth': 5, 'min_child_weight': 254, 'eval_metric': 'logloss'}. Best is trial 362 with value: 0.7486883567232341.
start listen on 192.168.1.101:54977
@tracker All of 4 nodes getting started
@tracker All nodes finishes job
Trial 698 finished with value: 0.7471927630228168 and parameters: {'objective': 'binary:logistic', 'tree_method': 'gpu_hist', 'lambda': 2.942716872560301, 'alpha': 0.03456608735821819, 'colsample_bytree': 0.34191409687300683, 'subsample': 0.8210421035378125, 'learning_rate': 0.026380230582724155, 'max_depth': 17, 'min_child_weight': 107, 'eval_metric': 'logloss'}. Best is trial 362 with value: 0.7486883567232341.
start listen on 192.168.1.101:47909
@tracker All of 4 nodes getting started
@tracker All nodes finishes job
Trial 699 finished with value: 0.7481955571421742 and parameters: {'objective': 'binary:logistic', 'tree_method': 'gpu_hist', 'lambda': 1.8315140261829883, 'alpha': 0.04113901918739234, 'colsample_bytree': 0.35937706806424463, 'subsample': 0.8387259779323234, 'learning_rate': 0.01769343972568295, 'max_depth': 20, 'min_child_weight': 284, 'eval_metric': 'logloss'}. Best is trial 362 with value: 0.7486883567232341.
start listen on 192.168.1.101:35369
@tracker All of 4 nodes getting started
@tracker All nodes finishes job
Trial 700 finished with value: 0.7483502184038519 and parameters: {'objective': 'binary:logistic', 'tree_method': 'gpu_hist', 'lambda': 2.8853556724419622, 'alpha': 0.045670745927086975, 'colsample_bytree': 0.30018169074469137, 'subsample': 0.8062935243683154, 'learning_rate': 0.022247208111156443, 'max_depth': 17, 'min_child_weight': 275, 'eval_metric': 'logloss'}. Best is trial 362 with value: 0.7486883567232341.
start listen on 192.168.1.101:53113
@tracker All of 4 nodes getting started
@tracker All nodes finishes job
Trial 701 finished with value: 0.7473356060420338 and parameters: {'objective': 'binary:logistic', 'tree_method': 'gpu_hist', 'lambda': 2.1369155153108497, 'alpha': 0.04156861888781567, 'colsample_bytree': 0.3220122906932722, 'subsample': 0.6089206584725246, 'learning_rate': 0.024121978950470125, 'max_depth': 17, 'min_child_weight': 258, 'eval_metric': 'logloss'}. Best is trial 362 with value: 0.7486883567232341.
start listen on 192.168.1.101:59161
@tracker All of 4 nodes getting started
@tracker All nodes finishes job
