Trial 538 finished with value: 0.748159403097352 and parameters: {'objective': 'binary:logistic', 'tree_method': 'gpu_hist', 'lambda': 0.0029130517998913153, 'alpha': 0.3393014460322442, 'colsample_bytree': 0.3377529359220198, 'subsample': 0.7997640469436063, 'learning_rate': 0.021291399255433777, 'max_depth': 17, 'min_child_weight': 270, 'eval_metric': 'logloss'}. Best is trial 362 with value: 0.7486883567232341.
start listen on 192.168.1.101:46097
@tracker All of 4 nodes getting started
@tracker All nodes finishes job
Trial 539 finished with value: 0.7483129517580415 and parameters: {'objective': 'binary:logistic', 'tree_method': 'gpu_hist', 'lambda': 0.002267967423270543, 'alpha': 0.11256405490237426, 'colsample_bytree': 0.32237651088381564, 'subsample': 0.8219014682559457, 'learning_rate': 0.02329535315160564, 'max_depth': 17, 'min_child_weight': 251, 'eval_metric': 'logloss'}. Best is trial 362 with value: 0.7486883567232341.
start listen on 192.168.1.101:36223
@tracker All of 4 nodes getting started
@tracker All nodes finishes job
Trial 540 finished with value: 0.7479640736231521 and parameters: {'objective': 'binary:logistic', 'tree_method': 'gpu_hist', 'lambda': 0.00428823840156604, 'alpha': 0.1191108253218364, 'colsample_bytree': 0.3627035319279692, 'subsample': 0.8134391732759355, 'learning_rate': 0.019170495447671833, 'max_depth': 17, 'min_child_weight': 271, 'eval_metric': 'logloss'}. Best is trial 362 with value: 0.7486883567232341.
start listen on 192.168.1.101:38473
@tracker All of 4 nodes getting started
@tracker All nodes finishes job
Trial 541 finished with value: 0.7478055079085622 and parameters: {'objective': 'binary:logistic', 'tree_method': 'gpu_hist', 'lambda': 0.005369170761375223, 'alpha': 0.08791226523594935, 'colsample_bytree': 0.3001829404998617, 'subsample': 0.7932488172083534, 'learning_rate': 0.024150636252111616, 'max_depth': 17, 'min_child_weight': 257, 'eval_metric': 'logloss'}. Best is trial 362 with value: 0.7486883567232341.
start listen on 192.168.1.101:55515
@tracker All of 4 nodes getting started
@tracker All nodes finishes job
Trial 542 finished with value: 0.7476082742738246 and parameters: {'objective': 'binary:logistic', 'tree_method': 'gpu_hist', 'lambda': 0.00229774954981465, 'alpha': 0.10282000007835813, 'colsample_bytree': 0.34478261155529344, 'subsample': 0.6358837527296884, 'learning_rate': 0.02124602273658166, 'max_depth': 17, 'min_child_weight': 265, 'eval_metric': 'logloss'}. Best is trial 362 with value: 0.7486883567232341.
start listen on 192.168.1.101:38109
@tracker All of 4 nodes getting started
@tracker All nodes finishes job
Trial 543 finished with value: 0.7463596974414238 and parameters: {'objective': 'binary:logistic', 'tree_method': 'gpu_hist', 'lambda': 0.0037519256775063654, 'alpha': 0.23023152170220898, 'colsample_bytree': 0.31788072511899773, 'subsample': 0.8216681616529924, 'learning_rate': 0.016240154220662543, 'max_depth': 17, 'min_child_weight': 45, 'eval_metric': 'logloss'}. Best is trial 362 with value: 0.7486883567232341.
start listen on 192.168.1.101:33787
@tracker All of 4 nodes getting started
@tracker All nodes finishes job
Trial 544 finished with value: 0.7479837716200457 and parameters: {'objective': 'binary:logistic', 'tree_method': 'gpu_hist', 'lambda': 0.0017381520550419666, 'alpha': 0.09649402180047378, 'colsample_bytree': 0.3315097933658638, 'subsample': 0.7817756104030897, 'learning_rate': 0.021384289508398553, 'max_depth': 17, 'min_child_weight': 247, 'eval_metric': 'logloss'}. Best is trial 362 with value: 0.7486883567232341.
start listen on 192.168.1.101:43903
@tracker All of 4 nodes getting started
@tracker All nodes finishes job
Trial 545 finished with value: 0.7478866809650513 and parameters: {'objective': 'binary:logistic', 'tree_method': 'gpu_hist', 'lambda': 0.002636464192765974, 'alpha': 0.07882391203158409, 'colsample_bytree': 0.37239808428579035, 'subsample': 0.8849540371223468, 'learning_rate': 0.026022781821912755, 'max_depth': 17, 'min_child_weight': 275, 'eval_metric': 'logloss'}. Best is trial 362 with value: 0.7486883567232341.
start listen on 192.168.1.101:40555
@tracker All of 4 nodes getting started
@tracker All nodes finishes job
Trial 546 finished with value: 0.7476885281043506 and parameters: {'objective': 'binary:logistic', 'tree_method': 'gpu_hist', 'lambda': 0.006442997368599506, 'alpha': 0.13319145462946025, 'colsample_bytree': 0.31323476405159567, 'subsample': 0.8061954702965282, 'learning_rate': 0.01829210818552455, 'max_depth': 13, 'min_child_weight': 260, 'eval_metric': 'logloss'}. Best is trial 362 with value: 0.7486883567232341.
start listen on 192.168.1.101:58337
@tracker All of 4 nodes getting started
@tracker All nodes finishes job
Trial 547 finished with value: 0.7482871781456879 and parameters: {'objective': 'binary:logistic', 'tree_method': 'gpu_hist', 'lambda': 0.004437488658844796, 'alpha': 0.09997379391236548, 'colsample_bytree': 0.353858027716639, 'subsample': 0.7586064166163318, 'learning_rate': 0.023641332719796147, 'max_depth': 17, 'min_child_weight': 267, 'eval_metric': 'logloss'}. Best is trial 362 with value: 0.7486883567232341.
start listen on 192.168.1.101:53581
@tracker All of 4 nodes getting started
@tracker All nodes finishes job
Trial 548 finished with value: 0.7481039407229821 and parameters: {'objective': 'binary:logistic', 'tree_method': 'gpu_hist', 'lambda': 0.0041388609514775, 'alpha': 0.08550700878421488, 'colsample_bytree': 0.32783443855723626, 'subsample': 0.7388963997515129, 'learning_rate': 0.02041120173393857, 'max_depth': 17, 'min_child_weight': 255, 'eval_metric': 'logloss'}. Best is trial 362 with value: 0.7486883567232341.
start listen on 192.168.1.101:50851
@tracker All of 4 nodes getting started
@tracker All nodes finishes job
Trial 549 finished with value: 0.747893981427922 and parameters: {'objective': 'binary:logistic', 'tree_method': 'gpu_hist', 'lambda': 0.002602852107539609, 'alpha': 0.006283991336014559, 'colsample_bytree': 0.3414320591110355, 'subsample': 0.8268673691378127, 'learning_rate': 0.022722809437834685, 'max_depth': 17, 'min_child_weight': 243, 'eval_metric': 'logloss'}. Best is trial 362 with value: 0.7486883567232341.
start listen on 192.168.1.101:57915
@tracker All of 4 nodes getting started
@tracker All nodes finishes job
Trial 550 finished with value: 0.7481169356080162 and parameters: {'objective': 'binary:logistic', 'tree_method': 'gpu_hist', 'lambda': 0.003305805766769512, 'alpha': 0.0045322775234348375, 'colsample_bytree': 0.315168094054082, 'subsample': 0.8176032274848241, 'learning_rate': 0.01918914353313192, 'max_depth': 15, 'min_child_weight': 275, 'eval_metric': 'logloss'}. Best is trial 362 with value: 0.7486883567232341.
start listen on 192.168.1.101:42805
@tracker All of 4 nodes getting started
@tracker All nodes finishes job
Trial 551 finished with value: 0.7305710736875345 and parameters: {'objective': 'binary:logistic', 'tree_method': 'gpu_hist', 'lambda': 0.005670577664883266, 'alpha': 0.003479746612577591, 'colsample_bytree': 0.36171214203568697, 'subsample': 0.8721466021347338, 'learning_rate': 0.015210807586814578, 'max_depth': 3, 'min_child_weight': 234, 'eval_metric': 'logloss'}. Best is trial 362 with value: 0.7486883567232341.
start listen on 192.168.1.101:46839
@tracker All of 4 nodes getting started
@tracker All nodes finishes job
Trial 552 finished with value: 0.7479400656692528 and parameters: {'objective': 'binary:logistic', 'tree_method': 'gpu_hist', 'lambda': 0.004976850896826036, 'alpha': 0.16230184334700912, 'colsample_bytree': 0.4607575753402568, 'subsample': 0.7977796487926107, 'learning_rate': 0.025681379343805887, 'max_depth': 17, 'min_child_weight': 266, 'eval_metric': 'logloss'}. Best is trial 362 with value: 0.7486883567232341.
start listen on 192.168.1.101:51849
@tracker All of 4 nodes getting started
@tracker All nodes finishes job
Trial 553 finished with value: 0.7482236836229179 and parameters: {'objective': 'binary:logistic', 'tree_method': 'gpu_hist', 'lambda': 0.0029456920349240274, 'alpha': 0.1066206218136962, 'colsample_bytree': 0.3286791345609975, 'subsample': 0.8529817239105381, 'learning_rate': 0.02173544922309587, 'max_depth': 17, 'min_child_weight': 260, 'eval_metric': 'logloss'}. Best is trial 362 with value: 0.7486883567232341.
start listen on 192.168.1.101:54785
@tracker All of 4 nodes getting started
@tracker All nodes finishes job
Trial 554 finished with value: 0.7410921088311896 and parameters: {'objective': 'binary:logistic', 'tree_method': 'gpu_hist', 'lambda': 0.006210656723193788, 'alpha': 0.079987072700558, 'colsample_bytree': 0.3105114628882652, 'subsample': 0.8333996360251853, 'learning_rate': 0.01760790399796366, 'max_depth': 5, 'min_child_weight': 270, 'eval_metric': 'logloss'}. Best is trial 362 with value: 0.7486883567232341.
start listen on 192.168.1.101:52481
@tracker All of 4 nodes getting started
@tracker All nodes finishes job
Trial 555 finished with value: 0.7477656043053342 and parameters: {'objective': 'binary:logistic', 'tree_method': 'gpu_hist', 'lambda': 0.0014141912793135473, 'alpha': 0.0025432382156158873, 'colsample_bytree': 0.34097580192114885, 'subsample': 0.8153479076522465, 'learning_rate': 0.024450541260846222, 'max_depth': 17, 'min_child_weight': 253, 'eval_metric': 'logloss'}. Best is trial 362 with value: 0.7486883567232341.
start listen on 192.168.1.101:34335
@tracker All of 4 nodes getting started
@tracker All nodes finishes job
Trial 556 finished with value: 0.7453334884126945 and parameters: {'objective': 'binary:logistic', 'tree_method': 'gpu_hist', 'lambda': 0.0048910293337821, 'alpha': 0.12542866423386317, 'colsample_bytree': 0.3771846565092378, 'subsample': 0.9009901035533361, 'learning_rate': 0.01984309935603569, 'max_depth': 7, 'min_child_weight': 279, 'eval_metric': 'logloss'}. Best is trial 362 with value: 0.7486883567232341.
start listen on 192.168.1.101:43139
@tracker All of 4 nodes getting started
@tracker All nodes finishes job
Trial 557 finished with value: 0.7484699635264891 and parameters: {'objective': 'binary:logistic', 'tree_method': 'gpu_hist', 'lambda': 0.006801200506602662, 'alpha': 0.06772119293756686, 'colsample_bytree': 0.30024611545300683, 'subsample': 0.865680075375766, 'learning_rate': 0.022055111777083147, 'max_depth': 17, 'min_child_weight': 262, 'eval_metric': 'logloss'}. Best is trial 362 with value: 0.7486883567232341.
start listen on 192.168.1.101:60083
@tracker All of 4 nodes getting started
@tracker All nodes finishes job
Trial 558 finished with value: 0.747892806174537 and parameters: {'objective': 'binary:logistic', 'tree_method': 'gpu_hist', 'lambda': 0.006923099742798426, 'alpha': 0.06844775324695761, 'colsample_bytree': 0.3119505687484284, 'subsample': 0.8618850881874078, 'learning_rate': 0.018228083502177053, 'max_depth': 17, 'min_child_weight': 260, 'eval_metric': 'logloss'}. Best is trial 362 with value: 0.7486883567232341.
start listen on 192.168.1.101:36701
@tracker All of 4 nodes getting started
@tracker All nodes finishes job
Trial 559 finished with value: 0.7480873392270282 and parameters: {'objective': 'binary:logistic', 'tree_method': 'gpu_hist', 'lambda': 0.006944889396047437, 'alpha': 0.07964167115089424, 'colsample_bytree': 0.3011002952332844, 'subsample': 0.850893043456547, 'learning_rate': 0.020825527599572877, 'max_depth': 17, 'min_child_weight': 250, 'eval_metric': 'logloss'}. Best is trial 362 with value: 0.7486883567232341.
start listen on 192.168.1.101:49413
@tracker All of 4 nodes getting started
@tracker All nodes finishes job
Trial 560 finished with value: 0.7482359696051124 and parameters: {'objective': 'binary:logistic', 'tree_method': 'gpu_hist', 'lambda': 0.007779474752958741, 'alpha': 0.048212263626809, 'colsample_bytree': 0.30081233528178364, 'subsample': 0.840939958775506, 'learning_rate': 0.021926901165916807, 'max_depth': 17, 'min_child_weight': 257, 'eval_metric': 'logloss'}. Best is trial 362 with value: 0.7486883567232341.
start listen on 192.168.1.101:34155
@tracker All of 4 nodes getting started
@tracker All nodes finishes job
Trial 561 finished with value: 0.7480142800032171 and parameters: {'objective': 'binary:logistic', 'tree_method': 'gpu_hist', 'lambda': 0.008871069298983222, 'alpha': 0.06657787052225267, 'colsample_bytree': 0.3206604708184541, 'subsample': 0.7785252231752092, 'learning_rate': 0.01682461155205478, 'max_depth': 17, 'min_child_weight': 244, 'eval_metric': 'logloss'}. Best is trial 362 with value: 0.7486883567232341.
start listen on 192.168.1.101:49981
@tracker All of 4 nodes getting started
@tracker All nodes finishes job
Trial 562 finished with value: 0.7296481652637775 and parameters: {'objective': 'binary:logistic', 'tree_method': 'gpu_hist', 'lambda': 0.0060195928417128486, 'alpha': 0.08671948210562001, 'colsample_bytree': 0.5621558896038491, 'subsample': 0.8285531374683578, 'learning_rate': 0.003723367086570215, 'max_depth': 17, 'min_child_weight': 265, 'eval_metric': 'logloss'}. Best is trial 362 with value: 0.7486883567232341.
start listen on 192.168.1.101:40647
@tracker All of 4 nodes getting started
@tracker All nodes finishes job
Trial 563 finished with value: 0.7476735277869446 and parameters: {'objective': 'binary:logistic', 'tree_method': 'gpu_hist', 'lambda': 0.004153525099059226, 'alpha': 0.05873540191112528, 'colsample_bytree': 0.3001720028175803, 'subsample': 0.8056819710378864, 'learning_rate': 0.018919031473320747, 'max_depth': 17, 'min_child_weight': 120, 'eval_metric': 'logloss'}. Best is trial 362 with value: 0.7486883567232341.
start listen on 192.168.1.101:56363
@tracker All of 4 nodes getting started
@tracker All nodes finishes job
Trial 564 finished with value: 0.7476902943184801 and parameters: {'objective': 'binary:logistic', 'tree_method': 'gpu_hist', 'lambda': 0.0031628967179912, 'alpha': 0.09839626771045343, 'colsample_bytree': 0.7873553640896133, 'subsample': 0.8668332890629731, 'learning_rate': 0.023052662454682918, 'max_depth': 17, 'min_child_weight': 251, 'eval_metric': 'logloss'}. Best is trial 362 with value: 0.7486883567232341.
start listen on 192.168.1.101:39565
@tracker All of 4 nodes getting started
@tracker All nodes finishes job
Trial 565 finished with value: 0.748193838299369 and parameters: {'objective': 'binary:logistic', 'tree_method': 'gpu_hist', 'lambda': 0.0050744010440636625, 'alpha': 0.07773199995670114, 'colsample_bytree': 0.31699270304268473, 'subsample': 0.844386526741217, 'learning_rate': 0.020333076722447586, 'max_depth': 17, 'min_child_weight': 240, 'eval_metric': 'logloss'}. Best is trial 362 with value: 0.7486883567232341.
start listen on 192.168.1.101:35127
@tracker All of 4 nodes getting started
@tracker All nodes finishes job
Trial 566 finished with value: 0.7480393900002729 and parameters: {'objective': 'binary:logistic', 'tree_method': 'gpu_hist', 'lambda': 0.003841290328128387, 'alpha': 0.048295278728023854, 'colsample_bytree': 0.32157733970916724, 'subsample': 0.7921232971448904, 'learning_rate': 0.022347686431250836, 'max_depth': 17, 'min_child_weight': 260, 'eval_metric': 'logloss'}. Best is trial 362 with value: 0.7486883567232341.
start listen on 192.168.1.101:42987
@tracker All of 4 nodes getting started
@tracker All nodes finishes job
Trial 567 finished with value: 0.7459988313052512 and parameters: {'objective': 'binary:logistic', 'tree_method': 'gpu_hist', 'lambda': 0.006613077475229531, 'alpha': 0.06244269324602508, 'colsample_bytree': 0.721448313040311, 'subsample': 0.8298535482894456, 'learning_rate': 0.026549943993973688, 'max_depth': 17, 'min_child_weight': 126, 'eval_metric': 'logloss'}. Best is trial 362 with value: 0.7486883567232341.
start listen on 192.168.1.101:37799
@tracker All of 4 nodes getting started
@tracker All nodes finishes job
Trial 568 finished with value: 0.7473984430619348 and parameters: {'objective': 'binary:logistic', 'tree_method': 'gpu_hist', 'lambda': 0.004941425153325522, 'alpha': 0.1140331069533616, 'colsample_bytree': 0.8497483113572823, 'subsample': 0.8551172823892962, 'learning_rate': 0.019273007063557238, 'max_depth': 17, 'min_child_weight': 266, 'eval_metric': 'logloss'}. Best is trial 362 with value: 0.7486883567232341.
start listen on 192.168.1.101:54307
@tracker All of 4 nodes getting started
@tracker All nodes finishes job
Trial 569 finished with value: 0.7476805151267504 and parameters: {'objective': 'binary:logistic', 'tree_method': 'gpu_hist', 'lambda': 0.008050690877109624, 'alpha': 0.09141891555928988, 'colsample_bytree': 0.3132604198110291, 'subsample': 0.8155392666218872, 'learning_rate': 0.016342184769810166, 'max_depth': 17, 'min_child_weight': 254, 'eval_metric': 'logloss'}. Best is trial 362 with value: 0.7486883567232341.
start listen on 192.168.1.101:50587
@tracker All of 4 nodes getting started
@tracker All nodes finishes job
Trial 570 finished with value: 0.7482377319295145 and parameters: {'objective': 'binary:logistic', 'tree_method': 'gpu_hist', 'lambda': 0.005775896985433988, 'alpha': 0.06923287452422898, 'colsample_bytree': 0.3305485157970369, 'subsample': 0.8418688352010805, 'learning_rate': 0.020721888158244127, 'max_depth': 15, 'min_child_weight': 272, 'eval_metric': 'logloss'}. Best is trial 362 with value: 0.7486883567232341.
start listen on 192.168.1.101:55071
@tracker All of 4 nodes getting started
@tracker All nodes finishes job
Trial 571 finished with value: 0.7476098293313177 and parameters: {'objective': 'binary:logistic', 'tree_method': 'gpu_hist', 'lambda': 0.12994332383046533, 'alpha': 0.052318170479524376, 'colsample_bytree': 0.3104335702840409, 'subsample': 0.8705339474271829, 'learning_rate': 0.023881579860183584, 'max_depth': 17, 'min_child_weight': 157, 'eval_metric': 'logloss'}. Best is trial 362 with value: 0.7486883567232341.
start listen on 192.168.1.101:33441
@tracker All of 4 nodes getting started
@tracker All nodes finishes job
Trial 572 finished with value: 0.7479462610327525 and parameters: {'objective': 'binary:logistic', 'tree_method': 'gpu_hist', 'lambda': 0.0018969341490239408, 'alpha': 0.07301466764347937, 'colsample_bytree': 0.3005372615979778, 'subsample': 0.8282859113408773, 'learning_rate': 0.018135888606180282, 'max_depth': 17, 'min_child_weight': 216, 'eval_metric': 'logloss'}. Best is trial 362 with value: 0.7486883567232341.
start listen on 192.168.1.101:46581
@tracker All of 4 nodes getting started
@tracker All nodes finishes job
Trial 573 finished with value: 0.7478936941437613 and parameters: {'objective': 'binary:logistic', 'tree_method': 'gpu_hist', 'lambda': 0.004171717161794305, 'alpha': 0.08964033436827246, 'colsample_bytree': 0.32764597214675695, 'subsample': 0.7695640578469253, 'learning_rate': 0.022246230434042374, 'max_depth': 9, 'min_child_weight': 262, 'eval_metric': 'logloss'}. Best is trial 362 with value: 0.7486883567232341.
start listen on 192.168.1.101:42933
@tracker All of 4 nodes getting started
@tracker All nodes finishes job
Trial 574 finished with value: 0.7420722370915592 and parameters: {'objective': 'binary:logistic', 'tree_method': 'gpu_hist', 'lambda': 0.15698868605641284, 'alpha': 0.1433998948398182, 'colsample_bytree': 0.3399201379614095, 'subsample': 0.8060306989659433, 'learning_rate': 0.05660790804314197, 'max_depth': 17, 'min_child_weight': 255, 'eval_metric': 'logloss'}. Best is trial 362 with value: 0.7486883567232341.
start listen on 192.168.1.101:39743
@tracker All of 4 nodes getting started
@tracker All nodes finishes job
Trial 575 finished with value: 0.7482893782033542 and parameters: {'objective': 'binary:logistic', 'tree_method': 'gpu_hist', 'lambda': 1.9486748541650727, 'alpha': 0.0031241678569675054, 'colsample_bytree': 0.32420866297395856, 'subsample': 0.8564127587616339, 'learning_rate': 0.020466198260175053, 'max_depth': 17, 'min_child_weight': 247, 'eval_metric': 'logloss'}. Best is trial 362 with value: 0.7486883567232341.
start listen on 192.168.1.101:55125
@tracker All of 4 nodes getting started
@tracker All nodes finishes job
Trial 576 finished with value: 0.7483136658008782 and parameters: {'objective': 'binary:logistic', 'tree_method': 'gpu_hist', 'lambda': 0.0030118392261307596, 'alpha': 0.05928774493170124, 'colsample_bytree': 0.3458329569582468, 'subsample': 0.842305813071452, 'learning_rate': 0.026470363779474718, 'max_depth': 13, 'min_child_weight': 265, 'eval_metric': 'logloss'}. Best is trial 362 with value: 0.7486883567232341.
start listen on 192.168.1.101:56293
@tracker All of 4 nodes getting started
@tracker All nodes finishes job
Trial 577 finished with value: 0.7482832039555182 and parameters: {'objective': 'binary:logistic', 'tree_method': 'gpu_hist', 'lambda': 0.010366344185127167, 'alpha': 0.005244396307811958, 'colsample_bytree': 0.31089410524396494, 'subsample': 0.8205592922088251, 'learning_rate': 0.024197950018664063, 'max_depth': 17, 'min_child_weight': 270, 'eval_metric': 'logloss'}. Best is trial 362 with value: 0.7486883567232341.
start listen on 192.168.1.101:40835
@tracker All of 4 nodes getting started
@tracker All nodes finishes job
Trial 578 finished with value: 0.7481349015648149 and parameters: {'objective': 'binary:logistic', 'tree_method': 'gpu_hist', 'lambda': 0.005710383053067483, 'alpha': 0.001864865506370552, 'colsample_bytree': 0.32909039601345114, 'subsample': 0.8619149737786916, 'learning_rate': 0.01792141526492406, 'max_depth': 17, 'min_child_weight': 259, 'eval_metric': 'logloss'}. Best is trial 362 with value: 0.7486883567232341.
start listen on 192.168.1.101:55013
@tracker All of 4 nodes getting started
@tracker All nodes finishes job
