Trial 250 finished with value: 0.7475738151777672 and parameters: {'objective': 'binary:logistic', 'tree_method': 'gpu_hist', 'lambda': 5.218844143633283, 'alpha': 0.08223814957720542, 'colsample_bytree': 0.3867668396822109, 'subsample': 0.8072247739734761, 'learning_rate': 0.035999113459136776, 'max_depth': 11, 'min_child_weight': 278, 'eval_metric': 'logloss'}. Best is trial 193 with value: 0.7484547798362147.
start listen on 192.168.1.101:48423
@tracker All of 4 nodes getting started
@tracker All nodes finishes job
Trial 251 finished with value: 0.7481643502750761 and parameters: {'objective': 'binary:logistic', 'tree_method': 'gpu_hist', 'lambda': 4.3784390934181, 'alpha': 0.09880340193531163, 'colsample_bytree': 0.3686397220095625, 'subsample': 0.8603840704607547, 'learning_rate': 0.029535245475035242, 'max_depth': 11, 'min_child_weight': 265, 'eval_metric': 'logloss'}. Best is trial 193 with value: 0.7484547798362147.
start listen on 192.168.1.101:49639
@tracker All of 4 nodes getting started
@tracker All nodes finishes job
Trial 252 finished with value: 0.7480442231256293 and parameters: {'objective': 'binary:logistic', 'tree_method': 'gpu_hist', 'lambda': 0.12406730757494061, 'alpha': 3.4569098683817523, 'colsample_bytree': 0.3516757850509762, 'subsample': 0.8336437557337302, 'learning_rate': 0.032432710817935216, 'max_depth': 11, 'min_child_weight': 271, 'eval_metric': 'logloss'}. Best is trial 193 with value: 0.7484547798362147.
start listen on 192.168.1.101:56379
@tracker All of 4 nodes getting started
@tracker All nodes finishes job
Trial 253 finished with value: 0.7481639935314954 and parameters: {'objective': 'binary:logistic', 'tree_method': 'gpu_hist', 'lambda': 3.6587114038218, 'alpha': 0.05960997840105852, 'colsample_bytree': 0.4027350501074537, 'subsample': 0.854381283593196, 'learning_rate': 0.026145479964828387, 'max_depth': 11, 'min_child_weight': 282, 'eval_metric': 'logloss'}. Best is trial 193 with value: 0.7484547798362147.
start listen on 192.168.1.101:58573
@tracker All of 4 nodes getting started
@tracker All nodes finishes job
Trial 254 finished with value: 0.7481417440122706 and parameters: {'objective': 'binary:logistic', 'tree_method': 'gpu_hist', 'lambda': 6.217963457691641, 'alpha': 0.05023443489919672, 'colsample_bytree': 0.3117877592375965, 'subsample': 0.8394190043777967, 'learning_rate': 0.027484820814366935, 'max_depth': 11, 'min_child_weight': 260, 'eval_metric': 'logloss'}. Best is trial 193 with value: 0.7484547798362147.
start listen on 192.168.1.101:59131
@tracker All of 4 nodes getting started
@tracker All nodes finishes job
Trial 255 finished with value: 0.7474422782072487 and parameters: {'objective': 'binary:logistic', 'tree_method': 'gpu_hist', 'lambda': 5.1872032430740385, 'alpha': 0.06080716072382154, 'colsample_bytree': 0.7721789046212174, 'subsample': 0.8804331507339703, 'learning_rate': 0.02904486431089004, 'max_depth': 11, 'min_child_weight': 276, 'eval_metric': 'logloss'}. Best is trial 193 with value: 0.7484547798362147.
start listen on 192.168.1.101:51299
@tracker All of 4 nodes getting started
@tracker All nodes finishes job
Trial 256 finished with value: 0.7481594554697547 and parameters: {'objective': 'binary:logistic', 'tree_method': 'gpu_hist', 'lambda': 3.853423680924086, 'alpha': 0.08495040860573856, 'colsample_bytree': 0.34183153445620174, 'subsample': 0.808746533366109, 'learning_rate': 0.02111893292919672, 'max_depth': 20, 'min_child_weight': 285, 'eval_metric': 'logloss'}. Best is trial 193 with value: 0.7484547798362147.
start listen on 192.168.1.101:35179
@tracker All of 4 nodes getting started
@tracker All nodes finishes job
Trial 257 finished with value: 0.7469284250592563 and parameters: {'objective': 'binary:logistic', 'tree_method': 'gpu_hist', 'lambda': 3.1854997111333523, 'alpha': 0.10626019631689833, 'colsample_bytree': 0.6259230689598765, 'subsample': 0.43042672519604186, 'learning_rate': 0.025717275165054634, 'max_depth': 11, 'min_child_weight': 272, 'eval_metric': 'logloss'}. Best is trial 193 with value: 0.7484547798362147.
start listen on 192.168.1.101:50137
@tracker All of 4 nodes getting started
@tracker All nodes finishes job
Trial 258 finished with value: 0.7479703213590545 and parameters: {'objective': 'binary:logistic', 'tree_method': 'gpu_hist', 'lambda': 4.5479308079925005, 'alpha': 0.13646195615928094, 'colsample_bytree': 0.35876850955615436, 'subsample': 0.8585492042705739, 'learning_rate': 0.03502622566570573, 'max_depth': 11, 'min_child_weight': 281, 'eval_metric': 'logloss'}. Best is trial 193 with value: 0.7484547798362147.
start listen on 192.168.1.101:39983
@tracker All of 4 nodes getting started
@tracker All nodes finishes job
Trial 259 finished with value: 0.7477304249150923 and parameters: {'objective': 'binary:logistic', 'tree_method': 'gpu_hist', 'lambda': 6.443224056519453, 'alpha': 0.07140021635171899, 'colsample_bytree': 0.3003797640963368, 'subsample': 0.8443526615804728, 'learning_rate': 0.020011434701013603, 'max_depth': 11, 'min_child_weight': 290, 'eval_metric': 'logloss'}. Best is trial 193 with value: 0.7484547798362147.
start listen on 192.168.1.101:43241
@tracker All of 4 nodes getting started
@tracker All nodes finishes job
Trial 260 finished with value: 0.7470705741788681 and parameters: {'objective': 'binary:logistic', 'tree_method': 'gpu_hist', 'lambda': 5.6869115791304115, 'alpha': 6.29145159851483, 'colsample_bytree': 0.3235614767341202, 'subsample': 0.8943726238582406, 'learning_rate': 0.03225656838686866, 'max_depth': 9, 'min_child_weight': 68, 'eval_metric': 'logloss'}. Best is trial 193 with value: 0.7484547798362147.
start listen on 192.168.1.101:33049
@tracker All of 4 nodes getting started
@tracker All nodes finishes job
Trial 261 finished with value: 0.7477459552078722 and parameters: {'objective': 'binary:logistic', 'tree_method': 'gpu_hist', 'lambda': 3.795043440551633, 'alpha': 0.053856793230771714, 'colsample_bytree': 0.3793189837935147, 'subsample': 0.8696915096646844, 'learning_rate': 0.024086827370337027, 'max_depth': 11, 'min_child_weight': 267, 'eval_metric': 'logloss'}. Best is trial 193 with value: 0.7484547798362147.
start listen on 192.168.1.101:58531
@tracker All of 4 nodes getting started
@tracker All nodes finishes job
Trial 262 finished with value: 0.7482488064005068 and parameters: {'objective': 'binary:logistic', 'tree_method': 'gpu_hist', 'lambda': 3.1687921944697015, 'alpha': 0.04253091687735529, 'colsample_bytree': 0.3347005186909992, 'subsample': 0.8320944333088203, 'learning_rate': 0.02755387214479179, 'max_depth': 11, 'min_child_weight': 278, 'eval_metric': 'logloss'}. Best is trial 193 with value: 0.7484547798362147.
start listen on 192.168.1.101:53779
@tracker All of 4 nodes getting started
@tracker All nodes finishes job
Trial 263 finished with value: 0.7480507020224813 and parameters: {'objective': 'binary:logistic', 'tree_method': 'gpu_hist', 'lambda': 4.905839262308909, 'alpha': 0.0903216958757213, 'colsample_bytree': 0.3122241636013297, 'subsample': 0.8528249351121635, 'learning_rate': 0.021788674145963704, 'max_depth': 13, 'min_child_weight': 285, 'eval_metric': 'logloss'}. Best is trial 193 with value: 0.7484547798362147.
start listen on 192.168.1.101:47773
@tracker All of 4 nodes getting started
@tracker All nodes finishes job
Trial 264 finished with value: 0.7481167179221943 and parameters: {'objective': 'binary:logistic', 'tree_method': 'gpu_hist', 'lambda': 4.177440923959959, 'alpha': 8.052649855475797, 'colsample_bytree': 0.3450649494619092, 'subsample': 0.8290528294323748, 'learning_rate': 0.03053475325053842, 'max_depth': 11, 'min_child_weight': 262, 'eval_metric': 'logloss'}. Best is trial 193 with value: 0.7484547798362147.
start listen on 192.168.1.101:34153
@tracker All of 4 nodes getting started
@tracker All nodes finishes job
Trial 265 finished with value: 0.7483154607712076 and parameters: {'objective': 'binary:logistic', 'tree_method': 'gpu_hist', 'lambda': 6.7387615150691555, 'alpha': 2.337518603614261, 'colsample_bytree': 0.3247334375955194, 'subsample': 0.8754430594632862, 'learning_rate': 0.02594188230626872, 'max_depth': 20, 'min_child_weight': 274, 'eval_metric': 'logloss'}. Best is trial 193 with value: 0.7484547798362147.
start listen on 192.168.1.101:43681
@tracker All of 4 nodes getting started
@tracker All nodes finishes job
Trial 266 finished with value: 0.7483640227689656 and parameters: {'objective': 'binary:logistic', 'tree_method': 'gpu_hist', 'lambda': 6.550965996583734, 'alpha': 2.853381952941183, 'colsample_bytree': 0.35967878538968373, 'subsample': 0.8826579018560567, 'learning_rate': 0.024782209301854, 'max_depth': 20, 'min_child_weight': 275, 'eval_metric': 'logloss'}. Best is trial 193 with value: 0.7484547798362147.
start listen on 192.168.1.101:46113
@tracker All of 4 nodes getting started
@tracker All nodes finishes job
Trial 267 finished with value: 0.7481917421529948 and parameters: {'objective': 'binary:logistic', 'tree_method': 'gpu_hist', 'lambda': 6.096651177935759, 'alpha': 2.008994503887587, 'colsample_bytree': 0.3713505445959001, 'subsample': 0.8821714833545561, 'learning_rate': 0.022320204613817066, 'max_depth': 20, 'min_child_weight': 271, 'eval_metric': 'logloss'}. Best is trial 193 with value: 0.7484547798362147.
start listen on 192.168.1.101:35155
@tracker All of 4 nodes getting started
@tracker All nodes finishes job
Trial 268 finished with value: 0.7479555760966385 and parameters: {'objective': 'binary:logistic', 'tree_method': 'gpu_hist', 'lambda': 7.081473174529835, 'alpha': 4.434870278929448, 'colsample_bytree': 0.3541642387189626, 'subsample': 0.8911079663634418, 'learning_rate': 0.024316750865092107, 'max_depth': 20, 'min_child_weight': 276, 'eval_metric': 'logloss'}. Best is trial 193 with value: 0.7484547798362147.
start listen on 192.168.1.101:50123
@tracker All of 4 nodes getting started
@tracker All nodes finishes job
Trial 269 finished with value: 0.7320078749900724 and parameters: {'objective': 'binary:logistic', 'tree_method': 'gpu_hist', 'lambda': 5.781560585587109, 'alpha': 2.4849014702154606, 'colsample_bytree': 0.3935329589328903, 'subsample': 0.8719452716022111, 'learning_rate': 0.004194812236233933, 'max_depth': 20, 'min_child_weight': 273, 'eval_metric': 'logloss'}. Best is trial 193 with value: 0.7484547798362147.
start listen on 192.168.1.101:41767
@tracker All of 4 nodes getting started
@tracker All nodes finishes job
Trial 270 finished with value: 0.7479793128809626 and parameters: {'objective': 'binary:logistic', 'tree_method': 'gpu_hist', 'lambda': 0.0019832400747981974, 'alpha': 1.7339736723319215, 'colsample_bytree': 0.36190261238709, 'subsample': 0.8920753605038043, 'learning_rate': 0.018971768396489713, 'max_depth': 20, 'min_child_weight': 281, 'eval_metric': 'logloss'}. Best is trial 193 with value: 0.7484547798362147.
start listen on 192.168.1.101:45933
@tracker All of 4 nodes getting started
@tracker All nodes finishes job
Trial 271 finished with value: 0.748041514763928 and parameters: {'objective': 'binary:logistic', 'tree_method': 'gpu_hist', 'lambda': 5.15905437305252, 'alpha': 2.413765701615384, 'colsample_bytree': 0.4082137596158696, 'subsample': 0.8766709634222306, 'learning_rate': 0.02500665314518691, 'max_depth': 20, 'min_child_weight': 266, 'eval_metric': 'logloss'}. Best is trial 193 with value: 0.7484547798362147.
start listen on 192.168.1.101:33621
@tracker All of 4 nodes getting started
@tracker All nodes finishes job
Trial 272 finished with value: 0.7479323597022886 and parameters: {'objective': 'binary:logistic', 'tree_method': 'gpu_hist', 'lambda': 6.912374759317655, 'alpha': 3.1149273136774127, 'colsample_bytree': 0.3405627982997037, 'subsample': 0.9044521612864985, 'learning_rate': 0.021963105671033194, 'max_depth': 20, 'min_child_weight': 275, 'eval_metric': 'logloss'}. Best is trial 193 with value: 0.7484547798362147.
start listen on 192.168.1.101:51909
@tracker All of 4 nodes getting started
@tracker All nodes finishes job
Trial 273 finished with value: 0.7467192191210644 and parameters: {'objective': 'binary:logistic', 'tree_method': 'gpu_hist', 'lambda': 4.64973261574253, 'alpha': 3.744165225075702, 'colsample_bytree': 0.38084335441958617, 'subsample': 0.5707821015843353, 'learning_rate': 0.026975610337521324, 'max_depth': 20, 'min_child_weight': 284, 'eval_metric': 'logloss'}. Best is trial 193 with value: 0.7484547798362147.
start listen on 192.168.1.101:55441
@tracker All of 4 nodes getting started
@tracker All nodes finishes job
Trial 274 finished with value: 0.7475359154788038 and parameters: {'objective': 'binary:logistic', 'tree_method': 'gpu_hist', 'lambda': 6.620238072247543, 'alpha': 2.2468223719849956, 'colsample_bytree': 0.7368209771273008, 'subsample': 0.8628842926274201, 'learning_rate': 0.023801496353617016, 'max_depth': 20, 'min_child_weight': 269, 'eval_metric': 'logloss'}. Best is trial 193 with value: 0.7484547798362147.
start listen on 192.168.1.101:44269
@tracker All of 4 nodes getting started
@tracker All nodes finishes job
Trial 275 finished with value: 0.7347451594549187 and parameters: {'objective': 'binary:logistic', 'tree_method': 'gpu_hist', 'lambda': 5.241811934209653, 'alpha': 2.9952031904697622, 'colsample_bytree': 0.3517425117404984, 'subsample': 0.8759998002259108, 'learning_rate': 0.019662660760557282, 'max_depth': 3, 'min_child_weight': 279, 'eval_metric': 'logloss'}. Best is trial 193 with value: 0.7484547798362147.
start listen on 192.168.1.101:57009
@tracker All of 4 nodes getting started
@tracker All nodes finishes job
Trial 276 finished with value: 0.7479730829266715 and parameters: {'objective': 'binary:logistic', 'tree_method': 'gpu_hist', 'lambda': 3.9830336356005387, 'alpha': 0.1239319314011295, 'colsample_bytree': 0.3254311943085727, 'subsample': 0.8630242721322768, 'learning_rate': 0.029449381186358918, 'max_depth': 15, 'min_child_weight': 288, 'eval_metric': 'logloss'}. Best is trial 193 with value: 0.7484547798362147.
start listen on 192.168.1.101:52173
@tracker All of 4 nodes getting started
@tracker All nodes finishes job
Trial 277 finished with value: 0.7468131650702818 and parameters: {'objective': 'binary:logistic', 'tree_method': 'gpu_hist', 'lambda': 4.408956542942463, 'alpha': 5.308712549647986, 'colsample_bytree': 0.4194100104382483, 'subsample': 0.8118424906951507, 'learning_rate': 0.02571411400263219, 'max_depth': 7, 'min_child_weight': 274, 'eval_metric': 'logloss'}. Best is trial 193 with value: 0.7484547798362147.
start listen on 192.168.1.101:43753
@tracker All of 4 nodes getting started
@tracker All nodes finishes job
Trial 278 finished with value: 0.7482097335319411 and parameters: {'objective': 'binary:logistic', 'tree_method': 'gpu_hist', 'lambda': 6.791698791067674, 'alpha': 0.07389224331837004, 'colsample_bytree': 0.36281574165951275, 'subsample': 0.8548236046109294, 'learning_rate': 0.021867482755894764, 'max_depth': 20, 'min_child_weight': 282, 'eval_metric': 'logloss'}. Best is trial 193 with value: 0.7484547798362147.
start listen on 192.168.1.101:36257
@tracker All of 4 nodes getting started
@tracker All nodes finishes job
Trial 279 finished with value: 0.7460901666916304 and parameters: {'objective': 'binary:logistic', 'tree_method': 'gpu_hist', 'lambda': 3.6427767470908416, 'alpha': 0.03702285266312305, 'colsample_bytree': 0.31290238198669307, 'subsample': 0.8856720187819653, 'learning_rate': 0.03176886771917656, 'max_depth': 5, 'min_child_weight': 96, 'eval_metric': 'logloss'}. Best is trial 193 with value: 0.7484547798362147.
start listen on 192.168.1.101:41977
@tracker All of 4 nodes getting started
@tracker All nodes finishes job
Trial 280 finished with value: 0.7478423386270531 and parameters: {'objective': 'binary:logistic', 'tree_method': 'gpu_hist', 'lambda': 0.009002693501074627, 'alpha': 0.17128838379525455, 'colsample_bytree': 0.33733947190596, 'subsample': 0.7978064533237659, 'learning_rate': 0.027321008980278973, 'max_depth': 20, 'min_child_weight': 267, 'eval_metric': 'logloss'}. Best is trial 193 with value: 0.7484547798362147.
start listen on 192.168.1.101:49881
@tracker All of 4 nodes getting started
@tracker All nodes finishes job
Trial 281 finished with value: 0.7480528473461246 and parameters: {'objective': 'binary:logistic', 'tree_method': 'gpu_hist', 'lambda': 5.0767600597172, 'alpha': 0.04459886512118427, 'colsample_bytree': 0.3255265710500854, 'subsample': 0.8376475975279579, 'learning_rate': 0.0234115405829245, 'max_depth': 11, 'min_child_weight': 290, 'eval_metric': 'logloss'}. Best is trial 193 with value: 0.7484547798362147.
start listen on 192.168.1.101:49039
@tracker All of 4 nodes getting started
@tracker All nodes finishes job
Trial 282 finished with value: 0.747691263277388 and parameters: {'objective': 'binary:logistic', 'tree_method': 'gpu_hist', 'lambda': 5.429814922670081, 'alpha': 0.09724405644561532, 'colsample_bytree': 0.3463201369878579, 'subsample': 0.8205841229880786, 'learning_rate': 0.03645560498981689, 'max_depth': 11, 'min_child_weight': 278, 'eval_metric': 'logloss'}. Best is trial 193 with value: 0.7484547798362147.
start listen on 192.168.1.101:42677
@tracker All of 4 nodes getting started
@tracker All nodes finishes job
Trial 283 finished with value: 0.747320177854601 and parameters: {'objective': 'binary:logistic', 'tree_method': 'gpu_hist', 'lambda': 3.5666873287334893, 'alpha': 0.02672762320436173, 'colsample_bytree': 0.3148115155560183, 'subsample': 0.8696032004609594, 'learning_rate': 0.024848845095461317, 'max_depth': 20, 'min_child_weight': 177, 'eval_metric': 'logloss'}. Best is trial 193 with value: 0.7484547798362147.
start listen on 192.168.1.101:51775
@tracker All of 4 nodes getting started
@tracker All nodes finishes job
Trial 284 finished with value: 0.7474681944892508 and parameters: {'objective': 'binary:logistic', 'tree_method': 'gpu_hist', 'lambda': 2.4739407046377897, 'alpha': 0.022290505873748714, 'colsample_bytree': 0.36959355895042795, 'subsample': 0.8564433779906294, 'learning_rate': 0.029443513345182876, 'max_depth': 11, 'min_child_weight': 155, 'eval_metric': 'logloss'}. Best is trial 193 with value: 0.7484547798362147.
start listen on 192.168.1.101:48103
@tracker All of 4 nodes getting started
@tracker All nodes finishes job
Trial 285 finished with value: 0.7478313215295416 and parameters: {'objective': 'binary:logistic', 'tree_method': 'gpu_hist', 'lambda': 7.447231280638741, 'alpha': 0.06442243364579282, 'colsample_bytree': 0.3348567382420847, 'subsample': 0.8427691925603127, 'learning_rate': 0.020168432043934884, 'max_depth': 11, 'min_child_weight': 166, 'eval_metric': 'logloss'}. Best is trial 193 with value: 0.7484547798362147.
start listen on 192.168.1.101:59467
@tracker All of 4 nodes getting started
@tracker All nodes finishes job
Trial 286 finished with value: 0.7476537164322777 and parameters: {'objective': 'binary:logistic', 'tree_method': 'gpu_hist', 'lambda': 5.825796242563588, 'alpha': 2.0140951280863444, 'colsample_bytree': 0.3933254739015392, 'subsample': 0.8982709092623297, 'learning_rate': 0.022300734690515082, 'max_depth': 11, 'min_child_weight': 284, 'eval_metric': 'logloss'}. Best is trial 193 with value: 0.7484547798362147.
start listen on 192.168.1.101:44003
@tracker All of 4 nodes getting started
@tracker All nodes finishes job
Trial 287 finished with value: 0.7478297400774689 and parameters: {'objective': 'binary:logistic', 'tree_method': 'gpu_hist', 'lambda': 4.292809665265503, 'alpha': 0.05155227917019681, 'colsample_bytree': 0.31259303393143256, 'subsample': 0.8665232468623568, 'learning_rate': 0.026993024913807655, 'max_depth': 11, 'min_child_weight': 260, 'eval_metric': 'logloss'}. Best is trial 193 with value: 0.7484547798362147.
start listen on 192.168.1.101:44723
@tracker All of 4 nodes getting started
@tracker All nodes finishes job
Trial 288 finished with value: 0.7478119173459943 and parameters: {'objective': 'binary:logistic', 'tree_method': 'gpu_hist', 'lambda': 0.2712025996022431, 'alpha': 0.03275548358984338, 'colsample_bytree': 0.3005673928061382, 'subsample': 0.8280714712677659, 'learning_rate': 0.02449456663977249, 'max_depth': 9, 'min_child_weight': 272, 'eval_metric': 'logloss'}. Best is trial 193 with value: 0.7484547798362147.
start listen on 192.168.1.101:50477
@tracker All of 4 nodes getting started
@tracker All nodes finishes job
Trial 289 finished with value: 0.7473841478965599 and parameters: {'objective': 'binary:logistic', 'tree_method': 'gpu_hist', 'lambda': 3.01026413142193, 'alpha': 0.11253675115132435, 'colsample_bytree': 0.35097115220897024, 'subsample': 0.8472637261366935, 'learning_rate': 0.031149878475079155, 'max_depth': 20, 'min_child_weight': 294, 'eval_metric': 'logloss'}. Best is trial 193 with value: 0.7484547798362147.
start listen on 192.168.1.101:48249
@tracker All of 4 nodes getting started
@tracker All nodes finishes job
Trial 290 finished with value: 0.7413278371542815 and parameters: {'objective': 'binary:logistic', 'tree_method': 'gpu_hist', 'lambda': 6.68215443767159, 'alpha': 4.2636645565601565, 'colsample_bytree': 0.32646187679791977, 'subsample': 0.8832992400873915, 'learning_rate': 0.00880701019687444, 'max_depth': 11, 'min_child_weight': 278, 'eval_metric': 'logloss'}. Best is trial 193 with value: 0.7484547798362147.
start listen on 192.168.1.101:38275
@tracker All of 4 nodes getting started
@tracker All nodes finishes job
Trial 291 finished with value: 0.7477593080867566 and parameters: {'objective': 'binary:logistic', 'tree_method': 'gpu_hist', 'lambda': 4.697330237648483, 'alpha': 0.08572021956405329, 'colsample_bytree': 0.810320985503072, 'subsample': 0.8384158250662932, 'learning_rate': 0.021401406617776626, 'max_depth': 13, 'min_child_weight': 286, 'eval_metric': 'logloss'}. Best is trial 193 with value: 0.7484547798362147.
start listen on 192.168.1.101:60577
@tracker All of 4 nodes getting started
@tracker All nodes finishes job
