Trial 415 finished with value: 0.7480635203416699 and parameters: {'objective': 'binary:logistic', 'tree_method': 'gpu_hist', 'lambda': 0.037585232129344615, 'alpha': 0.0025100250714136085, 'colsample_bytree': 0.548832705900509, 'subsample': 0.856882943172794, 'learning_rate': 0.020949872203020328, 'max_depth': 17, 'min_child_weight': 271, 'eval_metric': 'logloss'}. Best is trial 362 with value: 0.7486883567232341.
start listen on 192.168.1.101:40775
@tracker All of 4 nodes getting started
@tracker All nodes finishes job
Trial 416 finished with value: 0.7479258435751877 and parameters: {'objective': 'binary:logistic', 'tree_method': 'gpu_hist', 'lambda': 0.055853144412645314, 'alpha': 0.0012282063803010822, 'colsample_bytree': 0.3142185007028369, 'subsample': 0.8791510042008579, 'learning_rate': 0.02445680323668014, 'max_depth': 17, 'min_child_weight': 256, 'eval_metric': 'logloss'}. Best is trial 362 with value: 0.7486883567232341.
start listen on 192.168.1.101:37721
@tracker All of 4 nodes getting started
@tracker All nodes finishes job
Trial 417 finished with value: 0.748178438173542 and parameters: {'objective': 'binary:logistic', 'tree_method': 'gpu_hist', 'lambda': 0.3668688255069375, 'alpha': 0.007969530623700432, 'colsample_bytree': 0.3471103611891118, 'subsample': 0.9225482426166143, 'learning_rate': 0.01858305424902135, 'max_depth': 20, 'min_child_weight': 250, 'eval_metric': 'logloss'}. Best is trial 362 with value: 0.7486883567232341.
start listen on 192.168.1.101:51963
@tracker All of 4 nodes getting started
@tracker All nodes finishes job
Trial 418 finished with value: 0.7475450709249428 and parameters: {'objective': 'binary:logistic', 'tree_method': 'gpu_hist', 'lambda': 0.05441134544683954, 'alpha': 0.0014567157363535805, 'colsample_bytree': 0.31028324003360713, 'subsample': 0.8531966413813263, 'learning_rate': 0.021813783233634462, 'max_depth': 9, 'min_child_weight': 270, 'eval_metric': 'logloss'}. Best is trial 362 with value: 0.7486883567232341.
start listen on 192.168.1.101:46037
@tracker All of 4 nodes getting started
@tracker All nodes finishes job
Trial 419 finished with value: 0.7478416415323148 and parameters: {'objective': 'binary:logistic', 'tree_method': 'gpu_hist', 'lambda': 0.07583269418655438, 'alpha': 0.005555174954497598, 'colsample_bytree': 0.3006288616512222, 'subsample': 0.9069736260774525, 'learning_rate': 0.01791754933453043, 'max_depth': 17, 'min_child_weight': 263, 'eval_metric': 'logloss'}. Best is trial 362 with value: 0.7486883567232341.
start listen on 192.168.1.101:56041
@tracker All of 4 nodes getting started
@tracker All nodes finishes job
Trial 420 finished with value: 0.748265709489262 and parameters: {'objective': 'binary:logistic', 'tree_method': 'gpu_hist', 'lambda': 0.10174415518329645, 'alpha': 0.0017250805905789863, 'colsample_bytree': 0.3407387363412932, 'subsample': 0.8447559855638681, 'learning_rate': 0.020242405446073242, 'max_depth': 20, 'min_child_weight': 271, 'eval_metric': 'logloss'}. Best is trial 362 with value: 0.7486883567232341.
start listen on 192.168.1.101:56649
@tracker All of 4 nodes getting started
@tracker All nodes finishes job
Trial 421 finished with value: 0.7479746199247155 and parameters: {'objective': 'binary:logistic', 'tree_method': 'gpu_hist', 'lambda': 2.1782035049212554, 'alpha': 0.001029535195290788, 'colsample_bytree': 0.3252310068641332, 'subsample': 0.868858194942318, 'learning_rate': 0.025064233525795454, 'max_depth': 17, 'min_child_weight': 257, 'eval_metric': 'logloss'}. Best is trial 362 with value: 0.7486883567232341.
start listen on 192.168.1.101:54075
@tracker All of 4 nodes getting started
@tracker All nodes finishes job
Trial 422 finished with value: 0.7469711560776311 and parameters: {'objective': 'binary:logistic', 'tree_method': 'gpu_hist', 'lambda': 0.007220428461438005, 'alpha': 0.0027802274264878257, 'colsample_bytree': 0.3583702402171431, 'subsample': 0.8951538998021847, 'learning_rate': 0.01504650403877272, 'max_depth': 13, 'min_child_weight': 242, 'eval_metric': 'logloss'}. Best is trial 362 with value: 0.7486883567232341.
start listen on 192.168.1.101:51755
@tracker All of 4 nodes getting started
@tracker All nodes finishes job
Trial 423 finished with value: 0.7482656855952214 and parameters: {'objective': 'binary:logistic', 'tree_method': 'gpu_hist', 'lambda': 2.8271181354646076, 'alpha': 0.0012199179461437066, 'colsample_bytree': 0.3352823316879229, 'subsample': 0.8593564041400044, 'learning_rate': 0.022726484292338214, 'max_depth': 15, 'min_child_weight': 266, 'eval_metric': 'logloss'}. Best is trial 362 with value: 0.7486883567232341.
start listen on 192.168.1.101:36817
@tracker All of 4 nodes getting started
@tracker All nodes finishes job
Trial 424 finished with value: 0.7479983228128424 and parameters: {'objective': 'binary:logistic', 'tree_method': 'gpu_hist', 'lambda': 2.2030765765264895, 'alpha': 0.0048792848804447096, 'colsample_bytree': 0.32204514622899977, 'subsample': 0.8365572058056627, 'learning_rate': 0.024831242332333376, 'max_depth': 17, 'min_child_weight': 251, 'eval_metric': 'logloss'}. Best is trial 362 with value: 0.7486883567232341.
start listen on 192.168.1.101:60947
@tracker All of 4 nodes getting started
@tracker All nodes finishes job
Trial 425 finished with value: 0.7480929364060038 and parameters: {'objective': 'binary:logistic', 'tree_method': 'gpu_hist', 'lambda': 0.045308677557666294, 'alpha': 0.002176969100559282, 'colsample_bytree': 0.3486053798338007, 'subsample': 0.8815611169640633, 'learning_rate': 0.0210014394371288, 'max_depth': 20, 'min_child_weight': 273, 'eval_metric': 'logloss'}. Best is trial 362 with value: 0.7486883567232341.
start listen on 192.168.1.101:55499
@tracker All of 4 nodes getting started
@tracker All nodes finishes job
Trial 426 finished with value: 0.7481938659442181 and parameters: {'objective': 'binary:logistic', 'tree_method': 'gpu_hist', 'lambda': 0.16961260142453566, 'alpha': 0.0031934482399794037, 'colsample_bytree': 0.31167569866851486, 'subsample': 0.8485362962295996, 'learning_rate': 0.022969073587707195, 'max_depth': 17, 'min_child_weight': 260, 'eval_metric': 'logloss'}. Best is trial 362 with value: 0.7486883567232341.
start listen on 192.168.1.101:52411
@tracker All of 4 nodes getting started
@tracker All nodes finishes job
Trial 427 finished with value: 0.7348228946868787 and parameters: {'objective': 'binary:logistic', 'tree_method': 'gpu_hist', 'lambda': 0.05935552466003196, 'alpha': 0.003908283880415549, 'colsample_bytree': 0.330729822165636, 'subsample': 0.8343389612396039, 'learning_rate': 0.01949214686253521, 'max_depth': 3, 'min_child_weight': 275, 'eval_metric': 'logloss'}. Best is trial 362 with value: 0.7486883567232341.
start listen on 192.168.1.101:47689
@tracker All of 4 nodes getting started
@tracker All nodes finishes job
Trial 428 finished with value: 0.7480894948306659 and parameters: {'objective': 'binary:logistic', 'tree_method': 'gpu_hist', 'lambda': 2.9958451397488526, 'alpha': 0.001812638420980676, 'colsample_bytree': 0.6423179955927592, 'subsample': 0.8639899664699677, 'learning_rate': 0.016967323719038287, 'max_depth': 20, 'min_child_weight': 264, 'eval_metric': 'logloss'}. Best is trial 362 with value: 0.7486883567232341.
start listen on 192.168.1.101:46581
@tracker All of 4 nodes getting started
@tracker All nodes finishes job
Trial 429 finished with value: 0.7453950941949181 and parameters: {'objective': 'binary:logistic', 'tree_method': 'gpu_hist', 'lambda': 0.7129966677679348, 'alpha': 0.0013654777446268746, 'colsample_bytree': 0.5149893858140396, 'subsample': 0.8140063337611625, 'learning_rate': 0.01032021890554913, 'max_depth': 17, 'min_child_weight': 270, 'eval_metric': 'logloss'}. Best is trial 362 with value: 0.7486883567232341.
start listen on 192.168.1.101:43435
@tracker All of 4 nodes getting started
@tracker All nodes finishes job
Trial 430 finished with value: 0.746875674936315 and parameters: {'objective': 'binary:logistic', 'tree_method': 'gpu_hist', 'lambda': 1.6116427622551068, 'alpha': 4.60545607851337, 'colsample_bytree': 0.3632585440095709, 'subsample': 0.8461598860770981, 'learning_rate': 0.025711240220362915, 'max_depth': 7, 'min_child_weight': 250, 'eval_metric': 'logloss'}. Best is trial 362 with value: 0.7486883567232341.
start listen on 192.168.1.101:45289
@tracker All of 4 nodes getting started
@tracker All nodes finishes job
Trial 431 finished with value: 0.7432494539553978 and parameters: {'objective': 'binary:logistic', 'tree_method': 'gpu_hist', 'lambda': 2.59782997346573, 'alpha': 0.0015136758835239638, 'colsample_bytree': 0.34917789550231765, 'subsample': 0.8535805185382899, 'learning_rate': 0.02166122851172403, 'max_depth': 5, 'min_child_weight': 255, 'eval_metric': 'logloss'}. Best is trial 362 with value: 0.7486883567232341.
start listen on 192.168.1.101:43539
@tracker All of 4 nodes getting started
@tracker All nodes finishes job
Trial 432 finished with value: 0.7480714077366389 and parameters: {'objective': 'binary:logistic', 'tree_method': 'gpu_hist', 'lambda': 0.11347691974423434, 'alpha': 0.00100810773545062, 'colsample_bytree': 0.3115606540584686, 'subsample': 0.8761517903359208, 'learning_rate': 0.01866976249844607, 'max_depth': 17, 'min_child_weight': 278, 'eval_metric': 'logloss'}. Best is trial 362 with value: 0.7486883567232341.
start listen on 192.168.1.101:32825
@tracker All of 4 nodes getting started
@tracker All nodes finishes job
Trial 433 finished with value: 0.7478592001790751 and parameters: {'objective': 'binary:logistic', 'tree_method': 'gpu_hist', 'lambda': 3.556824099328848, 'alpha': 0.0538295875121094, 'colsample_bytree': 0.33476980312978133, 'subsample': 0.8265422324383506, 'learning_rate': 0.02484902291692148, 'max_depth': 20, 'min_child_weight': 193, 'eval_metric': 'logloss'}. Best is trial 362 with value: 0.7486883567232341.
start listen on 192.168.1.101:37255
@tracker All of 4 nodes getting started
@tracker All nodes finishes job
Trial 434 finished with value: 0.7478814724809896 and parameters: {'objective': 'binary:logistic', 'tree_method': 'gpu_hist', 'lambda': 1.340416032606684, 'alpha': 0.06498530295998355, 'colsample_bytree': 0.39950549361053983, 'subsample': 0.7093202881748369, 'learning_rate': 0.02300327313808968, 'max_depth': 17, 'min_child_weight': 267, 'eval_metric': 'logloss'}. Best is trial 362 with value: 0.7486883567232341.
start listen on 192.168.1.101:56979
@tracker All of 4 nodes getting started
@tracker All nodes finishes job
Trial 435 finished with value: 0.7481520212280413 and parameters: {'objective': 'binary:logistic', 'tree_method': 'gpu_hist', 'lambda': 3.178638449142643, 'alpha': 0.00204749566456228, 'colsample_bytree': 0.3229614386163673, 'subsample': 0.8391779190128821, 'learning_rate': 0.020237795148266454, 'max_depth': 15, 'min_child_weight': 258, 'eval_metric': 'logloss'}. Best is trial 362 with value: 0.7486883567232341.
start listen on 192.168.1.101:33347
@tracker All of 4 nodes getting started
@tracker All nodes finishes job
Trial 436 finished with value: 0.7478988506721769 and parameters: {'objective': 'binary:logistic', 'tree_method': 'gpu_hist', 'lambda': 0.07125534046615063, 'alpha': 0.2669160396761887, 'colsample_bytree': 0.3708361587980237, 'subsample': 0.8617807672125277, 'learning_rate': 0.026255589779101137, 'max_depth': 20, 'min_child_weight': 274, 'eval_metric': 'logloss'}. Best is trial 362 with value: 0.7486883567232341.
start listen on 192.168.1.101:56401
@tracker All of 4 nodes getting started
@tracker All nodes finishes job
Trial 437 finished with value: 0.7472599226413381 and parameters: {'objective': 'binary:logistic', 'tree_method': 'gpu_hist', 'lambda': 2.411799753879697, 'alpha': 0.006126110123226902, 'colsample_bytree': 0.3568893258565509, 'subsample': 0.8919666170324452, 'learning_rate': 0.0222272041834004, 'max_depth': 17, 'min_child_weight': 141, 'eval_metric': 'logloss'}. Best is trial 362 with value: 0.7486883567232341.
start listen on 192.168.1.101:33943
@tracker All of 4 nodes getting started
@tracker All nodes finishes job
Trial 438 finished with value: 0.7483729414974015 and parameters: {'objective': 'binary:logistic', 'tree_method': 'gpu_hist', 'lambda': 0.005209617583272972, 'alpha': 0.07614254610587924, 'colsample_bytree': 0.30164387582575963, 'subsample': 0.8088609830948689, 'learning_rate': 0.02354544236134333, 'max_depth': 17, 'min_child_weight': 265, 'eval_metric': 'logloss'}. Best is trial 362 with value: 0.7486883567232341.
start listen on 192.168.1.101:39241
@tracker All of 4 nodes getting started
@tracker All nodes finishes job
Trial 439 finished with value: 0.7478933890779889 and parameters: {'objective': 'binary:logistic', 'tree_method': 'gpu_hist', 'lambda': 3.491034339077907, 'alpha': 0.08204908324531024, 'colsample_bytree': 0.3061412454923349, 'subsample': 0.7950522197829673, 'learning_rate': 0.017872155558048827, 'max_depth': 17, 'min_child_weight': 247, 'eval_metric': 'logloss'}. Best is trial 362 with value: 0.7486883567232341.
start listen on 192.168.1.101:49723
@tracker All of 4 nodes getting started
@tracker All nodes finishes job
Trial 440 finished with value: 0.7483626020459907 and parameters: {'objective': 'binary:logistic', 'tree_method': 'gpu_hist', 'lambda': 0.01585190841948271, 'alpha': 0.06728087297744728, 'colsample_bytree': 0.3000765920672632, 'subsample': 0.803465151993921, 'learning_rate': 0.020084404823324777, 'max_depth': 17, 'min_child_weight': 263, 'eval_metric': 'logloss'}. Best is trial 362 with value: 0.7486883567232341.
start listen on 192.168.1.101:40673
@tracker All of 4 nodes getting started
@tracker All nodes finishes job
Trial 441 finished with value: 0.7476715017945845 and parameters: {'objective': 'binary:logistic', 'tree_method': 'gpu_hist', 'lambda': 0.006011504615070662, 'alpha': 0.07080650389602589, 'colsample_bytree': 0.30080272655579876, 'subsample': 0.8080825003434434, 'learning_rate': 0.01677035774528441, 'max_depth': 17, 'min_child_weight': 263, 'eval_metric': 'logloss'}. Best is trial 362 with value: 0.7486883567232341.
start listen on 192.168.1.101:33927
@tracker All of 4 nodes getting started
@tracker All nodes finishes job
Trial 442 finished with value: 0.7479253519414133 and parameters: {'objective': 'binary:logistic', 'tree_method': 'gpu_hist', 'lambda': 0.02907272196642079, 'alpha': 0.0836611673051042, 'colsample_bytree': 0.30404301921069965, 'subsample': 0.8102532884216871, 'learning_rate': 0.01944469506649696, 'max_depth': 17, 'min_child_weight': 255, 'eval_metric': 'logloss'}. Best is trial 362 with value: 0.7486883567232341.
start listen on 192.168.1.101:45411
@tracker All of 4 nodes getting started
@tracker All nodes finishes job
Trial 443 finished with value: 0.7469060034195889 and parameters: {'objective': 'binary:logistic', 'tree_method': 'gpu_hist', 'lambda': 0.004596419912507327, 'alpha': 0.06319168571125228, 'colsample_bytree': 0.30114221879638237, 'subsample': 0.7864715177147485, 'learning_rate': 0.01380649169793029, 'max_depth': 17, 'min_child_weight': 259, 'eval_metric': 'logloss'}. Best is trial 362 with value: 0.7486883567232341.
start listen on 192.168.1.101:47765
@tracker All of 4 nodes getting started
@tracker All nodes finishes job
Trial 444 finished with value: 0.7479409369682162 and parameters: {'objective': 'binary:logistic', 'tree_method': 'gpu_hist', 'lambda': 0.002898315523262624, 'alpha': 0.097362001376314, 'colsample_bytree': 0.31963716753048327, 'subsample': 0.7950239371535943, 'learning_rate': 0.02010206950744331, 'max_depth': 17, 'min_child_weight': 266, 'eval_metric': 'logloss'}. Best is trial 362 with value: 0.7486883567232341.
start listen on 192.168.1.101:57811
@tracker All of 4 nodes getting started
@tracker All nodes finishes job
Trial 445 finished with value: 0.7481580704489216 and parameters: {'objective': 'binary:logistic', 'tree_method': 'gpu_hist', 'lambda': 0.004300327895478185, 'alpha': 0.07012627991294865, 'colsample_bytree': 0.3880342577421009, 'subsample': 0.8002499493072783, 'learning_rate': 0.021150305765508293, 'max_depth': 17, 'min_child_weight': 229, 'eval_metric': 'logloss'}. Best is trial 362 with value: 0.7486883567232341.
start listen on 192.168.1.101:40195
@tracker All of 4 nodes getting started
@tracker All nodes finishes job
Trial 446 finished with value: 0.7482964668149943 and parameters: {'objective': 'binary:logistic', 'tree_method': 'gpu_hist', 'lambda': 0.01774400709173768, 'alpha': 0.050076589960474614, 'colsample_bytree': 0.34147745890347736, 'subsample': 0.8188139811098804, 'learning_rate': 0.018441884546924203, 'max_depth': 17, 'min_child_weight': 262, 'eval_metric': 'logloss'}. Best is trial 362 with value: 0.7486883567232341.
start listen on 192.168.1.101:44819
@tracker All of 4 nodes getting started
@tracker All nodes finishes job
Trial 447 finished with value: 0.7474281926704032 and parameters: {'objective': 'binary:logistic', 'tree_method': 'gpu_hist', 'lambda': 0.0033802847037888895, 'alpha': 0.05813520120141267, 'colsample_bytree': 0.30038780804902676, 'subsample': 0.8139028608708261, 'learning_rate': 0.015336230461021302, 'max_depth': 17, 'min_child_weight': 251, 'eval_metric': 'logloss'}. Best is trial 362 with value: 0.7486883567232341.
start listen on 192.168.1.101:54275
@tracker All of 4 nodes getting started
@tracker All nodes finishes job
Trial 448 finished with value: 0.748098782944297 and parameters: {'objective': 'binary:logistic', 'tree_method': 'gpu_hist', 'lambda': 0.02509320741290007, 'alpha': 0.08484956878768939, 'colsample_bytree': 0.31976275351746786, 'subsample': 0.8293666101359752, 'learning_rate': 0.022526359875351964, 'max_depth': 17, 'min_child_weight': 241, 'eval_metric': 'logloss'}. Best is trial 362 with value: 0.7486883567232341.
start listen on 192.168.1.101:46927
@tracker All of 4 nodes getting started
@tracker All nodes finishes job
Trial 449 finished with value: 0.7480786429076549 and parameters: {'objective': 'binary:logistic', 'tree_method': 'gpu_hist', 'lambda': 0.003591922683425627, 'alpha': 0.07538804936017984, 'colsample_bytree': 0.5710567494002682, 'subsample': 0.8024613822366539, 'learning_rate': 0.02050612025729291, 'max_depth': 17, 'min_child_weight': 268, 'eval_metric': 'logloss'}. Best is trial 362 with value: 0.7486883567232341.
start listen on 192.168.1.101:42423
@tracker All of 4 nodes getting started
@tracker All nodes finishes job
Trial 450 finished with value: 0.748161458679425 and parameters: {'objective': 'binary:logistic', 'tree_method': 'gpu_hist', 'lambda': 0.011049040405930417, 'alpha': 0.04692259074320191, 'colsample_bytree': 0.37589794287884215, 'subsample': 0.6807705433949122, 'learning_rate': 0.023590575016521037, 'max_depth': 17, 'min_child_weight': 257, 'eval_metric': 'logloss'}. Best is trial 362 with value: 0.7486883567232341.
start listen on 192.168.1.101:59171
@tracker All of 4 nodes getting started
@tracker All nodes finishes job
Trial 451 finished with value: 0.7482555334064067 and parameters: {'objective': 'binary:logistic', 'tree_method': 'gpu_hist', 'lambda': 0.007888746389684944, 'alpha': 0.10849995818714667, 'colsample_bytree': 0.33282047851904123, 'subsample': 0.8220793166808965, 'learning_rate': 0.018769342970098777, 'max_depth': 17, 'min_child_weight': 270, 'eval_metric': 'logloss'}. Best is trial 362 with value: 0.7486883567232341.
start listen on 192.168.1.101:40393
@tracker All of 4 nodes getting started
@tracker All nodes finishes job
Trial 452 finished with value: 0.747780230931061 and parameters: {'objective': 'binary:logistic', 'tree_method': 'gpu_hist', 'lambda': 0.09970360411108113, 'alpha': 0.0011832433188694357, 'colsample_bytree': 0.3182562880877519, 'subsample': 0.8303430476369635, 'learning_rate': 0.016777239588408127, 'max_depth': 17, 'min_child_weight': 263, 'eval_metric': 'logloss'}. Best is trial 362 with value: 0.7486883567232341.
start listen on 192.168.1.101:58593
@tracker All of 4 nodes getting started
@tracker All nodes finishes job
Trial 453 finished with value: 0.747300062267675 and parameters: {'objective': 'binary:logistic', 'tree_method': 'gpu_hist', 'lambda': 0.004260001448890746, 'alpha': 0.11889321036942756, 'colsample_bytree': 0.3575410062373049, 'subsample': 0.8188598777568262, 'learning_rate': 0.02153449290291015, 'max_depth': 9, 'min_child_weight': 254, 'eval_metric': 'logloss'}. Best is trial 362 with value: 0.7486883567232341.
start listen on 192.168.1.101:55845
@tracker All of 4 nodes getting started
@tracker All nodes finishes job
Trial 454 finished with value: 0.7480582490662926 and parameters: {'objective': 'binary:logistic', 'tree_method': 'gpu_hist', 'lambda': 0.03218389884594742, 'alpha': 0.05683768702529401, 'colsample_bytree': 0.3397219966827965, 'subsample': 0.7797353755514992, 'learning_rate': 0.024111857630102488, 'max_depth': 17, 'min_child_weight': 267, 'eval_metric': 'logloss'}. Best is trial 362 with value: 0.7486883567232341.
start listen on 192.168.1.101:53893
@tracker All of 4 nodes getting started
@tracker All nodes finishes job
Trial 455 finished with value: 0.7479593917804122 and parameters: {'objective': 'binary:logistic', 'tree_method': 'gpu_hist', 'lambda': 0.005456811127206815, 'alpha': 0.0035578721526899346, 'colsample_bytree': 0.30053770032209176, 'subsample': 0.838855832052907, 'learning_rate': 0.027220070420702232, 'max_depth': 17, 'min_child_weight': 245, 'eval_metric': 'logloss'}. Best is trial 362 with value: 0.7486883567232341.
start listen on 192.168.1.101:37327
@tracker All of 4 nodes getting started
@tracker All nodes finishes job
