Trial 292 finished with value: 0.7478015378859576 and parameters: {'objective': 'binary:logistic', 'tree_method': 'gpu_hist', 'lambda': 2.632856254817822, 'alpha': 0.2239831767262694, 'colsample_bytree': 0.3812793730673268, 'subsample': 0.859301712760697, 'learning_rate': 0.028305458212706018, 'max_depth': 17, 'min_child_weight': 265, 'eval_metric': 'logloss'}. Best is trial 193 with value: 0.7484547798362147.
start listen on 192.168.1.101:54577
@tracker All of 4 nodes getting started
@tracker All nodes finishes job
Trial 293 finished with value: 0.7480146161868095 and parameters: {'objective': 'binary:logistic', 'tree_method': 'gpu_hist', 'lambda': 3.582511653521485, 'alpha': 0.042407329585710106, 'colsample_bytree': 0.3391250426223708, 'subsample': 0.8148651593549849, 'learning_rate': 0.02611169623613455, 'max_depth': 11, 'min_child_weight': 271, 'eval_metric': 'logloss'}. Best is trial 193 with value: 0.7484547798362147.
start listen on 192.168.1.101:44289
@tracker All of 4 nodes getting started
@tracker All nodes finishes job
Trial 294 finished with value: 0.7480090880504973 and parameters: {'objective': 'binary:logistic', 'tree_method': 'gpu_hist', 'lambda': 5.6020892184015345, 'alpha': 2.7913492222508047, 'colsample_bytree': 0.41454859793244664, 'subsample': 0.8298377858839924, 'learning_rate': 0.02356007456760895, 'max_depth': 15, 'min_child_weight': 295, 'eval_metric': 'logloss'}. Best is trial 193 with value: 0.7484547798362147.
start listen on 192.168.1.101:56475
@tracker All of 4 nodes getting started
@tracker All nodes finishes job
Trial 295 finished with value: 0.7475237861970607 and parameters: {'objective': 'binary:logistic', 'tree_method': 'gpu_hist', 'lambda': 7.5810087773036345, 'alpha': 0.07478718385805379, 'colsample_bytree': 0.3227606921585647, 'subsample': 0.875011760821566, 'learning_rate': 0.018565761506086093, 'max_depth': 11, 'min_child_weight': 281, 'eval_metric': 'logloss'}. Best is trial 193 with value: 0.7484547798362147.
start listen on 192.168.1.101:51349
@tracker All of 4 nodes getting started
@tracker All nodes finishes job
Trial 296 finished with value: 0.7413551454030587 and parameters: {'objective': 'binary:logistic', 'tree_method': 'gpu_hist', 'lambda': 4.260826727151615, 'alpha': 1.6261971217117013, 'colsample_bytree': 0.36469825755331076, 'subsample': 0.8470575467042575, 'learning_rate': 0.03178582117078863, 'max_depth': 3, 'min_child_weight': 275, 'eval_metric': 'logloss'}. Best is trial 193 with value: 0.7484547798362147.
start listen on 192.168.1.101:52655
@tracker All of 4 nodes getting started
@tracker All nodes finishes job
Trial 297 finished with value: 0.748106067431501 and parameters: {'objective': 'binary:logistic', 'tree_method': 'gpu_hist', 'lambda': 6.091920788112491, 'alpha': 0.055479273246699504, 'colsample_bytree': 0.43585528811817187, 'subsample': 0.8557286555906906, 'learning_rate': 0.025462997981642185, 'max_depth': 11, 'min_child_weight': 288, 'eval_metric': 'logloss'}. Best is trial 193 with value: 0.7484547798362147.
start listen on 192.168.1.101:59753
@tracker All of 4 nodes getting started
@tracker All nodes finishes job
Trial 298 finished with value: 0.747567048579998 and parameters: {'objective': 'binary:logistic', 'tree_method': 'gpu_hist', 'lambda': 4.795127431870156, 'alpha': 0.06584578825443474, 'colsample_bytree': 0.5343945136935611, 'subsample': 0.8330647999780125, 'learning_rate': 0.028926720446741137, 'max_depth': 11, 'min_child_weight': 263, 'eval_metric': 'logloss'}. Best is trial 193 with value: 0.7484547798362147.
start listen on 192.168.1.101:51565
@tracker All of 4 nodes getting started
@tracker All nodes finishes job
Trial 299 finished with value: 0.7473983353998339 and parameters: {'objective': 'binary:logistic', 'tree_method': 'gpu_hist', 'lambda': 0.04542563058249647, 'alpha': 3.3269516013747324, 'colsample_bytree': 0.31432273327654303, 'subsample': 0.8676371577666658, 'learning_rate': 0.03397230288335745, 'max_depth': 20, 'min_child_weight': 282, 'eval_metric': 'logloss'}. Best is trial 193 with value: 0.7484547798362147.
start listen on 192.168.1.101:53351
@tracker All of 4 nodes getting started
@tracker All nodes finishes job
Trial 300 finished with value: 0.7440077518890873 and parameters: {'objective': 'binary:logistic', 'tree_method': 'gpu_hist', 'lambda': 3.579051971827337, 'alpha': 0.03599815521199387, 'colsample_bytree': 0.344662291496016, 'subsample': 0.8219365904892469, 'learning_rate': 0.09411849973484473, 'max_depth': 7, 'min_child_weight': 271, 'eval_metric': 'logloss'}. Best is trial 193 with value: 0.7484547798362147.
start listen on 192.168.1.101:43579
@tracker All of 4 nodes getting started
@tracker All nodes finishes job
Trial 301 finished with value: 0.7462061240531809 and parameters: {'objective': 'binary:logistic', 'tree_method': 'gpu_hist', 'lambda': 2.951025791706612, 'alpha': 0.04865823698740218, 'colsample_bytree': 0.33159063519721516, 'subsample': 0.8048098866721972, 'learning_rate': 0.03918065357302138, 'max_depth': 17, 'min_child_weight': 256, 'eval_metric': 'logloss'}. Best is trial 193 with value: 0.7484547798362147.
start listen on 192.168.1.101:44267
@tracker All of 4 nodes getting started
@tracker All nodes finishes job
Trial 302 finished with value: 0.7476302654040073 and parameters: {'objective': 'binary:logistic', 'tree_method': 'gpu_hist', 'lambda': 7.515680095842534, 'alpha': 0.08947819324847832, 'colsample_bytree': 0.30019421343272285, 'subsample': 0.8892958388349171, 'learning_rate': 0.020695314960234506, 'max_depth': 11, 'min_child_weight': 291, 'eval_metric': 'logloss'}. Best is trial 193 with value: 0.7484547798362147.
start listen on 192.168.1.101:57977
@tracker All of 4 nodes getting started
@tracker All nodes finishes job
Trial 303 finished with value: 0.7482220657741093 and parameters: {'objective': 'binary:logistic', 'tree_method': 'gpu_hist', 'lambda': 5.354850688756516, 'alpha': 0.11671280387494745, 'colsample_bytree': 0.4020941742381582, 'subsample': 0.8480533074356835, 'learning_rate': 0.023928053303742692, 'max_depth': 11, 'min_child_weight': 279, 'eval_metric': 'logloss'}. Best is trial 193 with value: 0.7484547798362147.
start listen on 192.168.1.101:60215
@tracker All of 4 nodes getting started
@tracker All nodes finishes job
Trial 304 finished with value: 0.7448830557437303 and parameters: {'objective': 'binary:logistic', 'tree_method': 'gpu_hist', 'lambda': 4.020498911273445, 'alpha': 0.1530584997514873, 'colsample_bytree': 0.8637929717927901, 'subsample': 0.8609321401471538, 'learning_rate': 0.027264374792829407, 'max_depth': 5, 'min_child_weight': 300, 'eval_metric': 'logloss'}. Best is trial 193 with value: 0.7484547798362147.
start listen on 192.168.1.101:41205
@tracker All of 4 nodes getting started
@tracker All nodes finishes job
Trial 305 finished with value: 0.746434841698102 and parameters: {'objective': 'binary:logistic', 'tree_method': 'gpu_hist', 'lambda': 6.359155723305616, 'alpha': 0.061886536376071104, 'colsample_bytree': 0.3558291727274251, 'subsample': 0.8773939524751251, 'learning_rate': 0.05272403088201427, 'max_depth': 11, 'min_child_weight': 286, 'eval_metric': 'logloss'}. Best is trial 193 with value: 0.7484547798362147.
start listen on 192.168.1.101:59337
@tracker All of 4 nodes getting started
@tracker All nodes finishes job
Trial 306 finished with value: 0.7484596536647912 and parameters: {'objective': 'binary:logistic', 'tree_method': 'gpu_hist', 'lambda': 0.00374958929099431, 'alpha': 0.03052143301092377, 'colsample_bytree': 0.31449266046993385, 'subsample': 0.8381801925731337, 'learning_rate': 0.023043452475408496, 'max_depth': 17, 'min_child_weight': 274, 'eval_metric': 'logloss'}. Best is trial 306 with value: 0.7484596536647912.
start listen on 192.168.1.101:32949
@tracker All of 4 nodes getting started
@tracker All nodes finishes job
Trial 307 finished with value: 0.7322853364775126 and parameters: {'objective': 'binary:logistic', 'tree_method': 'gpu_hist', 'lambda': 0.0031653155817272204, 'alpha': 0.02702390668232887, 'colsample_bytree': 0.312713554168274, 'subsample': 0.836732673216265, 'learning_rate': 0.0033147619263320743, 'max_depth': 17, 'min_child_weight': 266, 'eval_metric': 'logloss'}. Best is trial 306 with value: 0.7484596536647912.
start listen on 192.168.1.101:41039
@tracker All of 4 nodes getting started
@tracker All nodes finishes job
Trial 308 finished with value: 0.7483543581852787 and parameters: {'objective': 'binary:logistic', 'tree_method': 'gpu_hist', 'lambda': 3.14987160669255, 'alpha': 0.020995593850897522, 'colsample_bytree': 0.3243147460115466, 'subsample': 0.8182670034669031, 'learning_rate': 0.022697033153105166, 'max_depth': 17, 'min_child_weight': 273, 'eval_metric': 'logloss'}. Best is trial 306 with value: 0.7484596536647912.
start listen on 192.168.1.101:54055
@tracker All of 4 nodes getting started
@tracker All nodes finishes job
Trial 309 finished with value: 0.7482318514950246 and parameters: {'objective': 'binary:logistic', 'tree_method': 'gpu_hist', 'lambda': 0.0012477256762377141, 'alpha': 0.024388536044299584, 'colsample_bytree': 0.32332335456049943, 'subsample': 0.8134934147563875, 'learning_rate': 0.023142314114112536, 'max_depth': 17, 'min_child_weight': 259, 'eval_metric': 'logloss'}. Best is trial 306 with value: 0.7484596536647912.
start listen on 192.168.1.101:58681
@tracker All of 4 nodes getting started
@tracker All nodes finishes job
Trial 310 finished with value: 0.7395963935767875 and parameters: {'objective': 'binary:logistic', 'tree_method': 'gpu_hist', 'lambda': 0.06939568672416002, 'alpha': 0.014509149767748922, 'colsample_bytree': 0.332188725057724, 'subsample': 0.7872551706277328, 'learning_rate': 0.06739891579184422, 'max_depth': 17, 'min_child_weight': 269, 'eval_metric': 'logloss'}. Best is trial 306 with value: 0.7484596536647912.
start listen on 192.168.1.101:58853
@tracker All of 4 nodes getting started
@tracker All nodes finishes job
Trial 311 finished with value: 0.7481417270641721 and parameters: {'objective': 'binary:logistic', 'tree_method': 'gpu_hist', 'lambda': 0.012145205127666687, 'alpha': 0.01820581486413338, 'colsample_bytree': 0.3126713528607701, 'subsample': 0.8224041963202751, 'learning_rate': 0.022110112887977162, 'max_depth': 17, 'min_child_weight': 274, 'eval_metric': 'logloss'}. Best is trial 306 with value: 0.7484596536647912.
start listen on 192.168.1.101:57513
@tracker All of 4 nodes getting started
@tracker All nodes finishes job
Trial 312 finished with value: 0.7478152130565503 and parameters: {'objective': 'binary:logistic', 'tree_method': 'gpu_hist', 'lambda': 2.4403904323479817, 'alpha': 0.0094105363043024, 'colsample_bytree': 0.31987669187331597, 'subsample': 0.8435892801313714, 'learning_rate': 0.029588555399480094, 'max_depth': 17, 'min_child_weight': 276, 'eval_metric': 'logloss'}. Best is trial 306 with value: 0.7484596536647912.
start listen on 192.168.1.101:46183
@tracker All of 4 nodes getting started
@tracker All nodes finishes job
Trial 313 finished with value: 0.7480049478523139 and parameters: {'objective': 'binary:logistic', 'tree_method': 'gpu_hist', 'lambda': 1.9647228722856849, 'alpha': 0.02133130890014501, 'colsample_bytree': 0.3418395855241413, 'subsample': 0.8276048289737578, 'learning_rate': 0.025999581783871163, 'max_depth': 17, 'min_child_weight': 264, 'eval_metric': 'logloss'}. Best is trial 306 with value: 0.7484596536647912.
start listen on 192.168.1.101:39897
@tracker All of 4 nodes getting started
@tracker All nodes finishes job
Trial 314 finished with value: 0.7479175070556094 and parameters: {'objective': 'binary:logistic', 'tree_method': 'gpu_hist', 'lambda': 2.980891424161822, 'alpha': 0.03393430893185149, 'colsample_bytree': 0.32704306708750924, 'subsample': 0.8100365012949702, 'learning_rate': 0.02041152543281237, 'max_depth': 17, 'min_child_weight': 201, 'eval_metric': 'logloss'}. Best is trial 306 with value: 0.7484596536647912.
start listen on 192.168.1.101:32947
@tracker All of 4 nodes getting started
@tracker All nodes finishes job
Trial 315 finished with value: 0.7481343985396958 and parameters: {'objective': 'binary:logistic', 'tree_method': 'gpu_hist', 'lambda': 0.1654073033350703, 'alpha': 0.031890661710989344, 'colsample_bytree': 0.31037560905505923, 'subsample': 0.8560493581369821, 'learning_rate': 0.022868349042389352, 'max_depth': 17, 'min_child_weight': 270, 'eval_metric': 'logloss'}. Best is trial 306 with value: 0.7484596536647912.
start listen on 192.168.1.101:58575
@tracker All of 4 nodes getting started
@tracker All nodes finishes job
Trial 316 finished with value: 0.7472349460063686 and parameters: {'objective': 'binary:logistic', 'tree_method': 'gpu_hist', 'lambda': 3.242348761852537, 'alpha': 0.04083996562693596, 'colsample_bytree': 0.33727440670463, 'subsample': 0.8439113239063146, 'learning_rate': 0.033812289758401684, 'max_depth': 17, 'min_child_weight': 275, 'eval_metric': 'logloss'}. Best is trial 306 with value: 0.7484596536647912.
start listen on 192.168.1.101:36493
@tracker All of 4 nodes getting started
@tracker All nodes finishes job
Trial 317 finished with value: 0.7480821865883401 and parameters: {'objective': 'binary:logistic', 'tree_method': 'gpu_hist', 'lambda': 2.312823902477575, 'alpha': 0.04280860668961486, 'colsample_bytree': 0.3012874823046757, 'subsample': 0.8017456770795416, 'learning_rate': 0.02689693386672681, 'max_depth': 17, 'min_child_weight': 279, 'eval_metric': 'logloss'}. Best is trial 306 with value: 0.7484596536647912.
start listen on 192.168.1.101:39303
@tracker All of 4 nodes getting started
@tracker All nodes finishes job
Trial 318 finished with value: 0.7480086869918068 and parameters: {'objective': 'binary:logistic', 'tree_method': 'gpu_hist', 'lambda': 0.44173786857174974, 'alpha': 6.798418115608604, 'colsample_bytree': 0.32252332573093834, 'subsample': 0.8323676106409672, 'learning_rate': 0.024280759561830043, 'max_depth': 17, 'min_child_weight': 267, 'eval_metric': 'logloss'}. Best is trial 306 with value: 0.7484596536647912.
start listen on 192.168.1.101:43953
@tracker All of 4 nodes getting started
@tracker All nodes finishes job
Trial 319 finished with value: 0.7480962514262788 and parameters: {'objective': 'binary:logistic', 'tree_method': 'gpu_hist', 'lambda': 3.48767289236334, 'alpha': 0.02811654883284757, 'colsample_bytree': 0.3124229435330623, 'subsample': 0.8530499697280509, 'learning_rate': 0.030046027948112373, 'max_depth': 11, 'min_child_weight': 290, 'eval_metric': 'logloss'}. Best is trial 306 with value: 0.7484596536647912.
start listen on 192.168.1.101:42127
@tracker All of 4 nodes getting started
@tracker All nodes finishes job
Trial 320 finished with value: 0.7442773584885671 and parameters: {'objective': 'binary:logistic', 'tree_method': 'gpu_hist', 'lambda': 0.028678416105100354, 'alpha': 0.054263023821432534, 'colsample_bytree': 0.3456090814813057, 'subsample': 0.8647311887376664, 'learning_rate': 0.019369695850590323, 'max_depth': 17, 'min_child_weight': 28, 'eval_metric': 'logloss'}. Best is trial 306 with value: 0.7484596536647912.
start listen on 192.168.1.101:35105
@tracker All of 4 nodes getting started
@tracker All nodes finishes job
Trial 321 finished with value: 0.7478992151952126 and parameters: {'objective': 'binary:logistic', 'tree_method': 'gpu_hist', 'lambda': 0.0060770694101687575, 'alpha': 0.020600104251591148, 'colsample_bytree': 0.33164894299996595, 'subsample': 0.8194722019671193, 'learning_rate': 0.021540666613161594, 'max_depth': 11, 'min_child_weight': 258, 'eval_metric': 'logloss'}. Best is trial 306 with value: 0.7484596536647912.
start listen on 192.168.1.101:33181
@tracker All of 4 nodes getting started
@tracker All nodes finishes job
Trial 322 finished with value: 0.7483050801998203 and parameters: {'objective': 'binary:logistic', 'tree_method': 'gpu_hist', 'lambda': 0.053455055979941574, 'alpha': 0.029238847824557428, 'colsample_bytree': 0.3553899769522719, 'subsample': 0.8410897275547669, 'learning_rate': 0.027458435930307806, 'max_depth': 11, 'min_child_weight': 274, 'eval_metric': 'logloss'}. Best is trial 306 with value: 0.7484596536647912.
start listen on 192.168.1.101:40087
@tracker All of 4 nodes getting started
@tracker All nodes finishes job
Trial 323 finished with value: 0.7481788597922208 and parameters: {'objective': 'binary:logistic', 'tree_method': 'gpu_hist', 'lambda': 0.019401185647481122, 'alpha': 0.028501711076395982, 'colsample_bytree': 0.3525040735932272, 'subsample': 0.8356742990669128, 'learning_rate': 0.028303882999260604, 'max_depth': 11, 'min_child_weight': 272, 'eval_metric': 'logloss'}. Best is trial 306 with value: 0.7484596536647912.
start listen on 192.168.1.101:56079
@tracker All of 4 nodes getting started
@tracker All nodes finishes job
Trial 324 finished with value: 0.7471600013760633 and parameters: {'objective': 'binary:logistic', 'tree_method': 'gpu_hist', 'lambda': 0.9433825498596639, 'alpha': 0.03625261748317094, 'colsample_bytree': 0.36032794036530963, 'subsample': 0.8407450373505531, 'learning_rate': 0.04395625116993663, 'max_depth': 11, 'min_child_weight': 268, 'eval_metric': 'logloss'}. Best is trial 306 with value: 0.7484596536647912.
start listen on 192.168.1.101:47211
@tracker All of 4 nodes getting started
@tracker All nodes finishes job
Trial 325 finished with value: 0.7478488785092756 and parameters: {'objective': 'binary:logistic', 'tree_method': 'gpu_hist', 'lambda': 2.639931174058209, 'alpha': 0.018300467324446904, 'colsample_bytree': 0.3342600169599029, 'subsample': 0.7981530317266214, 'learning_rate': 0.035701745046561505, 'max_depth': 11, 'min_child_weight': 264, 'eval_metric': 'logloss'}. Best is trial 306 with value: 0.7484596536647912.
start listen on 192.168.1.101:56045
@tracker All of 4 nodes getting started
@tracker All nodes finishes job
Trial 326 finished with value: 0.7479556174944527 and parameters: {'objective': 'binary:logistic', 'tree_method': 'gpu_hist', 'lambda': 0.10208390770183039, 'alpha': 0.03037175491643849, 'colsample_bytree': 0.3013426616759217, 'subsample': 0.8237462293400817, 'learning_rate': 0.031164938606124286, 'max_depth': 11, 'min_child_weight': 276, 'eval_metric': 'logloss'}. Best is trial 306 with value: 0.7484596536647912.
start listen on 192.168.1.101:35623
@tracker All of 4 nodes getting started
@tracker All nodes finishes job
Trial 327 finished with value: 0.7481864831024754 and parameters: {'objective': 'binary:logistic', 'tree_method': 'gpu_hist', 'lambda': 0.663288460601423, 'alpha': 0.024635644868270044, 'colsample_bytree': 0.3505170679707554, 'subsample': 0.7797886945112501, 'learning_rate': 0.02624578022348122, 'max_depth': 11, 'min_child_weight': 281, 'eval_metric': 'logloss'}. Best is trial 306 with value: 0.7484596536647912.
start listen on 192.168.1.101:41005
@tracker All of 4 nodes getting started
@tracker All nodes finishes job
Trial 328 finished with value: 0.7478307900260603 and parameters: {'objective': 'binary:logistic', 'tree_method': 'gpu_hist', 'lambda': 0.0046263858042322435, 'alpha': 0.013020495536242753, 'colsample_bytree': 0.3183172530735206, 'subsample': 0.867076397907877, 'learning_rate': 0.028879028907609076, 'max_depth': 9, 'min_child_weight': 255, 'eval_metric': 'logloss'}. Best is trial 306 with value: 0.7484596536647912.
start listen on 192.168.1.101:36395
@tracker All of 4 nodes getting started
@tracker All nodes finishes job
Trial 329 finished with value: 0.7481631015336249 and parameters: {'objective': 'binary:logistic', 'tree_method': 'gpu_hist', 'lambda': 4.05295925968189, 'alpha': 0.03766022414924519, 'colsample_bytree': 0.367372593373142, 'subsample': 0.8508426804504273, 'learning_rate': 0.025107898213139804, 'max_depth': 11, 'min_child_weight': 275, 'eval_metric': 'logloss'}. Best is trial 306 with value: 0.7484596536647912.
start listen on 192.168.1.101:41855
@tracker All of 4 nodes getting started
@tracker All nodes finishes job
Trial 330 finished with value: 0.7480707856580742 and parameters: {'objective': 'binary:logistic', 'tree_method': 'gpu_hist', 'lambda': 0.05098919594582682, 'alpha': 0.046308784438027835, 'colsample_bytree': 0.3395328094630759, 'subsample': 0.8381700221081192, 'learning_rate': 0.03342715396112141, 'max_depth': 13, 'min_child_weight': 271, 'eval_metric': 'logloss'}. Best is trial 306 with value: 0.7484596536647912.
start listen on 192.168.1.101:55403
@tracker All of 4 nodes getting started
@tracker All nodes finishes job
Trial 331 finished with value: 0.7479144470903245 and parameters: {'objective': 'binary:logistic', 'tree_method': 'gpu_hist', 'lambda': 3.2141694862572754, 'alpha': 9.943828069021665, 'colsample_bytree': 0.32434181076716445, 'subsample': 0.9002008057999444, 'learning_rate': 0.02703733169475862, 'max_depth': 11, 'min_child_weight': 263, 'eval_metric': 'logloss'}. Best is trial 306 with value: 0.7484596536647912.
start listen on 192.168.1.101:48837
@tracker All of 4 nodes getting started
@tracker All nodes finishes job
Trial 332 finished with value: 0.7480366166245545 and parameters: {'objective': 'binary:logistic', 'tree_method': 'gpu_hist', 'lambda': 4.233722599827676, 'alpha': 0.016356298112999046, 'colsample_bytree': 0.3001272598364216, 'subsample': 0.8198507699510894, 'learning_rate': 0.023069279831273364, 'max_depth': 11, 'min_child_weight': 184, 'eval_metric': 'logloss'}. Best is trial 306 with value: 0.7484596536647912.
start listen on 192.168.1.101:35629
@tracker All of 4 nodes getting started
@tracker All nodes finishes job
