Trial 294 finished with value: 0.750663656348382 and parameters: {'C': 0.63824071825417}. Best is trial 222 with value: 0.7506636555148689.
sklearn.linear_model.LogisticRegression.fit: running accelerated version on CPU
sklearn.linear_model.LogisticRegression.predict: running accelerated version on CPU
sklearn.metrics.roc_auc_score: running accelerated version on CPU
Trial 295 finished with value: 0.750663662460811 and parameters: {'C': 0.6346578492559692}. Best is trial 222 with value: 0.7506636555148689.
sklearn.linear_model.LogisticRegression.fit: running accelerated version on CPU
sklearn.linear_model.LogisticRegression.predict: running accelerated version on CPU
sklearn.metrics.roc_auc_score: running accelerated version on CPU
Trial 296 finished with value: 0.7506636652391877 and parameters: {'C': 0.5974145440599138}. Best is trial 222 with value: 0.7506636555148689.
sklearn.linear_model.LogisticRegression.fit: running accelerated version on CPU
sklearn.linear_model.LogisticRegression.predict: running accelerated version on CPU
sklearn.metrics.roc_auc_score: running accelerated version on CPU
Trial 297 finished with value: 0.7506636749635065 and parameters: {'C': 0.5756584058213877}. Best is trial 222 with value: 0.7506636555148689.
sklearn.linear_model.LogisticRegression.fit: running accelerated version on CPU
sklearn.linear_model.LogisticRegression.predict: running accelerated version on CPU
sklearn.metrics.roc_auc_score: running accelerated version on CPU
Trial 298 finished with value: 0.7506636566262196 and parameters: {'C': 0.6402371810160943}. Best is trial 222 with value: 0.7506636555148689.
sklearn.linear_model.LogisticRegression.fit: running accelerated version on CPU
sklearn.linear_model.LogisticRegression.predict: running accelerated version on CPU
sklearn.metrics.roc_auc_score: running accelerated version on CPU
Trial 299 finished with value: 0.7506636896889035 and parameters: {'C': 0.7046014032502119}. Best is trial 222 with value: 0.7506636555148689.
