Trial 456 finished with value: 0.7479556636155076 and parameters: {'objective': 'binary:logistic', 'tree_method': 'gpu_hist', 'lambda': 0.0021390982496283907, 'alpha': 0.07009523615392894, 'colsample_bytree': 0.32252622753110105, 'subsample': 0.8115767084221107, 'learning_rate': 0.019580837400306767, 'max_depth': 13, 'min_child_weight': 276, 'eval_metric': 'logloss'}. Best is trial 362 with value: 0.7486883567232341.
start listen on 192.168.1.101:33357
@tracker All of 4 nodes getting started
@tracker All nodes finishes job
Trial 457 finished with value: 0.7482772272502721 and parameters: {'objective': 'binary:logistic', 'tree_method': 'gpu_hist', 'lambda': 0.08779891303229004, 'alpha': 0.20196606260038374, 'colsample_bytree': 0.3438736906832375, 'subsample': 0.8261832280369762, 'learning_rate': 0.022066006222741914, 'max_depth': 17, 'min_child_weight': 260, 'eval_metric': 'logloss'}. Best is trial 362 with value: 0.7486883567232341.
start listen on 192.168.1.101:36511
@tracker All of 4 nodes getting started
@tracker All nodes finishes job
Trial 458 finished with value: 0.748261149061588 and parameters: {'objective': 'binary:logistic', 'tree_method': 'gpu_hist', 'lambda': 0.015966823184012314, 'alpha': 0.008547917416226444, 'colsample_bytree': 0.3120415412825628, 'subsample': 0.8374673289940017, 'learning_rate': 0.024803462200635708, 'max_depth': 15, 'min_child_weight': 272, 'eval_metric': 'logloss'}. Best is trial 362 with value: 0.7486883567232341.
start listen on 192.168.1.101:47213
@tracker All of 4 nodes getting started
@tracker All nodes finishes job
Trial 459 finished with value: 0.7480790077085284 and parameters: {'objective': 'binary:logistic', 'tree_method': 'gpu_hist', 'lambda': 0.001619466528085029, 'alpha': 0.0920191340078007, 'colsample_bytree': 0.36220388559107863, 'subsample': 0.8450565163808897, 'learning_rate': 0.017883510794304225, 'max_depth': 17, 'min_child_weight': 236, 'eval_metric': 'logloss'}. Best is trial 362 with value: 0.7486883567232341.
start listen on 192.168.1.101:37161
@tracker All of 4 nodes getting started
@tracker All nodes finishes job
Trial 460 finished with value: 0.7358977857392438 and parameters: {'objective': 'binary:logistic', 'tree_method': 'gpu_hist', 'lambda': 0.003569638330257008, 'alpha': 0.002746634017672022, 'colsample_bytree': 0.3309038349337825, 'subsample': 0.7995257579891588, 'learning_rate': 0.02083025467091669, 'max_depth': 3, 'min_child_weight': 265, 'eval_metric': 'logloss'}. Best is trial 362 with value: 0.7486883567232341.
start listen on 192.168.1.101:36097
@tracker All of 4 nodes getting started
@tracker All nodes finishes job
Trial 461 finished with value: 0.7470359025369859 and parameters: {'objective': 'binary:logistic', 'tree_method': 'gpu_hist', 'lambda': 1.6788237117126976, 'alpha': 0.05215187561272114, 'colsample_bytree': 0.3888368319802985, 'subsample': 0.5889919599982779, 'learning_rate': 0.02350868417967668, 'max_depth': 17, 'min_child_weight': 278, 'eval_metric': 'logloss'}. Best is trial 362 with value: 0.7486883567232341.
start listen on 192.168.1.101:40699
@tracker All of 4 nodes getting started
@tracker All nodes finishes job
Trial 462 finished with value: 0.739310530416833 and parameters: {'objective': 'binary:logistic', 'tree_method': 'gpu_hist', 'lambda': 1.1851516634036785, 'alpha': 0.012396611444932969, 'colsample_bytree': 0.3001363106135073, 'subsample': 0.8297615857896566, 'learning_rate': 0.006221444062661037, 'max_depth': 17, 'min_child_weight': 251, 'eval_metric': 'logloss'}. Best is trial 362 with value: 0.7486883567232341.
start listen on 192.168.1.101:46389
@tracker All of 4 nodes getting started
@tracker All nodes finishes job
Trial 463 finished with value: 0.7470399231260482 and parameters: {'objective': 'binary:logistic', 'tree_method': 'gpu_hist', 'lambda': 0.04575129608207782, 'alpha': 0.1421403265536808, 'colsample_bytree': 0.34973442645862607, 'subsample': 0.8466949649863178, 'learning_rate': 0.027027954347851945, 'max_depth': 7, 'min_child_weight': 260, 'eval_metric': 'logloss'}. Best is trial 362 with value: 0.7486883567232341.
start listen on 192.168.1.101:57807
@tracker All of 4 nodes getting started
@tracker All nodes finishes job
Trial 464 finished with value: 0.7434671536692943 and parameters: {'objective': 'binary:logistic', 'tree_method': 'gpu_hist', 'lambda': 0.07142559319707988, 'alpha': 0.0014793733741819365, 'colsample_bytree': 0.373941099200647, 'subsample': 0.8160918660963784, 'learning_rate': 0.022044972565711075, 'max_depth': 5, 'min_child_weight': 270, 'eval_metric': 'logloss'}. Best is trial 362 with value: 0.7486883567232341.
start listen on 192.168.1.101:39979
@tracker All of 4 nodes getting started
@tracker All nodes finishes job
Trial 465 finished with value: 0.7483185920018575 and parameters: {'objective': 'binary:logistic', 'tree_method': 'gpu_hist', 'lambda': 0.00954800250641709, 'alpha': 0.004399144680232499, 'colsample_bytree': 0.4802687533914023, 'subsample': 0.8565335702423451, 'learning_rate': 0.019330361812951186, 'max_depth': 17, 'min_child_weight': 255, 'eval_metric': 'logloss'}. Best is trial 362 with value: 0.7486883567232341.
start listen on 192.168.1.101:58069
@tracker All of 4 nodes getting started
@tracker All nodes finishes job
Trial 466 finished with value: 0.7481988138165363 and parameters: {'objective': 'binary:logistic', 'tree_method': 'gpu_hist', 'lambda': 0.022951908796216506, 'alpha': 0.040614895433709, 'colsample_bytree': 0.3222132396173894, 'subsample': 0.7736916142772654, 'learning_rate': 0.025189192910940232, 'max_depth': 17, 'min_child_weight': 280, 'eval_metric': 'logloss'}. Best is trial 362 with value: 0.7486883567232341.
start listen on 192.168.1.101:41941
@tracker All of 4 nodes getting started
@tracker All nodes finishes job
Trial 467 finished with value: 0.7481191867878156 and parameters: {'objective': 'binary:logistic', 'tree_method': 'gpu_hist', 'lambda': 0.14070470135657115, 'alpha': 0.0642157765149747, 'colsample_bytree': 0.3126040444629537, 'subsample': 0.8365587622358462, 'learning_rate': 0.02074254981281764, 'max_depth': 15, 'min_child_weight': 273, 'eval_metric': 'logloss'}. Best is trial 362 with value: 0.7486883567232341.
start listen on 192.168.1.101:50801
@tracker All of 4 nodes getting started
@tracker All nodes finishes job
Trial 468 finished with value: 0.7478435440258262 and parameters: {'objective': 'binary:logistic', 'tree_method': 'gpu_hist', 'lambda': 0.035309438750169654, 'alpha': 0.0011907962492288455, 'colsample_bytree': 0.40672370263904556, 'subsample': 0.8231678117106322, 'learning_rate': 0.016778400203607984, 'max_depth': 17, 'min_child_weight': 264, 'eval_metric': 'logloss'}. Best is trial 362 with value: 0.7486883567232341.
start listen on 192.168.1.101:46793
@tracker All of 4 nodes getting started
@tracker All nodes finishes job
Trial 469 finished with value: 0.7480196521336722 and parameters: {'objective': 'binary:logistic', 'tree_method': 'gpu_hist', 'lambda': 0.013368156759027243, 'alpha': 0.07850350609664779, 'colsample_bytree': 0.3380502675932481, 'subsample': 0.7892774409704131, 'learning_rate': 0.023491638647575388, 'max_depth': 17, 'min_child_weight': 268, 'eval_metric': 'logloss'}. Best is trial 362 with value: 0.7486883567232341.
start listen on 192.168.1.101:57793
@tracker All of 4 nodes getting started
@tracker All nodes finishes job
Trial 470 finished with value: 0.7478806135458027 and parameters: {'objective': 'binary:logistic', 'tree_method': 'gpu_hist', 'lambda': 0.0026140712339148336, 'alpha': 0.0018765105664528873, 'colsample_bytree': 0.32931293427281383, 'subsample': 0.8453038171232694, 'learning_rate': 0.027488401228675595, 'max_depth': 20, 'min_child_weight': 246, 'eval_metric': 'logloss'}. Best is trial 362 with value: 0.7486883567232341.
start listen on 192.168.1.101:47617
@tracker All of 4 nodes getting started
@tracker All nodes finishes job
Trial 471 finished with value: 0.7481943602174502 and parameters: {'objective': 'binary:logistic', 'tree_method': 'gpu_hist', 'lambda': 0.05909110610577943, 'alpha': 0.04660282568487133, 'colsample_bytree': 0.3555880219815301, 'subsample': 0.8087096230150467, 'learning_rate': 0.025410024549204303, 'max_depth': 17, 'min_child_weight': 260, 'eval_metric': 'logloss'}. Best is trial 362 with value: 0.7486883567232341.
start listen on 192.168.1.101:58605
@tracker All of 4 nodes getting started
@tracker All nodes finishes job
Trial 472 finished with value: 0.7481810573493481 and parameters: {'objective': 'binary:logistic', 'tree_method': 'gpu_hist', 'lambda': 0.003974670367122168, 'alpha': 0.09744525772387731, 'colsample_bytree': 0.3124876272022223, 'subsample': 0.8673875240319364, 'learning_rate': 0.01832900698142672, 'max_depth': 17, 'min_child_weight': 279, 'eval_metric': 'logloss'}. Best is trial 362 with value: 0.7486883567232341.
start listen on 192.168.1.101:46697
@tracker All of 4 nodes getting started
@tracker All nodes finishes job
Trial 473 finished with value: 0.748497553780511 and parameters: {'objective': 'binary:logistic', 'tree_method': 'gpu_hist', 'lambda': 0.005033554306499307, 'alpha': 0.05653788001768276, 'colsample_bytree': 0.3692764385786113, 'subsample': 0.8558770790496258, 'learning_rate': 0.021741778270260245, 'max_depth': 20, 'min_child_weight': 273, 'eval_metric': 'logloss'}. Best is trial 362 with value: 0.7486883567232341.
start listen on 192.168.1.101:36355
@tracker All of 4 nodes getting started
@tracker All nodes finishes job
Trial 474 finished with value: 0.7480315833171498 and parameters: {'objective': 'binary:logistic', 'tree_method': 'gpu_hist', 'lambda': 0.005711592764222291, 'alpha': 0.06295577398508986, 'colsample_bytree': 0.3810917030418866, 'subsample': 0.8377221010261835, 'learning_rate': 0.021053295569674002, 'max_depth': 20, 'min_child_weight': 283, 'eval_metric': 'logloss'}. Best is trial 362 with value: 0.7486883567232341.
start listen on 192.168.1.101:48787
@tracker All of 4 nodes getting started
@tracker All nodes finishes job
Trial 475 finished with value: 0.7480520616211667 and parameters: {'objective': 'binary:logistic', 'tree_method': 'gpu_hist', 'lambda': 0.005301365355725567, 'alpha': 0.05593439027611707, 'colsample_bytree': 0.3694224841395767, 'subsample': 0.8542165211092348, 'learning_rate': 0.019829371461987464, 'max_depth': 20, 'min_child_weight': 276, 'eval_metric': 'logloss'}. Best is trial 362 with value: 0.7486883567232341.
start listen on 192.168.1.101:40645
@tracker All of 4 nodes getting started
@tracker All nodes finishes job
Trial 476 finished with value: 0.7480172486988242 and parameters: {'objective': 'binary:logistic', 'tree_method': 'gpu_hist', 'lambda': 0.004231270034276707, 'alpha': 0.043339169673084675, 'colsample_bytree': 0.39213157266502846, 'subsample': 0.825696904260216, 'learning_rate': 0.02293673559140223, 'max_depth': 20, 'min_child_weight': 275, 'eval_metric': 'logloss'}. Best is trial 362 with value: 0.7486883567232341.
start listen on 192.168.1.101:38653
@tracker All of 4 nodes getting started
@tracker All nodes finishes job
Trial 477 finished with value: 0.7476386744392198 and parameters: {'objective': 'binary:logistic', 'tree_method': 'gpu_hist', 'lambda': 0.005158513278087117, 'alpha': 0.07618246906530014, 'colsample_bytree': 0.37906552742846156, 'subsample': 0.8488675991610278, 'learning_rate': 0.01815392352204149, 'max_depth': 20, 'min_child_weight': 106, 'eval_metric': 'logloss'}. Best is trial 362 with value: 0.7486883567232341.
start listen on 192.168.1.101:58901
@tracker All of 4 nodes getting started
@tracker All nodes finishes job
Trial 478 finished with value: 0.748254458452424 and parameters: {'objective': 'binary:logistic', 'tree_method': 'gpu_hist', 'lambda': 0.007158068479334435, 'alpha': 0.06353622725737365, 'colsample_bytree': 0.3642428312669137, 'subsample': 0.8341259502028321, 'learning_rate': 0.022329391248614043, 'max_depth': 20, 'min_child_weight': 253, 'eval_metric': 'logloss'}. Best is trial 362 with value: 0.7486883567232341.
start listen on 192.168.1.101:48785
@tracker All of 4 nodes getting started
@tracker All nodes finishes job
Trial 479 finished with value: 0.7480380440156336 and parameters: {'objective': 'binary:logistic', 'tree_method': 'gpu_hist', 'lambda': 0.0036265972265639517, 'alpha': 0.00241804488239806, 'colsample_bytree': 0.3987971830155275, 'subsample': 0.8607581749022892, 'learning_rate': 0.015454362662665873, 'max_depth': 20, 'min_child_weight': 269, 'eval_metric': 'logloss'}. Best is trial 362 with value: 0.7486883567232341.
start listen on 192.168.1.101:38039
@tracker All of 4 nodes getting started
@tracker All nodes finishes job
Trial 480 finished with value: 0.7471457852555081 and parameters: {'objective': 'binary:logistic', 'tree_method': 'gpu_hist', 'lambda': 0.08491372931563636, 'alpha': 0.08747655367806904, 'colsample_bytree': 0.30031251950873095, 'subsample': 0.4110757667992861, 'learning_rate': 0.019862411706152158, 'max_depth': 20, 'min_child_weight': 285, 'eval_metric': 'logloss'}. Best is trial 362 with value: 0.7486883567232341.
start listen on 192.168.1.101:53277
@tracker All of 4 nodes getting started
@tracker All nodes finishes job
Trial 481 finished with value: 0.747745748079882 and parameters: {'objective': 'binary:logistic', 'tree_method': 'gpu_hist', 'lambda': 0.0047469932106728886, 'alpha': 0.0010051123331372286, 'colsample_bytree': 0.3505933590848074, 'subsample': 0.8185419604931901, 'learning_rate': 0.024035222438813505, 'max_depth': 9, 'min_child_weight': 260, 'eval_metric': 'logloss'}. Best is trial 362 with value: 0.7486883567232341.
start listen on 192.168.1.101:58237
@tracker All of 4 nodes getting started
@tracker All nodes finishes job
Trial 482 finished with value: 0.7484078006797176 and parameters: {'objective': 'binary:logistic', 'tree_method': 'gpu_hist', 'lambda': 0.0069084312092823705, 'alpha': 0.05248042289845734, 'colsample_bytree': 0.32652480134735196, 'subsample': 0.7507127383139363, 'learning_rate': 0.021167519113062704, 'max_depth': 17, 'min_child_weight': 272, 'eval_metric': 'logloss'}. Best is trial 362 with value: 0.7486883567232341.
start listen on 192.168.1.101:44825
@tracker All of 4 nodes getting started
@tracker All nodes finishes job
Trial 483 finished with value: 0.7475761326218533 and parameters: {'objective': 'binary:logistic', 'tree_method': 'gpu_hist', 'lambda': 0.005747589807702704, 'alpha': 0.05609452400475106, 'colsample_bytree': 0.9041594836166835, 'subsample': 0.7318196688369696, 'learning_rate': 0.017215753864019658, 'max_depth': 17, 'min_child_weight': 279, 'eval_metric': 'logloss'}. Best is trial 362 with value: 0.7486883567232341.
start listen on 192.168.1.101:50797
@tracker All of 4 nodes getting started
@tracker All nodes finishes job
Trial 484 finished with value: 0.748397109763642 and parameters: {'objective': 'binary:logistic', 'tree_method': 'gpu_hist', 'lambda': 0.004935100894149559, 'alpha': 0.06880196448588728, 'colsample_bytree': 0.31474554568903695, 'subsample': 0.7555012509203414, 'learning_rate': 0.020855485155343183, 'max_depth': 17, 'min_child_weight': 247, 'eval_metric': 'logloss'}. Best is trial 362 with value: 0.7486883567232341.
start listen on 192.168.1.101:37009
@tracker All of 4 nodes getting started
@tracker All nodes finishes job
Trial 485 finished with value: 0.7427121531131868 and parameters: {'objective': 'binary:logistic', 'tree_method': 'gpu_hist', 'lambda': 0.006786393238522753, 'alpha': 0.06782259934220522, 'colsample_bytree': 0.3143466594263826, 'subsample': 0.7402649504940295, 'learning_rate': 0.008120912026642129, 'max_depth': 17, 'min_child_weight': 238, 'eval_metric': 'logloss'}. Best is trial 362 with value: 0.7486883567232341.
start listen on 192.168.1.101:46971
@tracker All of 4 nodes getting started
@tracker All nodes finishes job
Trial 486 finished with value: 0.7461811171339044 and parameters: {'objective': 'binary:logistic', 'tree_method': 'gpu_hist', 'lambda': 0.006008695328127065, 'alpha': 0.07862296468755692, 'colsample_bytree': 0.3132079612258269, 'subsample': 0.7625528514292946, 'learning_rate': 0.011904240127652437, 'max_depth': 17, 'min_child_weight': 245, 'eval_metric': 'logloss'}. Best is trial 362 with value: 0.7486883567232341.
start listen on 192.168.1.101:48035
@tracker All of 4 nodes getting started
@tracker All nodes finishes job
Trial 487 finished with value: 0.7481753744574484 and parameters: {'objective': 'binary:logistic', 'tree_method': 'gpu_hist', 'lambda': 0.00510739682172337, 'alpha': 0.0514113817472047, 'colsample_bytree': 0.32584454676066715, 'subsample': 0.7537301389782063, 'learning_rate': 0.019131575130739525, 'max_depth': 17, 'min_child_weight': 248, 'eval_metric': 'logloss'}. Best is trial 362 with value: 0.7486883567232341.
start listen on 192.168.1.101:54039
@tracker All of 4 nodes getting started
@tracker All nodes finishes job
Trial 488 finished with value: 0.7480275731470003 and parameters: {'objective': 'binary:logistic', 'tree_method': 'gpu_hist', 'lambda': 0.004727113400922796, 'alpha': 0.06330937203736718, 'colsample_bytree': 0.312044194072754, 'subsample': 0.7732015476433481, 'learning_rate': 0.02040443363121128, 'max_depth': 17, 'min_child_weight': 230, 'eval_metric': 'logloss'}. Best is trial 362 with value: 0.7486883567232341.
start listen on 192.168.1.101:38963
@tracker All of 4 nodes getting started
@tracker All nodes finishes job
Trial 489 finished with value: 0.7480492858838279 and parameters: {'objective': 'binary:logistic', 'tree_method': 'gpu_hist', 'lambda': 0.006906475981067164, 'alpha': 0.09026815687958206, 'colsample_bytree': 0.3003159185084673, 'subsample': 0.712281514548098, 'learning_rate': 0.017853773686441823, 'max_depth': 17, 'min_child_weight': 253, 'eval_metric': 'logloss'}. Best is trial 362 with value: 0.7486883567232341.
start listen on 192.168.1.101:59439
@tracker All of 4 nodes getting started
@tracker All nodes finishes job
Trial 490 finished with value: 0.7475719768647597 and parameters: {'objective': 'binary:logistic', 'tree_method': 'gpu_hist', 'lambda': 0.002843506485139283, 'alpha': 0.05074116952175492, 'colsample_bytree': 0.8292930906823586, 'subsample': 0.7466943911554476, 'learning_rate': 0.0214714274672384, 'max_depth': 17, 'min_child_weight': 241, 'eval_metric': 'logloss'}. Best is trial 362 with value: 0.7486883567232341.
start listen on 192.168.1.101:57411
@tracker All of 4 nodes getting started
@tracker All nodes finishes job
Trial 491 finished with value: 0.747958622586796 and parameters: {'objective': 'binary:logistic', 'tree_method': 'gpu_hist', 'lambda': 0.0036849991920832994, 'alpha': 0.0015385373202594413, 'colsample_bytree': 0.41703492649222346, 'subsample': 0.7610730649306884, 'learning_rate': 0.015583616580443316, 'max_depth': 17, 'min_child_weight': 251, 'eval_metric': 'logloss'}. Best is trial 362 with value: 0.7486883567232341.
start listen on 192.168.1.101:39835
@tracker All of 4 nodes getting started
@tracker All nodes finishes job
Trial 492 finished with value: 0.7484038952543735 and parameters: {'objective': 'binary:logistic', 'tree_method': 'gpu_hist', 'lambda': 0.006752181179027456, 'alpha': 0.06983891041367503, 'colsample_bytree': 0.3329071263709042, 'subsample': 0.7889333165938436, 'learning_rate': 0.019206882116431925, 'max_depth': 17, 'min_child_weight': 257, 'eval_metric': 'logloss'}. Best is trial 362 with value: 0.7486883567232341.
start listen on 192.168.1.101:41033
@tracker All of 4 nodes getting started
@tracker All nodes finishes job
Trial 493 finished with value: 0.7475911272435869 and parameters: {'objective': 'binary:logistic', 'tree_method': 'gpu_hist', 'lambda': 0.008382584289829867, 'alpha': 0.07519469436525954, 'colsample_bytree': 0.33486587384196564, 'subsample': 0.7854667901364392, 'learning_rate': 0.0160421652071893, 'max_depth': 17, 'min_child_weight': 255, 'eval_metric': 'logloss'}. Best is trial 362 with value: 0.7486883567232341.
start listen on 192.168.1.101:48631
@tracker All of 4 nodes getting started
@tracker All nodes finishes job
Trial 494 finished with value: 0.7480638436058104 and parameters: {'objective': 'binary:logistic', 'tree_method': 'gpu_hist', 'lambda': 0.005851143640612305, 'alpha': 0.1075029612788121, 'colsample_bytree': 0.36532866040478024, 'subsample': 0.7247804651866118, 'learning_rate': 0.01802124129160879, 'max_depth': 17, 'min_child_weight': 239, 'eval_metric': 'logloss'}. Best is trial 362 with value: 0.7486883567232341.
start listen on 192.168.1.101:34553
@tracker All of 4 nodes getting started
@tracker All nodes finishes job
Trial 495 finished with value: 0.7474326609948863 and parameters: {'objective': 'binary:logistic', 'tree_method': 'gpu_hist', 'lambda': 0.0071975615994296464, 'alpha': 0.09010301135311438, 'colsample_bytree': 0.34721524586174873, 'subsample': 0.8029464555787741, 'learning_rate': 0.014335927640882764, 'max_depth': 17, 'min_child_weight': 246, 'eval_metric': 'logloss'}. Best is trial 362 with value: 0.7486883567232341.
start listen on 192.168.1.101:57271
@tracker All of 4 nodes getting started
@tracker All nodes finishes job
Trial 496 finished with value: 0.7480911332394629 and parameters: {'objective': 'binary:logistic', 'tree_method': 'gpu_hist', 'lambda': 0.009102090841043724, 'alpha': 0.07210182007053652, 'colsample_bytree': 0.3214043368693375, 'subsample': 0.7768076722971273, 'learning_rate': 0.01912505799296297, 'max_depth': 17, 'min_child_weight': 258, 'eval_metric': 'logloss'}. Best is trial 362 with value: 0.7486883567232341.
start listen on 192.168.1.101:41487
@tracker All of 4 nodes getting started
@tracker All nodes finishes job
