number,value,params_alpha,params_colsample_bytree,params_eval_metric,params_lambda,params_learning_rate,params_max_depth,params_min_child_weight,params_objective,params_subsample,params_tree_method,state
0,0.70859740393601,1.563800671770324,0.7315225016017404,logloss,2.2235222192745745,0.0015113003863354688,11,228,binary:logistic,0.9048866502096252,gpu_hist,COMPLETE
1,0.7258276541994197,0.04666696620505968,0.7990421082817987,logloss,0.15811281721706444,0.004631220464139956,7,265,binary:logistic,0.645537350149219,gpu_hist,COMPLETE
2,0.7466643120052974,6.436868205839392,0.4334134805577559,logloss,0.00823556038908864,0.02145195755177149,9,20,binary:logistic,0.738561438200479,gpu_hist,COMPLETE
3,0.7471611028635444,0.011372904849994257,0.6738936881947122,logloss,2.856307838136192,0.02572859869244101,11,233,binary:logistic,0.42226752263759004,gpu_hist,COMPLETE
4,0.7396329782700131,0.00135119854275523,0.32650424528004635,logloss,0.5195959439282093,0.02596593937519265,3,141,binary:logistic,0.5367982857836434,gpu_hist,COMPLETE
5,0.7264142578935614,0.014337625409017816,0.41098691839136087,logloss,3.1005508469989285,0.0012140440904533521,17,87,binary:logistic,0.4381910249317853,gpu_hist,COMPLETE
6,0.745182216492871,0.028146358070299887,0.630589981678447,logloss,5.5391241730820635,0.06248201492880671,7,82,binary:logistic,0.7252067523232597,gpu_hist,COMPLETE
7,0.7313305961907972,0.6489691119143967,0.8059936464765887,logloss,0.30541281479182325,0.0029927281803473972,20,78,binary:logistic,0.6623476147631109,gpu_hist,COMPLETE
8,0.7471595441941614,1.5745539595864073,0.5498799456002211,logloss,0.03558014974206033,0.027015879376631656,9,128,binary:logistic,0.604270735190777,gpu_hist,COMPLETE
9,0.7244778190079108,0.0382792440784497,0.9725557061030494,logloss,0.7499894440865331,0.003200657067467704,15,288,binary:logistic,0.6000607418754265,gpu_hist,COMPLETE
10,0.7247939668917046,0.0012954140424638804,0.983180194394893,logloss,0.0012384814407750855,0.0998182265867987,11,209,binary:logistic,0.4194915889224307,gpu_hist,COMPLETE
11,0.7464386390445887,0.2728209993459204,0.5821322369290669,logloss,0.028727231741904363,0.01585043838980381,9,171,binary:logistic,0.5389044528410829,gpu_hist,COMPLETE
12,0.7457384204383739,0.006548409700382848,0.5335638924761155,logloss,0.04292813083685104,0.03699719666131202,13,147,binary:logistic,0.8515167262477356,gpu_hist,COMPLETE
13,0.7316533171584164,7.466862026140913,0.6938505546747198,logloss,0.006903007621280424,0.008957479894998144,5,201,binary:logistic,0.5230679883407338,gpu_hist,COMPLETE
14,0.7423210180899227,0.17403688747076876,0.5034014697142013,logloss,0.056159690376616056,0.00948339458780885,9,117,binary:logistic,0.7880337540076956,gpu_hist,COMPLETE
15,0.7444329802351034,0.004559522874427249,0.8592343093129209,logloss,9.273894164187762,0.043735277553554615,11,245,binary:logistic,0.472509396119257,gpu_hist,COMPLETE
16,0.7444439337077863,1.2771241761014116,0.6205464466685582,logloss,0.009762615544224397,0.015074013753436815,17,22,binary:logistic,0.9761337915175949,gpu_hist,COMPLETE
17,0.7333307760412398,0.10560251209412598,0.7234093277184059,logloss,0.9030707786315104,0.07806816850259927,13,187,binary:logistic,0.606119710724919,gpu_hist,COMPLETE
18,0.7446177584066618,0.41964934194741565,0.4772976110553337,logloss,0.12411743779901299,0.03926846899439325,15,298,binary:logistic,0.4126476532258668,gpu_hist,COMPLETE
19,0.7118490349885682,2.8867330280253167,0.31055878801556636,logloss,0.0010499370379616598,0.00635045577339599,3,114,binary:logistic,0.502268042885901,gpu_hist,COMPLETE
20,0.747655837584043,0.008709774293936323,0.5489236383070946,logloss,0.024630418293020838,0.021884796028972652,20,171,binary:logistic,0.586621245078186,gpu_hist,COMPLETE
21,0.7468973179358852,0.004997655104524051,0.5736413319630652,logloss,0.02065566956959231,0.025074185722038227,20,170,binary:logistic,0.6035067073542263,gpu_hist,COMPLETE
22,0.7476329700148999,0.015417377994680355,0.6692730704149717,logloss,0.07822029374620974,0.01489425335624326,20,239,binary:logistic,0.5828782920118826,gpu_hist,COMPLETE
23,0.7469553334996123,0.01264602179014963,0.6674336643354823,logloss,0.003899945537269522,0.014214227959173775,20,241,binary:logistic,0.4648126312529429,gpu_hist,COMPLETE
24,0.7460117293638542,0.0026117479637818523,0.7680364863657659,logloss,0.22119903662600196,0.01139959794909363,20,268,binary:logistic,0.561959987370408,gpu_hist,COMPLETE
25,0.7475268785304353,0.015232816283370068,0.8963657285815316,logloss,0.07481356735403916,0.019451732046502277,20,216,binary:logistic,0.6657312019597661,gpu_hist,COMPLETE
26,0.7429806221062875,0.02402855618828185,0.9012887932173463,logloss,0.06880271795101209,0.007150557403048735,20,207,binary:logistic,0.6726366503309182,gpu_hist,COMPLETE
27,0.7473017798602106,0.049084788988139956,0.8980083648007045,logloss,0.017589804874989887,0.018916707610761085,20,174,binary:logistic,0.7956981380313741,gpu_hist,COMPLETE
28,0.7462812816460678,0.09706533654503544,0.3694273575700054,logloss,0.07747224554432235,0.011435865214238915,20,258,binary:logistic,0.6984593615201534,gpu_hist,COMPLETE
29,0.7470487400269745,0.0022945613939264644,0.7467403055007392,logloss,0.3027721562162448,0.04998393154237505,5,206,binary:logistic,0.7693881019435722,gpu_hist,COMPLETE
30,0.7149776085376722,0.00899595999558471,0.8457956627073013,logloss,0.002285268629050131,0.0019908646080122228,20,224,binary:logistic,0.8357320697037305,gpu_hist,COMPLETE
31,0.7469189564900525,0.06694410749516941,0.9299057903768878,logloss,0.01495809500268842,0.019079929467555226,20,169,binary:logistic,0.8536680510152566,gpu_hist,COMPLETE
32,0.7478191270948625,0.021728273723334846,0.9120465851274494,logloss,0.017928776241643102,0.018806443854737932,20,182,binary:logistic,0.6491119864622877,gpu_hist,COMPLETE
33,0.7457097392547027,0.019712900904200633,0.8198782583837592,logloss,0.005262308372960117,0.032985824226754994,20,221,binary:logistic,0.6331635628701353,gpu_hist,COMPLETE
34,0.7334173724892358,0.0029935103675520804,0.9485659302519792,logloss,0.08846294517697224,0.006926292044672618,7,185,binary:logistic,0.6986999030827888,gpu_hist,COMPLETE
35,0.746879479923338,0.00790358432774459,0.44749733749372933,logloss,0.1471236131619305,0.013605650925888441,20,271,binary:logistic,0.6521206823410002,gpu_hist,COMPLETE
36,0.7373542657289561,0.015611557144754176,0.8797005324479724,logloss,0.010886028274670221,0.004734650352122132,20,152,binary:logistic,0.5799689647922951,gpu_hist,COMPLETE
37,0.7354884881890227,0.035162594040237166,0.621695501241212,logloss,0.0265051249329716,0.019521203923463463,3,191,binary:logistic,0.6340233770545736,gpu_hist,COMPLETE
38,0.7465176759460778,0.06352540636715358,0.7783115508280936,logloss,0.05048393851218277,0.024934319751975176,17,224,binary:logistic,0.5602105713893811,gpu_hist,COMPLETE
39,0.7460373896184344,0.02013724161623278,0.7229559740559532,logloss,0.014628659032016347,0.027201682940909116,20,156,binary:logistic,0.7390156845167941,gpu_hist,COMPLETE
40,0.7463390661877642,0.004116241415959888,0.9963410879757116,logloss,1.5132243869753645,0.05357623462890945,7,250,binary:logistic,0.7198335920051786,gpu_hist,COMPLETE
41,0.7471656267555634,0.04672579585536761,0.902036722692956,logloss,0.020113466677795254,0.01774482658924181,20,134,binary:logistic,0.767496302030554,gpu_hist,COMPLETE
42,0.7445843839889059,0.008908890749006478,0.9237242399683786,logloss,0.03489647016774336,0.032050817334466575,20,180,binary:logistic,0.6778850608027859,gpu_hist,COMPLETE
43,0.7476614747716445,0.03203131472249787,0.8279311666874688,logloss,0.200321835402261,0.020820703116438997,20,234,binary:logistic,0.8022627309260817,gpu_hist,COMPLETE
44,0.7471557242039039,0.0127143680418971,0.8586434044837793,logloss,0.20431711544967038,0.023503198033517518,20,233,binary:logistic,0.9124499613771194,gpu_hist,COMPLETE
45,0.7467552249394845,0.03444347294162948,0.8052651976265177,logloss,0.3600268184561536,0.011600773684312936,15,196,binary:logistic,0.6311647374358585,gpu_hist,COMPLETE
46,0.7432008336117268,0.11416511008856887,0.9472093602646794,logloss,0.12008112708170364,0.008425336465243556,13,214,binary:logistic,0.5763317328561023,gpu_hist,COMPLETE
47,0.7465503784134054,0.023616614239937703,0.5098596743737449,logloss,0.04885806714396795,0.03270441274839002,11,258,binary:logistic,0.5055019202825095,gpu_hist,COMPLETE
48,0.7400469277954235,0.001766110448496041,0.5864273461126273,logloss,0.6660406550581621,0.016475776531231067,5,232,binary:logistic,0.9004435812259736,gpu_hist,COMPLETE
49,0.7466611181222507,0.006560005916116937,0.8348189636641244,logloss,0.20909827804218478,0.021864370256664135,20,280,binary:logistic,0.5340435747207953,gpu_hist,COMPLETE
50,0.7450908763832512,0.01653035070114413,0.6474495332186911,logloss,0.09432565816730508,0.013187675904085124,9,63,binary:logistic,0.7437952679406475,gpu_hist,COMPLETE
51,0.7469374890967986,0.05770194856997619,0.9000235825551003,logloss,0.014682197516743267,0.01996582994103232,20,160,binary:logistic,0.8095575783838018,gpu_hist,COMPLETE
52,0.7455612086203456,0.03107913033088055,0.9651881487184338,logloss,0.026214854412043385,0.030179986508521082,20,177,binary:logistic,0.8104508993475392,gpu_hist,COMPLETE
53,0.747844732476501,0.010062726673891059,0.8712476355717444,logloss,0.007657512042561175,0.015809153519994353,20,196,binary:logistic,0.6139389648633522,gpu_hist,COMPLETE
54,0.7479913535324858,0.012432718348844136,0.6869685432545767,logloss,0.0035996723075488136,0.01606398236587175,17,198,binary:logistic,0.6169412859165596,gpu_hist,COMPLETE
55,0.7460127486113819,0.00967902298985084,0.6884261734479973,logloss,0.0027996514537710405,0.010192614589591642,17,196,binary:logistic,0.6185627263264736,gpu_hist,COMPLETE
56,0.7473260096674971,0.005429171603714159,0.7105204254972811,logloss,0.006262474040296644,0.01558228025831535,17,245,binary:logistic,0.5871084625682855,gpu_hist,COMPLETE
57,0.747611658197844,0.0038766781743315225,0.7673084565566234,logloss,0.0016264075657369912,0.012941151350567344,17,164,binary:logistic,0.5554965108643073,gpu_hist,COMPLETE
58,0.7442364213291709,0.006729058853353274,0.5554688960935392,logloss,0.00826883371979479,0.04016147673815721,3,143,binary:logistic,0.6537773538572247,gpu_hist,COMPLETE
59,0.7454723671049791,0.0010069803915509561,0.6029287126420344,logloss,0.004155467950581575,0.008970974776565346,15,114,binary:logistic,0.6122612552060966,gpu_hist,COMPLETE
60,0.7355350308625248,0.011523100024927214,0.655380038295512,logloss,0.011090579335761498,0.004972971792679585,13,205,binary:logistic,0.5075597193392791,gpu_hist,COMPLETE
61,0.7473768929990686,0.004382745697744424,0.7691836654506968,logloss,0.0015199852225802786,0.013082960971351068,17,163,binary:logistic,0.5519195153979928,gpu_hist,COMPLETE
62,0.7474640677661948,0.021329566415894945,0.7547735756973525,logloss,0.0016077921288554663,0.016299271036990807,17,124,binary:logistic,0.5919581973872236,gpu_hist,COMPLETE
63,0.7466227010895279,0.0036161387753632234,0.7923321535081761,logloss,0.002532350403118942,0.0113351621037049,17,188,binary:logistic,0.4633262464916917,gpu_hist,COMPLETE
64,0.7449951633863915,0.01072437206850799,0.6919992164952934,logloss,0.0035354021341932507,0.008116135564994229,17,102,binary:logistic,0.6811724631227092,gpu_hist,COMPLETE
65,0.6975409466885341,0.001836288015472853,0.8288739378805685,logloss,0.005434280385946252,0.0010161012231962826,9,238,binary:logistic,0.5467642012522818,gpu_hist,COMPLETE
66,0.74752860820891,0.005813281451958731,0.7420271685575336,logloss,0.007899542116028157,0.022887141014445105,11,212,binary:logistic,0.5735219274577357,gpu_hist,COMPLETE
67,0.7311335281473168,0.027838642504210986,0.8682465213689801,logloss,0.003263354780362118,0.005730938225025495,7,167,binary:logistic,0.4828080540430034,gpu_hist,COMPLETE
68,0.7399785409678711,0.003346924035135793,0.6737529471473602,logloss,0.0015128215065158494,0.014907878312809776,5,197,binary:logistic,0.5280638408223439,gpu_hist,COMPLETE
69,0.7463262646777551,0.1821468522241446,0.7906928090180115,logloss,0.00223221929573475,0.02817270800021187,17,182,binary:logistic,0.6189483292405105,gpu_hist,COMPLETE
70,0.7467083088521408,0.014036028477454224,0.6334674539093846,logloss,0.45618729797300844,0.010256987128391439,20,138,binary:logistic,0.6395705401186905,gpu_hist,COMPLETE
71,0.7475430285401596,0.006385236694210196,0.7512457833195227,logloss,0.008241707067841606,0.024055866870297878,11,218,binary:logistic,0.5704587658884359,gpu_hist,COMPLETE
72,0.747611447319045,0.008534526812191195,0.7108694578377237,logloss,0.0050007677568649515,0.020578534657548827,11,217,binary:logistic,0.5682057980461845,gpu_hist,COMPLETE
73,0.7468670768325615,0.007766149779153133,0.6943715631047864,logloss,0.004549712167331973,0.0178441747022106,11,255,binary:logistic,0.5196269690993415,gpu_hist,COMPLETE
74,0.7458584557624675,0.019021303414117514,0.7223372074548012,logloss,0.0010372864976047884,0.012362596159259335,11,227,binary:logistic,0.591494204737085,gpu_hist,COMPLETE
75,0.747379867529267,0.010780530332410108,0.8221618318638704,logloss,0.011376543562902915,0.02095307307642551,20,149,binary:logistic,0.6064035493717765,gpu_hist,COMPLETE
76,0.7478500338972667,0.026483520670062204,0.8496266237766896,logloss,0.03988105189659251,0.014626343858286258,20,203,binary:logistic,0.5479452414314028,gpu_hist,COMPLETE
77,0.7469252402059343,0.08623789814327468,0.8518340227461334,logloss,0.03960442717175944,0.014348505048892403,20,176,binary:logistic,0.9932829212509984,gpu_hist,COMPLETE
78,0.7472946863864112,0.027544907926234753,0.8786918796889782,logloss,0.03066086252791849,0.016370009847821207,20,202,binary:logistic,0.4353220430959549,gpu_hist,COMPLETE
79,0.7408670861495703,0.04381899534410161,0.8063062803801337,logloss,0.05904141601826929,0.0174466358158863,20,5,binary:logistic,0.7176901877282755,gpu_hist,COMPLETE
80,0.745021233590468,0.0416676271615612,0.40315697510993337,logloss,0.022491385421265043,0.03673137245701457,20,190,binary:logistic,0.5510523323135783,gpu_hist,COMPLETE
81,0.7401913260110523,0.018383037161389074,0.9274361255865607,logloss,0.0018863818453494754,0.026962266455258135,3,215,binary:logistic,0.5624524667596236,gpu_hist,COMPLETE
82,0.7469963827665123,0.002444849066024189,0.7080221933804642,logloss,0.017843349120470052,0.020896233926725575,20,208,binary:logistic,0.48801491798999813,gpu_hist,COMPLETE
83,0.7477410747111913,0.013167217802324039,0.6582415636051188,logloss,0.0066363967287343725,0.014851906712559815,17,238,binary:logistic,0.6579274151973121,gpu_hist,COMPLETE
84,0.7465719586216599,0.013593240487343639,0.6452458299299402,logloss,0.06524477453148024,0.011102297787444093,17,237,binary:logistic,0.6569829243664584,gpu_hist,COMPLETE
85,0.747301277390767,0.02501766107674417,0.6146013366694756,logloss,0.12140353098031637,0.014032627571507864,17,275,binary:logistic,0.6867322981830485,gpu_hist,COMPLETE
86,0.7475593385843875,4.342831752512613,0.8761280412976992,logloss,0.03932651468995239,0.017560124425792592,17,246,binary:logistic,0.6242792706686148,gpu_hist,COMPLETE
87,0.7474244678395507,0.004781440983336411,0.8401399846967642,logloss,0.014139557202614342,0.012559301250379028,20,159,binary:logistic,0.6040901033590156,gpu_hist,COMPLETE
88,0.7453515541132201,0.01629759922024718,0.5643572848765178,logloss,0.16888148547245146,0.010459952721089667,15,264,binary:logistic,0.6671257383226441,gpu_hist,COMPLETE
89,0.7432878883529755,0.033972534747790085,0.6603929379063939,logloss,0.006600483357895162,0.007388311686033225,17,172,binary:logistic,0.6451503360296815,gpu_hist,COMPLETE
90,0.7473330454899779,0.007403645283292962,0.5087841143799391,logloss,0.02285496131007888,0.015287557358513114,13,229,binary:logistic,0.694140404922506,gpu_hist,COMPLETE
91,0.7482168133916941,0.008230092500103833,0.53855244086037,logloss,0.004438618186723042,0.019030462450223495,20,220,binary:logistic,0.5900820386142227,gpu_hist,COMPLETE
92,0.7473407686828782,0.011957620572750457,0.5422957275013949,logloss,0.0028782277456322405,0.024310468906963485,20,201,binary:logistic,0.5929423234549687,gpu_hist,COMPLETE
93,0.748032133018999,0.009700946928866593,0.5802380243953553,logloss,0.003933685481344219,0.018201532052067603,20,193,binary:logistic,0.6374053008395189,gpu_hist,COMPLETE
94,0.7479951186498017,0.00965819474205671,0.4723679951723235,logloss,0.010006579939172557,0.018066927614012452,20,195,binary:logistic,0.6468806467490346,gpu_hist,COMPLETE
95,0.7477040699273941,0.009833447600541275,0.48246483378514765,logloss,0.009541871625153395,0.019265147223663088,20,185,binary:logistic,0.6405268025244877,gpu_hist,COMPLETE
96,0.7478808724905204,0.022714549125912104,0.45591732704789945,logloss,0.010085438807494405,0.018824078575975935,20,192,binary:logistic,0.6458250924278681,gpu_hist,COMPLETE
97,0.7476612077696343,0.009933668390984971,0.47196543458398466,logloss,0.008856449172932422,0.017900928282640022,20,195,binary:logistic,0.7079208908210151,gpu_hist,COMPLETE
98,0.7478951026418782,0.013110728793708212,0.4828163355118732,logloss,0.012923967741527076,0.018600101728878767,20,190,binary:logistic,0.6457662736258888,gpu_hist,COMPLETE
99,0.746377198992541,0.014685891260689253,0.5292396081983862,logloss,0.012304150262080793,0.029257465619399337,20,192,binary:logistic,0.6677816357226112,gpu_hist,COMPLETE
100,0.7247886122650234,0.019061318155232203,0.44681830740049777,logloss,0.006933326463479848,0.0024834188998213097,20,222,binary:logistic,0.6261484604641948,gpu_hist,COMPLETE
101,0.7477614616066117,0.0053759733398312595,0.4841694051752036,logloss,0.0056569778205620815,0.018708527980881066,20,184,binary:logistic,0.6441041460216296,gpu_hist,COMPLETE
102,0.7475092216680553,0.005090108553062046,0.4956380538113834,logloss,0.00547206419439844,0.022787416481000057,20,182,binary:logistic,0.6518186918149377,gpu_hist,COMPLETE
103,0.7478138410940881,0.007781389652375707,0.41741510369016216,logloss,0.003796108207727414,0.016576507246736018,20,201,binary:logistic,0.612523577235241,gpu_hist,COMPLETE
104,0.7478101032048649,0.022424214328917315,0.40301989191079085,logloss,0.003897343654959325,0.016369702796008752,20,202,binary:logistic,0.61408315900713,gpu_hist,COMPLETE
105,0.7476915491723604,0.022013566750704955,0.39717530431538733,logloss,0.003986990786844879,0.016980771444408762,20,209,binary:logistic,0.6129690683033353,gpu_hist,COMPLETE
106,0.747178755697278,0.008148010406932636,0.4267646388285472,logloss,0.0033254731097885045,0.01197548913159791,20,200,binary:logistic,0.6279667468084981,gpu_hist,COMPLETE
107,0.74315347367869,0.6413395458887128,0.45773564942425604,logloss,0.004498297976728123,0.013640269920358246,7,204,binary:logistic,0.6040570280679026,gpu_hist,COMPLETE
108,0.7471646746058351,0.016827083421205202,0.34595195245737986,logloss,0.002145093083639218,0.025856218245803187,20,191,binary:logistic,0.6765146221532679,gpu_hist,COMPLETE
109,0.7461214455186876,0.02393275574245459,0.42374585648155794,logloss,0.012590678455958827,0.015729350549962464,9,211,binary:logistic,0.6162805215811593,gpu_hist,COMPLETE
110,0.7476739839964146,0.0070932562766062015,0.3850143642951238,logloss,0.01661639347222274,0.02196585648745797,20,179,binary:logistic,0.634197778304131,gpu_hist,COMPLETE
111,0.7481124722846113,0.011604055168846548,0.5304771142456826,logloss,0.00561895192205362,0.018720732562273856,20,187,binary:logistic,0.6501524895075488,gpu_hist,COMPLETE
112,0.7478729366128763,0.011276393112349353,0.5262057305226708,logloss,0.00981969242099939,0.01967315257266933,20,197,binary:logistic,0.5980424650032355,gpu_hist,COMPLETE
113,0.7480447415707395,0.011452269229310892,0.5173244190740152,logloss,0.009385754258247659,0.01888117476203115,20,195,binary:logistic,0.5965254564507203,gpu_hist,COMPLETE
114,0.7434409506588068,0.01033431020070611,0.5239690902243517,logloss,0.010523865735640757,0.020637858069354673,5,174,binary:logistic,0.581458892328569,gpu_hist,COMPLETE
115,0.7479071269009785,0.011840354447585941,0.5688097451765121,logloss,0.009180600032630671,0.018764772056738984,20,189,binary:logistic,0.5914619664315878,gpu_hist,COMPLETE
116,0.7472535719665754,0.011784201274989123,0.5254879894880629,logloss,0.007406747329386193,0.02460698945327252,20,194,binary:logistic,0.5983404796975507,gpu_hist,COMPLETE
117,0.7478020082651492,0.0060052463268875,0.49565885564487205,logloss,0.0094339296309976,0.01892982136334422,20,188,binary:logistic,0.5809493053707407,gpu_hist,COMPLETE
118,0.7471488535559235,0.014367387459829274,0.5884901741428592,logloss,0.01358867212351313,0.022741027788983424,20,221,binary:logistic,0.5376551342043833,gpu_hist,COMPLETE
119,0.7473333694487124,0.011805829007836988,0.5691320486395399,logloss,0.005993338024245877,0.019234174165170644,20,168,binary:logistic,0.6365808833179243,gpu_hist,COMPLETE
120,0.7309295865385603,0.008974276270440484,0.46199123255901364,logloss,0.008630250493755865,0.014770602800007464,3,211,binary:logistic,0.5959149349935748,gpu_hist,COMPLETE
121,0.748127393140441,0.018444393943698678,0.5422397964813579,logloss,0.016386024072950638,0.017939554133577597,20,196,binary:logistic,0.6497863139316429,gpu_hist,COMPLETE
122,0.7476098079378164,0.017798126933289197,0.5516197565766364,logloss,0.01861285691611443,0.013337763515314698,20,194,binary:logistic,0.6687238337395836,gpu_hist,COMPLETE
123,0.7470730398493564,0.013388478513764426,0.5141733951303482,logloss,0.0072665203536244945,0.026226184147651273,20,179,binary:logistic,0.6900487068470496,gpu_hist,COMPLETE
124,0.7479487640724086,0.009609432188119129,0.5878325776338008,logloss,0.0048737785974709725,0.02111599869287396,20,207,binary:logistic,0.6241736025795084,gpu_hist,COMPLETE
125,0.7456980125597573,0.00655149296314764,0.5981528235558368,logloss,0.004659147181153811,0.031160456939526546,20,207,binary:logistic,0.6284276499659225,gpu_hist,COMPLETE
