Trial 41 finished with value: 0.7482294562563883 and parameters: {'objective': 'binary:logistic', 'tree_method': 'gpu_hist', 'lambda': 8.74096680728528, 'alpha': 0.6165587583562248, 'colsample_bytree': 0.31356808538284753, 'subsample': 0.7387408242017688, 'learning_rate': 0.02192948225589245, 'max_depth': 17, 'min_child_weight': 269, 'eval_metric': 'logloss'}. Best is trial 41 with value: 0.7482294562563883.
start listen on 192.168.1.101:39633
@tracker All of 4 nodes getting started
@tracker All nodes finishes job
Trial 42 finished with value: 0.7478673877776569 and parameters: {'objective': 'binary:logistic', 'tree_method': 'gpu_hist', 'lambda': 8.968727552552808, 'alpha': 0.5716783909809253, 'colsample_bytree': 0.3010089833971506, 'subsample': 0.7479419724921269, 'learning_rate': 0.024917249089696582, 'max_depth': 17, 'min_child_weight': 300, 'eval_metric': 'logloss'}. Best is trial 41 with value: 0.7482294562563883.
start listen on 192.168.1.101:41143
@tracker All of 4 nodes getting started
@tracker All nodes finishes job
Trial 43 finished with value: 0.7481727570875871 and parameters: {'objective': 'binary:logistic', 'tree_method': 'gpu_hist', 'lambda': 9.204484675539966, 'alpha': 0.5936735852520946, 'colsample_bytree': 0.3227016828298259, 'subsample': 0.7483839220689563, 'learning_rate': 0.022408324160944817, 'max_depth': 17, 'min_child_weight': 293, 'eval_metric': 'logloss'}. Best is trial 41 with value: 0.7482294562563883.
start listen on 192.168.1.101:42153
@tracker All of 4 nodes getting started
@tracker All nodes finishes job
Trial 44 finished with value: 0.7476961162681386 and parameters: {'objective': 'binary:logistic', 'tree_method': 'gpu_hist', 'lambda': 9.859035799466557, 'alpha': 0.19122293018500996, 'colsample_bytree': 0.36534506144945866, 'subsample': 0.7506096222411013, 'learning_rate': 0.02762561249774918, 'max_depth': 17, 'min_child_weight': 287, 'eval_metric': 'logloss'}. Best is trial 41 with value: 0.7482294562563883.
start listen on 192.168.1.101:35719
@tracker All of 4 nodes getting started
@tracker All nodes finishes job
Trial 45 finished with value: 0.744930645726366 and parameters: {'objective': 'binary:logistic', 'tree_method': 'gpu_hist', 'lambda': 9.550199303925456, 'alpha': 0.8570453760738203, 'colsample_bytree': 0.3730361076077645, 'subsample': 0.8153871166508713, 'learning_rate': 0.048613177391675456, 'max_depth': 17, 'min_child_weight': 300, 'eval_metric': 'logloss'}. Best is trial 41 with value: 0.7482294562563883.
start listen on 192.168.1.101:33647
@tracker All of 4 nodes getting started
@tracker All nodes finishes job
Trial 46 finished with value: 0.7472907173362384 and parameters: {'objective': 'binary:logistic', 'tree_method': 'gpu_hist', 'lambda': 4.487878959377912, 'alpha': 0.4015016685423899, 'colsample_bytree': 0.36230529116175, 'subsample': 0.7357610823757543, 'learning_rate': 0.03458604041533965, 'max_depth': 17, 'min_child_weight': 268, 'eval_metric': 'logloss'}. Best is trial 41 with value: 0.7482294562563883.
start listen on 192.168.1.101:44781
@tracker All of 4 nodes getting started
@tracker All nodes finishes job
Trial 47 finished with value: 0.7398276018975879 and parameters: {'objective': 'binary:logistic', 'tree_method': 'gpu_hist', 'lambda': 2.9420784614734625, 'alpha': 0.1824960792947485, 'colsample_bytree': 0.4036335772941326, 'subsample': 0.853003678826604, 'learning_rate': 0.06431442973245338, 'max_depth': 17, 'min_child_weight': 249, 'eval_metric': 'logloss'}. Best is trial 41 with value: 0.7482294562563883.
start listen on 192.168.1.101:34585
@tracker All of 4 nodes getting started
@tracker All nodes finishes job
Trial 48 finished with value: 0.7474706194565188 and parameters: {'objective': 'binary:logistic', 'tree_method': 'gpu_hist', 'lambda': 7.005202125834971, 'alpha': 0.26749423304219655, 'colsample_bytree': 0.30076499843829624, 'subsample': 0.7705940645912235, 'learning_rate': 0.022428063092621624, 'max_depth': 9, 'min_child_weight': 223, 'eval_metric': 'logloss'}. Best is trial 41 with value: 0.7482294562563883.
start listen on 192.168.1.101:51559
@tracker All of 4 nodes getting started
@tracker All nodes finishes job
Trial 49 finished with value: 0.7476172674627587 and parameters: {'objective': 'binary:logistic', 'tree_method': 'gpu_hist', 'lambda': 1.975813245659069, 'alpha': 0.49850849159573346, 'colsample_bytree': 0.3443302316829589, 'subsample': 0.7944526014595695, 'learning_rate': 0.02776850993869076, 'max_depth': 20, 'min_child_weight': 283, 'eval_metric': 'logloss'}. Best is trial 41 with value: 0.7482294562563883.
start listen on 192.168.1.101:52893
@tracker All of 4 nodes getting started
@tracker All nodes finishes job
Trial 50 finished with value: 0.7460459717465213 and parameters: {'objective': 'binary:logistic', 'tree_method': 'gpu_hist', 'lambda': 6.441234448452465, 'alpha': 0.9560123562299645, 'colsample_bytree': 0.38867052074539615, 'subsample': 0.7249701762466587, 'learning_rate': 0.04205949979009563, 'max_depth': 15, 'min_child_weight': 261, 'eval_metric': 'logloss'}. Best is trial 41 with value: 0.7482294562563883.
start listen on 192.168.1.101:37491
@tracker All of 4 nodes getting started
@tracker All nodes finishes job
Trial 51 finished with value: 0.7476070342842602 and parameters: {'objective': 'binary:logistic', 'tree_method': 'gpu_hist', 'lambda': 9.416124912968035, 'alpha': 0.19240376533059853, 'colsample_bytree': 0.3427375384722963, 'subsample': 0.7544229501895464, 'learning_rate': 0.028825557462444792, 'max_depth': 17, 'min_child_weight': 287, 'eval_metric': 'logloss'}. Best is trial 41 with value: 0.7482294562563883.
start listen on 192.168.1.101:54461
@tracker All of 4 nodes getting started
@tracker All nodes finishes job
Trial 52 finished with value: 0.7484127937006588 and parameters: {'objective': 'binary:logistic', 'tree_method': 'gpu_hist', 'lambda': 3.248324573620124, 'alpha': 0.05905701257996917, 'colsample_bytree': 0.43075807834575996, 'subsample': 0.8316800194012945, 'learning_rate': 0.020661327310478345, 'max_depth': 17, 'min_child_weight': 273, 'eval_metric': 'logloss'}. Best is trial 52 with value: 0.7484127937006588.
start listen on 192.168.1.101:43449
@tracker All of 4 nodes getting started
@tracker All nodes finishes job
Trial 53 finished with value: 0.7480403714618762 and parameters: {'objective': 'binary:logistic', 'tree_method': 'gpu_hist', 'lambda': 3.1110422897170187, 'alpha': 0.05081960504363486, 'colsample_bytree': 0.43021249792239036, 'subsample': 0.8605374984457154, 'learning_rate': 0.020350628927328543, 'max_depth': 17, 'min_child_weight': 300, 'eval_metric': 'logloss'}. Best is trial 52 with value: 0.7484127937006588.
start listen on 192.168.1.101:32913
@tracker All of 4 nodes getting started
@tracker All nodes finishes job
Trial 54 finished with value: 0.7349824451971241 and parameters: {'objective': 'binary:logistic', 'tree_method': 'gpu_hist', 'lambda': 2.8123957274633593, 'alpha': 0.055768413357889964, 'colsample_bytree': 0.45189631712262424, 'subsample': 0.8996785315580059, 'learning_rate': 0.02002835694446626, 'max_depth': 3, 'min_child_weight': 273, 'eval_metric': 'logloss'}. Best is trial 52 with value: 0.7484127937006588.
start listen on 192.168.1.101:47403
@tracker All of 4 nodes getting started
@tracker All nodes finishes job
Trial 55 finished with value: 0.747850388279227 and parameters: {'objective': 'binary:logistic', 'tree_method': 'gpu_hist', 'lambda': 1.1429002592193651, 'alpha': 0.023147056102345135, 'colsample_bytree': 0.41598849840148744, 'subsample': 0.8554410918904032, 'learning_rate': 0.015293316802399273, 'max_depth': 17, 'min_child_weight': 237, 'eval_metric': 'logloss'}. Best is trial 52 with value: 0.7484127937006588.
start listen on 192.168.1.101:54405
@tracker All of 4 nodes getting started
@tracker All nodes finishes job
Trial 56 finished with value: 0.7406905710095237 and parameters: {'objective': 'binary:logistic', 'tree_method': 'gpu_hist', 'lambda': 5.6491127334325455, 'alpha': 0.052503753126057255, 'colsample_bytree': 0.48935404110537795, 'subsample': 0.910675033431199, 'learning_rate': 0.011973848292679234, 'max_depth': 7, 'min_child_weight': 257, 'eval_metric': 'logloss'}. Best is trial 52 with value: 0.7484127937006588.
start listen on 192.168.1.101:48203
@tracker All of 4 nodes getting started
@tracker All nodes finishes job
Trial 57 finished with value: 0.7465586333876246 and parameters: {'objective': 'binary:logistic', 'tree_method': 'gpu_hist', 'lambda': 3.179109929239599, 'alpha': 0.07603448124447724, 'colsample_bytree': 0.33521049170063244, 'subsample': 0.8268220206953804, 'learning_rate': 0.03309344032790739, 'max_depth': 5, 'min_child_weight': 216, 'eval_metric': 'logloss'}. Best is trial 52 with value: 0.7484127937006588.
start listen on 192.168.1.101:55015
@tracker All of 4 nodes getting started
@tracker All nodes finishes job
Trial 58 finished with value: 0.7474935325910415 and parameters: {'objective': 'binary:logistic', 'tree_method': 'gpu_hist', 'lambda': 2.007935017635869, 'alpha': 0.022908014678752146, 'colsample_bytree': 0.39174917125275566, 'subsample': 0.9194666429612186, 'learning_rate': 0.020195062676553462, 'max_depth': 11, 'min_child_weight': 235, 'eval_metric': 'logloss'}. Best is trial 52 with value: 0.7484127937006588.
start listen on 192.168.1.101:46919
@tracker All of 4 nodes getting started
@tracker All nodes finishes job
Trial 59 finished with value: 0.7352235363431089 and parameters: {'objective': 'binary:logistic', 'tree_method': 'gpu_hist', 'lambda': 1.3928938212904454, 'alpha': 0.003879352325499516, 'colsample_bytree': 0.5412076482570278, 'subsample': 0.9394404352579862, 'learning_rate': 0.08315322826682998, 'max_depth': 17, 'min_child_weight': 258, 'eval_metric': 'logloss'}. Best is trial 52 with value: 0.7484127937006588.
start listen on 192.168.1.101:45069
@tracker All of 4 nodes getting started
@tracker All nodes finishes job
Trial 60 finished with value: 0.7481580468327188 and parameters: {'objective': 'binary:logistic', 'tree_method': 'gpu_hist', 'lambda': 0.5757290845414038, 'alpha': 0.1352178400035645, 'colsample_bytree': 0.4409220123241459, 'subsample': 0.8738315433666941, 'learning_rate': 0.01958885494411743, 'max_depth': 17, 'min_child_weight': 277, 'eval_metric': 'logloss'}. Best is trial 52 with value: 0.7484127937006588.
start listen on 192.168.1.101:33263
@tracker All of 4 nodes getting started
@tracker All nodes finishes job
Trial 61 finished with value: 0.7474222537510815 and parameters: {'objective': 'binary:logistic', 'tree_method': 'gpu_hist', 'lambda': 0.7008416095153709, 'alpha': 0.09211787647409077, 'colsample_bytree': 0.4241992806968154, 'subsample': 0.8351867440988128, 'learning_rate': 0.014334391824173037, 'max_depth': 17, 'min_child_weight': 276, 'eval_metric': 'logloss'}. Best is trial 52 with value: 0.7484127937006588.
start listen on 192.168.1.101:33965
@tracker All of 4 nodes getting started
@tracker All nodes finishes job
Trial 62 finished with value: 0.7479327274204575 and parameters: {'objective': 'binary:logistic', 'tree_method': 'gpu_hist', 'lambda': 3.6086904110565863, 'alpha': 0.13120021973358606, 'colsample_bytree': 0.48017455753782645, 'subsample': 0.8727256609528293, 'learning_rate': 0.0195753258390568, 'max_depth': 17, 'min_child_weight': 291, 'eval_metric': 'logloss'}. Best is trial 52 with value: 0.7484127937006588.
start listen on 192.168.1.101:56203
@tracker All of 4 nodes getting started
@tracker All nodes finishes job
Trial 63 finished with value: 0.7481321099907285 and parameters: {'objective': 'binary:logistic', 'tree_method': 'gpu_hist', 'lambda': 4.294407101073818, 'alpha': 0.3804582458320986, 'colsample_bytree': 0.4388361715578113, 'subsample': 0.8867913136477945, 'learning_rate': 0.02452139503318059, 'max_depth': 17, 'min_child_weight': 268, 'eval_metric': 'logloss'}. Best is trial 52 with value: 0.7484127937006588.
start listen on 192.168.1.101:55715
@tracker All of 4 nodes getting started
@tracker All nodes finishes job
Trial 64 finished with value: 0.7470190044493089 and parameters: {'objective': 'binary:logistic', 'tree_method': 'gpu_hist', 'lambda': 4.371943401491138, 'alpha': 0.321823057383235, 'colsample_bytree': 0.5071016699761928, 'subsample': 0.9679648355517978, 'learning_rate': 0.024514786503360968, 'max_depth': 9, 'min_child_weight': 250, 'eval_metric': 'logloss'}. Best is trial 52 with value: 0.7484127937006588.
start listen on 192.168.1.101:45175
@tracker All of 4 nodes getting started
@tracker All nodes finishes job
Trial 65 finished with value: 0.7477730670254098 and parameters: {'objective': 'binary:logistic', 'tree_method': 'gpu_hist', 'lambda': 5.133240597417468, 'alpha': 1.9539856136635296, 'colsample_bytree': 0.36244746304581915, 'subsample': 0.7816396264424211, 'learning_rate': 0.01641867141697985, 'max_depth': 17, 'min_child_weight': 205, 'eval_metric': 'logloss'}. Best is trial 52 with value: 0.7484127937006588.
start listen on 192.168.1.101:50915
@tracker All of 4 nodes getting started
@tracker All nodes finishes job
Trial 66 finished with value: 0.745877676017471 and parameters: {'objective': 'binary:logistic', 'tree_method': 'gpu_hist', 'lambda': 1.544019387692188, 'alpha': 1.173349423043243, 'colsample_bytree': 0.4586757478906358, 'subsample': 0.8014935188757351, 'learning_rate': 0.039864854874854305, 'max_depth': 17, 'min_child_weight': 270, 'eval_metric': 'logloss'}. Best is trial 52 with value: 0.7484127937006588.
start listen on 192.168.1.101:42257
@tracker All of 4 nodes getting started
@tracker All nodes finishes job
Trial 67 finished with value: 0.7278034846334547 and parameters: {'objective': 'binary:logistic', 'tree_method': 'gpu_hist', 'lambda': 0.8105618730731714, 'alpha': 0.37015321586250394, 'colsample_bytree': 0.39378761926870287, 'subsample': 0.8841950419325482, 'learning_rate': 0.013161488857998196, 'max_depth': 3, 'min_child_weight': 233, 'eval_metric': 'logloss'}. Best is trial 52 with value: 0.7484127937006588.
start listen on 192.168.1.101:50291
@tracker All of 4 nodes getting started
@tracker All nodes finishes job
Trial 68 finished with value: 0.747309343296445 and parameters: {'objective': 'binary:logistic', 'tree_method': 'gpu_hist', 'lambda': 6.922858748016803, 'alpha': 0.14026106407418046, 'colsample_bytree': 0.32628418110977336, 'subsample': 0.7039815877448364, 'learning_rate': 0.03226815048750584, 'max_depth': 15, 'min_child_weight': 244, 'eval_metric': 'logloss'}. Best is trial 52 with value: 0.7484127937006588.
start listen on 192.168.1.101:50933
@tracker All of 4 nodes getting started
@tracker All nodes finishes job
Trial 69 finished with value: 0.747988567654072 and parameters: {'objective': 'binary:logistic', 'tree_method': 'gpu_hist', 'lambda': 2.401437780562388, 'alpha': 0.2325441862786713, 'colsample_bytree': 0.34887948373436856, 'subsample': 0.8354895497973667, 'learning_rate': 0.02567868216969665, 'max_depth': 17, 'min_child_weight': 264, 'eval_metric': 'logloss'}. Best is trial 52 with value: 0.7484127937006588.
start listen on 192.168.1.101:39517
@tracker All of 4 nodes getting started
@tracker All nodes finishes job
Trial 70 finished with value: 0.7390726706619815 and parameters: {'objective': 'binary:logistic', 'tree_method': 'gpu_hist', 'lambda': 0.3755038746761557, 'alpha': 0.6463430093096604, 'colsample_bytree': 0.5710040755683128, 'subsample': 0.9438981464650359, 'learning_rate': 0.010822914409255261, 'max_depth': 7, 'min_child_weight': 281, 'eval_metric': 'logloss'}. Best is trial 52 with value: 0.7484127937006588.
start listen on 192.168.1.101:58685
@tracker All of 4 nodes getting started
@tracker All nodes finishes job
Trial 71 finished with value: 0.7478681607220818 and parameters: {'objective': 'binary:logistic', 'tree_method': 'gpu_hist', 'lambda': 3.792281862756733, 'alpha': 0.006430817214187634, 'colsample_bytree': 0.43347528877141395, 'subsample': 0.8807962927853135, 'learning_rate': 0.01841774566854193, 'max_depth': 17, 'min_child_weight': 294, 'eval_metric': 'logloss'}. Best is trial 52 with value: 0.7484127937006588.
start listen on 192.168.1.101:42421
@tracker All of 4 nodes getting started
@tracker All nodes finishes job
Trial 72 finished with value: 0.7481217690112104 and parameters: {'objective': 'binary:logistic', 'tree_method': 'gpu_hist', 'lambda': 5.462722513680973, 'alpha': 0.035047860994225195, 'colsample_bytree': 0.4458592885297392, 'subsample': 0.8706738078872781, 'learning_rate': 0.022185687009859314, 'max_depth': 17, 'min_child_weight': 255, 'eval_metric': 'logloss'}. Best is trial 52 with value: 0.7484127937006588.
start listen on 192.168.1.101:52757
@tracker All of 4 nodes getting started
@tracker All nodes finishes job
Trial 73 finished with value: 0.7436700146283957 and parameters: {'objective': 'binary:logistic', 'tree_method': 'gpu_hist', 'lambda': 0.0017953968480813212, 'alpha': 0.03224404623382502, 'colsample_bytree': 0.44592307684052696, 'subsample': 0.9194388365643232, 'learning_rate': 0.008474986707543007, 'max_depth': 17, 'min_child_weight': 255, 'eval_metric': 'logloss'}. Best is trial 52 with value: 0.7484127937006588.
start listen on 192.168.1.101:36219
@tracker All of 4 nodes getting started
@tracker All nodes finishes job
Trial 74 finished with value: 0.7440890426098337 and parameters: {'objective': 'binary:logistic', 'tree_method': 'gpu_hist', 'lambda': 6.6746001590446955, 'alpha': 1.0715931204759561, 'colsample_bytree': 0.5168831017821027, 'subsample': 0.6683152554580348, 'learning_rate': 0.022806021406852502, 'max_depth': 5, 'min_child_weight': 240, 'eval_metric': 'logloss'}. Best is trial 52 with value: 0.7484127937006588.
start listen on 192.168.1.101:44349
@tracker All of 4 nodes getting started
@tracker All nodes finishes job
Trial 75 finished with value: 0.7476262920473506 and parameters: {'objective': 'binary:logistic', 'tree_method': 'gpu_hist', 'lambda': 5.209107879426443, 'alpha': 0.4180649436328163, 'colsample_bytree': 0.47328169366288053, 'subsample': 0.9005471021896463, 'learning_rate': 0.015884800696685093, 'max_depth': 17, 'min_child_weight': 220, 'eval_metric': 'logloss'}. Best is trial 52 with value: 0.7484127937006588.
start listen on 192.168.1.101:42875
@tracker All of 4 nodes getting started
@tracker All nodes finishes job
Trial 76 finished with value: 0.7368946201014536 and parameters: {'objective': 'binary:logistic', 'tree_method': 'gpu_hist', 'lambda': 1.6447375163196365, 'alpha': 0.008638967514373696, 'colsample_bytree': 0.3784426392808049, 'subsample': 0.7278845626906136, 'learning_rate': 0.0028776273099498733, 'max_depth': 11, 'min_child_weight': 1, 'eval_metric': 'logloss'}. Best is trial 52 with value: 0.7484127937006588.
start listen on 192.168.1.101:40425
@tracker All of 4 nodes getting started
@tracker All nodes finishes job
Trial 77 finished with value: 0.7475246602744009 and parameters: {'objective': 'binary:logistic', 'tree_method': 'gpu_hist', 'lambda': 1.1173732885353982, 'alpha': 0.018440127668074558, 'colsample_bytree': 0.4092637342781141, 'subsample': 0.8406225009719542, 'learning_rate': 0.03151974234261456, 'max_depth': 17, 'min_child_weight': 270, 'eval_metric': 'logloss'}. Best is trial 52 with value: 0.7484127937006588.
start listen on 192.168.1.101:59743
@tracker All of 4 nodes getting started
@tracker All nodes finishes job
Trial 78 finished with value: 0.747871456293719 and parameters: {'objective': 'binary:logistic', 'tree_method': 'gpu_hist', 'lambda': 7.5349854302637675, 'alpha': 0.07983071594760065, 'colsample_bytree': 0.3171553612085921, 'subsample': 0.815712481466372, 'learning_rate': 0.02629403887998676, 'max_depth': 20, 'min_child_weight': 278, 'eval_metric': 'logloss'}. Best is trial 52 with value: 0.7484127937006588.
start listen on 192.168.1.101:42729
@tracker All of 4 nodes getting started
@tracker All nodes finishes job
Trial 79 finished with value: 0.7479049526822165 and parameters: {'objective': 'binary:logistic', 'tree_method': 'gpu_hist', 'lambda': 3.9487836838982964, 'alpha': 0.04273784109012732, 'colsample_bytree': 0.5521131103356349, 'subsample': 0.763157986708692, 'learning_rate': 0.022540683777066296, 'max_depth': 17, 'min_child_weight': 187, 'eval_metric': 'logloss'}. Best is trial 52 with value: 0.7484127937006588.
start listen on 192.168.1.101:45353
@tracker All of 4 nodes getting started
@tracker All nodes finishes job
Trial 80 finished with value: 0.7423806847040613 and parameters: {'objective': 'binary:logistic', 'tree_method': 'gpu_hist', 'lambda': 0.16841183744378438, 'alpha': 0.7580424869764691, 'colsample_bytree': 0.5050875417155105, 'subsample': 0.6383959733733662, 'learning_rate': 0.047569870600804705, 'max_depth': 17, 'min_child_weight': 262, 'eval_metric': 'logloss'}. Best is trial 52 with value: 0.7484127937006588.
start listen on 192.168.1.101:51661
@tracker All of 4 nodes getting started
@tracker All nodes finishes job
Trial 81 finished with value: 0.7481551705181401 and parameters: {'objective': 'binary:logistic', 'tree_method': 'gpu_hist', 'lambda': 5.578616708428884, 'alpha': 0.05890506608194888, 'colsample_bytree': 0.4321897980603705, 'subsample': 0.8651530907669284, 'learning_rate': 0.01893696293870168, 'max_depth': 17, 'min_child_weight': 297, 'eval_metric': 'logloss'}. Best is trial 52 with value: 0.7484127937006588.
start listen on 192.168.1.101:40561
@tracker All of 4 nodes getting started
@tracker All nodes finishes job
Trial 82 finished with value: 0.7477159926368225 and parameters: {'objective': 'binary:logistic', 'tree_method': 'gpu_hist', 'lambda': 5.290961610416211, 'alpha': 0.162597883857575, 'colsample_bytree': 0.40708756640103166, 'subsample': 0.8981796535115311, 'learning_rate': 0.017863733189610834, 'max_depth': 17, 'min_child_weight': 292, 'eval_metric': 'logloss'}. Best is trial 52 with value: 0.7484127937006588.
start listen on 192.168.1.101:53951
@tracker All of 4 nodes getting started
@tracker All nodes finishes job
