number,value,params_alpha,params_colsample_bytree,params_eval_metric,params_lambda,params_learning_rate,params_max_depth,params_min_child_weight,params_objective,params_subsample,params_tree_method,state
765,0.7479418756428169,0.06307142032738117,0.3376193457544881,logloss,3.653868357831665,0.024006777579211935,17,253,binary:logistic,0.8663878562849535,gpu_hist,COMPLETE
766,0.747229948123268,0.09398046812982752,0.3794356105448247,logloss,0.0069956328856618346,0.022293194949767926,20,260,binary:logistic,0.4957504200198506,gpu_hist,COMPLETE
767,0.7478734838141863,0.20667845020161218,0.31253934456651217,logloss,0.003935037758964099,0.017033559670903305,17,276,binary:logistic,0.8235005708484416,gpu_hist,COMPLETE
768,0.7478984860102222,0.012511979897616465,0.35541286995545973,logloss,0.004948545093493801,0.019485629682916554,13,267,binary:logistic,0.8498497507874054,gpu_hist,COMPLETE
769,0.7475520253409835,0.07900557443710235,0.5576346064567441,logloss,0.010858286065878558,0.030127564846221144,11,242,binary:logistic,0.8811971333247961,gpu_hist,COMPLETE
770,0.7482679848409395,0.0475452178832162,0.32669129684463444,logloss,3.0269800087315573,0.021528210230059616,17,274,binary:logistic,0.8385893097723733,gpu_hist,COMPLETE
771,0.7481070568114783,0.0030502921142972275,0.30029856124413873,logloss,1.7176556286257723,0.026430792864132822,17,264,binary:logistic,0.7603673197813585,gpu_hist,COMPLETE
772,0.7482379058559019,0.11086791703374584,0.36480992104965215,logloss,0.002592102702575614,0.023564374157873498,20,290,binary:logistic,0.7853899773727241,gpu_hist,COMPLETE
773,0.7480047027994805,0.032808235060631,0.34174744466804474,logloss,0.008395921240918128,0.019146179861928354,17,248,binary:logistic,0.8000247667175193,gpu_hist,COMPLETE
774,0.7447671836783475,0.0053238524384358775,0.32292227385630135,logloss,0.005558141832825237,0.010256053600886408,17,282,binary:logistic,0.8632063768840477,gpu_hist,COMPLETE
775,0.7478593293735962,0.06913223783184604,0.3001371226449618,logloss,0.6305267814595948,0.01742762288161726,17,257,binary:logistic,0.8134791095910605,gpu_hist,COMPLETE
776,0.7482048331698661,0.05684212188688284,0.3366418523954531,logloss,2.379318972840507,0.025056069642919527,11,268,binary:logistic,0.8283371165464937,gpu_hist,COMPLETE
777,0.7290994722431876,0.08589070837883533,0.3716629905048372,logloss,4.272013925523282,0.014005228252721163,3,276,binary:logistic,0.8529386305402806,gpu_hist,COMPLETE
778,0.7478848137569252,0.041545600931403144,0.3495114160960324,logloss,0.06931624295108858,0.020923134270220082,20,260,binary:logistic,0.8957678608188524,gpu_hist,COMPLETE
779,0.7463022257449545,0.06519192285327842,0.3127158958990811,logloss,0.004189114383126644,0.022198288928135537,7,252,binary:logistic,0.8410600441679482,gpu_hist,COMPLETE
780,0.7481053818670265,0.08586989392838802,0.33121408690693177,logloss,0.006214676936199654,0.019427312081408132,17,270,binary:logistic,0.8755416566499807,gpu_hist,COMPLETE
781,0.7461402755506699,0.05334691054204956,0.3202061091843783,logloss,0.003143960461154831,0.03188894894644515,5,282,binary:logistic,0.8203873166209241,gpu_hist,COMPLETE
782,0.7480238635972203,0.10920958353761627,0.3847672502008234,logloss,2.703696523549574,0.02783637707706745,17,262,binary:logistic,0.854740392817404,gpu_hist,COMPLETE
783,0.7483875531198936,0.04500941111318757,0.3548144420450895,logloss,0.002098853471726828,0.024718497922728556,17,275,binary:logistic,0.7743079093572458,gpu_hist,COMPLETE
784,0.7481536356038788,0.003542549548233503,0.5741473175335627,logloss,0.4992316871158095,0.02055021465783035,20,289,binary:logistic,0.80618693219473,gpu_hist,COMPLETE
785,0.7481546095638649,0.0702591441239992,0.3413079628594011,logloss,0.11628168137965816,0.017424621317181383,17,253,binary:logistic,0.8382854376766462,gpu_hist,COMPLETE
786,0.7479443299219601,0.05837282205337526,0.31323894466513375,logloss,1.9780458625953141,0.023090576422654514,11,267,binary:logistic,0.8632474212751771,gpu_hist,COMPLETE
787,0.7470118523517593,0.03668014509640641,0.7202962536452753,logloss,0.7665247662175002,0.026459241910091646,17,243,binary:logistic,0.8250546452397208,gpu_hist,COMPLETE
788,0.7481349928344927,0.07303317378970034,0.36382885033596457,logloss,0.003877121211077034,0.018744325004786698,15,234,binary:logistic,0.8453173175407099,gpu_hist,COMPLETE
789,0.7482488029275358,0.15655110806399664,0.3293749328652077,logloss,0.31193501965801074,0.021364810025494722,17,278,binary:logistic,0.7932276348819135,gpu_hist,COMPLETE
790,0.7476273207413595,0.02973804186914908,0.6588093893540015,logloss,0.00525681770671033,0.023061465612972225,20,258,binary:logistic,0.8331100441118646,gpu_hist,COMPLETE
791,0.7476110601522387,0.13110567021349925,0.3450256044233433,logloss,1.0016114030127288,0.0158078825274955,17,272,binary:logistic,0.8122432756228085,gpu_hist,COMPLETE
792,0.7484738914566853,0.0027318143071916896,0.3002162662550319,logloss,0.004271541553136536,0.02005995445231187,17,247,binary:logistic,0.8582847885530789,gpu_hist,COMPLETE
793,0.7457018493591946,0.0040333613080647856,0.7732562131080007,logloss,0.004576494722798187,0.016290210043920964,9,239,binary:logistic,0.8783190501180231,gpu_hist,COMPLETE
794,0.7472115622148168,0.002784898681363041,0.3106748582333954,logloss,0.0034228400339908122,0.0176558382170305,11,246,binary:logistic,0.8689079478374516,gpu_hist,COMPLETE
795,0.7480033869602296,0.0023988765119159713,0.3003992644037099,logloss,0.0043558194272637265,0.019335859892099124,17,285,binary:logistic,0.8886083563018571,gpu_hist,COMPLETE
796,0.7483334345074614,0.0026812336117753373,0.31388017108758715,logloss,0.0030028968378793177,0.01983066153422099,20,279,binary:logistic,0.8600584018296045,gpu_hist,COMPLETE
797,0.7471463028671055,0.002712070130497033,0.3121384049014666,logloss,0.0063049507160658465,0.014488974908588317,17,294,binary:logistic,0.8768582658870747,gpu_hist,COMPLETE
798,0.7478768530128088,0.004848497863001225,0.3098654770252158,logloss,0.0036778179637569288,0.0182154267768021,17,264,binary:logistic,0.8524366019428615,gpu_hist,COMPLETE
799,0.7483058456426277,0.003101644053994136,0.30081498439360893,logloss,0.005115133024220287,0.020836747937189697,13,271,binary:logistic,0.8681789723100787,gpu_hist,COMPLETE
800,0.7481219447435428,0.0034558516012084327,0.32357590530366237,logloss,0.004404280675174531,0.01818564633486058,17,234,binary:logistic,0.8612969234436981,gpu_hist,COMPLETE
801,0.7478366321189507,0.003113978319763353,0.5264896353113064,logloss,0.007564549472020937,0.016120306425279923,20,247,binary:logistic,0.9003153347076498,gpu_hist,COMPLETE
802,0.748310994669426,0.0023321365651919673,0.3202948603831706,logloss,0.002519076886758957,0.02012837678414241,17,284,binary:logistic,0.8489480284530393,gpu_hist,COMPLETE
803,0.7478879017838156,0.003628589992783531,0.31039882483599834,logloss,0.005674166353620675,0.022062205673119496,11,265,binary:logistic,0.7449160569029196,gpu_hist,COMPLETE
804,0.7481087061948636,0.08622664892124264,0.3252685508839209,logloss,0.00366208946606511,0.01925002106495761,17,274,binary:logistic,0.9434506463959618,gpu_hist,COMPLETE
805,0.7481317474125566,0.09652775076315191,0.3011768065701793,logloss,0.004939476532487915,0.02202866945420815,17,259,binary:logistic,0.8836951714143831,gpu_hist,COMPLETE
806,0.7330944261952584,0.006772751332810198,0.3282843999909243,logloss,0.00694660905835929,0.017606670270272497,3,279,binary:logistic,0.8552062305105672,gpu_hist,COMPLETE
807,0.7482059442427471,0.0751785574988452,0.30037270995839155,logloss,0.009567382643826642,0.020495619166827222,20,269,binary:logistic,0.873989157774927,gpu_hist,COMPLETE
808,0.7483126644738808,0.004126066871846277,0.30013921286550116,logloss,0.0030137907685482994,0.023016555114013175,17,250,binary:logistic,0.8461156270764831,gpu_hist,COMPLETE
809,0.74792923791812,0.06132408824275816,0.3201399270364988,logloss,0.0041376329924617955,0.01913834257592283,17,244,binary:logistic,0.8606189936435389,gpu_hist,COMPLETE
810,0.7477209544010246,0.08530751633376342,0.396727210233731,logloss,0.00570553491559978,0.02114124331885907,11,257,binary:logistic,0.8411807105774385,gpu_hist,COMPLETE
811,0.7477104836713102,0.0027357229692890023,0.3294680312002404,logloss,0.003529583517892625,0.017065132493119698,17,290,binary:logistic,0.7644354042525399,gpu_hist,COMPLETE
812,0.7444119393097852,0.10052239259697052,0.3140164390322684,logloss,0.004531428817645589,0.02425997785812962,5,229,binary:logistic,0.7868962874771557,gpu_hist,COMPLETE
813,0.7464470830873489,0.1212730092174837,0.3372352712673679,logloss,0.006766137841570394,0.022030954531631446,7,264,binary:logistic,0.7317658113076132,gpu_hist,COMPLETE
814,0.7481458251699472,0.07078788394957834,0.3138779136614732,logloss,0.0024488322698881975,0.01948940403073005,20,272,binary:logistic,0.8709592316096173,gpu_hist,COMPLETE
815,0.7475956266858901,0.059442108422898446,0.3269687593614519,logloss,0.01218084321204556,0.015621074760995106,17,281,binary:logistic,0.8549150739437862,gpu_hist,COMPLETE
816,0.7482052592339479,0.6641389317419235,0.3004265422531735,logloss,0.007792547387012973,0.0238083498388253,17,268,binary:logistic,0.8429070220439484,gpu_hist,COMPLETE
817,0.7476892774325725,0.052547401106092115,0.3752524421703191,logloss,0.004985023489082945,0.020535170199118005,20,275,binary:logistic,0.6696169480663914,gpu_hist,COMPLETE
818,0.7482218687871944,0.0021835975688772034,0.3547200248444683,logloss,0.0018880166489815716,0.018855745589777703,17,252,binary:logistic,0.8253530171440927,gpu_hist,COMPLETE
819,0.7470490721819205,0.004247280975374692,0.33654308585989157,logloss,0.0038811157189811,0.025619492340367426,15,101,binary:logistic,0.8685691871488196,gpu_hist,COMPLETE
820,0.7482143231325714,0.08353502403812321,0.31070576849719417,logloss,0.0996177827962866,0.022299193380276833,17,258,binary:logistic,0.8022243645557551,gpu_hist,COMPLETE
821,0.7470043583749446,0.005635301997183653,0.41176861302054035,logloss,0.005895227111461266,0.01704845140227791,11,299,binary:logistic,0.8890863900099202,gpu_hist,COMPLETE
822,0.7482496668638008,0.06235160265321255,0.30009172651193167,logloss,0.004374750788982562,0.027445946813742066,17,286,binary:logistic,0.8372359338083223,gpu_hist,COMPLETE
823,0.7480413068024248,0.0033098940530642473,0.3644042139520137,logloss,0.0029060145814642823,0.020470524362541993,20,262,binary:logistic,0.856853880570863,gpu_hist,COMPLETE
824,0.748046468887594,0.10943189285817383,0.32712867855892497,logloss,0.0035720698386405188,0.02350053155555031,17,240,binary:logistic,0.7740295181291555,gpu_hist,COMPLETE
825,0.7466916720708017,0.18757041033634403,0.34622374200249717,logloss,0.005185271322676868,0.017991967321954423,9,270,binary:logistic,0.8201064772492378,gpu_hist,COMPLETE
826,0.7478600448056212,0.07654883222750802,0.8692510683034346,logloss,0.00862903711093721,0.021439137192571605,17,277,binary:logistic,0.8476364606855399,gpu_hist,COMPLETE
827,0.7475258884558639,0.048640456539596005,0.388638468730488,logloss,0.006689849863127242,0.02464248994978412,17,264,binary:logistic,0.6575335904637792,gpu_hist,COMPLETE
828,0.7469344717795975,0.06609973267158865,0.3175385242261929,logloss,0.1703931624808211,0.015015938655714985,11,255,binary:logistic,0.7950070546978784,gpu_hist,COMPLETE
829,0.748153783830281,0.4516679108657728,0.33748150757494716,logloss,0.0031184877164137335,0.019065326437461366,20,280,binary:logistic,0.8330776026121027,gpu_hist,COMPLETE
830,0.7482825807656026,0.09039804669621586,0.3190289196741949,logloss,0.004449665882991626,0.021998957832855416,17,249,binary:logistic,0.8133125181731427,gpu_hist,COMPLETE
831,0.7482358199895218,0.057428526852699516,0.35642277563103314,logloss,0.00574059956235717,0.02963940671975289,13,270,binary:logistic,0.8660760524082336,gpu_hist,COMPLETE
832,0.745350454292765,0.07218225270909097,0.37512644570107967,logloss,0.04042105612774524,0.04348359936445599,17,262,binary:logistic,0.87873060370378,gpu_hist,COMPLETE
833,0.7474329221623052,0.1332321991059128,0.4927088167602997,logloss,0.40583341098093567,0.02579733712635726,17,275,binary:logistic,0.8486884777456543,gpu_hist,COMPLETE
834,0.7469785457263971,0.0018558062888132216,0.3322870334060331,logloss,0.12485699942799607,0.02018446556804557,20,192,binary:logistic,0.4301575286816562,gpu_hist,COMPLETE
835,0.7479968205445086,0.00892345355633377,0.34446413111117913,logloss,0.06248959211499861,0.023437986468486792,17,285,binary:logistic,0.8269250866965129,gpu_hist,COMPLETE
836,0.7470485662395059,0.1092194122579418,0.31335630976446305,logloss,1.390360548006276,0.016713612497593427,11,293,binary:logistic,0.860219452354764,gpu_hist,COMPLETE
837,0.7336451545157707,0.05171623437965418,0.3231470504003999,logloss,0.003973827193330056,0.018232077433853407,3,256,binary:logistic,0.8377678794475146,gpu_hist,COMPLETE
838,0.7416512224317928,0.002854948536797231,0.3582746408954461,logloss,0.00524543872663821,0.021021512253548032,17,12,binary:logistic,0.8055732392374252,gpu_hist,COMPLETE
839,0.7373531536836435,0.07619879760383827,0.3342988287666324,logloss,0.0026485189278144636,0.0055353121392847995,17,268,binary:logistic,0.8472363695729951,gpu_hist,COMPLETE
840,0.7479557151543973,0.04494406567503049,0.30064898322897193,logloss,0.08375314279605314,0.036315421869782316,7,244,binary:logistic,0.786175580023705,gpu_hist,COMPLETE
841,0.7478575559356869,0.004615927920361091,0.3139386033306062,logloss,0.027879097712388716,0.027678684666186688,20,277,binary:logistic,0.8136908424382356,gpu_hist,COMPLETE
842,0.7482973961820328,0.06090983520838599,0.34586242173662696,logloss,9.706608128416784,0.022968812864049355,17,261,binary:logistic,0.8339756241809674,gpu_hist,COMPLETE
843,0.7444732478056917,0.08162608291439431,0.3664166652079023,logloss,0.010149751269005493,0.025240499449894274,5,251,binary:logistic,0.8586474948575509,gpu_hist,COMPLETE
844,0.7437992013699818,0.1004529781431553,0.32665101553309234,logloss,0.051140164182138334,0.009101745073749818,17,272,binary:logistic,0.9049131545605117,gpu_hist,COMPLETE
845,0.7474045354865744,0.06943428692549825,0.3903249757263748,logloss,0.001600023831649877,0.01963561605687631,17,115,binary:logistic,0.8870655658920733,gpu_hist,COMPLETE
846,0.747913753607476,0.0036306139413548946,0.31281017233718333,logloss,0.0035675655099731097,0.021909046069213053,11,283,binary:logistic,0.8227102422980814,gpu_hist,COMPLETE
847,0.7482303296391342,0.0024645682925426063,0.337196987008157,logloss,0.00105222829106089,0.018485583425862095,20,267,binary:logistic,0.8750783725467476,gpu_hist,COMPLETE
848,0.7483748539930695,0.052581885420735844,0.3490621164684882,logloss,0.0077494980940358265,0.02074598478591805,17,258,binary:logistic,0.8430375017873443,gpu_hist,COMPLETE
849,0.7481042153655284,0.06220963070296869,0.3762848483695673,logloss,0.006705956159241743,0.023881454956318236,17,288,binary:logistic,0.7984022639849259,gpu_hist,COMPLETE
850,0.732536114156361,0.09271338987397701,0.3219354921001882,logloss,0.004253423834017443,0.0032583250737173845,17,236,binary:logistic,0.92614050715976,gpu_hist,COMPLETE
851,0.7475081836664841,0.15837857397183125,0.30011063925481646,logloss,1.7015396998437953,0.01639137454829797,15,274,binary:logistic,0.8600378676828287,gpu_hist,COMPLETE
852,0.7482230732135358,0.002118795213517453,0.33336308152277394,logloss,0.01936121291866575,0.026023588052322365,20,264,binary:logistic,0.8342805390002768,gpu_hist,COMPLETE
853,0.7474752753214358,0.04240985861528125,0.35847038258077424,logloss,0.005834925721176187,0.02908311214660068,17,248,binary:logistic,0.76029745676559,gpu_hist,COMPLETE
854,0.7475647129375439,0.04984025428907613,0.3132739152355,logloss,4.33357044945147,0.01996255535107358,11,279,binary:logistic,0.8189151584005059,gpu_hist,COMPLETE
855,0.7482124659266017,0.07284009414377997,0.32563899566580967,logloss,0.0033395502337931317,0.022261051826183882,17,254,binary:logistic,0.8489402216782517,gpu_hist,COMPLETE
856,0.7480198267546538,0.12641227160592394,0.34823621657393855,logloss,0.0049731724173090325,0.018137837245449914,17,268,binary:logistic,0.7788118542751776,gpu_hist,COMPLETE
857,0.7291537660322771,0.09081355670554885,0.30043650666951965,logloss,0.0024066927119483915,0.0020002055398840347,20,261,binary:logistic,0.8709315907241518,gpu_hist,COMPLETE
858,0.7474141896513484,0.06003939898417212,0.4008143674615227,logloss,0.006464158568555065,0.023658158722413992,9,242,binary:logistic,0.806110045471238,gpu_hist,COMPLETE
859,0.741325372734063,0.006517395759640879,0.3681281687946322,logloss,0.0045762709872471455,0.061316769388818394,17,272,binary:logistic,0.8278724465985561,gpu_hist,COMPLETE
860,0.747765385924918,0.0722373813481427,0.3385788430013133,logloss,0.015206642255347983,0.03197347879622288,17,282,binary:logistic,0.850141366248862,gpu_hist,COMPLETE
861,0.7482242201274774,0.003272036347011183,0.3130750628129975,logloss,0.0038073371306643934,0.020938946349027054,13,265,binary:logistic,0.7223192206302708,gpu_hist,COMPLETE
862,0.7466521868911193,0.0451855449342709,0.3187394898288737,logloss,3.588763682755898,0.013002199063693067,17,255,binary:logistic,0.9593513698809062,gpu_hist,COMPLETE
863,0.7480505314301459,0.054664460617206576,0.3326737432222581,logloss,0.0027943136285458066,0.026278033106559698,11,276,binary:logistic,0.8636587808888049,gpu_hist,COMPLETE
864,0.7481321447204384,0.26660694848576383,0.3829840967117939,logloss,2.3182790078673285,0.01763386592678419,20,290,binary:logistic,0.752879732650416,gpu_hist,COMPLETE
865,0.748147991053579,0.0168210345401359,0.355400888316485,logloss,0.0079246303989753,0.022151869703730898,17,214,binary:logistic,0.8390034760624077,gpu_hist,COMPLETE
866,0.7482520554343328,0.08382128192306781,0.32337175646264654,logloss,0.005043993828722084,0.019186857855349775,17,269,binary:logistic,0.8127375316483295,gpu_hist,COMPLETE
867,0.7483400892755645,0.06456419984869126,0.3402151826890346,logloss,0.07162467942578717,0.024554305569044477,17,259,binary:logistic,0.7921336251122962,gpu_hist,COMPLETE
868,0.7352915764292368,0.10676996501164937,0.8033504572100949,logloss,0.2624873802286018,0.020407250478792844,3,246,binary:logistic,0.8261102954789245,gpu_hist,COMPLETE
869,0.7478450351806529,0.004289567652126511,0.3684739816158213,logloss,4.890996679011923,0.01568257356195859,20,280,binary:logistic,0.8947546332917984,gpu_hist,COMPLETE
870,0.748128780800732,0.0017773529319012387,0.3120757966872696,logloss,1.9696882008696661,0.022359413294191156,17,263,binary:logistic,0.8825948289169486,gpu_hist,COMPLETE
871,0.7477054377222909,0.002655320196817598,0.30042258851910564,logloss,0.003229566796218849,0.018823836709521133,11,271,binary:logistic,0.8517312884487023,gpu_hist,COMPLETE
872,0.7479031622962087,0.07723696597661267,0.34911546108045627,logloss,0.0020822371735206954,0.024855905890582747,17,250,binary:logistic,0.8389941863859864,gpu_hist,COMPLETE
873,0.7468045590481542,0.054535141024316405,0.3265362325936807,logloss,1.1750413727110238,0.02834588677719612,7,283,binary:logistic,0.5691928401865101,gpu_hist,COMPLETE
874,0.7428472577973498,0.013268992192903098,0.3140896152500657,logloss,0.10203048163390448,0.020660614506542628,5,257,binary:logistic,0.8620893924875878,gpu_hist,COMPLETE
875,0.7480739036914341,0.03938367698306677,0.4179938289774327,logloss,0.006092570164640632,0.017518236452677555,17,276,binary:logistic,0.8204175069625174,gpu_hist,COMPLETE
876,0.7473516168550804,0.005006389436408768,0.3360124169071176,logloss,0.004179663648338694,0.014208427129769328,20,267,binary:logistic,0.8731239539384272,gpu_hist,COMPLETE
877,0.7482668697394123,0.0989247142786501,0.3638650543252524,logloss,0.14499943064139745,0.02299124751766625,17,294,binary:logistic,0.8413065309218355,gpu_hist,COMPLETE
878,0.7476455432812552,0.001014051740105942,0.3488503765125681,logloss,0.005401161786742791,0.027326511637890967,17,288,binary:logistic,0.8059543922421291,gpu_hist,COMPLETE
879,0.7478621191417376,0.07001091762483885,0.31202713618652755,logloss,8.07498563547568,0.019657966170469922,11,273,binary:logistic,0.7712523804404859,gpu_hist,COMPLETE
880,0.7482253356457611,0.1424611500951271,0.38011459079956605,logloss,0.00994053670980889,0.0220018777895746,17,262,binary:logistic,0.8550959185015792,gpu_hist,COMPLETE
881,0.7479909762289167,0.047010924808313106,0.3256269788609631,logloss,0.0071197500517679955,0.02496255315155282,20,227,binary:logistic,0.8280393630186426,gpu_hist,COMPLETE
882,0.7475176408443431,0.06154605260435029,0.33691522911924215,logloss,3.395019353047043,0.016069161021386048,17,250,binary:logistic,0.7845502870892672,gpu_hist,COMPLETE
883,0.7480181256934602,0.0859370103862129,0.30060838875093165,logloss,0.004567042134377825,0.02341312598993847,15,254,binary:logistic,0.7065853340379425,gpu_hist,COMPLETE
884,0.7482496772827136,0.003432109145985847,0.3563488520771364,logloss,2.124761869330926,0.018650613439271452,17,266,binary:logistic,0.8474038360849095,gpu_hist,COMPLETE
885,0.748220591567381,0.11275442577354118,0.3243122075390814,logloss,0.003584477971693974,0.021096581227655908,17,277,binary:logistic,0.8639044934342618,gpu_hist,COMPLETE
886,0.7422501710097169,0.010532565806616382,0.30014684350035853,logloss,0.008783795731958286,0.007689144118415378,20,238,binary:logistic,0.8138506049064215,gpu_hist,COMPLETE
887,0.748111592233761,0.053359676480281566,0.33917333144808104,logloss,2.5079780638526583,0.02658706444680101,17,284,binary:logistic,0.8348483657413681,gpu_hist,COMPLETE
888,0.7480542297274999,0.002113962526605517,0.3153567558859434,logloss,0.0027861596897369896,0.031092124992165297,11,271,binary:logistic,0.8845735323834625,gpu_hist,COMPLETE
889,0.7464114017833388,0.06863132862888603,0.3883587076370654,logloss,0.005823272497959121,0.017275913851935446,9,257,binary:logistic,0.7992787421339844,gpu_hist,COMPLETE
890,0.7482561725719887,0.08612875327518499,0.36372326813964695,logloss,1.6670247216278733,0.020033228690570126,17,263,binary:logistic,0.7388049569818461,gpu_hist,COMPLETE
891,0.7483539408730839,0.042848416499428076,0.34636538245976634,logloss,0.004593926818647585,0.023151482994343317,17,279,binary:logistic,0.8519984219397426,gpu_hist,COMPLETE
