Trial 58 finished with value: 0.7506636669062138 and parameters: {'C': 0.5220415386761859}. Best is trial 35 with value: 0.7506636594045965.
sklearn.linear_model.LogisticRegression.fit: running accelerated version on CPU
sklearn.linear_model.LogisticRegression.predict: running accelerated version on CPU
sklearn.metrics.roc_auc_score: running accelerated version on CPU
Trial 59 finished with value: 0.7506636674618892 and parameters: {'C': 0.4747424820030899}. Best is trial 35 with value: 0.7506636594045965.
sklearn.linear_model.LogisticRegression.fit: running accelerated version on CPU
sklearn.linear_model.LogisticRegression.predict: running accelerated version on CPU
sklearn.metrics.roc_auc_score: running accelerated version on CPU
Trial 60 finished with value: 0.7506636607937848 and parameters: {'C': 0.6069048778289265}. Best is trial 35 with value: 0.7506636594045965.
sklearn.linear_model.LogisticRegression.fit: running accelerated version on CPU
sklearn.linear_model.LogisticRegression.predict: running accelerated version on CPU
sklearn.metrics.roc_auc_score: running accelerated version on CPU
Trial 61 finished with value: 0.750663663294324 and parameters: {'C': 0.6035242423424317}. Best is trial 35 with value: 0.7506636594045965.
sklearn.linear_model.LogisticRegression.fit: running accelerated version on CPU
sklearn.linear_model.LogisticRegression.predict: running accelerated version on CPU
sklearn.metrics.roc_auc_score: running accelerated version on CPU
Trial 62 finished with value: 0.7506636738521558 and parameters: {'C': 0.6677414525243421}. Best is trial 35 with value: 0.7506636594045965.
sklearn.linear_model.LogisticRegression.fit: running accelerated version on CPU
sklearn.linear_model.LogisticRegression.predict: running accelerated version on CPU
sklearn.metrics.roc_auc_score: running accelerated version on CPU
Trial 63 finished with value: 0.7506636627386486 and parameters: {'C': 0.6229630911780152}. Best is trial 35 with value: 0.7506636594045965.
sklearn.linear_model.LogisticRegression.fit: running accelerated version on CPU
sklearn.linear_model.LogisticRegression.predict: running accelerated version on CPU
sklearn.metrics.roc_auc_score: running accelerated version on CPU
Trial 64 finished with value: 0.7506636763526949 and parameters: {'C': 0.426089819380439}. Best is trial 35 with value: 0.7506636594045965.
sklearn.linear_model.LogisticRegression.fit: running accelerated version on CPU
sklearn.linear_model.LogisticRegression.predict: running accelerated version on CPU
sklearn.metrics.roc_auc_score: running accelerated version on CPU
Trial 65 finished with value: 0.7506636824651238 and parameters: {'C': 0.8139445789611804}. Best is trial 35 with value: 0.7506636594045965.
sklearn.linear_model.LogisticRegression.fit: running accelerated version on CPU
sklearn.linear_model.LogisticRegression.predict: running accelerated version on CPU
sklearn.metrics.roc_auc_score: running accelerated version on CPU
Trial 66 finished with value: 0.7506636741299935 and parameters: {'C': 0.5393374564352643}. Best is trial 35 with value: 0.7506636594045965.
sklearn.linear_model.LogisticRegression.fit: running accelerated version on CPU
sklearn.linear_model.LogisticRegression.predict: running accelerated version on CPU
sklearn.metrics.roc_auc_score: running accelerated version on CPU
Trial 67 finished with value: 0.7506636707959413 and parameters: {'C': 0.6534324046924822}. Best is trial 35 with value: 0.7506636594045965.
sklearn.linear_model.LogisticRegression.fit: running accelerated version on CPU
sklearn.linear_model.LogisticRegression.predict: running accelerated version on CPU
sklearn.metrics.roc_auc_score: running accelerated version on CPU
Trial 68 finished with value: 0.7506636721851296 and parameters: {'C': 0.5774041589333228}. Best is trial 35 with value: 0.7506636594045965.
sklearn.linear_model.LogisticRegression.fit: running accelerated version on CPU
sklearn.linear_model.LogisticRegression.predict: running accelerated version on CPU
sklearn.metrics.roc_auc_score: running accelerated version on CPU
Trial 69 finished with value: 0.7506636702402659 and parameters: {'C': 0.3125949145920942}. Best is trial 35 with value: 0.7506636594045965.
sklearn.linear_model.LogisticRegression.fit: running accelerated version on CPU
sklearn.linear_model.LogisticRegression.predict: running accelerated version on CPU
sklearn.metrics.roc_auc_score: running accelerated version on CPU
Trial 70 finished with value: 0.750663685799176 and parameters: {'C': 0.7204347032129521}. Best is trial 35 with value: 0.7506636594045965.
sklearn.linear_model.LogisticRegression.fit: running accelerated version on CPU
sklearn.linear_model.LogisticRegression.predict: running accelerated version on CPU
sklearn.metrics.roc_auc_score: running accelerated version on CPU
Trial 71 finished with value: 0.7506636630164862 and parameters: {'C': 0.6360731107622718}. Best is trial 35 with value: 0.7506636594045965.
sklearn.linear_model.LogisticRegression.fit: running accelerated version on CPU
sklearn.linear_model.LogisticRegression.predict: running accelerated version on CPU
sklearn.metrics.roc_auc_score: running accelerated version on CPU
Trial 72 finished with value: 0.750663663294324 and parameters: {'C': 0.5963090763007858}. Best is trial 35 with value: 0.7506636594045965.
sklearn.linear_model.LogisticRegression.fit: running accelerated version on CPU
sklearn.linear_model.LogisticRegression.predict: running accelerated version on CPU
sklearn.metrics.roc_auc_score: running accelerated version on CPU
Trial 73 finished with value: 0.7506636846878253 and parameters: {'C': 0.6860784441890374}. Best is trial 35 with value: 0.7506636594045965.
sklearn.linear_model.LogisticRegression.fit: running accelerated version on CPU
sklearn.linear_model.LogisticRegression.predict: running accelerated version on CPU
sklearn.metrics.roc_auc_score: running accelerated version on CPU
Trial 74 finished with value: 0.7506636644056747 and parameters: {'C': 0.6239619239020726}. Best is trial 35 with value: 0.7506636594045965.
sklearn.linear_model.LogisticRegression.fit: running accelerated version on CPU
sklearn.linear_model.LogisticRegression.predict: running accelerated version on CPU
sklearn.metrics.roc_auc_score: running accelerated version on CPU
Trial 75 finished with value: 0.7506636766305326 and parameters: {'C': 0.5137691550225115}. Best is trial 35 with value: 0.7506636594045965.
sklearn.linear_model.LogisticRegression.fit: running accelerated version on CPU
sklearn.linear_model.LogisticRegression.predict: running accelerated version on CPU
sklearn.metrics.roc_auc_score: running accelerated version on CPU
Trial 76 finished with value: 0.7506636713516166 and parameters: {'C': 0.46477868513799947}. Best is trial 35 with value: 0.7506636594045965.
sklearn.linear_model.LogisticRegression.fit: running accelerated version on CPU
sklearn.linear_model.LogisticRegression.predict: running accelerated version on CPU
sklearn.metrics.roc_auc_score: running accelerated version on CPU
Trial 77 finished with value: 0.7506636785753963 and parameters: {'C': 0.5570155977090994}. Best is trial 35 with value: 0.7506636594045965.
sklearn.linear_model.LogisticRegression.fit: running accelerated version on CPU
sklearn.linear_model.LogisticRegression.predict: running accelerated version on CPU
sklearn.metrics.roc_auc_score: running accelerated version on CPU
Trial 78 finished with value: 0.7506636899667412 and parameters: {'C': 0.38128198528692536}. Best is trial 35 with value: 0.7506636594045965.
sklearn.linear_model.LogisticRegression.fit: running accelerated version on CPU
sklearn.linear_model.LogisticRegression.predict: running accelerated version on CPU
sklearn.metrics.roc_auc_score: running accelerated version on CPU
Trial 79 finished with value: 0.7506636674618892 and parameters: {'C': 0.6487640882495487}. Best is trial 35 with value: 0.7506636594045965.
sklearn.linear_model.LogisticRegression.fit: running accelerated version on CPU
sklearn.linear_model.LogisticRegression.predict: running accelerated version on CPU
sklearn.metrics.roc_auc_score: running accelerated version on CPU
Trial 80 finished with value: 0.7506636630164862 and parameters: {'C': 0.6083004510400577}. Best is trial 35 with value: 0.7506636594045965.
sklearn.linear_model.LogisticRegression.fit: running accelerated version on CPU
sklearn.linear_model.LogisticRegression.predict: running accelerated version on CPU
sklearn.metrics.roc_auc_score: running accelerated version on CPU
Trial 81 finished with value: 0.7506636816316108 and parameters: {'C': 0.6757570769495451}. Best is trial 35 with value: 0.7506636594045965.
sklearn.linear_model.LogisticRegression.fit: running accelerated version on CPU
sklearn.linear_model.LogisticRegression.predict: running accelerated version on CPU
sklearn.metrics.roc_auc_score: running accelerated version on CPU
Trial 82 finished with value: 0.7506636646835123 and parameters: {'C': 0.6322383564750756}. Best is trial 35 with value: 0.7506636594045965.
sklearn.linear_model.LogisticRegression.fit: running accelerated version on CPU
sklearn.linear_model.LogisticRegression.predict: running accelerated version on CPU
sklearn.metrics.roc_auc_score: running accelerated version on CPU
Trial 83 finished with value: 0.7506636713516166 and parameters: {'C': 0.5690111021601213}. Best is trial 35 with value: 0.7506636594045965.
sklearn.linear_model.LogisticRegression.fit: running accelerated version on CPU
sklearn.linear_model.LogisticRegression.predict: running accelerated version on CPU
sklearn.metrics.roc_auc_score: running accelerated version on CPU
Trial 84 finished with value: 0.7506636952456571 and parameters: {'C': 0.7624800471574114}. Best is trial 35 with value: 0.7506636594045965.
sklearn.linear_model.LogisticRegression.fit: running accelerated version on CPU
sklearn.linear_model.LogisticRegression.predict: running accelerated version on CPU
sklearn.metrics.roc_auc_score: running accelerated version on CPU
Trial 85 finished with value: 0.7506636646835123 and parameters: {'C': 0.49620155470268823}. Best is trial 35 with value: 0.7506636594045965.
sklearn.linear_model.LogisticRegression.fit: running accelerated version on CPU
sklearn.linear_model.LogisticRegression.predict: running accelerated version on CPU
sklearn.metrics.roc_auc_score: running accelerated version on CPU
Trial 86 finished with value: 0.7506636888553905 and parameters: {'C': 0.7121656269768588}. Best is trial 35 with value: 0.7506636594045965.
sklearn.linear_model.LogisticRegression.fit: running accelerated version on CPU
sklearn.linear_model.LogisticRegression.predict: running accelerated version on CPU
sklearn.metrics.roc_auc_score: running accelerated version on CPU
Trial 87 finished with value: 0.7506636752413441 and parameters: {'C': 0.5380425657551323}. Best is trial 35 with value: 0.7506636594045965.
sklearn.linear_model.LogisticRegression.fit: running accelerated version on CPU
sklearn.linear_model.LogisticRegression.predict: running accelerated version on CPU
sklearn.metrics.roc_auc_score: running accelerated version on CPU
Trial 88 finished with value: 0.7506636602381095 and parameters: {'C': 0.4486977367689249}. Best is trial 35 with value: 0.7506636594045965.
sklearn.linear_model.LogisticRegression.fit: running accelerated version on CPU
sklearn.linear_model.LogisticRegression.predict: running accelerated version on CPU
sklearn.metrics.roc_auc_score: running accelerated version on CPU
Trial 89 finished with value: 0.7506636805202601 and parameters: {'C': 0.4068073697189076}. Best is trial 35 with value: 0.7506636594045965.
sklearn.linear_model.LogisticRegression.fit: running accelerated version on CPU
sklearn.linear_model.LogisticRegression.predict: running accelerated version on CPU
sklearn.metrics.roc_auc_score: running accelerated version on CPU
Trial 90 finished with value: 0.750663656348382 and parameters: {'C': 0.4495701613476097}. Best is trial 90 with value: 0.750663656348382.
sklearn.linear_model.LogisticRegression.fit: running accelerated version on CPU
sklearn.linear_model.LogisticRegression.predict: running accelerated version on CPU
sklearn.metrics.roc_auc_score: running accelerated version on CPU
Trial 91 finished with value: 0.7506636738521558 and parameters: {'C': 0.44157560539142665}. Best is trial 90 with value: 0.750663656348382.
sklearn.linear_model.LogisticRegression.fit: running accelerated version on CPU
sklearn.linear_model.LogisticRegression.predict: running accelerated version on CPU
sklearn.metrics.roc_auc_score: running accelerated version on CPU
Trial 92 finished with value: 0.7506636663505384 and parameters: {'C': 0.4593816174273667}. Best is trial 90 with value: 0.750663656348382.
sklearn.linear_model.LogisticRegression.fit: running accelerated version on CPU
sklearn.linear_model.LogisticRegression.predict: running accelerated version on CPU
sklearn.metrics.roc_auc_score: running accelerated version on CPU
Trial 93 finished with value: 0.7506636846878253 and parameters: {'C': 0.3562409256719561}. Best is trial 90 with value: 0.750663656348382.
sklearn.linear_model.LogisticRegression.fit: running accelerated version on CPU
sklearn.linear_model.LogisticRegression.predict: running accelerated version on CPU
sklearn.metrics.roc_auc_score: running accelerated version on CPU
Trial 94 finished with value: 0.7506636619051356 and parameters: {'C': 0.4824564245462742}. Best is trial 90 with value: 0.750663656348382.
sklearn.linear_model.LogisticRegression.fit: running accelerated version on CPU
sklearn.linear_model.LogisticRegression.predict: running accelerated version on CPU
sklearn.metrics.roc_auc_score: running accelerated version on CPU
Trial 95 finished with value: 0.7506636685732399 and parameters: {'C': 0.5110580545544845}. Best is trial 90 with value: 0.750663656348382.
sklearn.linear_model.LogisticRegression.fit: running accelerated version on CPU
sklearn.linear_model.LogisticRegression.predict: running accelerated version on CPU
sklearn.metrics.roc_auc_score: running accelerated version on CPU
Trial 96 finished with value: 0.7506636619051356 and parameters: {'C': 0.47937398009768256}. Best is trial 90 with value: 0.750663656348382.
sklearn.linear_model.LogisticRegression.fit: running accelerated version on CPU
sklearn.linear_model.LogisticRegression.predict: running accelerated version on CPU
sklearn.metrics.roc_auc_score: running accelerated version on CPU
Trial 97 finished with value: 0.750663678853234 and parameters: {'C': 0.3352004613849106}. Best is trial 90 with value: 0.750663656348382.
sklearn.linear_model.LogisticRegression.fit: running accelerated version on CPU
sklearn.linear_model.LogisticRegression.predict: running accelerated version on CPU
sklearn.metrics.roc_auc_score: running accelerated version on CPU
Trial 98 finished with value: 0.7506636627386486 and parameters: {'C': 0.48782685997351877}. Best is trial 90 with value: 0.750663656348382.
sklearn.linear_model.LogisticRegression.fit: running accelerated version on CPU
sklearn.linear_model.LogisticRegression.predict: running accelerated version on CPU
sklearn.metrics.roc_auc_score: running accelerated version on CPU
Trial 99 finished with value: 0.7506636744078311 and parameters: {'C': 0.43152987415411737}. Best is trial 90 with value: 0.750663656348382.
sklearn.linear_model.LogisticRegression.fit: running accelerated version on CPU
sklearn.linear_model.LogisticRegression.predict: running accelerated version on CPU
sklearn.metrics.roc_auc_score: running accelerated version on CPU
Trial 100 finished with value: 0.7506636713516166 and parameters: {'C': 0.40051072928622866}. Best is trial 90 with value: 0.750663656348382.
sklearn.linear_model.LogisticRegression.fit: running accelerated version on CPU
sklearn.linear_model.LogisticRegression.predict: running accelerated version on CPU
sklearn.metrics.roc_auc_score: running accelerated version on CPU
Trial 101 finished with value: 0.750663671073779 and parameters: {'C': 0.4631279211042516}. Best is trial 90 with value: 0.750663656348382.
sklearn.linear_model.LogisticRegression.fit: running accelerated version on CPU
sklearn.linear_model.LogisticRegression.predict: running accelerated version on CPU
sklearn.metrics.roc_auc_score: running accelerated version on CPU
Trial 102 finished with value: 0.7506636627386486 and parameters: {'C': 0.48332285980738227}. Best is trial 90 with value: 0.750663656348382.
sklearn.linear_model.LogisticRegression.fit: running accelerated version on CPU
sklearn.linear_model.LogisticRegression.predict: running accelerated version on CPU
sklearn.metrics.roc_auc_score: running accelerated version on CPU
Trial 103 finished with value: 0.7506636730186427 and parameters: {'C': 0.5296783699273154}. Best is trial 90 with value: 0.750663656348382.
sklearn.linear_model.LogisticRegression.fit: running accelerated version on CPU
sklearn.linear_model.LogisticRegression.predict: running accelerated version on CPU
sklearn.metrics.roc_auc_score: running accelerated version on CPU
Trial 104 finished with value: 0.7506636827429615 and parameters: {'C': 0.41168518418272704}. Best is trial 90 with value: 0.750663656348382.
sklearn.linear_model.LogisticRegression.fit: running accelerated version on CPU
sklearn.linear_model.LogisticRegression.predict: running accelerated version on CPU
sklearn.metrics.roc_auc_score: running accelerated version on CPU
Trial 105 finished with value: 0.7506636630164862 and parameters: {'C': 0.5867470410068376}. Best is trial 90 with value: 0.750663656348382.
sklearn.linear_model.LogisticRegression.fit: running accelerated version on CPU
sklearn.linear_model.LogisticRegression.predict: running accelerated version on CPU
sklearn.metrics.roc_auc_score: running accelerated version on CPU
Trial 106 finished with value: 0.7506636694067529 and parameters: {'C': 0.4434363367640416}. Best is trial 90 with value: 0.750663656348382.
sklearn.linear_model.LogisticRegression.fit: running accelerated version on CPU
sklearn.linear_model.LogisticRegression.predict: running accelerated version on CPU
sklearn.metrics.roc_auc_score: running accelerated version on CPU
Trial 107 finished with value: 0.7506636782975586 and parameters: {'C': 0.5539979906761654}. Best is trial 90 with value: 0.750663656348382.
sklearn.linear_model.LogisticRegression.fit: running accelerated version on CPU
sklearn.linear_model.LogisticRegression.predict: running accelerated version on CPU
sklearn.metrics.roc_auc_score: running accelerated version on CPU
Trial 108 finished with value: 0.7506636777418833 and parameters: {'C': 0.5146493961539091}. Best is trial 90 with value: 0.750663656348382.
sklearn.linear_model.LogisticRegression.fit: running accelerated version on CPU
sklearn.linear_model.LogisticRegression.predict: running accelerated version on CPU
sklearn.metrics.roc_auc_score: running accelerated version on CPU
Trial 109 finished with value: 0.7506636877440398 and parameters: {'C': 0.38525063180753893}. Best is trial 90 with value: 0.750663656348382.
sklearn.linear_model.LogisticRegression.fit: running accelerated version on CPU
sklearn.linear_model.LogisticRegression.predict: running accelerated version on CPU
sklearn.metrics.roc_auc_score: running accelerated version on CPU
Trial 110 finished with value: 0.750663686632689 and parameters: {'C': 0.35285367747509044}. Best is trial 90 with value: 0.750663656348382.
sklearn.linear_model.LogisticRegression.fit: running accelerated version on CPU
sklearn.linear_model.LogisticRegression.predict: running accelerated version on CPU
sklearn.metrics.roc_auc_score: running accelerated version on CPU
Trial 111 finished with value: 0.7506636621829732 and parameters: {'C': 0.4806397657139026}. Best is trial 90 with value: 0.750663656348382.
sklearn.linear_model.LogisticRegression.fit: running accelerated version on CPU
sklearn.linear_model.LogisticRegression.predict: running accelerated version on CPU
sklearn.metrics.roc_auc_score: running accelerated version on CPU
Trial 112 finished with value: 0.7506636616272979 and parameters: {'C': 0.4542038539541142}. Best is trial 90 with value: 0.750663656348382.
sklearn.linear_model.LogisticRegression.fit: running accelerated version on CPU
sklearn.linear_model.LogisticRegression.predict: running accelerated version on CPU
sklearn.metrics.roc_auc_score: running accelerated version on CPU
Trial 113 finished with value: 0.7506636566262196 and parameters: {'C': 0.45059695666281924}. Best is trial 90 with value: 0.750663656348382.
sklearn.linear_model.LogisticRegression.fit: running accelerated version on CPU
sklearn.linear_model.LogisticRegression.predict: running accelerated version on CPU
sklearn.metrics.roc_auc_score: running accelerated version on CPU
Trial 114 finished with value: 0.7506636810759354 and parameters: {'C': 0.4191137344320047}. Best is trial 90 with value: 0.750663656348382.
sklearn.linear_model.LogisticRegression.fit: running accelerated version on CPU
sklearn.linear_model.LogisticRegression.predict: running accelerated version on CPU
sklearn.metrics.roc_auc_score: running accelerated version on CPU
Trial 115 finished with value: 0.7506636585710834 and parameters: {'C': 0.4491057773987086}. Best is trial 90 with value: 0.750663656348382.
sklearn.linear_model.LogisticRegression.fit: running accelerated version on CPU
sklearn.linear_model.LogisticRegression.predict: running accelerated version on CPU
sklearn.metrics.roc_auc_score: running accelerated version on CPU
Trial 116 finished with value: 0.7506636646835123 and parameters: {'C': 0.4536256701274633}. Best is trial 90 with value: 0.750663656348382.
sklearn.linear_model.LogisticRegression.fit: running accelerated version on CPU
sklearn.linear_model.LogisticRegression.predict: running accelerated version on CPU
sklearn.metrics.roc_auc_score: running accelerated version on CPU
