Trial 784 finished with value: 0.7481536356038788 and parameters: {'objective': 'binary:logistic', 'tree_method': 'gpu_hist', 'lambda': 0.4992316871158095, 'alpha': 0.003542549548233503, 'colsample_bytree': 0.5741473175335627, 'subsample': 0.80618693219473, 'learning_rate': 0.02055021465783035, 'max_depth': 20, 'min_child_weight': 289, 'eval_metric': 'logloss'}. Best is trial 362 with value: 0.7486883567232341.
start listen on 192.168.1.101:48387
@tracker All of 4 nodes getting started
@tracker All nodes finishes job
Trial 785 finished with value: 0.7481546095638649 and parameters: {'objective': 'binary:logistic', 'tree_method': 'gpu_hist', 'lambda': 0.11628168137965816, 'alpha': 0.0702591441239992, 'colsample_bytree': 0.3413079628594011, 'subsample': 0.8382854376766462, 'learning_rate': 0.017424621317181383, 'max_depth': 17, 'min_child_weight': 253, 'eval_metric': 'logloss'}. Best is trial 362 with value: 0.7486883567232341.
start listen on 192.168.1.101:48353
@tracker All of 4 nodes getting started
@tracker All nodes finishes job
Trial 786 finished with value: 0.7479443299219601 and parameters: {'objective': 'binary:logistic', 'tree_method': 'gpu_hist', 'lambda': 1.9780458625953141, 'alpha': 0.05837282205337526, 'colsample_bytree': 0.31323894466513375, 'subsample': 0.8632474212751771, 'learning_rate': 0.023090576422654514, 'max_depth': 11, 'min_child_weight': 267, 'eval_metric': 'logloss'}. Best is trial 362 with value: 0.7486883567232341.
start listen on 192.168.1.101:39161
@tracker All of 4 nodes getting started
@tracker All nodes finishes job
Trial 787 finished with value: 0.7470118523517593 and parameters: {'objective': 'binary:logistic', 'tree_method': 'gpu_hist', 'lambda': 0.7665247662175002, 'alpha': 0.03668014509640641, 'colsample_bytree': 0.7202962536452753, 'subsample': 0.8250546452397208, 'learning_rate': 0.026459241910091646, 'max_depth': 17, 'min_child_weight': 243, 'eval_metric': 'logloss'}. Best is trial 362 with value: 0.7486883567232341.
start listen on 192.168.1.101:60931
@tracker All of 4 nodes getting started
@tracker All nodes finishes job
Trial 788 finished with value: 0.7481349928344927 and parameters: {'objective': 'binary:logistic', 'tree_method': 'gpu_hist', 'lambda': 0.003877121211077034, 'alpha': 0.07303317378970034, 'colsample_bytree': 0.36382885033596457, 'subsample': 0.8453173175407099, 'learning_rate': 0.018744325004786698, 'max_depth': 15, 'min_child_weight': 234, 'eval_metric': 'logloss'}. Best is trial 362 with value: 0.7486883567232341.
start listen on 192.168.1.101:49135
@tracker All of 4 nodes getting started
@tracker All nodes finishes job
Trial 789 finished with value: 0.7482488029275358 and parameters: {'objective': 'binary:logistic', 'tree_method': 'gpu_hist', 'lambda': 0.31193501965801074, 'alpha': 0.15655110806399664, 'colsample_bytree': 0.3293749328652077, 'subsample': 0.7932276348819135, 'learning_rate': 0.021364810025494722, 'max_depth': 17, 'min_child_weight': 278, 'eval_metric': 'logloss'}. Best is trial 362 with value: 0.7486883567232341.
start listen on 192.168.1.101:44587
@tracker All of 4 nodes getting started
@tracker All nodes finishes job
Trial 790 finished with value: 0.7476273207413595 and parameters: {'objective': 'binary:logistic', 'tree_method': 'gpu_hist', 'lambda': 0.00525681770671033, 'alpha': 0.02973804186914908, 'colsample_bytree': 0.6588093893540015, 'subsample': 0.8331100441118646, 'learning_rate': 0.023061465612972225, 'max_depth': 20, 'min_child_weight': 258, 'eval_metric': 'logloss'}. Best is trial 362 with value: 0.7486883567232341.
start listen on 192.168.1.101:51049
@tracker All of 4 nodes getting started
@tracker All nodes finishes job
Trial 791 finished with value: 0.7476110601522387 and parameters: {'objective': 'binary:logistic', 'tree_method': 'gpu_hist', 'lambda': 1.0016114030127288, 'alpha': 0.13110567021349925, 'colsample_bytree': 0.3450256044233433, 'subsample': 0.8122432756228085, 'learning_rate': 0.0158078825274955, 'max_depth': 17, 'min_child_weight': 272, 'eval_metric': 'logloss'}. Best is trial 362 with value: 0.7486883567232341.
start listen on 192.168.1.101:46817
@tracker All of 4 nodes getting started
@tracker All nodes finishes job
Trial 792 finished with value: 0.7484738914566853 and parameters: {'objective': 'binary:logistic', 'tree_method': 'gpu_hist', 'lambda': 0.004271541553136536, 'alpha': 0.0027318143071916896, 'colsample_bytree': 0.3002162662550319, 'subsample': 0.8582847885530789, 'learning_rate': 0.02005995445231187, 'max_depth': 17, 'min_child_weight': 247, 'eval_metric': 'logloss'}. Best is trial 362 with value: 0.7486883567232341.
start listen on 192.168.1.101:59927
@tracker All of 4 nodes getting started
@tracker All nodes finishes job
Trial 793 finished with value: 0.7457018493591946 and parameters: {'objective': 'binary:logistic', 'tree_method': 'gpu_hist', 'lambda': 0.004576494722798187, 'alpha': 0.0040333613080647856, 'colsample_bytree': 0.7732562131080007, 'subsample': 0.8783190501180231, 'learning_rate': 0.016290210043920964, 'max_depth': 9, 'min_child_weight': 239, 'eval_metric': 'logloss'}. Best is trial 362 with value: 0.7486883567232341.
start listen on 192.168.1.101:48737
@tracker All of 4 nodes getting started
@tracker All nodes finishes job
Trial 794 finished with value: 0.7472115622148168 and parameters: {'objective': 'binary:logistic', 'tree_method': 'gpu_hist', 'lambda': 0.0034228400339908122, 'alpha': 0.002784898681363041, 'colsample_bytree': 0.3106748582333954, 'subsample': 0.8689079478374516, 'learning_rate': 0.0176558382170305, 'max_depth': 11, 'min_child_weight': 246, 'eval_metric': 'logloss'}. Best is trial 362 with value: 0.7486883567232341.
start listen on 192.168.1.101:60245
@tracker All of 4 nodes getting started
@tracker All nodes finishes job
Trial 795 finished with value: 0.7480033869602296 and parameters: {'objective': 'binary:logistic', 'tree_method': 'gpu_hist', 'lambda': 0.0043558194272637265, 'alpha': 0.0023988765119159713, 'colsample_bytree': 0.3003992644037099, 'subsample': 0.8886083563018571, 'learning_rate': 0.019335859892099124, 'max_depth': 17, 'min_child_weight': 285, 'eval_metric': 'logloss'}. Best is trial 362 with value: 0.7486883567232341.
start listen on 192.168.1.101:56045
@tracker All of 4 nodes getting started
@tracker All nodes finishes job
Trial 796 finished with value: 0.7483334345074614 and parameters: {'objective': 'binary:logistic', 'tree_method': 'gpu_hist', 'lambda': 0.0030028968378793177, 'alpha': 0.0026812336117753373, 'colsample_bytree': 0.31388017108758715, 'subsample': 0.8600584018296045, 'learning_rate': 0.01983066153422099, 'max_depth': 20, 'min_child_weight': 279, 'eval_metric': 'logloss'}. Best is trial 362 with value: 0.7486883567232341.
start listen on 192.168.1.101:37601
@tracker All of 4 nodes getting started
@tracker All nodes finishes job
Trial 797 finished with value: 0.7471463028671055 and parameters: {'objective': 'binary:logistic', 'tree_method': 'gpu_hist', 'lambda': 0.0063049507160658465, 'alpha': 0.002712070130497033, 'colsample_bytree': 0.3121384049014666, 'subsample': 0.8768582658870747, 'learning_rate': 0.014488974908588317, 'max_depth': 17, 'min_child_weight': 294, 'eval_metric': 'logloss'}. Best is trial 362 with value: 0.7486883567232341.
start listen on 192.168.1.101:46411
@tracker All of 4 nodes getting started
@tracker All nodes finishes job
Trial 798 finished with value: 0.7478768530128088 and parameters: {'objective': 'binary:logistic', 'tree_method': 'gpu_hist', 'lambda': 0.0036778179637569288, 'alpha': 0.004848497863001225, 'colsample_bytree': 0.3098654770252158, 'subsample': 0.8524366019428615, 'learning_rate': 0.0182154267768021, 'max_depth': 17, 'min_child_weight': 264, 'eval_metric': 'logloss'}. Best is trial 362 with value: 0.7486883567232341.
start listen on 192.168.1.101:40977
@tracker All of 4 nodes getting started
@tracker All nodes finishes job
Trial 799 finished with value: 0.7483058456426277 and parameters: {'objective': 'binary:logistic', 'tree_method': 'gpu_hist', 'lambda': 0.005115133024220287, 'alpha': 0.003101644053994136, 'colsample_bytree': 0.30081498439360893, 'subsample': 0.8681789723100787, 'learning_rate': 0.020836747937189697, 'max_depth': 13, 'min_child_weight': 271, 'eval_metric': 'logloss'}. Best is trial 362 with value: 0.7486883567232341.
start listen on 192.168.1.101:34109
@tracker All of 4 nodes getting started
@tracker All nodes finishes job
Trial 800 finished with value: 0.7481219447435428 and parameters: {'objective': 'binary:logistic', 'tree_method': 'gpu_hist', 'lambda': 0.004404280675174531, 'alpha': 0.0034558516012084327, 'colsample_bytree': 0.32357590530366237, 'subsample': 0.8612969234436981, 'learning_rate': 0.01818564633486058, 'max_depth': 17, 'min_child_weight': 234, 'eval_metric': 'logloss'}. Best is trial 362 with value: 0.7486883567232341.
start listen on 192.168.1.101:55303
@tracker All of 4 nodes getting started
@tracker All nodes finishes job
Trial 801 finished with value: 0.7478366321189507 and parameters: {'objective': 'binary:logistic', 'tree_method': 'gpu_hist', 'lambda': 0.007564549472020937, 'alpha': 0.003113978319763353, 'colsample_bytree': 0.5264896353113064, 'subsample': 0.9003153347076498, 'learning_rate': 0.016120306425279923, 'max_depth': 20, 'min_child_weight': 247, 'eval_metric': 'logloss'}. Best is trial 362 with value: 0.7486883567232341.
start listen on 192.168.1.101:43081
@tracker All of 4 nodes getting started
@tracker All nodes finishes job
Trial 802 finished with value: 0.748310994669426 and parameters: {'objective': 'binary:logistic', 'tree_method': 'gpu_hist', 'lambda': 0.002519076886758957, 'alpha': 0.0023321365651919673, 'colsample_bytree': 0.3202948603831706, 'subsample': 0.8489480284530393, 'learning_rate': 0.02012837678414241, 'max_depth': 17, 'min_child_weight': 284, 'eval_metric': 'logloss'}. Best is trial 362 with value: 0.7486883567232341.
start listen on 192.168.1.101:41349
@tracker All of 4 nodes getting started
@tracker All nodes finishes job
Trial 803 finished with value: 0.7478879017838156 and parameters: {'objective': 'binary:logistic', 'tree_method': 'gpu_hist', 'lambda': 0.005674166353620675, 'alpha': 0.003628589992783531, 'colsample_bytree': 0.31039882483599834, 'subsample': 0.7449160569029196, 'learning_rate': 0.022062205673119496, 'max_depth': 11, 'min_child_weight': 265, 'eval_metric': 'logloss'}. Best is trial 362 with value: 0.7486883567232341.
start listen on 192.168.1.101:44351
@tracker All of 4 nodes getting started
@tracker All nodes finishes job
Trial 804 finished with value: 0.7481087061948636 and parameters: {'objective': 'binary:logistic', 'tree_method': 'gpu_hist', 'lambda': 0.00366208946606511, 'alpha': 0.08622664892124264, 'colsample_bytree': 0.3252685508839209, 'subsample': 0.9434506463959618, 'learning_rate': 0.01925002106495761, 'max_depth': 17, 'min_child_weight': 274, 'eval_metric': 'logloss'}. Best is trial 362 with value: 0.7486883567232341.
start listen on 192.168.1.101:45161
@tracker All of 4 nodes getting started
@tracker All nodes finishes job
Trial 805 finished with value: 0.7481317474125566 and parameters: {'objective': 'binary:logistic', 'tree_method': 'gpu_hist', 'lambda': 0.004939476532487915, 'alpha': 0.09652775076315191, 'colsample_bytree': 0.3011768065701793, 'subsample': 0.8836951714143831, 'learning_rate': 0.02202866945420815, 'max_depth': 17, 'min_child_weight': 259, 'eval_metric': 'logloss'}. Best is trial 362 with value: 0.7486883567232341.
start listen on 192.168.1.101:42945
@tracker All of 4 nodes getting started
@tracker All nodes finishes job
Trial 806 finished with value: 0.7330944261952584 and parameters: {'objective': 'binary:logistic', 'tree_method': 'gpu_hist', 'lambda': 0.00694660905835929, 'alpha': 0.006772751332810198, 'colsample_bytree': 0.3282843999909243, 'subsample': 0.8552062305105672, 'learning_rate': 0.017606670270272497, 'max_depth': 3, 'min_child_weight': 279, 'eval_metric': 'logloss'}. Best is trial 362 with value: 0.7486883567232341.
start listen on 192.168.1.101:55969
@tracker All of 4 nodes getting started
@tracker All nodes finishes job
Trial 807 finished with value: 0.7482059442427471 and parameters: {'objective': 'binary:logistic', 'tree_method': 'gpu_hist', 'lambda': 0.009567382643826642, 'alpha': 0.0751785574988452, 'colsample_bytree': 0.30037270995839155, 'subsample': 0.873989157774927, 'learning_rate': 0.020495619166827222, 'max_depth': 20, 'min_child_weight': 269, 'eval_metric': 'logloss'}. Best is trial 362 with value: 0.7486883567232341.
start listen on 192.168.1.101:44273
@tracker All of 4 nodes getting started
@tracker All nodes finishes job
Trial 808 finished with value: 0.7483126644738808 and parameters: {'objective': 'binary:logistic', 'tree_method': 'gpu_hist', 'lambda': 0.0030137907685482994, 'alpha': 0.004126066871846277, 'colsample_bytree': 0.30013921286550116, 'subsample': 0.8461156270764831, 'learning_rate': 0.023016555114013175, 'max_depth': 17, 'min_child_weight': 250, 'eval_metric': 'logloss'}. Best is trial 362 with value: 0.7486883567232341.
start listen on 192.168.1.101:60905
@tracker All of 4 nodes getting started
@tracker All nodes finishes job
Trial 809 finished with value: 0.74792923791812 and parameters: {'objective': 'binary:logistic', 'tree_method': 'gpu_hist', 'lambda': 0.0041376329924617955, 'alpha': 0.06132408824275816, 'colsample_bytree': 0.3201399270364988, 'subsample': 0.8606189936435389, 'learning_rate': 0.01913834257592283, 'max_depth': 17, 'min_child_weight': 244, 'eval_metric': 'logloss'}. Best is trial 362 with value: 0.7486883567232341.
start listen on 192.168.1.101:46391
@tracker All of 4 nodes getting started
@tracker All nodes finishes job
Trial 810 finished with value: 0.7477209544010246 and parameters: {'objective': 'binary:logistic', 'tree_method': 'gpu_hist', 'lambda': 0.00570553491559978, 'alpha': 0.08530751633376342, 'colsample_bytree': 0.396727210233731, 'subsample': 0.8411807105774385, 'learning_rate': 0.02114124331885907, 'max_depth': 11, 'min_child_weight': 257, 'eval_metric': 'logloss'}. Best is trial 362 with value: 0.7486883567232341.
start listen on 192.168.1.101:44323
@tracker All of 4 nodes getting started
@tracker All nodes finishes job
Trial 811 finished with value: 0.7477104836713102 and parameters: {'objective': 'binary:logistic', 'tree_method': 'gpu_hist', 'lambda': 0.003529583517892625, 'alpha': 0.0027357229692890023, 'colsample_bytree': 0.3294680312002404, 'subsample': 0.7644354042525399, 'learning_rate': 0.017065132493119698, 'max_depth': 17, 'min_child_weight': 290, 'eval_metric': 'logloss'}. Best is trial 362 with value: 0.7486883567232341.
start listen on 192.168.1.101:54759
@tracker All of 4 nodes getting started
@tracker All nodes finishes job
Trial 812 finished with value: 0.7444119393097852 and parameters: {'objective': 'binary:logistic', 'tree_method': 'gpu_hist', 'lambda': 0.004531428817645589, 'alpha': 0.10052239259697052, 'colsample_bytree': 0.3140164390322684, 'subsample': 0.7868962874771557, 'learning_rate': 0.02425997785812962, 'max_depth': 5, 'min_child_weight': 229, 'eval_metric': 'logloss'}. Best is trial 362 with value: 0.7486883567232341.
start listen on 192.168.1.101:42175
@tracker All of 4 nodes getting started
@tracker All nodes finishes job
Trial 813 finished with value: 0.7464470830873489 and parameters: {'objective': 'binary:logistic', 'tree_method': 'gpu_hist', 'lambda': 0.006766137841570394, 'alpha': 0.1212730092174837, 'colsample_bytree': 0.3372352712673679, 'subsample': 0.7317658113076132, 'learning_rate': 0.022030954531631446, 'max_depth': 7, 'min_child_weight': 264, 'eval_metric': 'logloss'}. Best is trial 362 with value: 0.7486883567232341.
start listen on 192.168.1.101:42783
@tracker All of 4 nodes getting started
@tracker All nodes finishes job
Trial 814 finished with value: 0.7481458251699472 and parameters: {'objective': 'binary:logistic', 'tree_method': 'gpu_hist', 'lambda': 0.0024488322698881975, 'alpha': 0.07078788394957834, 'colsample_bytree': 0.3138779136614732, 'subsample': 0.8709592316096173, 'learning_rate': 0.01948940403073005, 'max_depth': 20, 'min_child_weight': 272, 'eval_metric': 'logloss'}. Best is trial 362 with value: 0.7486883567232341.
start listen on 192.168.1.101:51793
@tracker All of 4 nodes getting started
@tracker All nodes finishes job
Trial 815 finished with value: 0.7475956266858901 and parameters: {'objective': 'binary:logistic', 'tree_method': 'gpu_hist', 'lambda': 0.01218084321204556, 'alpha': 0.059442108422898446, 'colsample_bytree': 0.3269687593614519, 'subsample': 0.8549150739437862, 'learning_rate': 0.015621074760995106, 'max_depth': 17, 'min_child_weight': 281, 'eval_metric': 'logloss'}. Best is trial 362 with value: 0.7486883567232341.
start listen on 192.168.1.101:45875
@tracker All of 4 nodes getting started
@tracker All nodes finishes job
Trial 816 finished with value: 0.7482052592339479 and parameters: {'objective': 'binary:logistic', 'tree_method': 'gpu_hist', 'lambda': 0.007792547387012973, 'alpha': 0.6641389317419235, 'colsample_bytree': 0.3004265422531735, 'subsample': 0.8429070220439484, 'learning_rate': 0.0238083498388253, 'max_depth': 17, 'min_child_weight': 268, 'eval_metric': 'logloss'}. Best is trial 362 with value: 0.7486883567232341.
start listen on 192.168.1.101:40403
@tracker All of 4 nodes getting started
@tracker All nodes finishes job
Trial 817 finished with value: 0.7476892774325725 and parameters: {'objective': 'binary:logistic', 'tree_method': 'gpu_hist', 'lambda': 0.004985023489082945, 'alpha': 0.052547401106092115, 'colsample_bytree': 0.3752524421703191, 'subsample': 0.6696169480663914, 'learning_rate': 0.020535170199118005, 'max_depth': 20, 'min_child_weight': 275, 'eval_metric': 'logloss'}. Best is trial 362 with value: 0.7486883567232341.
start listen on 192.168.1.101:54195
@tracker All of 4 nodes getting started
@tracker All nodes finishes job
Trial 818 finished with value: 0.7482218687871944 and parameters: {'objective': 'binary:logistic', 'tree_method': 'gpu_hist', 'lambda': 0.0018880166489815716, 'alpha': 0.0021835975688772034, 'colsample_bytree': 0.3547200248444683, 'subsample': 0.8253530171440927, 'learning_rate': 0.018855745589777703, 'max_depth': 17, 'min_child_weight': 252, 'eval_metric': 'logloss'}. Best is trial 362 with value: 0.7486883567232341.
start listen on 192.168.1.101:45929
@tracker All of 4 nodes getting started
@tracker All nodes finishes job
Trial 819 finished with value: 0.7470490721819205 and parameters: {'objective': 'binary:logistic', 'tree_method': 'gpu_hist', 'lambda': 0.0038811157189811, 'alpha': 0.004247280975374692, 'colsample_bytree': 0.33654308585989157, 'subsample': 0.8685691871488196, 'learning_rate': 0.025619492340367426, 'max_depth': 15, 'min_child_weight': 101, 'eval_metric': 'logloss'}. Best is trial 362 with value: 0.7486883567232341.
start listen on 192.168.1.101:38377
@tracker All of 4 nodes getting started
@tracker All nodes finishes job
Trial 820 finished with value: 0.7482143231325714 and parameters: {'objective': 'binary:logistic', 'tree_method': 'gpu_hist', 'lambda': 0.0996177827962866, 'alpha': 0.08353502403812321, 'colsample_bytree': 0.31070576849719417, 'subsample': 0.8022243645557551, 'learning_rate': 0.022299193380276833, 'max_depth': 17, 'min_child_weight': 258, 'eval_metric': 'logloss'}. Best is trial 362 with value: 0.7486883567232341.
start listen on 192.168.1.101:57327
@tracker All of 4 nodes getting started
@tracker All nodes finishes job
Trial 821 finished with value: 0.7470043583749446 and parameters: {'objective': 'binary:logistic', 'tree_method': 'gpu_hist', 'lambda': 0.005895227111461266, 'alpha': 0.005635301997183653, 'colsample_bytree': 0.41176861302054035, 'subsample': 0.8890863900099202, 'learning_rate': 0.01704845140227791, 'max_depth': 11, 'min_child_weight': 299, 'eval_metric': 'logloss'}. Best is trial 362 with value: 0.7486883567232341.
start listen on 192.168.1.101:44203
@tracker All of 4 nodes getting started
@tracker All nodes finishes job
Trial 822 finished with value: 0.7482496668638008 and parameters: {'objective': 'binary:logistic', 'tree_method': 'gpu_hist', 'lambda': 0.004374750788982562, 'alpha': 0.06235160265321255, 'colsample_bytree': 0.30009172651193167, 'subsample': 0.8372359338083223, 'learning_rate': 0.027445946813742066, 'max_depth': 17, 'min_child_weight': 286, 'eval_metric': 'logloss'}. Best is trial 362 with value: 0.7486883567232341.
start listen on 192.168.1.101:50071
@tracker All of 4 nodes getting started
@tracker All nodes finishes job
Trial 823 finished with value: 0.7480413068024248 and parameters: {'objective': 'binary:logistic', 'tree_method': 'gpu_hist', 'lambda': 0.0029060145814642823, 'alpha': 0.0033098940530642473, 'colsample_bytree': 0.3644042139520137, 'subsample': 0.856853880570863, 'learning_rate': 0.020470524362541993, 'max_depth': 20, 'min_child_weight': 262, 'eval_metric': 'logloss'}. Best is trial 362 with value: 0.7486883567232341.
start listen on 192.168.1.101:54527
@tracker All of 4 nodes getting started
@tracker All nodes finishes job
Trial 824 finished with value: 0.748046468887594 and parameters: {'objective': 'binary:logistic', 'tree_method': 'gpu_hist', 'lambda': 0.0035720698386405188, 'alpha': 0.10943189285817383, 'colsample_bytree': 0.32712867855892497, 'subsample': 0.7740295181291555, 'learning_rate': 0.02350053155555031, 'max_depth': 17, 'min_child_weight': 240, 'eval_metric': 'logloss'}. Best is trial 362 with value: 0.7486883567232341.
start listen on 192.168.1.101:41049
@tracker All of 4 nodes getting started
@tracker All nodes finishes job
