Trial 579 finished with value: 0.7480993426483026 and parameters: {'objective': 'binary:logistic', 'tree_method': 'gpu_hist', 'lambda': 0.007434518266493019, 'alpha': 0.04423314549057267, 'colsample_bytree': 0.4395343234646777, 'subsample': 0.8496090594999688, 'learning_rate': 0.021364155537379054, 'max_depth': 17, 'min_child_weight': 276, 'eval_metric': 'logloss'}. Best is trial 362 with value: 0.7486883567232341.
start listen on 192.168.1.101:45371
@tracker All of 4 nodes getting started
@tracker All nodes finishes job
Trial 580 finished with value: 0.747397467157085 and parameters: {'objective': 'binary:logistic', 'tree_method': 'gpu_hist', 'lambda': 1.030929830581234, 'alpha': 0.11176769534017865, 'colsample_bytree': 0.3131637614884933, 'subsample': 0.8787645864136913, 'learning_rate': 0.014973734917495781, 'max_depth': 17, 'min_child_weight': 251, 'eval_metric': 'logloss'}. Best is trial 362 with value: 0.7486883567232341.
start listen on 192.168.1.101:51761
@tracker All of 4 nodes getting started
@tracker All nodes finishes job
Trial 581 finished with value: 0.7342883367971602 and parameters: {'objective': 'binary:logistic', 'tree_method': 'gpu_hist', 'lambda': 0.005122986092332297, 'alpha': 0.007187045781257195, 'colsample_bytree': 0.34934780178380564, 'subsample': 0.8337696843450739, 'learning_rate': 0.019021808501014984, 'max_depth': 3, 'min_child_weight': 173, 'eval_metric': 'logloss'}. Best is trial 362 with value: 0.7486883567232341.
start listen on 192.168.1.101:44133
@tracker All of 4 nodes getting started
@tracker All nodes finishes job
Trial 582 finished with value: 0.7286651547153192 and parameters: {'objective': 'binary:logistic', 'tree_method': 'gpu_hist', 'lambda': 0.00416231281622537, 'alpha': 0.015291695012901396, 'colsample_bytree': 0.33291171323393165, 'subsample': 0.7963160495404811, 'learning_rate': 0.0024685611546004385, 'max_depth': 17, 'min_child_weight': 269, 'eval_metric': 'logloss'}. Best is trial 362 with value: 0.7486883567232341.
start listen on 192.168.1.101:35749
@tracker All of 4 nodes getting started
@tracker All nodes finishes job
Trial 583 finished with value: 0.7481380508549138 and parameters: {'objective': 'binary:logistic', 'tree_method': 'gpu_hist', 'lambda': 0.0034875077976552456, 'alpha': 0.010141561438533332, 'colsample_bytree': 0.31295147012207475, 'subsample': 0.7065672479063381, 'learning_rate': 0.02350651871009716, 'max_depth': 15, 'min_child_weight': 239, 'eval_metric': 'logloss'}. Best is trial 362 with value: 0.7486883567232341.
start listen on 192.168.1.101:49377
@tracker All of 4 nodes getting started
@tracker All nodes finishes job
Trial 584 finished with value: 0.7472701334539031 and parameters: {'objective': 'binary:logistic', 'tree_method': 'gpu_hist', 'lambda': 0.002404532122069819, 'alpha': 0.07678957549255791, 'colsample_bytree': 0.30009172843688037, 'subsample': 0.814062094176681, 'learning_rate': 0.026877564559181596, 'max_depth': 7, 'min_child_weight': 263, 'eval_metric': 'logloss'}. Best is trial 362 with value: 0.7486883567232341.
start listen on 192.168.1.101:55795
@tracker All of 4 nodes getting started
@tracker All nodes finishes job
Trial 585 finished with value: 0.7482298091102413 and parameters: {'objective': 'binary:logistic', 'tree_method': 'gpu_hist', 'lambda': 0.006747343899287336, 'alpha': 0.003940611905131339, 'colsample_bytree': 0.33864915775738724, 'subsample': 0.8670242697227571, 'learning_rate': 0.0199162454377848, 'max_depth': 17, 'min_child_weight': 257, 'eval_metric': 'logloss'}. Best is trial 362 with value: 0.7486883567232341.
start listen on 192.168.1.101:44565
@tracker All of 4 nodes getting started
@tracker All nodes finishes job
Trial 586 finished with value: 0.7480576868617479 and parameters: {'objective': 'binary:logistic', 'tree_method': 'gpu_hist', 'lambda': 1.5098268150620153, 'alpha': 0.06257757837547893, 'colsample_bytree': 0.35632517720281826, 'subsample': 0.8342297210277576, 'learning_rate': 0.016920559304030962, 'max_depth': 17, 'min_child_weight': 279, 'eval_metric': 'logloss'}. Best is trial 362 with value: 0.7486883567232341.
start listen on 192.168.1.101:40321
@tracker All of 4 nodes getting started
@tracker All nodes finishes job
Trial 587 finished with value: 0.7483326794835667 and parameters: {'objective': 'binary:logistic', 'tree_method': 'gpu_hist', 'lambda': 1.997648176913198, 'alpha': 0.08926221195406973, 'colsample_bytree': 0.3229612212756662, 'subsample': 0.8491048923223853, 'learning_rate': 0.021801658040456175, 'max_depth': 17, 'min_child_weight': 248, 'eval_metric': 'logloss'}. Best is trial 362 with value: 0.7486883567232341.
start listen on 192.168.1.101:44345
@tracker All of 4 nodes getting started
@tracker All nodes finishes job
Trial 588 finished with value: 0.7449741619140238 and parameters: {'objective': 'binary:logistic', 'tree_method': 'gpu_hist', 'lambda': 0.009485820387562847, 'alpha': 0.052737091761446885, 'colsample_bytree': 0.4000837401456855, 'subsample': 0.4789526609598964, 'learning_rate': 0.024763127938608652, 'max_depth': 5, 'min_child_weight': 271, 'eval_metric': 'logloss'}. Best is trial 362 with value: 0.7486883567232341.
start listen on 192.168.1.101:43479
@tracker All of 4 nodes getting started
@tracker All nodes finishes job
Trial 589 finished with value: 0.7468415866146412 and parameters: {'objective': 'binary:logistic', 'tree_method': 'gpu_hist', 'lambda': 0.26013038236469965, 'alpha': 0.07479175209030473, 'colsample_bytree': 0.8131543917833732, 'subsample': 0.458602097829155, 'learning_rate': 0.023005511651717415, 'max_depth': 17, 'min_child_weight': 266, 'eval_metric': 'logloss'}. Best is trial 362 with value: 0.7486883567232341.
start listen on 192.168.1.101:38871
@tracker All of 4 nodes getting started
@tracker All nodes finishes job
Trial 590 finished with value: 0.7480111250174458 and parameters: {'objective': 'binary:logistic', 'tree_method': 'gpu_hist', 'lambda': 0.09931980009787252, 'alpha': 0.1223251210515084, 'colsample_bytree': 0.41223705741244576, 'subsample': 0.7894969178657925, 'learning_rate': 0.01995126718166102, 'max_depth': 17, 'min_child_weight': 257, 'eval_metric': 'logloss'}. Best is trial 362 with value: 0.7486883567232341.
start listen on 192.168.1.101:39625
@tracker All of 4 nodes getting started
@tracker All nodes finishes job
Trial 591 finished with value: 0.7483730127627664 and parameters: {'objective': 'binary:logistic', 'tree_method': 'gpu_hist', 'lambda': 0.004794154969751502, 'alpha': 0.002286891337526849, 'colsample_bytree': 0.3691667970107964, 'subsample': 0.8248571072131382, 'learning_rate': 0.02528236795598863, 'max_depth': 17, 'min_child_weight': 274, 'eval_metric': 'logloss'}. Best is trial 362 with value: 0.7486883567232341.
start listen on 192.168.1.101:49471
@tracker All of 4 nodes getting started
@tracker All nodes finishes job
Trial 592 finished with value: 0.7475720813317274 and parameters: {'objective': 'binary:logistic', 'tree_method': 'gpu_hist', 'lambda': 0.004569561742664659, 'alpha': 0.002280026096456808, 'colsample_bytree': 0.37936006066523015, 'subsample': 0.8079044781352052, 'learning_rate': 0.02798645211148725, 'max_depth': 17, 'min_child_weight': 281, 'eval_metric': 'logloss'}. Best is trial 362 with value: 0.7486883567232341.
start listen on 192.168.1.101:42507
@tracker All of 4 nodes getting started
@tracker All nodes finishes job
Trial 593 finished with value: 0.7482935460463869 and parameters: {'objective': 'binary:logistic', 'tree_method': 'gpu_hist', 'lambda': 0.0037383454635548674, 'alpha': 0.0027027218290037736, 'colsample_bytree': 0.3894555549837797, 'subsample': 0.8183943161988934, 'learning_rate': 0.02600058130981667, 'max_depth': 17, 'min_child_weight': 274, 'eval_metric': 'logloss'}. Best is trial 362 with value: 0.7486883567232341.
start listen on 192.168.1.101:42871
@tracker All of 4 nodes getting started
@tracker All nodes finishes job
Trial 594 finished with value: 0.7477543113150069 and parameters: {'objective': 'binary:logistic', 'tree_method': 'gpu_hist', 'lambda': 0.0010398536556527611, 'alpha': 0.0020165094097514416, 'colsample_bytree': 0.36780421779341876, 'subsample': 0.8260357299331009, 'learning_rate': 0.028210056493987203, 'max_depth': 17, 'min_child_weight': 283, 'eval_metric': 'logloss'}. Best is trial 362 with value: 0.7486883567232341.
start listen on 192.168.1.101:56759
@tracker All of 4 nodes getting started
@tracker All nodes finishes job
Trial 595 finished with value: 0.7356037972163475 and parameters: {'objective': 'binary:logistic', 'tree_method': 'gpu_hist', 'lambda': 0.004921113592318063, 'alpha': 0.00248961475219045, 'colsample_bytree': 0.496411454092883, 'subsample': 0.8041762312829509, 'learning_rate': 0.005120564554028043, 'max_depth': 17, 'min_child_weight': 276, 'eval_metric': 'logloss'}. Best is trial 362 with value: 0.7486883567232341.
start listen on 192.168.1.101:53255
@tracker All of 4 nodes getting started
@tracker All nodes finishes job
Trial 596 finished with value: 0.747961649489397 and parameters: {'objective': 'binary:logistic', 'tree_method': 'gpu_hist', 'lambda': 0.005694847754665135, 'alpha': 0.003038549977925687, 'colsample_bytree': 0.39046005300995407, 'subsample': 0.7445080370841677, 'learning_rate': 0.024783183968485868, 'max_depth': 17, 'min_child_weight': 271, 'eval_metric': 'logloss'}. Best is trial 362 with value: 0.7486883567232341.
start listen on 192.168.1.101:52237
@tracker All of 4 nodes getting started
@tracker All nodes finishes job
Trial 597 finished with value: 0.7412906621949056 and parameters: {'objective': 'binary:logistic', 'tree_method': 'gpu_hist', 'lambda': 0.0033455659689968086, 'alpha': 0.0018411838664274375, 'colsample_bytree': 0.36878549984105863, 'subsample': 0.8221285863082755, 'learning_rate': 0.02343455860641619, 'max_depth': 17, 'min_child_weight': 18, 'eval_metric': 'logloss'}. Best is trial 362 with value: 0.7486883567232341.
start listen on 192.168.1.101:40729
@tracker All of 4 nodes getting started
@tracker All nodes finishes job
Trial 598 finished with value: 0.7479888753593021 and parameters: {'objective': 'binary:logistic', 'tree_method': 'gpu_hist', 'lambda': 0.006793564102939127, 'alpha': 0.0014964162013584802, 'colsample_bytree': 0.35992755399210224, 'subsample': 0.7778509020956422, 'learning_rate': 0.025863989349528535, 'max_depth': 17, 'min_child_weight': 278, 'eval_metric': 'logloss'}. Best is trial 362 with value: 0.7486883567232341.
start listen on 192.168.1.101:54467
@tracker All of 4 nodes getting started
@tracker All nodes finishes job
Trial 599 finished with value: 0.7483409091745572 and parameters: {'objective': 'binary:logistic', 'tree_method': 'gpu_hist', 'lambda': 0.004454781976393568, 'alpha': 0.0013547545683387503, 'colsample_bytree': 0.37692980512148466, 'subsample': 0.8310363670729825, 'learning_rate': 0.021821100085505547, 'max_depth': 17, 'min_child_weight': 267, 'eval_metric': 'logloss'}. Best is trial 362 with value: 0.7486883567232341.
start listen on 192.168.1.101:42349
@tracker All of 4 nodes getting started
@tracker All nodes finishes job
Trial 600 finished with value: 0.7481068462105172 and parameters: {'objective': 'binary:logistic', 'tree_method': 'gpu_hist', 'lambda': 0.005672258066604859, 'alpha': 0.003514388085641813, 'colsample_bytree': 0.4251234827774642, 'subsample': 0.8106713179606849, 'learning_rate': 0.028696260472828458, 'max_depth': 17, 'min_child_weight': 285, 'eval_metric': 'logloss'}. Best is trial 362 with value: 0.7486883567232341.
start listen on 192.168.1.101:50743
@tracker All of 4 nodes getting started
@tracker All nodes finishes job
Trial 601 finished with value: 0.7481593133557816 and parameters: {'objective': 'binary:logistic', 'tree_method': 'gpu_hist', 'lambda': 0.008706857761635035, 'alpha': 0.0017292693968453702, 'colsample_bytree': 0.3521441903265325, 'subsample': 0.8343301004070721, 'learning_rate': 0.017986454965307583, 'max_depth': 17, 'min_child_weight': 271, 'eval_metric': 'logloss'}. Best is trial 362 with value: 0.7486883567232341.
start listen on 192.168.1.101:43209
@tracker All of 4 nodes getting started
@tracker All nodes finishes job
Trial 602 finished with value: 0.7481692227144642 and parameters: {'objective': 'binary:logistic', 'tree_method': 'gpu_hist', 'lambda': 0.0036324221707942097, 'alpha': 0.0023366812514647797, 'colsample_bytree': 0.34914100642408286, 'subsample': 0.8181235898439597, 'learning_rate': 0.02375868141465789, 'max_depth': 17, 'min_child_weight': 263, 'eval_metric': 'logloss'}. Best is trial 362 with value: 0.7486883567232341.
start listen on 192.168.1.101:44395
@tracker All of 4 nodes getting started
@tracker All nodes finishes job
Trial 603 finished with value: 0.7479841697614406 and parameters: {'objective': 'binary:logistic', 'tree_method': 'gpu_hist', 'lambda': 0.004855992719799556, 'alpha': 0.002845022337713027, 'colsample_bytree': 0.449806472346224, 'subsample': 0.7881483402725057, 'learning_rate': 0.019597007165796175, 'max_depth': 17, 'min_child_weight': 275, 'eval_metric': 'logloss'}. Best is trial 362 with value: 0.7486883567232341.
start listen on 192.168.1.101:49823
@tracker All of 4 nodes getting started
@tracker All nodes finishes job
Trial 604 finished with value: 0.7482639682805236 and parameters: {'objective': 'binary:logistic', 'tree_method': 'gpu_hist', 'lambda': 0.00289290285805923, 'alpha': 0.041338714751311366, 'colsample_bytree': 0.3665204715302983, 'subsample': 0.7595500699566053, 'learning_rate': 0.021340050510961862, 'max_depth': 17, 'min_child_weight': 280, 'eval_metric': 'logloss'}. Best is trial 362 with value: 0.7486883567232341.
start listen on 192.168.1.101:53459
@tracker All of 4 nodes getting started
@tracker All nodes finishes job
Trial 605 finished with value: 0.7481637290300244 and parameters: {'objective': 'binary:logistic', 'tree_method': 'gpu_hist', 'lambda': 0.006446412451249032, 'alpha': 0.00342830424266337, 'colsample_bytree': 0.4004381512545682, 'subsample': 0.799965728427108, 'learning_rate': 0.025620228181539764, 'max_depth': 17, 'min_child_weight': 268, 'eval_metric': 'logloss'}. Best is trial 362 with value: 0.7486883567232341.
start listen on 192.168.1.101:60313
@tracker All of 4 nodes getting started
@tracker All nodes finishes job
Trial 606 finished with value: 0.746655445649264 and parameters: {'objective': 'binary:logistic', 'tree_method': 'gpu_hist', 'lambda': 0.007778584536155129, 'alpha': 0.0043829645250217965, 'colsample_bytree': 0.3367896292037667, 'subsample': 0.724246108434653, 'learning_rate': 0.013426550224461212, 'max_depth': 13, 'min_child_weight': 262, 'eval_metric': 'logloss'}. Best is trial 362 with value: 0.7486883567232341.
start listen on 192.168.1.101:60805
@tracker All of 4 nodes getting started
@tracker All nodes finishes job
Trial 607 finished with value: 0.7463537601891284 and parameters: {'objective': 'binary:logistic', 'tree_method': 'gpu_hist', 'lambda': 0.004095534136349916, 'alpha': 0.0020923440798091522, 'colsample_bytree': 0.35817951860670155, 'subsample': 0.8467987401522322, 'learning_rate': 0.016048560664626, 'max_depth': 9, 'min_child_weight': 231, 'eval_metric': 'logloss'}. Best is trial 362 with value: 0.7486883567232341.
start listen on 192.168.1.101:57629
@tracker All of 4 nodes getting started
@tracker All nodes finishes job
Trial 608 finished with value: 0.7403786690411505 and parameters: {'objective': 'binary:logistic', 'tree_method': 'gpu_hist', 'lambda': 0.005225029438762091, 'alpha': 0.1887145830932126, 'colsample_bytree': 0.3799225751883778, 'subsample': 0.8352633193871176, 'learning_rate': 0.00681169324597724, 'max_depth': 17, 'min_child_weight': 273, 'eval_metric': 'logloss'}. Best is trial 362 with value: 0.7486883567232341.
start listen on 192.168.1.101:37691
@tracker All of 4 nodes getting started
@tracker All nodes finishes job
Trial 609 finished with value: 0.7482623609895467 and parameters: {'objective': 'binary:logistic', 'tree_method': 'gpu_hist', 'lambda': 0.12024267259208293, 'alpha': 0.053679862469381084, 'colsample_bytree': 0.3424575643286443, 'subsample': 0.8235845990471278, 'learning_rate': 0.02331513380581889, 'max_depth': 17, 'min_child_weight': 265, 'eval_metric': 'logloss'}. Best is trial 362 with value: 0.7486883567232341.
start listen on 192.168.1.101:60139
@tracker All of 4 nodes getting started
@tracker All nodes finishes job
Trial 610 finished with value: 0.7479364198832203 and parameters: {'objective': 'binary:logistic', 'tree_method': 'gpu_hist', 'lambda': 0.01184963044886909, 'alpha': 0.0011752025966355179, 'colsample_bytree': 0.3252608463446961, 'subsample': 0.8082871300583627, 'learning_rate': 0.019438579655385747, 'max_depth': 17, 'min_child_weight': 286, 'eval_metric': 'logloss'}. Best is trial 362 with value: 0.7486883567232341.
start listen on 192.168.1.101:58187
@tracker All of 4 nodes getting started
@tracker All nodes finishes job
Trial 611 finished with value: 0.748061360709386 and parameters: {'objective': 'binary:logistic', 'tree_method': 'gpu_hist', 'lambda': 0.006049553745481531, 'alpha': 0.06340232311547721, 'colsample_bytree': 0.6050784370528941, 'subsample': 0.8413448734508812, 'learning_rate': 0.021181154251044745, 'max_depth': 17, 'min_child_weight': 274, 'eval_metric': 'logloss'}. Best is trial 362 with value: 0.7486883567232341.
start listen on 192.168.1.101:35903
@tracker All of 4 nodes getting started
@tracker All nodes finishes job
Trial 612 finished with value: 0.739541760825729 and parameters: {'objective': 'binary:logistic', 'tree_method': 'gpu_hist', 'lambda': 0.0036743841859994304, 'alpha': 0.09586746240638429, 'colsample_bytree': 0.33809986147198784, 'subsample': 0.8227567470782343, 'learning_rate': 0.027293979913915033, 'max_depth': 3, 'min_child_weight': 260, 'eval_metric': 'logloss'}. Best is trial 362 with value: 0.7486883567232341.
start listen on 192.168.1.101:42115
@tracker All of 4 nodes getting started
@tracker All nodes finishes job
Trial 613 finished with value: 0.7479883809471511 and parameters: {'objective': 'binary:logistic', 'tree_method': 'gpu_hist', 'lambda': 0.004674321208435024, 'alpha': 0.0015921045135622366, 'colsample_bytree': 0.3665716295219436, 'subsample': 0.789576955627648, 'learning_rate': 0.01811262132925701, 'max_depth': 17, 'min_child_weight': 279, 'eval_metric': 'logloss'}. Best is trial 362 with value: 0.7486883567232341.
start listen on 192.168.1.101:38017
@tracker All of 4 nodes getting started
@tracker All nodes finishes job
Trial 614 finished with value: 0.7464910050569378 and parameters: {'objective': 'binary:logistic', 'tree_method': 'gpu_hist', 'lambda': 0.19454001705134216, 'alpha': 0.04920151730728463, 'colsample_bytree': 0.3526211179041398, 'subsample': 0.8552586153915455, 'learning_rate': 0.02291929288938498, 'max_depth': 7, 'min_child_weight': 208, 'eval_metric': 'logloss'}. Best is trial 362 with value: 0.7486883567232341.
start listen on 192.168.1.101:41927
@tracker All of 4 nodes getting started
@tracker All nodes finishes job
Trial 615 finished with value: 0.7481346483157699 and parameters: {'objective': 'binary:logistic', 'tree_method': 'gpu_hist', 'lambda': 0.5708376357897682, 'alpha': 0.0027071677539890204, 'colsample_bytree': 0.3279133754005979, 'subsample': 0.8379873252866007, 'learning_rate': 0.025480725524340747, 'max_depth': 17, 'min_child_weight': 245, 'eval_metric': 'logloss'}. Best is trial 362 with value: 0.7486883567232341.
start listen on 192.168.1.101:34589
@tracker All of 4 nodes getting started
@tracker All nodes finishes job
Trial 616 finished with value: 0.7481341179236394 and parameters: {'objective': 'binary:logistic', 'tree_method': 'gpu_hist', 'lambda': 0.005555826407470387, 'alpha': 0.2632950641197465, 'colsample_bytree': 0.6737726553924374, 'subsample': 0.889700303672855, 'learning_rate': 0.021726503375980796, 'max_depth': 17, 'min_child_weight': 270, 'eval_metric': 'logloss'}. Best is trial 362 with value: 0.7486883567232341.
start listen on 192.168.1.101:36925
@tracker All of 4 nodes getting started
@tracker All nodes finishes job
Trial 617 finished with value: 0.7423404815918146 and parameters: {'objective': 'binary:logistic', 'tree_method': 'gpu_hist', 'lambda': 0.002655975616505597, 'alpha': 0.07026447694491594, 'colsample_bytree': 0.3002118000373084, 'subsample': 0.8007043828846816, 'learning_rate': 0.01939282586895105, 'max_depth': 5, 'min_child_weight': 253, 'eval_metric': 'logloss'}. Best is trial 362 with value: 0.7486883567232341.
start listen on 192.168.1.101:48547
@tracker All of 4 nodes getting started
@tracker All nodes finishes job
Trial 618 finished with value: 0.7479513105936616 and parameters: {'objective': 'binary:logistic', 'tree_method': 'gpu_hist', 'lambda': 0.007411970616642437, 'alpha': 0.10192093548857323, 'colsample_bytree': 0.32032106269780974, 'subsample': 0.814121676527097, 'learning_rate': 0.017100050947954623, 'max_depth': 17, 'min_child_weight': 265, 'eval_metric': 'logloss'}. Best is trial 362 with value: 0.7486883567232341.
start listen on 192.168.1.101:35763
@tracker All of 4 nodes getting started
@tracker All nodes finishes job
Trial 619 finished with value: 0.7476564754993555 and parameters: {'objective': 'binary:logistic', 'tree_method': 'gpu_hist', 'lambda': 0.0019107781700924524, 'alpha': 0.061433900419682934, 'colsample_bytree': 0.47027035457050326, 'subsample': 0.8743772749622789, 'learning_rate': 0.02954179525471708, 'max_depth': 17, 'min_child_weight': 259, 'eval_metric': 'logloss'}. Best is trial 362 with value: 0.7486883567232341.
start listen on 192.168.1.101:50617
@tracker All of 4 nodes getting started
@tracker All nodes finishes job
