Trial 291 finished with value: 0.7506638355536853 and parameters: {'C': 0.2085835992581414}. Best is trial 134 with value: 0.7506635788316693.
sklearn.linear_model.LogisticRegression.fit: running accelerated version on CPU
sklearn.linear_model.LogisticRegression.predict: running accelerated version on CPU
sklearn.metrics.roc_auc_score: running accelerated version on CPU
Trial 292 finished with value: 0.7506636877440398 and parameters: {'C': 0.348734298995084}. Best is trial 134 with value: 0.7506635788316693.
sklearn.linear_model.LogisticRegression.fit: running accelerated version on CPU
sklearn.linear_model.LogisticRegression.predict: running accelerated version on CPU
sklearn.metrics.roc_auc_score: running accelerated version on CPU
Trial 293 finished with value: 0.7506635891116634 and parameters: {'C': 0.2285162245363254}. Best is trial 134 with value: 0.7506635788316693.
sklearn.linear_model.LogisticRegression.fit: running accelerated version on CPU
sklearn.linear_model.LogisticRegression.predict: running accelerated version on CPU
sklearn.metrics.roc_auc_score: running accelerated version on CPU
Trial 294 finished with value: 0.7506646690667244 and parameters: {'C': 0.030509601952657783}. Best is trial 134 with value: 0.7506635788316693.
sklearn.linear_model.LogisticRegression.fit: running accelerated version on CPU
sklearn.linear_model.LogisticRegression.predict: running accelerated version on CPU
sklearn.metrics.roc_auc_score: running accelerated version on CPU
Trial 295 finished with value: 0.7506639541903746 and parameters: {'C': 0.12261404843626517}. Best is trial 134 with value: 0.7506635788316693.
sklearn.linear_model.LogisticRegression.fit: running accelerated version on CPU
sklearn.linear_model.LogisticRegression.predict: running accelerated version on CPU
sklearn.metrics.roc_auc_score: running accelerated version on CPU
Trial 296 finished with value: 0.7506635949462548 and parameters: {'C': 0.22639183703276694}. Best is trial 134 with value: 0.7506635788316693.
sklearn.linear_model.LogisticRegression.fit: running accelerated version on CPU
sklearn.linear_model.LogisticRegression.predict: running accelerated version on CPU
sklearn.metrics.roc_auc_score: running accelerated version on CPU
Trial 297 finished with value: 0.7506637991569493 and parameters: {'C': 0.22539014544299676}. Best is trial 134 with value: 0.7506635788316693.
sklearn.linear_model.LogisticRegression.fit: running accelerated version on CPU
sklearn.linear_model.LogisticRegression.predict: running accelerated version on CPU
sklearn.metrics.roc_auc_score: running accelerated version on CPU
Trial 298 finished with value: 0.7506637472013032 and parameters: {'C': 0.2505926241973438}. Best is trial 134 with value: 0.7506635788316693.
sklearn.linear_model.LogisticRegression.fit: running accelerated version on CPU
sklearn.linear_model.LogisticRegression.predict: running accelerated version on CPU
sklearn.metrics.roc_auc_score: running accelerated version on CPU
Trial 299 finished with value: 0.7506638527796214 and parameters: {'C': 0.1964272588275816}. Best is trial 134 with value: 0.7506635788316693.
