Trial 743 finished with value: 0.7481800030942727 and parameters: {'objective': 'binary:logistic', 'tree_method': 'gpu_hist', 'lambda': 0.006177339337919306, 'alpha': 0.09410286660679357, 'colsample_bytree': 0.3537022914028689, 'subsample': 0.8683959866801186, 'learning_rate': 0.02156426003608917, 'max_depth': 17, 'min_child_weight': 260, 'eval_metric': 'logloss'}. Best is trial 362 with value: 0.7486883567232341.
start listen on 192.168.1.101:57419
@tracker All of 4 nodes getting started
@tracker All nodes finishes job
Trial 744 finished with value: 0.7476515952805123 and parameters: {'objective': 'binary:logistic', 'tree_method': 'gpu_hist', 'lambda': 0.0026435776291497603, 'alpha': 0.0072489427587797165, 'colsample_bytree': 0.30005849385295036, 'subsample': 0.8181903647509842, 'learning_rate': 0.016428980318392742, 'max_depth': 17, 'min_child_weight': 247, 'eval_metric': 'logloss'}. Best is trial 362 with value: 0.7486883567232341.
start listen on 192.168.1.101:49331
@tracker All of 4 nodes getting started
@tracker All nodes finishes job
Trial 745 finished with value: 0.741791933185737 and parameters: {'objective': 'binary:logistic', 'tree_method': 'gpu_hist', 'lambda': 0.00380651040505484, 'alpha': 0.0705634526477407, 'colsample_bytree': 0.6942005873510757, 'subsample': 0.7998542389723374, 'learning_rate': 0.03316773717778694, 'max_depth': 3, 'min_child_weight': 273, 'eval_metric': 'logloss'}. Best is trial 362 with value: 0.7486883567232341.
start listen on 192.168.1.101:33351
@tracker All of 4 nodes getting started
@tracker All nodes finishes job
Trial 746 finished with value: 0.7477895985062684 and parameters: {'objective': 'binary:logistic', 'tree_method': 'gpu_hist', 'lambda': 2.464448224434421, 'alpha': 0.04728339878338036, 'colsample_bytree': 0.3394578616869219, 'subsample': 0.8523040454762247, 'learning_rate': 0.026854310497706268, 'max_depth': 17, 'min_child_weight': 266, 'eval_metric': 'logloss'}. Best is trial 362 with value: 0.7486883567232341.
start listen on 192.168.1.101:40499
@tracker All of 4 nodes getting started
@tracker All nodes finishes job
Trial 747 finished with value: 0.7099666501180895 and parameters: {'objective': 'binary:logistic', 'tree_method': 'gpu_hist', 'lambda': 3.4125241166635183, 'alpha': 0.039147207179252366, 'colsample_bytree': 0.5877890466015874, 'subsample': 0.832223866609837, 'learning_rate': 0.001232674862649886, 'max_depth': 20, 'min_child_weight': 253, 'eval_metric': 'logloss'}. Best is trial 362 with value: 0.7486883567232341.
start listen on 192.168.1.101:57071
@tracker All of 4 nodes getting started
@tracker All nodes finishes job
Trial 748 finished with value: 0.7478302675523038 and parameters: {'objective': 'binary:logistic', 'tree_method': 'gpu_hist', 'lambda': 0.006105518537279984, 'alpha': 0.0820299044645013, 'colsample_bytree': 0.36350267136356734, 'subsample': 0.8818717588415382, 'learning_rate': 0.023547085144896705, 'max_depth': 17, 'min_child_weight': 132, 'eval_metric': 'logloss'}. Best is trial 362 with value: 0.7486883567232341.
start listen on 192.168.1.101:54181
@tracker All of 4 nodes getting started
@tracker All nodes finishes job
Trial 749 finished with value: 0.7479514998011215 and parameters: {'objective': 'binary:logistic', 'tree_method': 'gpu_hist', 'lambda': 0.0021933807261953556, 'alpha': 0.1249480945523551, 'colsample_bytree': 0.32174294030987577, 'subsample': 0.6988573686357368, 'learning_rate': 0.020336913486738262, 'max_depth': 17, 'min_child_weight': 258, 'eval_metric': 'logloss'}. Best is trial 362 with value: 0.7486883567232341.
start listen on 192.168.1.101:46689
@tracker All of 4 nodes getting started
@tracker All nodes finishes job
Trial 750 finished with value: 0.745127302153324 and parameters: {'objective': 'binary:logistic', 'tree_method': 'gpu_hist', 'lambda': 0.0030997561971133555, 'alpha': 0.02232904355847622, 'colsample_bytree': 0.38854109864407, 'subsample': 0.7181334823649438, 'learning_rate': 0.018688307237142286, 'max_depth': 7, 'min_child_weight': 288, 'eval_metric': 'logloss'}. Best is trial 362 with value: 0.7486883567232341.
start listen on 192.168.1.101:48883
@tracker All of 4 nodes getting started
@tracker All nodes finishes job
Trial 751 finished with value: 0.7437341495670173 and parameters: {'objective': 'binary:logistic', 'tree_method': 'gpu_hist', 'lambda': 0.0042774443286045264, 'alpha': 0.05441503683435765, 'colsample_bytree': 0.3134739131623765, 'subsample': 0.8632531081870201, 'learning_rate': 0.022579559481593837, 'max_depth': 5, 'min_child_weight': 275, 'eval_metric': 'logloss'}. Best is trial 362 with value: 0.7486883567232341.
start listen on 192.168.1.101:42027
@tracker All of 4 nodes getting started
@tracker All nodes finishes job
Trial 752 finished with value: 0.7479449889529364 and parameters: {'objective': 'binary:logistic', 'tree_method': 'gpu_hist', 'lambda': 0.004874885627115751, 'alpha': 0.06794820778734728, 'colsample_bytree': 0.33580685072658206, 'subsample': 0.8416514329885375, 'learning_rate': 0.025947257832722757, 'max_depth': 17, 'min_child_weight': 269, 'eval_metric': 'logloss'}. Best is trial 362 with value: 0.7486883567232341.
start listen on 192.168.1.101:37509
@tracker All of 4 nodes getting started
@tracker All nodes finishes job
Trial 753 finished with value: 0.7476646308687667 and parameters: {'objective': 'binary:logistic', 'tree_method': 'gpu_hist', 'lambda': 0.0075907960019000005, 'alpha': 0.10034073232532126, 'colsample_bytree': 0.3532573380406176, 'subsample': 0.826842554278571, 'learning_rate': 0.020972880035587404, 'max_depth': 20, 'min_child_weight': 163, 'eval_metric': 'logloss'}. Best is trial 362 with value: 0.7486883567232341.
start listen on 192.168.1.101:50819
@tracker All of 4 nodes getting started
@tracker All nodes finishes job
Trial 754 finished with value: 0.7478481825258882 and parameters: {'objective': 'binary:logistic', 'tree_method': 'gpu_hist', 'lambda': 1.5250303740055136, 'alpha': 0.14498883473593463, 'colsample_bytree': 0.3741089536203227, 'subsample': 0.7775989416666995, 'learning_rate': 0.029140893755978156, 'max_depth': 17, 'min_child_weight': 281, 'eval_metric': 'logloss'}. Best is trial 362 with value: 0.7486883567232341.
start listen on 192.168.1.101:57525
@tracker All of 4 nodes getting started
@tracker All nodes finishes job
Trial 755 finished with value: 0.7478548866101795 and parameters: {'objective': 'binary:logistic', 'tree_method': 'gpu_hist', 'lambda': 2.8394011988726104, 'alpha': 0.38986784439364, 'colsample_bytree': 0.3279469673928422, 'subsample': 0.8145950667691332, 'learning_rate': 0.01799562690051987, 'max_depth': 17, 'min_child_weight': 264, 'eval_metric': 'logloss'}. Best is trial 362 with value: 0.7486883567232341.
start listen on 192.168.1.101:52751
@tracker All of 4 nodes getting started
@tracker All nodes finishes job
Trial 756 finished with value: 0.7483008424806112 and parameters: {'objective': 'binary:logistic', 'tree_method': 'gpu_hist', 'lambda': 4.186397319947587, 'alpha': 0.049738024741850545, 'colsample_bytree': 0.3002248878333143, 'subsample': 0.8584855592989612, 'learning_rate': 0.023698893093293014, 'max_depth': 17, 'min_child_weight': 256, 'eval_metric': 'logloss'}. Best is trial 362 with value: 0.7486883567232341.
start listen on 192.168.1.101:46291
@tracker All of 4 nodes getting started
@tracker All nodes finishes job
Trial 757 finished with value: 0.7481413956038203 and parameters: {'objective': 'binary:logistic', 'tree_method': 'gpu_hist', 'lambda': 0.22687262291696078, 'alpha': 0.2922459694076668, 'colsample_bytree': 0.3469388515571172, 'subsample': 0.8458727057617089, 'learning_rate': 0.020164294807604642, 'max_depth': 20, 'min_child_weight': 248, 'eval_metric': 'logloss'}. Best is trial 362 with value: 0.7486883567232341.
start listen on 192.168.1.101:36737
@tracker All of 4 nodes getting started
@tracker All nodes finishes job
Trial 758 finished with value: 0.7475955752859194 and parameters: {'objective': 'binary:logistic', 'tree_method': 'gpu_hist', 'lambda': 0.003587378151900251, 'alpha': 0.06282238096979066, 'colsample_bytree': 0.3141307261318723, 'subsample': 0.7959948300660994, 'learning_rate': 0.015917659505975304, 'max_depth': 17, 'min_child_weight': 272, 'eval_metric': 'logloss'}. Best is trial 362 with value: 0.7486883567232341.
start listen on 192.168.1.101:47685
@tracker All of 4 nodes getting started
@tracker All nodes finishes job
Trial 759 finished with value: 0.7479826787455328 and parameters: {'objective': 'binary:logistic', 'tree_method': 'gpu_hist', 'lambda': 2.179269513977871, 'alpha': 0.07844821318740225, 'colsample_bytree': 0.3622847567606741, 'subsample': 0.8731445891633967, 'learning_rate': 0.025002854351673067, 'max_depth': 17, 'min_child_weight': 237, 'eval_metric': 'logloss'}. Best is trial 362 with value: 0.7486883567232341.
start listen on 192.168.1.101:55385
@tracker All of 4 nodes getting started
@tracker All nodes finishes job
Trial 760 finished with value: 0.7479503752531129 and parameters: {'objective': 'binary:logistic', 'tree_method': 'gpu_hist', 'lambda': 0.005900796727654724, 'alpha': 0.04022770172415781, 'colsample_bytree': 0.3307112602035725, 'subsample': 0.833932691564297, 'learning_rate': 0.022357698715347697, 'max_depth': 17, 'min_child_weight': 262, 'eval_metric': 'logloss'}. Best is trial 362 with value: 0.7486883567232341.
start listen on 192.168.1.101:44411
@tracker All of 4 nodes getting started
@tracker All nodes finishes job
Trial 761 finished with value: 0.7478950590213624 and parameters: {'objective': 'binary:logistic', 'tree_method': 'gpu_hist', 'lambda': 0.004857105889724383, 'alpha': 0.02841939346434583, 'colsample_bytree': 0.3147117334050696, 'subsample': 0.8211630361660793, 'learning_rate': 0.01871853655832958, 'max_depth': 20, 'min_child_weight': 296, 'eval_metric': 'logloss'}. Best is trial 362 with value: 0.7486883567232341.
start listen on 192.168.1.101:34165
@tracker All of 4 nodes getting started
@tracker All nodes finishes job
Trial 762 finished with value: 0.7464835628968505 and parameters: {'objective': 'binary:logistic', 'tree_method': 'gpu_hist', 'lambda': 0.15058547822061844, 'alpha': 1.2550046438140012, 'colsample_bytree': 0.34741334953598046, 'subsample': 0.8498747631215507, 'learning_rate': 0.012316629360860993, 'max_depth': 17, 'min_child_weight': 279, 'eval_metric': 'logloss'}. Best is trial 362 with value: 0.7486883567232341.
start listen on 192.168.1.101:34121
@tracker All of 4 nodes getting started
@tracker All nodes finishes job
Trial 763 finished with value: 0.7479381995724773 and parameters: {'objective': 'binary:logistic', 'tree_method': 'gpu_hist', 'lambda': 0.0031486049272303443, 'alpha': 0.004016324320756908, 'colsample_bytree': 0.32320939712525576, 'subsample': 0.8079437644601084, 'learning_rate': 0.027350590569286477, 'max_depth': 9, 'min_child_weight': 269, 'eval_metric': 'logloss'}. Best is trial 362 with value: 0.7486883567232341.
start listen on 192.168.1.101:52815
@tracker All of 4 nodes getting started
@tracker All nodes finishes job
Trial 764 finished with value: 0.7483802704386344 and parameters: {'objective': 'binary:logistic', 'tree_method': 'gpu_hist', 'lambda': 0.016530078401176446, 'alpha': 0.05306446914461119, 'colsample_bytree': 0.39859243666651667, 'subsample': 0.8354765831606177, 'learning_rate': 0.020875349866610275, 'max_depth': 17, 'min_child_weight': 285, 'eval_metric': 'logloss'}. Best is trial 362 with value: 0.7486883567232341.
start listen on 192.168.1.101:47659
@tracker All of 4 nodes getting started
@tracker All nodes finishes job
Trial 765 finished with value: 0.7479418756428169 and parameters: {'objective': 'binary:logistic', 'tree_method': 'gpu_hist', 'lambda': 3.653868357831665, 'alpha': 0.06307142032738117, 'colsample_bytree': 0.3376193457544881, 'subsample': 0.8663878562849535, 'learning_rate': 0.024006777579211935, 'max_depth': 17, 'min_child_weight': 253, 'eval_metric': 'logloss'}. Best is trial 362 with value: 0.7486883567232341.
start listen on 192.168.1.101:48663
@tracker All of 4 nodes getting started
@tracker All nodes finishes job
Trial 766 finished with value: 0.747229948123268 and parameters: {'objective': 'binary:logistic', 'tree_method': 'gpu_hist', 'lambda': 0.0069956328856618346, 'alpha': 0.09398046812982752, 'colsample_bytree': 0.3794356105448247, 'subsample': 0.4957504200198506, 'learning_rate': 0.022293194949767926, 'max_depth': 20, 'min_child_weight': 260, 'eval_metric': 'logloss'}. Best is trial 362 with value: 0.7486883567232341.
start listen on 192.168.1.101:50409
@tracker All of 4 nodes getting started
@tracker All nodes finishes job
Trial 767 finished with value: 0.7478734838141863 and parameters: {'objective': 'binary:logistic', 'tree_method': 'gpu_hist', 'lambda': 0.003935037758964099, 'alpha': 0.20667845020161218, 'colsample_bytree': 0.31253934456651217, 'subsample': 0.8235005708484416, 'learning_rate': 0.017033559670903305, 'max_depth': 17, 'min_child_weight': 276, 'eval_metric': 'logloss'}. Best is trial 362 with value: 0.7486883567232341.
start listen on 192.168.1.101:37555
@tracker All of 4 nodes getting started
@tracker All nodes finishes job
Trial 768 finished with value: 0.7478984860102222 and parameters: {'objective': 'binary:logistic', 'tree_method': 'gpu_hist', 'lambda': 0.004948545093493801, 'alpha': 0.012511979897616465, 'colsample_bytree': 0.35541286995545973, 'subsample': 0.8498497507874054, 'learning_rate': 0.019485629682916554, 'max_depth': 13, 'min_child_weight': 267, 'eval_metric': 'logloss'}. Best is trial 362 with value: 0.7486883567232341.
start listen on 192.168.1.101:57229
@tracker All of 4 nodes getting started
@tracker All nodes finishes job
Trial 769 finished with value: 0.7475520253409835 and parameters: {'objective': 'binary:logistic', 'tree_method': 'gpu_hist', 'lambda': 0.010858286065878558, 'alpha': 0.07900557443710235, 'colsample_bytree': 0.5576346064567441, 'subsample': 0.8811971333247961, 'learning_rate': 0.030127564846221144, 'max_depth': 11, 'min_child_weight': 242, 'eval_metric': 'logloss'}. Best is trial 362 with value: 0.7486883567232341.
start listen on 192.168.1.101:35921
@tracker All of 4 nodes getting started
@tracker All nodes finishes job
Trial 770 finished with value: 0.7482679848409395 and parameters: {'objective': 'binary:logistic', 'tree_method': 'gpu_hist', 'lambda': 3.0269800087315573, 'alpha': 0.0475452178832162, 'colsample_bytree': 0.32669129684463444, 'subsample': 0.8385893097723733, 'learning_rate': 0.021528210230059616, 'max_depth': 17, 'min_child_weight': 274, 'eval_metric': 'logloss'}. Best is trial 362 with value: 0.7486883567232341.
start listen on 192.168.1.101:41053
@tracker All of 4 nodes getting started
@tracker All nodes finishes job
Trial 771 finished with value: 0.7481070568114783 and parameters: {'objective': 'binary:logistic', 'tree_method': 'gpu_hist', 'lambda': 1.7176556286257723, 'alpha': 0.0030502921142972275, 'colsample_bytree': 0.30029856124413873, 'subsample': 0.7603673197813585, 'learning_rate': 0.026430792864132822, 'max_depth': 17, 'min_child_weight': 264, 'eval_metric': 'logloss'}. Best is trial 362 with value: 0.7486883567232341.
start listen on 192.168.1.101:40391
@tracker All of 4 nodes getting started
@tracker All nodes finishes job
Trial 772 finished with value: 0.7482379058559019 and parameters: {'objective': 'binary:logistic', 'tree_method': 'gpu_hist', 'lambda': 0.002592102702575614, 'alpha': 0.11086791703374584, 'colsample_bytree': 0.36480992104965215, 'subsample': 0.7853899773727241, 'learning_rate': 0.023564374157873498, 'max_depth': 20, 'min_child_weight': 290, 'eval_metric': 'logloss'}. Best is trial 362 with value: 0.7486883567232341.
start listen on 192.168.1.101:55489
@tracker All of 4 nodes getting started
@tracker All nodes finishes job
Trial 773 finished with value: 0.7480047027994805 and parameters: {'objective': 'binary:logistic', 'tree_method': 'gpu_hist', 'lambda': 0.008395921240918128, 'alpha': 0.032808235060631, 'colsample_bytree': 0.34174744466804474, 'subsample': 0.8000247667175193, 'learning_rate': 0.019146179861928354, 'max_depth': 17, 'min_child_weight': 248, 'eval_metric': 'logloss'}. Best is trial 362 with value: 0.7486883567232341.
start listen on 192.168.1.101:34993
@tracker All of 4 nodes getting started
@tracker All nodes finishes job
Trial 774 finished with value: 0.7447671836783475 and parameters: {'objective': 'binary:logistic', 'tree_method': 'gpu_hist', 'lambda': 0.005558141832825237, 'alpha': 0.0053238524384358775, 'colsample_bytree': 0.32292227385630135, 'subsample': 0.8632063768840477, 'learning_rate': 0.010256053600886408, 'max_depth': 17, 'min_child_weight': 282, 'eval_metric': 'logloss'}. Best is trial 362 with value: 0.7486883567232341.
start listen on 192.168.1.101:34533
@tracker All of 4 nodes getting started
@tracker All nodes finishes job
Trial 775 finished with value: 0.7478593293735962 and parameters: {'objective': 'binary:logistic', 'tree_method': 'gpu_hist', 'lambda': 0.6305267814595948, 'alpha': 0.06913223783184604, 'colsample_bytree': 0.3001371226449618, 'subsample': 0.8134791095910605, 'learning_rate': 0.01742762288161726, 'max_depth': 17, 'min_child_weight': 257, 'eval_metric': 'logloss'}. Best is trial 362 with value: 0.7486883567232341.
start listen on 192.168.1.101:47671
@tracker All of 4 nodes getting started
@tracker All nodes finishes job
Trial 776 finished with value: 0.7482048331698661 and parameters: {'objective': 'binary:logistic', 'tree_method': 'gpu_hist', 'lambda': 2.379318972840507, 'alpha': 0.05684212188688284, 'colsample_bytree': 0.3366418523954531, 'subsample': 0.8283371165464937, 'learning_rate': 0.025056069642919527, 'max_depth': 11, 'min_child_weight': 268, 'eval_metric': 'logloss'}. Best is trial 362 with value: 0.7486883567232341.
start listen on 192.168.1.101:37193
@tracker All of 4 nodes getting started
@tracker All nodes finishes job
Trial 777 finished with value: 0.7290994722431876 and parameters: {'objective': 'binary:logistic', 'tree_method': 'gpu_hist', 'lambda': 4.272013925523282, 'alpha': 0.08589070837883533, 'colsample_bytree': 0.3716629905048372, 'subsample': 0.8529386305402806, 'learning_rate': 0.014005228252721163, 'max_depth': 3, 'min_child_weight': 276, 'eval_metric': 'logloss'}. Best is trial 362 with value: 0.7486883567232341.
start listen on 192.168.1.101:51607
@tracker All of 4 nodes getting started
@tracker All nodes finishes job
Trial 778 finished with value: 0.7478848137569252 and parameters: {'objective': 'binary:logistic', 'tree_method': 'gpu_hist', 'lambda': 0.06931624295108858, 'alpha': 0.041545600931403144, 'colsample_bytree': 0.3495114160960324, 'subsample': 0.8957678608188524, 'learning_rate': 0.020923134270220082, 'max_depth': 20, 'min_child_weight': 260, 'eval_metric': 'logloss'}. Best is trial 362 with value: 0.7486883567232341.
start listen on 192.168.1.101:60001
@tracker All of 4 nodes getting started
@tracker All nodes finishes job
Trial 779 finished with value: 0.7463022257449545 and parameters: {'objective': 'binary:logistic', 'tree_method': 'gpu_hist', 'lambda': 0.004189114383126644, 'alpha': 0.06519192285327842, 'colsample_bytree': 0.3127158958990811, 'subsample': 0.8410600441679482, 'learning_rate': 0.022198288928135537, 'max_depth': 7, 'min_child_weight': 252, 'eval_metric': 'logloss'}. Best is trial 362 with value: 0.7486883567232341.
start listen on 192.168.1.101:41521
@tracker All of 4 nodes getting started
@tracker All nodes finishes job
Trial 780 finished with value: 0.7481053818670265 and parameters: {'objective': 'binary:logistic', 'tree_method': 'gpu_hist', 'lambda': 0.006214676936199654, 'alpha': 0.08586989392838802, 'colsample_bytree': 0.33121408690693177, 'subsample': 0.8755416566499807, 'learning_rate': 0.019427312081408132, 'max_depth': 17, 'min_child_weight': 270, 'eval_metric': 'logloss'}. Best is trial 362 with value: 0.7486883567232341.
start listen on 192.168.1.101:59633
@tracker All of 4 nodes getting started
@tracker All nodes finishes job
Trial 781 finished with value: 0.7461402755506699 and parameters: {'objective': 'binary:logistic', 'tree_method': 'gpu_hist', 'lambda': 0.003143960461154831, 'alpha': 0.05334691054204956, 'colsample_bytree': 0.3202061091843783, 'subsample': 0.8203873166209241, 'learning_rate': 0.03188894894644515, 'max_depth': 5, 'min_child_weight': 282, 'eval_metric': 'logloss'}. Best is trial 362 with value: 0.7486883567232341.
start listen on 192.168.1.101:48923
@tracker All of 4 nodes getting started
@tracker All nodes finishes job
Trial 782 finished with value: 0.7480238635972203 and parameters: {'objective': 'binary:logistic', 'tree_method': 'gpu_hist', 'lambda': 2.703696523549574, 'alpha': 0.10920958353761627, 'colsample_bytree': 0.3847672502008234, 'subsample': 0.854740392817404, 'learning_rate': 0.02783637707706745, 'max_depth': 17, 'min_child_weight': 262, 'eval_metric': 'logloss'}. Best is trial 362 with value: 0.7486883567232341.
start listen on 192.168.1.101:45261
@tracker All of 4 nodes getting started
@tracker All nodes finishes job
Trial 783 finished with value: 0.7483875531198936 and parameters: {'objective': 'binary:logistic', 'tree_method': 'gpu_hist', 'lambda': 0.002098853471726828, 'alpha': 0.04500941111318757, 'colsample_bytree': 0.3548144420450895, 'subsample': 0.7743079093572458, 'learning_rate': 0.024718497922728556, 'max_depth': 17, 'min_child_weight': 275, 'eval_metric': 'logloss'}. Best is trial 362 with value: 0.7486883567232341.
start listen on 192.168.1.101:47647
@tracker All of 4 nodes getting started
@tracker All nodes finishes job
