number,value,params_alpha,params_colsample_bytree,params_eval_metric,params_lambda,params_learning_rate,params_max_depth,params_min_child_weight,params_objective,params_subsample,params_tree_method,state
126,0.747617962751552,0.027326146475811084,0.5761461810650789,logloss,0.011109495668819974,0.02077601077003743,20,187,binary:logistic,0.6550679797687868,gpu_hist,COMPLETE
127,0.7478727689378365,0.016132710078620507,0.5409696058173286,logloss,0.003178999751198966,0.018250877042629326,20,218,binary:logistic,0.5696955335647355,gpu_hist,COMPLETE
128,0.7478165982163022,0.015892017094686278,0.536752914575867,logloss,0.0026101166585373085,0.022648022567053956,15,218,binary:logistic,0.5693488379546074,gpu_hist,COMPLETE
129,0.7452854354135656,0.009235874075492341,0.5579948218750957,logloss,0.005606082735683942,0.03408399781664881,20,225,binary:logistic,0.5838090764573783,gpu_hist,COMPLETE
130,0.7477437926582926,0.012010504281770192,0.4417993792228695,logloss,0.003057095533601022,0.018004814951360755,13,213,binary:logistic,0.707153834373757,gpu_hist,COMPLETE
131,0.7478359771166208,0.0161803863029725,0.517463505959445,logloss,0.03061991939215326,0.020442023062175005,20,201,binary:logistic,0.5483578432874927,gpu_hist,COMPLETE
132,0.7482792731080263,0.00811322255431375,0.4980271794898592,logloss,0.015644101394684317,0.017814659942085406,20,206,binary:logistic,0.5951890633743403,gpu_hist,COMPLETE
133,0.7462754487218209,0.00826699775681754,0.5438208994991713,logloss,0.015132542099002479,0.02837932185578646,20,197,binary:logistic,0.5999356126479652,gpu_hist,COMPLETE
134,0.7480737779698842,0.004223696476727047,0.5016762193678723,logloss,0.004680754178527441,0.01778327715981982,20,189,binary:logistic,0.6470997854626725,gpu_hist,COMPLETE
135,0.7471981790516252,0.00420179858239081,0.4657187643728811,logloss,0.005013012276499375,0.02494667289096723,20,188,binary:logistic,0.6488837080868998,gpu_hist,COMPLETE
136,0.7449761572053202,0.003533030247111431,0.49446405676078165,logloss,0.010423801475079594,0.01682964749652603,7,177,binary:logistic,0.6221375985738969,gpu_hist,COMPLETE
137,0.7474452160628735,0.005647907563164077,0.5032759546884155,logloss,0.006400123950343975,0.02221646171887927,20,206,binary:logistic,0.6605876806093834,gpu_hist,COMPLETE
138,0.747349918155507,0.006821336499109422,0.4833891799929464,logloss,0.008192467183388183,0.020078210044813194,9,184,binary:logistic,0.6773990381273908,gpu_hist,COMPLETE
139,0.7400735452008103,0.010545259761786349,0.6057233502448242,logloss,4.811040115869983,0.015530304038365765,5,192,binary:logistic,0.6404270041646528,gpu_hist,COMPLETE
140,0.748215597574008,0.00840866222464401,0.5837478306032641,logloss,0.009841772809296953,0.017728460178057553,20,208,binary:logistic,0.6290464856011669,gpu_hist,COMPLETE
141,0.7480763961732584,0.0027595832408012686,0.582114625797697,logloss,0.01294468169378207,0.018027076151604385,20,197,binary:logistic,0.628228410705093,gpu_hist,COMPLETE
142,0.7457238431288351,0.002095898771152656,0.5890451484434831,logloss,0.015609233031759194,0.017746948617764585,20,46,binary:logistic,0.6266850360784035,gpu_hist,COMPLETE
143,0.7482075041623995,0.00269285306813057,0.5647544856956882,logloss,0.012991450921721,0.016646964680394227,20,208,binary:logistic,0.6579900973264393,gpu_hist,COMPLETE
144,0.7479195224901376,0.00267521772820559,0.5744038941213363,logloss,0.012281851260599146,0.014516124918358153,20,209,binary:logistic,0.6614784879227408,gpu_hist,COMPLETE
145,0.7478716463346919,0.001159997513630201,0.5749309861797106,logloss,0.01951775720847946,0.014305111807650601,20,213,binary:logistic,0.660985385831057,gpu_hist,COMPLETE
146,0.7474457024177317,0.0015754514404267273,0.6325246639713548,logloss,0.004180946523931205,0.013213693441695913,20,227,binary:logistic,0.6821208697472715,gpu_hist,COMPLETE
147,0.7479032694026341,0.002803591856546169,0.5602289893788674,logloss,0.012263233193141623,0.01606093067651692,20,209,binary:logistic,0.6339224766874861,gpu_hist,COMPLETE
148,0.7473627470325276,0.003276632881001022,0.6169167792766697,logloss,0.02241034208789277,0.012272944326335727,20,200,binary:logistic,0.6099023602222127,gpu_hist,COMPLETE
149,0.7326722735123561,0.0021348603846016814,0.5961980771327755,logloss,0.007033242329853192,0.016628149643363194,3,207,binary:logistic,0.6709736903364332,gpu_hist,COMPLETE
150,0.7477772651527494,0.002832600375347622,0.5785225325202407,logloss,0.005035018753548451,0.0147005129701454,20,232,binary:logistic,0.6222018162314336,gpu_hist,COMPLETE
151,0.7481278786617862,0.0025716795849982247,0.5600019065743294,logloss,0.012477967642072114,0.016691463172819224,20,209,binary:logistic,0.633745047658432,gpu_hist,COMPLETE
152,0.7475052302519494,0.004342314137137021,0.5539540422070757,logloss,0.008581877376825768,0.02173291254580016,20,215,binary:logistic,0.6380273391734825,gpu_hist,COMPLETE
153,0.7479550144477691,0.0024354778571603996,0.5714880285480816,logloss,0.016576719945282252,0.01787461553560365,20,221,binary:logistic,0.6594126599193166,gpu_hist,COMPLETE
154,0.7480908679044787,0.0017739223922355737,0.5409714681743713,logloss,0.026678452083452448,0.01714619332254236,20,225,binary:logistic,0.6593525008461392,gpu_hist,COMPLETE
155,0.7481083776518074,0.002342889165184632,0.537796532842469,logloss,0.019139890592380016,0.016844057935185383,20,226,binary:logistic,0.6510372470247472,gpu_hist,COMPLETE
156,0.7481382757645154,0.0014888500270487876,0.5378038935719848,logloss,0.01868876910758428,0.015861862092163025,20,222,binary:logistic,0.6987893064321528,gpu_hist,COMPLETE
157,0.7482466687173996,0.0015299770094053537,0.5329038582720657,logloss,0.027201685036416963,0.016682128630420234,20,226,binary:logistic,0.7283105479574394,gpu_hist,COMPLETE
158,0.7479605898164868,0.0014802535792960887,0.5345437596883227,logloss,0.029499229516549888,0.016992805594588874,20,231,binary:logistic,0.7338180275369636,gpu_hist,COMPLETE
159,0.7476175648879948,0.0017490871906006126,0.5067108931893094,logloss,0.020655843941025574,0.013536565036720363,20,246,binary:logistic,0.7444175426883595,gpu_hist,COMPLETE
160,0.7478036304204418,0.001152756849597587,0.5199159093176974,logloss,0.025145538492092306,0.015686149406981743,20,226,binary:logistic,0.7633417063131596,gpu_hist,COMPLETE
161,0.7481289055498501,0.001872016633820331,0.5463499510594062,logloss,0.018270932987980378,0.016625226211718046,20,242,binary:logistic,0.700639529705452,gpu_hist,COMPLETE
162,0.7480848816138328,0.002107940285707561,0.5372013308104973,logloss,0.017518201666179765,0.01731383844461881,20,240,binary:logistic,0.6999568533905918,gpu_hist,COMPLETE
163,0.747993301313539,0.0013468737621366148,0.5453377688310742,logloss,0.0264847634243825,0.016681195273428456,20,241,binary:logistic,0.7224677377191527,gpu_hist,COMPLETE
164,0.7153504550345917,0.0018637711771350332,0.5359355782672678,logloss,0.018679359853580994,0.001581739214741994,20,242,binary:logistic,0.7051461060979233,gpu_hist,COMPLETE
165,0.7479037192218375,0.0019312517925667875,0.5577654728834729,logloss,0.016171650739341077,0.019879152338661103,20,252,binary:logistic,0.6939301288796582,gpu_hist,COMPLETE
166,0.7327718056659605,0.0010044871150616454,0.5166516744872005,logloss,0.022013944276395404,0.08522619100573406,15,228,binary:logistic,0.715542541278388,gpu_hist,COMPLETE
167,0.7479569441693732,0.0014714008105303098,0.5486578544292238,logloss,0.015897325844416242,0.01520837251475866,20,232,binary:logistic,0.7558630609636319,gpu_hist,COMPLETE
168,0.7460201949390345,0.0022975707324659872,0.5303372086740744,logloss,0.013368460391883942,0.01220841294853094,13,263,binary:logistic,0.733333474752393,gpu_hist,COMPLETE
169,0.7466366879939972,0.003034756925948719,0.5054135432982388,logloss,0.025665275478421335,0.010990482710433432,20,221,binary:logistic,0.6955090305058704,gpu_hist,COMPLETE
170,0.7483020055091384,0.001647338546581635,0.5574425839593015,logloss,0.03398947137831618,0.017100794662712075,20,233,binary:logistic,0.6885001429903415,gpu_hist,COMPLETE
171,0.7480650212208155,0.001699171384529542,0.5591122159889425,logloss,0.04640524398516612,0.016767844692730943,20,241,binary:logistic,0.6780442478108123,gpu_hist,COMPLETE
172,0.7481589446651805,0.001549640686849729,0.557862204977311,logloss,0.048443075849152806,0.01685301790482699,20,248,binary:logistic,0.6751500532224446,gpu_hist,COMPLETE
173,0.7478898274767734,0.001652690599558601,0.5591602688541226,logloss,0.04481385680981631,0.01384797265022389,20,251,binary:logistic,0.679894251780162,gpu_hist,COMPLETE
174,0.7480089257932924,0.0012448573823338892,0.5445703193778929,logloss,0.03525174714736758,0.015754357119940613,20,236,binary:logistic,0.6973539338748963,gpu_hist,COMPLETE
175,0.7482173108600596,0.0021247246689152094,0.5262524269009387,logloss,0.05400326908978404,0.01688417783064728,20,245,binary:logistic,0.7127956342352716,gpu_hist,COMPLETE
176,0.7476521797120715,0.0021954783041040617,0.5301513332861966,logloss,0.03251749848704945,0.014179634727052462,20,257,binary:logistic,0.7122279797714962,gpu_hist,COMPLETE
177,0.7468800485181494,0.0025653452932581696,0.5397137647793557,logloss,0.036180398975374714,0.023851295484830413,7,247,binary:logistic,0.6866978239878391,gpu_hist,COMPLETE
178,0.7481055638507066,0.001293627871658886,0.49857515483807774,logloss,0.06319047621201149,0.019796365961932506,20,237,binary:logistic,0.7028069341529839,gpu_hist,COMPLETE
179,0.7473160894731449,0.0013268520935310762,0.5209641540843848,logloss,0.05427408861953353,0.02112933043136829,9,236,binary:logistic,0.7287380979392777,gpu_hist,COMPLETE
180,0.7481575888173039,0.0014421163053850467,0.4937852410288921,logloss,0.06230948889526662,0.015917576300219706,20,225,binary:logistic,0.7068961995863428,gpu_hist,COMPLETE
181,0.7480797964897009,0.0020206174986808034,0.5504473736353082,logloss,0.07755935950848138,0.015450745863899972,20,225,binary:logistic,0.7041832948899429,gpu_hist,COMPLETE
182,0.7478189494176664,0.0015210850413358385,0.4910725532342722,logloss,0.07500035216814778,0.015560984375406187,20,224,binary:logistic,0.7029933468311841,gpu_hist,COMPLETE
183,0.7473350475882975,0.001983305576881045,0.5317204520470199,logloss,0.07164530653215166,0.01294748715223959,20,234,binary:logistic,0.7165074458033197,gpu_hist,COMPLETE
184,0.7481813815859203,0.0011555799788111908,0.5468587767614553,logloss,0.09537226868201268,0.019855842078332485,20,241,binary:logistic,0.7036122461815825,gpu_hist,COMPLETE
185,0.7426283292073961,0.0011560226902759471,0.5101718359902933,logloss,0.05966477141373188,0.02002081985949166,5,244,binary:logistic,0.7428468387539187,gpu_hist,COMPLETE
186,0.7481476265305432,0.0013796053422912798,0.5643655900103715,logloss,0.049272737679853545,0.01960918010888157,20,252,binary:logistic,0.6954514597889214,gpu_hist,COMPLETE
187,0.7480858636311116,0.001010811031730502,0.5640612959644935,logloss,0.11194709894983246,0.022958117560704462,20,252,binary:logistic,0.7227142651335159,gpu_hist,COMPLETE
188,0.747688805247436,0.0013357106978574061,0.521359071478814,logloss,0.05201330518892187,0.01943454557537576,20,231,binary:logistic,0.6856464262463599,gpu_hist,COMPLETE
189,0.7481850155638514,0.0015043183644486923,0.5516767576253736,logloss,0.09679160864731486,0.020295241855612545,20,259,binary:logistic,0.6683545085530518,gpu_hist,COMPLETE
190,0.7477873023167648,0.0014614887563137453,0.5650721282226963,logloss,0.08725877686569454,0.021354635494746848,11,270,binary:logistic,0.6744289394288832,gpu_hist,COMPLETE
191,0.7290062295011378,0.0017946563357179902,0.5513190881882892,logloss,0.0882886467964227,0.0036902888583736754,20,262,binary:logistic,0.6881384541846968,gpu_hist,COMPLETE
192,0.7484153763408101,0.0012262105085724805,0.5431780114548579,logloss,0.10266298932147531,0.01947250318816214,20,257,binary:logistic,0.673031447889687,gpu_hist,COMPLETE
193,0.7481552724845686,0.00118607070972324,0.5006292308013178,logloss,0.10758922587371132,0.01951492827094949,20,250,binary:logistic,0.6698396347063906,gpu_hist,COMPLETE
194,0.7481050148434516,0.0010194365485763411,0.529023582071418,logloss,0.16201476110649182,0.019168267310993373,20,254,binary:logistic,0.6699338424389146,gpu_hist,COMPLETE
195,0.7475918435091251,0.0014916370089973845,0.5495342665150402,logloss,0.10577206697475958,0.02204235467266024,20,279,binary:logistic,0.6690487228278382,gpu_hist,COMPLETE
196,0.7471532585334156,0.0011847958814711333,0.6058878541307073,logloss,0.15169157377569883,0.024214291041992794,20,262,binary:logistic,0.6924997686878978,gpu_hist,COMPLETE
197,0.7479694456146884,0.001636861398739583,0.5668369573214455,logloss,0.09261292839782427,0.016572607461402232,20,257,binary:logistic,0.7148177005375216,gpu_hist,COMPLETE
198,0.7340783174891613,0.00125349051234553,0.5113212663632987,logloss,0.12468196402790015,0.01824343776765834,3,250,binary:logistic,0.6827604788133983,gpu_hist,COMPLETE
199,0.7477624484860499,0.0014587894825740127,0.5278404214930799,logloss,0.13317960068081192,0.014804106963194657,20,267,binary:logistic,0.7250937561738648,gpu_hist,COMPLETE
200,0.7479503328828668,0.0023967732685409564,0.586645259937694,logloss,0.04894293854631842,0.019601367575245672,20,247,binary:logistic,0.6687936764047829,gpu_hist,COMPLETE
201,0.7478988637305477,0.0011979445860239501,0.4950038742180006,logloss,0.06431487082602576,0.02073936378876805,20,238,binary:logistic,0.7065559901508324,gpu_hist,COMPLETE
202,0.7480914299701047,0.001325044477720189,0.5022553670656736,logloss,0.06488426727022545,0.017044882023086082,20,245,binary:logistic,0.6943696041692912,gpu_hist,COMPLETE
203,0.7480024421732,0.0016403560791057308,0.4799968249926108,logloss,0.04004663316753425,0.019401022565064995,20,259,binary:logistic,0.684629881550473,gpu_hist,COMPLETE
204,0.7475800104023483,0.0010839167380203853,0.5408918316765569,logloss,0.1039806520296429,0.021983081432892883,20,215,binary:logistic,0.7078381056114466,gpu_hist,COMPLETE
205,0.74807687613785,0.0020037170512509123,0.5152851687783715,logloss,0.05871681058367696,0.017841670140306656,20,253,binary:logistic,0.6623917418905255,gpu_hist,COMPLETE
206,0.7470816740720081,0.001406555289107824,0.5518062491610879,logloss,0.04381091102553009,0.02607219613761499,20,238,binary:logistic,0.6759984723794894,gpu_hist,COMPLETE
207,0.7480495674723164,0.0019094258560942285,0.5731324831599622,logloss,0.079120847224061,0.015877110631736326,20,231,binary:logistic,0.6957652473832819,gpu_hist,COMPLETE
208,0.7481183264634406,0.001256853779525443,0.49492875453066376,logloss,0.09725257208732704,0.01966664848015868,20,217,binary:logistic,0.6519677669488791,gpu_hist,COMPLETE
209,0.7481274123112408,0.003454081411189079,0.5281739047637032,logloss,0.0995807677276972,0.0180590541097808,20,216,binary:logistic,0.6552638483295894,gpu_hist,COMPLETE
210,0.7476051401258792,0.0031134291316286685,0.5219481866367917,logloss,0.10039990390025959,0.02309886567506278,13,292,binary:logistic,0.6539588281609899,gpu_hist,COMPLETE
211,0.7482352056904122,0.002514138047122278,0.5369438528547908,logloss,0.09183012528052709,0.017566138929840564,20,220,binary:logistic,0.6496085546841879,gpu_hist,COMPLETE
212,0.7477913231836648,0.0015950125804554088,0.558537933328238,logloss,0.10292174063271449,0.018335440023082558,20,215,binary:logistic,0.6553303397191977,gpu_hist,COMPLETE
213,0.7479060445842973,0.0035752018374392565,0.5422780364630024,logloss,0.1349171007322369,0.020475812596918733,15,216,binary:logistic,0.6697488558577649,gpu_hist,COMPLETE
214,0.747802659794508,0.002489063860161509,0.47208101750692105,logloss,0.08056779211365217,0.01571786941468951,20,220,binary:logistic,0.6381716487802892,gpu_hist,COMPLETE
215,0.7479370208461215,0.0016699543953904883,0.5293927521502686,logloss,0.11536447610605698,0.017841828867476997,20,219,binary:logistic,0.6480773742657453,gpu_hist,COMPLETE
216,0.7477635780351366,0.0010058936444160445,0.5649477187553791,logloss,0.08861393021456926,0.014367164329591335,20,212,binary:logistic,0.6622887984169419,gpu_hist,COMPLETE
217,0.748074002740567,1.5716985765331173,0.5126818767536871,logloss,0.19871037404773628,0.019451371790628853,20,247,binary:logistic,0.682532524837953,gpu_hist,COMPLETE
218,0.7480870477753023,0.0012538137707491792,0.5521825368720374,logloss,0.05436144870736691,0.016780992722811538,20,219,binary:logistic,0.6692855963298394,gpu_hist,COMPLETE
219,0.747980925589774,0.0020097860355951843,0.486870720443075,logloss,0.07010529406327227,0.021478032821164155,20,205,binary:logistic,0.7271135750085657,gpu_hist,COMPLETE
220,0.7453842835308027,0.001529266271209323,0.5780472296640746,logloss,0.09086127676893024,0.018197415432166283,7,229,binary:logistic,0.6474399393155618,gpu_hist,COMPLETE
221,0.7479839437404882,0.002240167592109634,0.5402291935288367,logloss,0.020748293338278326,0.0165037614264904,20,224,binary:logistic,0.6531025402590773,gpu_hist,COMPLETE
222,0.7478200272889446,0.002562591599392,0.5355430669241318,logloss,0.033323453104525766,0.016970017419731767,20,228,binary:logistic,0.6394904358144677,gpu_hist,COMPLETE
223,0.7477999601846936,0.0031866460558346824,0.5200672781816813,logloss,0.1215467386019442,0.015151238841516097,20,242,binary:logistic,0.6826980565994658,gpu_hist,COMPLETE
224,0.7479457703714104,9.073219719580479,0.5496180017506669,logloss,0.02325677715142888,0.01894120352646383,20,211,binary:logistic,0.6560801800437679,gpu_hist,COMPLETE
225,0.7476559010699528,0.001786290543686286,0.5024405416055456,logloss,0.17292871715212496,0.01371096620489393,20,257,binary:logistic,0.7487436613407503,gpu_hist,COMPLETE
226,0.7472433505961783,0.0013332090558425666,0.5329190417625429,logloss,0.01545604344299222,0.01997768141799241,9,222,binary:logistic,0.7168780217583245,gpu_hist,COMPLETE
227,0.7481257066657254,0.0022527313432114423,0.5595009759601819,logloss,0.01987130345186199,0.016229841672589583,20,247,binary:logistic,0.6760856643765841,gpu_hist,COMPLETE
228,0.747917896861874,0.0020391200164513513,0.567931535279198,logloss,0.028779758789365138,0.015294104802838871,20,250,binary:logistic,0.6742644560898525,gpu_hist,COMPLETE
229,0.7479584883911968,0.1650000404475591,0.559019854282061,logloss,0.0723990552745716,0.017863375093717715,20,234,binary:logistic,0.7010726489347334,gpu_hist,COMPLETE
230,0.7439294833477013,0.001712367168292626,0.5896089620005259,logloss,0.10123595773601934,0.02233134696982588,5,244,binary:logistic,0.6850773452266665,gpu_hist,COMPLETE
231,0.7481700324723817,0.0024172721779905587,0.5438873571270857,logloss,0.019877596148975753,0.016703502226607776,20,253,binary:logistic,0.6645184355575678,gpu_hist,COMPLETE
232,0.7475680201783637,0.002857063786299043,0.5525817851343398,logloss,0.017424424401943712,0.016234011976052287,20,268,binary:logistic,0.6645172226730804,gpu_hist,COMPLETE
233,0.7480164733927791,0.0012130859867457743,0.5223802608117778,logloss,0.04793690863824406,0.01873868356704574,20,255,binary:logistic,0.6921607555336591,gpu_hist,COMPLETE
234,0.7479763094556454,0.00232267017887198,0.5763875166150928,logloss,0.021278555835788398,0.017460233176640128,20,258,binary:logistic,0.9387595937355206,gpu_hist,COMPLETE
235,0.748008788263641,0.0014692750274297092,0.5463870001414179,logloss,0.014151535496521156,0.014346200634198957,20,248,binary:logistic,0.6758880603392824,gpu_hist,COMPLETE
236,0.7480701974757064,0.001802882990944213,0.5127124501482673,logloss,0.038270880122159706,0.020233789951442302,20,264,binary:logistic,0.6615537582611645,gpu_hist,COMPLETE
237,0.7478189637263069,0.002793565169475431,0.562156161736552,logloss,0.14306204241129697,0.015687446994113667,20,241,binary:logistic,0.6458512812559078,gpu_hist,COMPLETE
238,0.7481334919553471,0.001210451768408503,0.5315528405051119,logloss,0.026252139989957932,0.018640023188977572,20,249,binary:logistic,0.7133105168234041,gpu_hist,COMPLETE
239,0.7472349222512471,0.001141652710569273,0.5413469670659008,logloss,0.02773531730797405,0.016917729486953473,11,250,binary:logistic,0.7092719784421078,gpu_hist,COMPLETE
240,0.748170447700794,0.0015550206231119967,0.5281342961486659,logloss,0.023984134527261683,0.02018993316767042,20,275,binary:logistic,0.7314664434235864,gpu_hist,COMPLETE
241,0.7479053747176517,0.0013777274179717182,0.5277169237942321,logloss,0.02276875114316261,0.02060590265636397,20,271,binary:logistic,0.7358759328236242,gpu_hist,COMPLETE
242,0.7480877486208493,0.0015797536961235695,0.49201853598678336,logloss,0.01905172274971257,0.017998939234519784,20,257,binary:logistic,0.717909770695265,gpu_hist,COMPLETE
243,0.7479265523391083,0.0010151459429738109,0.5448604089686913,logloss,0.030685040122421358,0.019678859354295513,20,244,binary:logistic,0.7365514094594209,gpu_hist,COMPLETE
244,0.747774893391397,0.0020133390529489615,0.5084121083120446,logloss,0.02672948394095437,0.016459749685708378,20,274,binary:logistic,0.6917503267573698,gpu_hist,COMPLETE
245,0.747884374078797,0.0038900030930086923,0.5622203936973119,logloss,0.023028286335719423,0.021680425605524335,20,253,binary:logistic,0.7260234695911372,gpu_hist,COMPLETE
246,0.7480520652330565,0.0012305512203575936,0.5303798628687402,logloss,0.035060959699838794,0.018928542087193148,20,236,binary:logistic,0.7843155762232913,gpu_hist,COMPLETE
247,0.7478781375953206,0.001501039833265162,0.5486479286421079,logloss,0.01769675053079882,0.015147291205470542,20,262,binary:logistic,0.7045898068468809,gpu_hist,COMPLETE
248,0.7381256199498071,0.0022608450953952967,0.5189206951269565,logloss,0.013731361882910314,0.023804400527158258,3,249,binary:logistic,0.7100728525662952,gpu_hist,COMPLETE
249,0.7477436616578267,0.0018011020545580605,0.5681595053619475,logloss,1.4021053487551725,0.017648325829785597,20,281,binary:logistic,0.6744178964517699,gpu_hist,COMPLETE
250,0.7478769356695183,0.0013140382198756578,0.5393953223668527,logloss,0.08376140728048159,0.020260119372538684,20,217,binary:logistic,0.6926575188194455,gpu_hist,COMPLETE
251,0.7478781773261087,0.0017241533141958375,0.5819042852194967,logloss,0.041069765938439744,0.01609454141053172,20,232,binary:logistic,0.714076619478892,gpu_hist,COMPLETE
