Trial 948 finished with value: 0.7477487569230339 and parameters: {'objective': 'binary:logistic', 'tree_method': 'gpu_hist', 'lambda': 0.005767857272086646, 'alpha': 0.04056892912857618, 'colsample_bytree': 0.35273318106983353, 'subsample': 0.87694853602432, 'learning_rate': 0.03023765282923083, 'max_depth': 11, 'min_child_weight': 257, 'eval_metric': 'logloss'}. Best is trial 362 with value: 0.7486883567232341.
start listen on 192.168.1.101:55403
@tracker All of 4 nodes getting started
@tracker All nodes finishes job
Trial 949 finished with value: 0.7480110711169359 and parameters: {'objective': 'binary:logistic', 'tree_method': 'gpu_hist', 'lambda': 1.2160372904017303, 'alpha': 0.062054892454136666, 'colsample_bytree': 0.3733905021316086, 'subsample': 0.8400888975392304, 'learning_rate': 0.025952450046842088, 'max_depth': 17, 'min_child_weight': 266, 'eval_metric': 'logloss'}. Best is trial 362 with value: 0.7486883567232341.
start listen on 192.168.1.101:54335
@tracker All of 4 nodes getting started
@tracker All nodes finishes job
Trial 950 finished with value: 0.7465860727757865 and parameters: {'objective': 'binary:logistic', 'tree_method': 'gpu_hist', 'lambda': 0.1294140913354596, 'alpha': 0.15020611207349696, 'colsample_bytree': 0.32534345032452033, 'subsample': 0.8615370490879154, 'learning_rate': 0.011400755220960042, 'max_depth': 20, 'min_child_weight': 125, 'eval_metric': 'logloss'}. Best is trial 362 with value: 0.7486883567232341.
start listen on 192.168.1.101:36301
@tracker All of 4 nodes getting started
@tracker All nodes finishes job
Trial 951 finished with value: 0.7470917958375969 and parameters: {'objective': 'binary:logistic', 'tree_method': 'gpu_hist', 'lambda': 3.199756633314385, 'alpha': 0.08169835450805159, 'colsample_bytree': 0.4220553839919802, 'subsample': 0.8286952472657697, 'learning_rate': 0.013592731300806772, 'max_depth': 17, 'min_child_weight': 272, 'eval_metric': 'logloss'}. Best is trial 362 with value: 0.7486883567232341.
start listen on 192.168.1.101:60097
@tracker All of 4 nodes getting started
@tracker All nodes finishes job
Trial 952 finished with value: 0.7464757284299595 and parameters: {'objective': 'binary:logistic', 'tree_method': 'gpu_hist', 'lambda': 0.002409796960947494, 'alpha': 0.004442207169713765, 'colsample_bytree': 0.34281762483193456, 'subsample': 0.8465536284475419, 'learning_rate': 0.016991618038991123, 'max_depth': 9, 'min_child_weight': 251, 'eval_metric': 'logloss'}. Best is trial 362 with value: 0.7486883567232341.
start listen on 192.168.1.101:39665
@tracker All of 4 nodes getting started
@tracker All nodes finishes job
Trial 953 finished with value: 0.7479682913380481 and parameters: {'objective': 'binary:logistic', 'tree_method': 'gpu_hist', 'lambda': 0.0036761687942604405, 'alpha': 0.03114970681383488, 'colsample_bytree': 0.3620747958398367, 'subsample': 0.7795486038425523, 'learning_rate': 0.023276059114167556, 'max_depth': 17, 'min_child_weight': 281, 'eval_metric': 'logloss'}. Best is trial 362 with value: 0.7486883567232341.
start listen on 192.168.1.101:60259
@tracker All of 4 nodes getting started
@tracker All nodes finishes job
Trial 954 finished with value: 0.7347111433710416 and parameters: {'objective': 'binary:logistic', 'tree_method': 'gpu_hist', 'lambda': 0.0016486679002069486, 'alpha': 1.4070680972323237, 'colsample_bytree': 0.32277002442652014, 'subsample': 0.7948653303485673, 'learning_rate': 0.00447244712972779, 'max_depth': 17, 'min_child_weight': 264, 'eval_metric': 'logloss'}. Best is trial 362 with value: 0.7486883567232341.
start listen on 192.168.1.101:35401
@tracker All of 4 nodes getting started
@tracker All nodes finishes job
Trial 955 finished with value: 0.7483206410547449 and parameters: {'objective': 'binary:logistic', 'tree_method': 'gpu_hist', 'lambda': 0.0069441507484091745, 'alpha': 0.006335735446597041, 'colsample_bytree': 0.3346326730211379, 'subsample': 0.7278846841167244, 'learning_rate': 0.020130531759124392, 'max_depth': 20, 'min_child_weight': 259, 'eval_metric': 'logloss'}. Best is trial 362 with value: 0.7486883567232341.
start listen on 192.168.1.101:52885
@tracker All of 4 nodes getting started
@tracker All nodes finishes job
Trial 956 finished with value: 0.7470020713540846 and parameters: {'objective': 'binary:logistic', 'tree_method': 'gpu_hist', 'lambda': 8.407665394201258, 'alpha': 0.04683594103000769, 'colsample_bytree': 0.3125236958924962, 'subsample': 0.8155363475809198, 'learning_rate': 0.021625861646223203, 'max_depth': 11, 'min_child_weight': 51, 'eval_metric': 'logloss'}. Best is trial 362 with value: 0.7486883567232341.
start listen on 192.168.1.101:59219
@tracker All of 4 nodes getting started
@tracker All nodes finishes job
Trial 957 finished with value: 0.7478884998294211 and parameters: {'objective': 'binary:logistic', 'tree_method': 'gpu_hist', 'lambda': 0.008775616605091035, 'alpha': 1.0770096609385709, 'colsample_bytree': 0.34118817034550947, 'subsample': 0.8553457958597338, 'learning_rate': 0.01858960806685865, 'max_depth': 13, 'min_child_weight': 290, 'eval_metric': 'logloss'}. Best is trial 362 with value: 0.7486883567232341.
start listen on 192.168.1.101:44775
@tracker All of 4 nodes getting started
@tracker All nodes finishes job
Trial 958 finished with value: 0.7481566430578424 and parameters: {'objective': 'binary:logistic', 'tree_method': 'gpu_hist', 'lambda': 1.9805879227146876, 'alpha': 0.002583024137549344, 'colsample_bytree': 0.31172637886032917, 'subsample': 0.8720269706188535, 'learning_rate': 0.026490808293048486, 'max_depth': 17, 'min_child_weight': 274, 'eval_metric': 'logloss'}. Best is trial 362 with value: 0.7486883567232341.
start listen on 192.168.1.101:54215
@tracker All of 4 nodes getting started
@tracker All nodes finishes job
Trial 959 finished with value: 0.7472836977672619 and parameters: {'objective': 'binary:logistic', 'tree_method': 'gpu_hist', 'lambda': 0.004148504372494797, 'alpha': 0.0714202716388733, 'colsample_bytree': 0.8951048426468183, 'subsample': 0.8332965830341816, 'learning_rate': 0.0156492065115134, 'max_depth': 17, 'min_child_weight': 234, 'eval_metric': 'logloss'}. Best is trial 362 with value: 0.7486883567232341.
start listen on 192.168.1.101:52693
@tracker All of 4 nodes getting started
@tracker All nodes finishes job
Trial 960 finished with value: 0.7481228231273671 and parameters: {'objective': 'binary:logistic', 'tree_method': 'gpu_hist', 'lambda': 0.005306993833162978, 'alpha': 0.001576209969602661, 'colsample_bytree': 0.3898348421646038, 'subsample': 0.8081551787415325, 'learning_rate': 0.023503332591903504, 'max_depth': 17, 'min_child_weight': 255, 'eval_metric': 'logloss'}. Best is trial 362 with value: 0.7486883567232341.
start listen on 192.168.1.101:50719
@tracker All of 4 nodes getting started
@tracker All nodes finishes job
Trial 961 finished with value: 0.7481931182830222 and parameters: {'objective': 'binary:logistic', 'tree_method': 'gpu_hist', 'lambda': 4.043168525024583, 'alpha': 0.0035942727713549048, 'colsample_bytree': 0.3626882110952741, 'subsample': 0.8453435815778931, 'learning_rate': 0.020640422984576946, 'max_depth': 20, 'min_child_weight': 269, 'eval_metric': 'logloss'}. Best is trial 362 with value: 0.7486883567232341.
start listen on 192.168.1.101:53827
@tracker All of 4 nodes getting started
@tracker All nodes finishes job
Trial 962 finished with value: 0.7440825776048656 and parameters: {'objective': 'binary:logistic', 'tree_method': 'gpu_hist', 'lambda': 0.004734630188951248, 'alpha': 0.10256973323690861, 'colsample_bytree': 0.32813287692594645, 'subsample': 0.8265635240214931, 'learning_rate': 0.05071742756121051, 'max_depth': 17, 'min_child_weight': 279, 'eval_metric': 'logloss'}. Best is trial 362 with value: 0.7486883567232341.
start listen on 192.168.1.101:55385
@tracker All of 4 nodes getting started
@tracker All nodes finishes job
Trial 963 finished with value: 0.7378180219649295 and parameters: {'objective': 'binary:logistic', 'tree_method': 'gpu_hist', 'lambda': 9.976569160333387, 'alpha': 0.0584264490882815, 'colsample_bytree': 0.3504562341054397, 'subsample': 0.8576665179751949, 'learning_rate': 0.024391274702091667, 'max_depth': 3, 'min_child_weight': 264, 'eval_metric': 'logloss'}. Best is trial 362 with value: 0.7486883567232341.
start listen on 192.168.1.101:51739
@tracker All of 4 nodes getting started
@tracker All nodes finishes job
Trial 964 finished with value: 0.7393903630454366 and parameters: {'objective': 'binary:logistic', 'tree_method': 'gpu_hist', 'lambda': 2.468042113304266, 'alpha': 0.122768370548813, 'colsample_bytree': 0.32209840561023695, 'subsample': 0.7542690810204802, 'learning_rate': 0.08572597326294006, 'max_depth': 11, 'min_child_weight': 285, 'eval_metric': 'logloss'}. Best is trial 362 with value: 0.7486883567232341.
start listen on 192.168.1.101:36303
@tracker All of 4 nodes getting started
@tracker All nodes finishes job
Trial 965 finished with value: 0.7480976674260129 and parameters: {'objective': 'binary:logistic', 'tree_method': 'gpu_hist', 'lambda': 0.0027827071751642964, 'alpha': 0.06939722065838888, 'colsample_bytree': 0.3777566288079681, 'subsample': 0.8815712033595652, 'learning_rate': 0.018902114171689886, 'max_depth': 17, 'min_child_weight': 242, 'eval_metric': 'logloss'}. Best is trial 362 with value: 0.7486883567232341.
start listen on 192.168.1.101:35413
@tracker All of 4 nodes getting started
@tracker All nodes finishes job
Trial 966 finished with value: 0.7481526723406435 and parameters: {'objective': 'binary:logistic', 'tree_method': 'gpu_hist', 'lambda': 0.08234210633373543, 'alpha': 0.08480713649382046, 'colsample_bytree': 0.31181311701906383, 'subsample': 0.8373786527016815, 'learning_rate': 0.021894583817120138, 'max_depth': 17, 'min_child_weight': 250, 'eval_metric': 'logloss'}. Best is trial 362 with value: 0.7486883567232341.
start listen on 192.168.1.101:60745
@tracker All of 4 nodes getting started
@tracker All nodes finishes job
Trial 967 finished with value: 0.7472950293770269 and parameters: {'objective': 'binary:logistic', 'tree_method': 'gpu_hist', 'lambda': 0.0034076284804745336, 'alpha': 0.04833087400037185, 'colsample_bytree': 0.3368249246695399, 'subsample': 0.8685476153901086, 'learning_rate': 0.02851309076518457, 'max_depth': 7, 'min_child_weight': 273, 'eval_metric': 'logloss'}. Best is trial 362 with value: 0.7486883567232341.
start listen on 192.168.1.101:46121
@tracker All of 4 nodes getting started
@tracker All nodes finishes job
Trial 968 finished with value: 0.7478022873530984 and parameters: {'objective': 'binary:logistic', 'tree_method': 'gpu_hist', 'lambda': 0.006506878747853529, 'alpha': 0.0018667056668155771, 'colsample_bytree': 0.34995085781435153, 'subsample': 0.8149161240342435, 'learning_rate': 0.017426103965372166, 'max_depth': 20, 'min_child_weight': 263, 'eval_metric': 'logloss'}. Best is trial 362 with value: 0.7486883567232341.
start listen on 192.168.1.101:52871
@tracker All of 4 nodes getting started
@tracker All nodes finishes job
Trial 969 finished with value: 0.7454184775697137 and parameters: {'objective': 'binary:logistic', 'tree_method': 'gpu_hist', 'lambda': 3.0942145662806104, 'alpha': 0.244277300069125, 'colsample_bytree': 0.3113606953453477, 'subsample': 0.7889841716513489, 'learning_rate': 0.020248362494353325, 'max_depth': 17, 'min_child_weight': 40, 'eval_metric': 'logloss'}. Best is trial 362 with value: 0.7486883567232341.
start listen on 192.168.1.101:36113
@tracker All of 4 nodes getting started
@tracker All nodes finishes job
Trial 970 finished with value: 0.7479665549914691 and parameters: {'objective': 'binary:logistic', 'tree_method': 'gpu_hist', 'lambda': 0.010846376207210408, 'alpha': 0.056139553141447585, 'colsample_bytree': 0.3322274436945523, 'subsample': 0.8442140384561265, 'learning_rate': 0.025396111926665486, 'max_depth': 17, 'min_child_weight': 225, 'eval_metric': 'logloss'}. Best is trial 362 with value: 0.7486883567232341.
start listen on 192.168.1.101:40055
@tracker All of 4 nodes getting started
@tracker All nodes finishes job
Trial 971 finished with value: 0.743677238963742 and parameters: {'objective': 'binary:logistic', 'tree_method': 'gpu_hist', 'lambda': 5.99845254058933, 'alpha': 0.08900444815448907, 'colsample_bytree': 0.3684927852432632, 'subsample': 0.8029875920496568, 'learning_rate': 0.022571832167188534, 'max_depth': 5, 'min_child_weight': 255, 'eval_metric': 'logloss'}. Best is trial 362 with value: 0.7486883567232341.
start listen on 192.168.1.101:42479
@tracker All of 4 nodes getting started
@tracker All nodes finishes job
Trial 972 finished with value: 0.7480358481255324 and parameters: {'objective': 'binary:logistic', 'tree_method': 'gpu_hist', 'lambda': 1.5786805102605994, 'alpha': 0.003082639200447785, 'colsample_bytree': 0.3982456865987325, 'subsample': 0.857615319504267, 'learning_rate': 0.01920014994537588, 'max_depth': 17, 'min_child_weight': 270, 'eval_metric': 'logloss'}. Best is trial 362 with value: 0.7486883567232341.
start listen on 192.168.1.101:41869
@tracker All of 4 nodes getting started
@tracker All nodes finishes job
Trial 973 finished with value: 0.7481483423793248 and parameters: {'objective': 'binary:logistic', 'tree_method': 'gpu_hist', 'lambda': 0.004227457081755499, 'alpha': 0.043357739913773403, 'colsample_bytree': 0.32204803263846926, 'subsample': 0.828012974956555, 'learning_rate': 0.02162178327054343, 'max_depth': 20, 'min_child_weight': 295, 'eval_metric': 'logloss'}. Best is trial 362 with value: 0.7486883567232341.
start listen on 192.168.1.101:35941
@tracker All of 4 nodes getting started
@tracker All nodes finishes job
Trial 974 finished with value: 0.7474030236328406 and parameters: {'objective': 'binary:logistic', 'tree_method': 'gpu_hist', 'lambda': 0.005253088163891159, 'alpha': 0.06657568671486318, 'colsample_bytree': 0.34782614641830933, 'subsample': 0.7714884400129087, 'learning_rate': 0.03940274376704113, 'max_depth': 11, 'min_child_weight': 279, 'eval_metric': 'logloss'}. Best is trial 362 with value: 0.7486883567232341.
start listen on 192.168.1.101:55945
@tracker All of 4 nodes getting started
@tracker All nodes finishes job
Trial 975 finished with value: 0.7478288664168853 and parameters: {'objective': 'binary:logistic', 'tree_method': 'gpu_hist', 'lambda': 0.03979813652323027, 'alpha': 0.036775493656946295, 'colsample_bytree': 0.3101519413594485, 'subsample': 0.8502906407984002, 'learning_rate': 0.016445062861320997, 'max_depth': 17, 'min_child_weight': 259, 'eval_metric': 'logloss'}. Best is trial 362 with value: 0.7486883567232341.
start listen on 192.168.1.101:43181
@tracker All of 4 nodes getting started
@tracker All nodes finishes job
Trial 976 finished with value: 0.7480240122403791 and parameters: {'objective': 'binary:logistic', 'tree_method': 'gpu_hist', 'lambda': 0.008016523447878239, 'alpha': 0.0012045288216117802, 'colsample_bytree': 0.33406990516527246, 'subsample': 0.8177729192595539, 'learning_rate': 0.0247977038999233, 'max_depth': 17, 'min_child_weight': 248, 'eval_metric': 'logloss'}. Best is trial 362 with value: 0.7486883567232341.
start listen on 192.168.1.101:47781
@tracker All of 4 nodes getting started
@tracker All nodes finishes job
Trial 977 finished with value: 0.7483007220379772 and parameters: {'objective': 'binary:logistic', 'tree_method': 'gpu_hist', 'lambda': 0.003387043793584129, 'alpha': 0.0997963841654969, 'colsample_bytree': 0.35952547393743384, 'subsample': 0.8900525898514914, 'learning_rate': 0.027362454461774537, 'max_depth': 17, 'min_child_weight': 285, 'eval_metric': 'logloss'}. Best is trial 362 with value: 0.7486883567232341.
start listen on 192.168.1.101:51187
@tracker All of 4 nodes getting started
@tracker All nodes finishes job
Trial 978 finished with value: 0.7480254072633686 and parameters: {'objective': 'binary:logistic', 'tree_method': 'gpu_hist', 'lambda': 0.006155375974356451, 'alpha': 0.07437799205556996, 'colsample_bytree': 0.3200092784009293, 'subsample': 0.8353378940923123, 'learning_rate': 0.018098619166264058, 'max_depth': 20, 'min_child_weight': 275, 'eval_metric': 'logloss'}. Best is trial 362 with value: 0.7486883567232341.
start listen on 192.168.1.101:45467
@tracker All of 4 nodes getting started
@tracker All nodes finishes job
Trial 979 finished with value: 0.7472401738001492 and parameters: {'objective': 'binary:logistic', 'tree_method': 'gpu_hist', 'lambda': 2.0584282975327266, 'alpha': 0.05324124266772369, 'colsample_bytree': 0.30087889148533764, 'subsample': 0.5193700633362507, 'learning_rate': 0.020629601061462825, 'max_depth': 15, 'min_child_weight': 265, 'eval_metric': 'logloss'}. Best is trial 362 with value: 0.7486883567232341.
start listen on 192.168.1.101:47837
@tracker All of 4 nodes getting started
@tracker All nodes finishes job
Trial 980 finished with value: 0.7482107483340661 and parameters: {'objective': 'binary:logistic', 'tree_method': 'gpu_hist', 'lambda': 3.5465663164440633, 'alpha': 0.6054527820810548, 'colsample_bytree': 0.3002466236755182, 'subsample': 0.8623449924621512, 'learning_rate': 0.023235798420113085, 'max_depth': 17, 'min_child_weight': 268, 'eval_metric': 'logloss'}. Best is trial 362 with value: 0.7486883567232341.
start listen on 192.168.1.101:37149
@tracker All of 4 nodes getting started
@tracker All nodes finishes job
Trial 981 finished with value: 0.7477283554411354 and parameters: {'objective': 'binary:logistic', 'tree_method': 'gpu_hist', 'lambda': 4.9837150373899695, 'alpha': 0.06250605109985476, 'colsample_bytree': 0.3433031062506418, 'subsample': 0.8448104122717774, 'learning_rate': 0.019736521468952398, 'max_depth': 11, 'min_child_weight': 259, 'eval_metric': 'logloss'}. Best is trial 362 with value: 0.7486883567232341.
start listen on 192.168.1.101:58037
@tracker All of 4 nodes getting started
@tracker All nodes finishes job
Trial 982 finished with value: 0.7474793841239613 and parameters: {'objective': 'binary:logistic', 'tree_method': 'gpu_hist', 'lambda': 2.804976208185156, 'alpha': 0.12388047403573788, 'colsample_bytree': 0.38195305509996524, 'subsample': 0.8774245822313554, 'learning_rate': 0.030016759185308925, 'max_depth': 17, 'min_child_weight': 239, 'eval_metric': 'logloss'}. Best is trial 362 with value: 0.7486883567232341.
start listen on 192.168.1.101:32789
@tracker All of 4 nodes getting started
@tracker All nodes finishes job
Trial 983 finished with value: 0.7480543046047545 and parameters: {'objective': 'binary:logistic', 'tree_method': 'gpu_hist', 'lambda': 0.8726457478594932, 'alpha': 0.08347944601138953, 'colsample_bytree': 0.32336779084207135, 'subsample': 0.9823180175034395, 'learning_rate': 0.02171290457889642, 'max_depth': 20, 'min_child_weight': 277, 'eval_metric': 'logloss'}. Best is trial 362 with value: 0.7486883567232341.
start listen on 192.168.1.101:36841
@tracker All of 4 nodes getting started
@tracker All nodes finishes job
Trial 984 finished with value: 0.7476978692849784 and parameters: {'objective': 'binary:logistic', 'tree_method': 'gpu_hist', 'lambda': 0.004346176776133476, 'alpha': 0.003817348649857738, 'colsample_bytree': 0.46912375914511534, 'subsample': 0.7964168374025575, 'learning_rate': 0.02544553642081779, 'max_depth': 9, 'min_child_weight': 271, 'eval_metric': 'logloss'}. Best is trial 362 with value: 0.7486883567232341.
start listen on 192.168.1.101:57295
@tracker All of 4 nodes getting started
@tracker All nodes finishes job
Trial 985 finished with value: 0.7485444493078663 and parameters: {'objective': 'binary:logistic', 'tree_method': 'gpu_hist', 'lambda': 0.0022758279195517137, 'alpha': 0.0014621822108701829, 'colsample_bytree': 0.3606558336885241, 'subsample': 0.8261636997954382, 'learning_rate': 0.023029091621507517, 'max_depth': 17, 'min_child_weight': 252, 'eval_metric': 'logloss'}. Best is trial 362 with value: 0.7486883567232341.
start listen on 192.168.1.101:42295
@tracker All of 4 nodes getting started
@tracker All nodes finishes job
Trial 986 finished with value: 0.7481132769025317 and parameters: {'objective': 'binary:logistic', 'tree_method': 'gpu_hist', 'lambda': 0.0019012770785100126, 'alpha': 0.0023689823992700905, 'colsample_bytree': 0.3733609569650649, 'subsample': 0.8115374480558065, 'learning_rate': 0.027289179143378143, 'max_depth': 17, 'min_child_weight': 243, 'eval_metric': 'logloss'}. Best is trial 362 with value: 0.7486883567232341.
start listen on 192.168.1.101:48601
@tracker All of 4 nodes getting started
@tracker All nodes finishes job
Trial 987 finished with value: 0.747815152626855 and parameters: {'objective': 'binary:logistic', 'tree_method': 'gpu_hist', 'lambda': 0.0023643326205888757, 'alpha': 0.0012360791787706178, 'colsample_bytree': 0.3916811055107902, 'subsample': 0.8225831932131293, 'learning_rate': 0.02405849105219165, 'max_depth': 17, 'min_child_weight': 248, 'eval_metric': 'logloss'}. Best is trial 362 with value: 0.7486883567232341.
start listen on 192.168.1.101:46929
@tracker All of 4 nodes getting started
@tracker All nodes finishes job
Trial 988 finished with value: 0.7478271377108425 and parameters: {'objective': 'binary:logistic', 'tree_method': 'gpu_hist', 'lambda': 0.002712847141955986, 'alpha': 0.0017691796153993743, 'colsample_bytree': 0.3686304951229271, 'subsample': 0.8067285377717437, 'learning_rate': 0.02608286202440535, 'max_depth': 17, 'min_child_weight': 253, 'eval_metric': 'logloss'}. Best is trial 362 with value: 0.7486883567232341.
start listen on 192.168.1.101:45785
@tracker All of 4 nodes getting started
@tracker All nodes finishes job
