Trial 296 finished with value: 0.7479026983072835 and parameters: {'objective': 'binary:logistic', 'tree_method': 'gpu_hist', 'lambda': 0.029479323872891813, 'alpha': 0.07738938653729988, 'colsample_bytree': 0.5957106929456412, 'subsample': 0.7419844774614921, 'learning_rate': 0.021582152854862462, 'max_depth': 20, 'min_child_weight': 269, 'eval_metric': 'logloss'}. Best is trial 192 with value: 0.7484153763408101.
start listen on 10.110.42.38:9091
@tracker All of 4 nodes getting started
@tracker All nodes finishes job
@tracker 13.829936504364014 secs between node start and job finish
Trial 297 finished with value: 0.744712364359287 and parameters: {'objective': 'binary:logistic', 'tree_method': 'gpu_hist', 'lambda': 0.044444849519427336, 'alpha': 0.0016465268020169725, 'colsample_bytree': 0.5757652458994231, 'subsample': 0.7454601260785549, 'learning_rate': 0.01771668596718272, 'max_depth': 7, 'min_child_weight': 265, 'eval_metric': 'logloss'}. Best is trial 192 with value: 0.7484153763408101.
start listen on 10.110.42.38:9091
@tracker All of 4 nodes getting started
@tracker All nodes finishes job
@tracker 19.74495530128479 secs between node start and job finish
Trial 298 finished with value: 0.7475675067343318 and parameters: {'objective': 'binary:logistic', 'tree_method': 'gpu_hist', 'lambda': 0.01607678283560852, 'alpha': 0.0010168945183661178, 'colsample_bytree': 0.5639110181244456, 'subsample': 0.6681603917250085, 'learning_rate': 0.023381674405070014, 'max_depth': 9, 'min_child_weight': 271, 'eval_metric': 'logloss'}. Best is trial 192 with value: 0.7484153763408101.
start listen on 10.110.42.38:9091
@tracker All of 4 nodes getting started
@tracker All nodes finishes job
@tracker 56.350194692611694 secs between node start and job finish
Trial 299 finished with value: 0.7480231444143866 and parameters: {'objective': 'binary:logistic', 'tree_method': 'gpu_hist', 'lambda': 0.020571579973867417, 'alpha': 0.9384209150506252, 'colsample_bytree': 0.4865224355132829, 'subsample': 0.7515088507909312, 'learning_rate': 0.020086220512533514, 'max_depth': 20, 'min_child_weight': 257, 'eval_metric': 'logloss'}. Best is trial 192 with value: 0.7484153763408101.
