Trial 83 finished with value: 0.7471676780311524 and parameters: {'objective': 'binary:logistic', 'tree_method': 'gpu_hist', 'lambda': 7.575269473362425, 'alpha': 0.06176844783313682, 'colsample_bytree': 0.3533219650509825, 'subsample': 0.873565754066113, 'learning_rate': 0.014461791763035114, 'max_depth': 17, 'min_child_weight': 286, 'eval_metric': 'logloss'}. Best is trial 52 with value: 0.7484127937006588.
start listen on 192.168.1.101:46701
@tracker All of 4 nodes getting started
@tracker All nodes finishes job
Trial 84 finished with value: 0.7475369583425344 and parameters: {'objective': 'binary:logistic', 'tree_method': 'gpu_hist', 'lambda': 2.4598712116740273, 'alpha': 0.038742269329258124, 'colsample_bytree': 0.37569516198984076, 'subsample': 0.9997101130274073, 'learning_rate': 0.03002044965178256, 'max_depth': 17, 'min_child_weight': 252, 'eval_metric': 'logloss'}. Best is trial 52 with value: 0.7484127937006588.
start listen on 192.168.1.101:50627
@tracker All of 4 nodes getting started
@tracker All nodes finishes job
Trial 85 finished with value: 0.7463020861315206 and parameters: {'objective': 'binary:logistic', 'tree_method': 'gpu_hist', 'lambda': 0.5755170513121404, 'alpha': 0.10670925947707073, 'colsample_bytree': 0.44111599347717273, 'subsample': 0.961933485876256, 'learning_rate': 0.011786450120065472, 'max_depth': 17, 'min_child_weight': 269, 'eval_metric': 'logloss'}. Best is trial 52 with value: 0.7484127937006588.
start listen on 192.168.1.101:49441
@tracker All of 4 nodes getting started
@tracker All nodes finishes job
Trial 86 finished with value: 0.7469777245771347 and parameters: {'objective': 'binary:logistic', 'tree_method': 'gpu_hist', 'lambda': 5.856932491057265, 'alpha': 1.3898846836803562, 'colsample_bytree': 0.30887530159927823, 'subsample': 0.60383910880784, 'learning_rate': 0.021788578972435472, 'max_depth': 9, 'min_child_weight': 280, 'eval_metric': 'logloss'}. Best is trial 52 with value: 0.7484127937006588.
start listen on 192.168.1.101:60045
@tracker All of 4 nodes getting started
@tracker All nodes finishes job
Trial 87 finished with value: 0.7478747147740261 and parameters: {'objective': 'binary:logistic', 'tree_method': 'gpu_hist', 'lambda': 8.28153264989947, 'alpha': 0.026652575152064668, 'colsample_bytree': 0.3320579268861529, 'subsample': 0.8668470991348858, 'learning_rate': 0.018537391301796532, 'max_depth': 17, 'min_child_weight': 160, 'eval_metric': 'logloss'}. Best is trial 52 with value: 0.7484127937006588.
start listen on 192.168.1.101:34893
@tracker All of 4 nodes getting started
@tracker All nodes finishes job
Trial 88 finished with value: 0.7454675959374251 and parameters: {'objective': 'binary:logistic', 'tree_method': 'gpu_hist', 'lambda': 4.402902744319766, 'alpha': 0.002288642871863467, 'colsample_bytree': 0.9313766579839946, 'subsample': 0.7987017776343116, 'learning_rate': 0.03695373272913005, 'max_depth': 17, 'min_child_weight': 295, 'eval_metric': 'logloss'}. Best is trial 52 with value: 0.7484127937006588.
start listen on 192.168.1.101:39409
@tracker All of 4 nodes getting started
@tracker All nodes finishes job
Trial 89 finished with value: 0.7476795099100253 and parameters: {'objective': 'binary:logistic', 'tree_method': 'gpu_hist', 'lambda': 2.794601345234314, 'alpha': 0.24671530637956904, 'colsample_bytree': 0.46731039193412516, 'subsample': 0.6761280240170638, 'learning_rate': 0.02690277985377884, 'max_depth': 15, 'min_child_weight': 245, 'eval_metric': 'logloss'}. Best is trial 52 with value: 0.7484127937006588.
start listen on 192.168.1.101:47867
@tracker All of 4 nodes getting started
@tracker All nodes finishes job
Trial 90 finished with value: 0.747523189262806 and parameters: {'objective': 'binary:logistic', 'tree_method': 'gpu_hist', 'lambda': 0.3306526071407574, 'alpha': 0.5267178334499627, 'colsample_bytree': 0.6244596146631537, 'subsample': 0.9284426905533264, 'learning_rate': 0.016481180225781857, 'max_depth': 17, 'min_child_weight': 203, 'eval_metric': 'logloss'}. Best is trial 52 with value: 0.7484127937006588.
start listen on 192.168.1.101:35347
@tracker All of 4 nodes getting started
@tracker All nodes finishes job
Trial 91 finished with value: 0.7481386088918933 and parameters: {'objective': 'binary:logistic', 'tree_method': 'gpu_hist', 'lambda': 3.406065458427133, 'alpha': 0.049114434764834555, 'colsample_bytree': 0.4286110494018011, 'subsample': 0.8903296605167283, 'learning_rate': 0.023960531709684672, 'max_depth': 17, 'min_child_weight': 300, 'eval_metric': 'logloss'}. Best is trial 52 with value: 0.7484127937006588.
start listen on 192.168.1.101:56909
@tracker All of 4 nodes getting started
@tracker All nodes finishes job
Trial 92 finished with value: 0.7483122743897785 and parameters: {'objective': 'binary:logistic', 'tree_method': 'gpu_hist', 'lambda': 3.2277454214715116, 'alpha': 0.045098441098455316, 'colsample_bytree': 0.41906788505172227, 'subsample': 0.8449592438802753, 'learning_rate': 0.02391180295338585, 'max_depth': 17, 'min_child_weight': 286, 'eval_metric': 'logloss'}. Best is trial 52 with value: 0.7484127937006588.
start listen on 192.168.1.101:52629
@tracker All of 4 nodes getting started
@tracker All nodes finishes job
Trial 93 finished with value: 0.7482171536039328 and parameters: {'objective': 'binary:logistic', 'tree_method': 'gpu_hist', 'lambda': 3.6696456985344343, 'alpha': 0.09353402083546923, 'colsample_bytree': 0.4273445842541482, 'subsample': 0.8424173166537032, 'learning_rate': 0.02061171513828348, 'max_depth': 17, 'min_child_weight': 287, 'eval_metric': 'logloss'}. Best is trial 52 with value: 0.7484127937006588.
start listen on 192.168.1.101:39933
@tracker All of 4 nodes getting started
@tracker All nodes finishes job
Trial 94 finished with value: 0.7473042502539392 and parameters: {'objective': 'binary:logistic', 'tree_method': 'gpu_hist', 'lambda': 3.4042657531822957, 'alpha': 0.07122117477407659, 'colsample_bytree': 0.39667288753743357, 'subsample': 0.8467181015261196, 'learning_rate': 0.013558128160893374, 'max_depth': 17, 'min_child_weight': 285, 'eval_metric': 'logloss'}. Best is trial 52 with value: 0.7484127937006588.
start listen on 192.168.1.101:38431
@tracker All of 4 nodes getting started
@tracker All nodes finishes job
Trial 95 finished with value: 0.7381635352076806 and parameters: {'objective': 'binary:logistic', 'tree_method': 'gpu_hist', 'lambda': 1.729613062497753, 'alpha': 0.08081537043530025, 'colsample_bytree': 0.4236622581740297, 'subsample': 0.8261744010104943, 'learning_rate': 0.02465036653148086, 'max_depth': 3, 'min_child_weight': 294, 'eval_metric': 'logloss'}. Best is trial 52 with value: 0.7484127937006588.
start listen on 192.168.1.101:55871
@tracker All of 4 nodes getting started
@tracker All nodes finishes job
Trial 96 finished with value: 0.7482055549921578 and parameters: {'objective': 'binary:logistic', 'tree_method': 'gpu_hist', 'lambda': 9.939911189973444, 'alpha': 0.09188686696591973, 'colsample_bytree': 0.4557460748420298, 'subsample': 0.8908042823972178, 'learning_rate': 0.01989100434733362, 'max_depth': 20, 'min_child_weight': 276, 'eval_metric': 'logloss'}. Best is trial 52 with value: 0.7484127937006588.
start listen on 192.168.1.101:45063
@tracker All of 4 nodes getting started
@tracker All nodes finishes job
Trial 97 finished with value: 0.7450507313390797 and parameters: {'objective': 'binary:logistic', 'tree_method': 'gpu_hist', 'lambda': 9.79715535406744, 'alpha': 0.11062817743991965, 'colsample_bytree': 0.48951805697949136, 'subsample': 0.8931763764604762, 'learning_rate': 0.019484279316476536, 'max_depth': 7, 'min_child_weight': 288, 'eval_metric': 'logloss'}. Best is trial 52 with value: 0.7484127937006588.
start listen on 192.168.1.101:54537
@tracker All of 4 nodes getting started
@tracker All nodes finishes job
Trial 98 finished with value: 0.7473730009099331 and parameters: {'objective': 'binary:logistic', 'tree_method': 'gpu_hist', 'lambda': 1.2454890323557342, 'alpha': 0.046233352455270105, 'colsample_bytree': 0.41837482904469364, 'subsample': 0.8903461044604358, 'learning_rate': 0.030436085171952214, 'max_depth': 20, 'min_child_weight': 275, 'eval_metric': 'logloss'}. Best is trial 52 with value: 0.7484127937006588.
start listen on 192.168.1.101:54617
@tracker All of 4 nodes getting started
@tracker All nodes finishes job
Trial 99 finished with value: 0.7467809602102382 and parameters: {'objective': 'binary:logistic', 'tree_method': 'gpu_hist', 'lambda': 7.948331521765017, 'alpha': 0.09394609488485453, 'colsample_bytree': 0.3851349390118256, 'subsample': 0.9084781846539131, 'learning_rate': 0.035776088067219484, 'max_depth': 20, 'min_child_weight': 299, 'eval_metric': 'logloss'}. Best is trial 52 with value: 0.7484127937006588.
start listen on 192.168.1.101:34171
@tracker All of 4 nodes getting started
@tracker All nodes finishes job
Trial 100 finished with value: 0.7477063505579877 and parameters: {'objective': 'binary:logistic', 'tree_method': 'gpu_hist', 'lambda': 4.340132156794411, 'alpha': 0.02833911670170744, 'colsample_bytree': 0.4581984352064359, 'subsample': 0.8472029934426224, 'learning_rate': 0.027263089559262307, 'max_depth': 20, 'min_child_weight': 265, 'eval_metric': 'logloss'}. Best is trial 52 with value: 0.7484127937006588.
start listen on 192.168.1.101:53745
@tracker All of 4 nodes getting started
@tracker All nodes finishes job
Trial 101 finished with value: 0.7480962194749454 and parameters: {'objective': 'binary:logistic', 'tree_method': 'gpu_hist', 'lambda': 6.592747761956265, 'alpha': 0.13675563708697613, 'colsample_bytree': 0.43493388263557187, 'subsample': 0.9258688740885332, 'learning_rate': 0.02041169943038831, 'max_depth': 17, 'min_child_weight': 282, 'eval_metric': 'logloss'}. Best is trial 52 with value: 0.7484127937006588.
start listen on 192.168.1.101:35655
@tracker All of 4 nodes getting started
@tracker All nodes finishes job
Trial 102 finished with value: 0.7395365817924613 and parameters: {'objective': 'binary:logistic', 'tree_method': 'gpu_hist', 'lambda': 3.6279923380837995, 'alpha': 0.05674919531500367, 'colsample_bytree': 0.4042238456082574, 'subsample': 0.7768781631919203, 'learning_rate': 0.015396038376613198, 'max_depth': 5, 'min_child_weight': 278, 'eval_metric': 'logloss'}. Best is trial 52 with value: 0.7484127937006588.
start listen on 192.168.1.101:59649
@tracker All of 4 nodes getting started
@tracker All nodes finishes job
Trial 103 finished with value: 0.7479376215311848 and parameters: {'objective': 'binary:logistic', 'tree_method': 'gpu_hist', 'lambda': 4.7310054216740705, 'alpha': 0.06559425989580983, 'colsample_bytree': 0.48116063711596907, 'subsample': 0.8800268831295895, 'learning_rate': 0.024115795227908556, 'max_depth': 17, 'min_child_weight': 272, 'eval_metric': 'logloss'}. Best is trial 52 with value: 0.7484127937006588.
start listen on 192.168.1.101:42917
@tracker All of 4 nodes getting started
@tracker All nodes finishes job
Trial 104 finished with value: 0.7465191016701309 and parameters: {'objective': 'binary:logistic', 'tree_method': 'gpu_hist', 'lambda': 2.83556549671387, 'alpha': 0.018439938432068623, 'colsample_bytree': 0.9852286213113439, 'subsample': 0.824695404679188, 'learning_rate': 0.01751260316786287, 'max_depth': 11, 'min_child_weight': 291, 'eval_metric': 'logloss'}. Best is trial 52 with value: 0.7484127937006588.
start listen on 192.168.1.101:34315
@tracker All of 4 nodes getting started
@tracker All nodes finishes job
Trial 105 finished with value: 0.7480496794409013 and parameters: {'objective': 'binary:logistic', 'tree_method': 'gpu_hist', 'lambda': 6.297550209175744, 'alpha': 0.15145693076623926, 'colsample_bytree': 0.5213665567082146, 'subsample': 0.8546878183811236, 'learning_rate': 0.019463795264901412, 'max_depth': 20, 'min_child_weight': 300, 'eval_metric': 'logloss'}. Best is trial 52 with value: 0.7484127937006588.
start listen on 192.168.1.101:44149
@tracker All of 4 nodes getting started
@tracker All nodes finishes job
Trial 106 finished with value: 0.7470464867633925 and parameters: {'objective': 'binary:logistic', 'tree_method': 'gpu_hist', 'lambda': 0.07206064046036897, 'alpha': 0.3106528644912911, 'colsample_bytree': 0.45772895039945066, 'subsample': 0.5289833136875475, 'learning_rate': 0.021049449931775224, 'max_depth': 17, 'min_child_weight': 97, 'eval_metric': 'logloss'}. Best is trial 52 with value: 0.7484127937006588.
start listen on 192.168.1.101:54073
@tracker All of 4 nodes getting started
@tracker All nodes finishes job
Trial 107 finished with value: 0.7477520797227637 and parameters: {'objective': 'binary:logistic', 'tree_method': 'gpu_hist', 'lambda': 2.0953894154166637, 'alpha': 0.21450519680432878, 'colsample_bytree': 0.35877664778634943, 'subsample': 0.8092843784457389, 'learning_rate': 0.01618745720181481, 'max_depth': 17, 'min_child_weight': 284, 'eval_metric': 'logloss'}. Best is trial 52 with value: 0.7484127937006588.
start listen on 192.168.1.101:48155
@tracker All of 4 nodes getting started
@tracker All nodes finishes job
Trial 108 finished with value: 0.7476595146268145 and parameters: {'objective': 'binary:logistic', 'tree_method': 'gpu_hist', 'lambda': 0.019788473560542523, 'alpha': 0.09989699650621992, 'colsample_bytree': 0.4180364290785384, 'subsample': 0.8600909678775573, 'learning_rate': 0.02841350589928311, 'max_depth': 17, 'min_child_weight': 266, 'eval_metric': 'logloss'}. Best is trial 52 with value: 0.7484127937006588.
start listen on 192.168.1.101:39647
@tracker All of 4 nodes getting started
@tracker All nodes finishes job
Trial 109 finished with value: 0.7470831959278986 and parameters: {'objective': 'binary:logistic', 'tree_method': 'gpu_hist', 'lambda': 0.9527534576521899, 'alpha': 0.04602898872332838, 'colsample_bytree': 0.5024329346399297, 'subsample': 0.9328377280621306, 'learning_rate': 0.014363799235081357, 'max_depth': 17, 'min_child_weight': 276, 'eval_metric': 'logloss'}. Best is trial 52 with value: 0.7484127937006588.
start listen on 192.168.1.101:40311
@tracker All of 4 nodes getting started
@tracker All nodes finishes job
Trial 110 finished with value: 0.7478211134953532 and parameters: {'objective': 'binary:logistic', 'tree_method': 'gpu_hist', 'lambda': 2.5976224457021266, 'alpha': 0.03723442778302542, 'colsample_bytree': 0.3719246503857095, 'subsample': 0.8334959824960408, 'learning_rate': 0.02382575172310189, 'max_depth': 9, 'min_child_weight': 261, 'eval_metric': 'logloss'}. Best is trial 52 with value: 0.7484127937006588.
start listen on 192.168.1.101:32911
@tracker All of 4 nodes getting started
@tracker All nodes finishes job
Trial 111 finished with value: 0.7483892676562148 and parameters: {'objective': 'binary:logistic', 'tree_method': 'gpu_hist', 'lambda': 5.220024229872002, 'alpha': 0.08960163420963352, 'colsample_bytree': 0.4440538499149891, 'subsample': 0.8701600551769673, 'learning_rate': 0.023089769285044314, 'max_depth': 17, 'min_child_weight': 258, 'eval_metric': 'logloss'}. Best is trial 52 with value: 0.7484127937006588.
start listen on 192.168.1.101:52719
@tracker All of 4 nodes getting started
@tracker All nodes finishes job
Trial 112 finished with value: 0.7481979279310946 and parameters: {'objective': 'binary:logistic', 'tree_method': 'gpu_hist', 'lambda': 7.7959457367154394, 'alpha': 0.4318263460256165, 'colsample_bytree': 0.4417586135917135, 'subsample': 0.9114271422069988, 'learning_rate': 0.01861707008318393, 'max_depth': 17, 'min_child_weight': 287, 'eval_metric': 'logloss'}. Best is trial 52 with value: 0.7484127937006588.
start listen on 192.168.1.101:59357
@tracker All of 4 nodes getting started
@tracker All nodes finishes job
Trial 113 finished with value: 0.7481326084315258 and parameters: {'objective': 'binary:logistic', 'tree_method': 'gpu_hist', 'lambda': 6.041297418072055, 'alpha': 0.4176662894230132, 'colsample_bytree': 0.44184229693876503, 'subsample': 0.9046283238707663, 'learning_rate': 0.018801958051095698, 'max_depth': 17, 'min_child_weight': 290, 'eval_metric': 'logloss'}. Best is trial 52 with value: 0.7484127937006588.
start listen on 192.168.1.101:38653
@tracker All of 4 nodes getting started
@tracker All nodes finishes job
Trial 114 finished with value: 0.7481314030327526 and parameters: {'objective': 'binary:logistic', 'tree_method': 'gpu_hist', 'lambda': 7.95440069271543, 'alpha': 0.08607902386015974, 'colsample_bytree': 0.4456236104759072, 'subsample': 0.9093388128204355, 'learning_rate': 0.01825518743420104, 'max_depth': 17, 'min_child_weight': 288, 'eval_metric': 'logloss'}. Best is trial 52 with value: 0.7484127937006588.
start listen on 192.168.1.101:54221
@tracker All of 4 nodes getting started
@tracker All nodes finishes job
Trial 115 finished with value: 0.7466189487527453 and parameters: {'objective': 'binary:logistic', 'tree_method': 'gpu_hist', 'lambda': 8.799419405762693, 'alpha': 0.9271808763403108, 'colsample_bytree': 0.46934321131157103, 'subsample': 0.8669498411145826, 'learning_rate': 0.012782487729990433, 'max_depth': 17, 'min_child_weight': 295, 'eval_metric': 'logloss'}. Best is trial 52 with value: 0.7484127937006588.
start listen on 192.168.1.101:49515
@tracker All of 4 nodes getting started
@tracker All nodes finishes job
Trial 116 finished with value: 0.7480610420295675 and parameters: {'objective': 'binary:logistic', 'tree_method': 'gpu_hist', 'lambda': 5.894614790123691, 'alpha': 0.47528561806802966, 'colsample_bytree': 0.4242978080121993, 'subsample': 0.9088580941158805, 'learning_rate': 0.021870466371277025, 'max_depth': 17, 'min_child_weight': 279, 'eval_metric': 'logloss'}. Best is trial 52 with value: 0.7484127937006588.
start listen on 192.168.1.101:51157
@tracker All of 4 nodes getting started
@tracker All nodes finishes job
Trial 117 finished with value: 0.7477723124182719 and parameters: {'objective': 'binary:logistic', 'tree_method': 'gpu_hist', 'lambda': 9.85203102568104, 'alpha': 0.06042987778733, 'colsample_bytree': 0.39733950677764673, 'subsample': 0.9562510509142, 'learning_rate': 0.025652962599108157, 'max_depth': 17, 'min_child_weight': 289, 'eval_metric': 'logloss'}. Best is trial 52 with value: 0.7484127937006588.
start listen on 192.168.1.101:35051
@tracker All of 4 nodes getting started
@tracker All nodes finishes job
Trial 118 finished with value: 0.746745967665836 and parameters: {'objective': 'binary:logistic', 'tree_method': 'gpu_hist', 'lambda': 3.436303743943746, 'alpha': 0.6237042078670961, 'colsample_bytree': 0.47417365061693184, 'subsample': 0.8871204128430887, 'learning_rate': 0.03309214895511122, 'max_depth': 17, 'min_child_weight': 271, 'eval_metric': 'logloss'}. Best is trial 52 with value: 0.7484127937006588.
start listen on 192.168.1.101:34119
@tracker All of 4 nodes getting started
@tracker All nodes finishes job
Trial 119 finished with value: 0.7476906042464118 and parameters: {'objective': 'binary:logistic', 'tree_method': 'gpu_hist', 'lambda': 4.99388758636877, 'alpha': 0.1674525458046559, 'colsample_bytree': 0.45346174280703366, 'subsample': 0.9720691607731071, 'learning_rate': 0.019458401651116695, 'max_depth': 13, 'min_child_weight': 296, 'eval_metric': 'logloss'}. Best is trial 52 with value: 0.7484127937006588.
start listen on 192.168.1.101:48631
@tracker All of 4 nodes getting started
@tracker All nodes finishes job
Trial 120 finished with value: 0.7482606256153995 and parameters: {'objective': 'binary:logistic', 'tree_method': 'gpu_hist', 'lambda': 6.851789605897696, 'alpha': 0.11737156410531412, 'colsample_bytree': 0.4919070490141975, 'subsample': 0.8785564805360889, 'learning_rate': 0.017633486974557144, 'max_depth': 20, 'min_child_weight': 282, 'eval_metric': 'logloss'}. Best is trial 52 with value: 0.7484127937006588.
start listen on 192.168.1.101:35865
@tracker All of 4 nodes getting started
@tracker All nodes finishes job
Trial 121 finished with value: 0.7477720005454764 and parameters: {'objective': 'binary:logistic', 'tree_method': 'gpu_hist', 'lambda': 6.884986882743505, 'alpha': 0.12488998717628508, 'colsample_bytree': 0.43663282729400515, 'subsample': 0.9157510030494271, 'learning_rate': 0.021244786187002956, 'max_depth': 20, 'min_child_weight': 287, 'eval_metric': 'logloss'}. Best is trial 52 with value: 0.7484127937006588.
start listen on 192.168.1.101:46241
@tracker All of 4 nodes getting started
@tracker All nodes finishes job
Trial 122 finished with value: 0.7479534988432266 and parameters: {'objective': 'binary:logistic', 'tree_method': 'gpu_hist', 'lambda': 5.772345033031432, 'alpha': 0.07106966188021904, 'colsample_bytree': 0.4855477983860328, 'subsample': 0.8446005750066891, 'learning_rate': 0.017138810105707915, 'max_depth': 20, 'min_child_weight': 281, 'eval_metric': 'logloss'}. Best is trial 52 with value: 0.7484127937006588.
start listen on 192.168.1.101:49095
@tracker All of 4 nodes getting started
@tracker All nodes finishes job
Trial 123 finished with value: 0.7127108931665419 and parameters: {'objective': 'binary:logistic', 'tree_method': 'gpu_hist', 'lambda': 7.767797906339431, 'alpha': 0.05112489222583049, 'colsample_bytree': 0.49748844154342997, 'subsample': 0.9023653816296662, 'learning_rate': 0.0010683572167845608, 'max_depth': 20, 'min_child_weight': 273, 'eval_metric': 'logloss'}. Best is trial 52 with value: 0.7484127937006588.
start listen on 192.168.1.101:48075
@tracker All of 4 nodes getting started
@tracker All nodes finishes job
Trial 124 finished with value: 0.7476048432563185 and parameters: {'objective': 'binary:logistic', 'tree_method': 'gpu_hist', 'lambda': 4.191303988373974, 'alpha': 0.11917553342929642, 'colsample_bytree': 0.4099197009382742, 'subsample': 0.8812704957120203, 'learning_rate': 0.015314329188418914, 'max_depth': 20, 'min_child_weight': 291, 'eval_metric': 'logloss'}. Best is trial 52 with value: 0.7484127937006588.
start listen on 192.168.1.101:33745
@tracker All of 4 nodes getting started
@tracker All nodes finishes job
