number,value,params_alpha,params_colsample_bytree,params_eval_metric,params_lambda,params_learning_rate,params_max_depth,params_min_child_weight,params_objective,params_subsample,params_tree_method,state
252,0.7480239890409328,0.0024354691040835825,0.5033556140892759,logloss,0.0593146397685377,0.018739352694355716,20,210,binary:logistic,0.6813020994386157,gpu_hist,COMPLETE
253,0.7477374401775849,0.00315743525971709,0.5534765290201284,logloss,0.11569016384862514,0.014494564261130802,20,286,binary:logistic,0.7557890764294298,gpu_hist,COMPLETE
254,0.7475976190598909,0.0011558558721960683,0.5278119875680409,logloss,0.02079589055650887,0.01301211727985483,20,239,binary:logistic,0.6984130275780295,gpu_hist,COMPLETE
255,0.7481355104460897,0.0015692923316948206,0.5992506561745978,logloss,0.016168066420912085,0.017709128988877228,15,243,binary:logistic,0.6641900234428945,gpu_hist,COMPLETE
256,0.7478831527043573,0.002018513613814369,0.5988134548204258,logloss,0.015081950979878366,0.01707992204876045,15,245,binary:logistic,0.7288210461472108,gpu_hist,COMPLETE
257,0.7475296145369856,0.0015635950252194362,0.5785515718406468,logloss,0.0115876898240965,0.015498693476189096,15,252,binary:logistic,0.6745936410469697,gpu_hist,COMPLETE
258,0.7478253738583331,0.002552465915258112,0.6118925626303263,logloss,0.025118660464297345,0.018044205921828815,15,241,binary:logistic,0.664735051433589,gpu_hist,COMPLETE
259,0.7482779587968827,0.0018668873149817668,0.5650436952399168,logloss,0.017821337804754183,0.021591720983743058,15,236,binary:logistic,0.6888882725008948,gpu_hist,COMPLETE
260,0.7478433649594417,0.0014676287826086497,0.5873639794264078,logloss,0.01637557564992154,0.02383520624050282,13,233,binary:logistic,0.6954729023832396,gpu_hist,COMPLETE
261,0.7479640679274796,0.0018304147843715235,0.5694047124369311,logloss,0.012395812568296949,0.021515747041459757,15,224,binary:logistic,0.7175577369140949,gpu_hist,COMPLETE
262,0.7480280308845776,0.001589181961760244,0.5425686264048373,logloss,0.03073496524176018,0.022118581831819945,15,236,binary:logistic,0.6847494223503336,gpu_hist,COMPLETE
263,0.7469000600548645,0.004965676737051145,0.5573517931621107,logloss,0.018036807938374266,0.026915552809273487,15,298,binary:logistic,0.7024515649275072,gpu_hist,COMPLETE
264,0.7481393179336518,0.0013728896646116645,0.5327201297739094,logloss,0.05003574475593899,0.018860268758146635,15,229,binary:logistic,0.6303938848142077,gpu_hist,COMPLETE
265,0.7481217779020162,2.224958892755951,0.5188481083675578,logloss,0.05133028725796687,0.020556798550608376,15,227,binary:logistic,0.630836334562056,gpu_hist,COMPLETE
266,0.74749418175878,0.001071574537720727,0.5323326386606645,logloss,0.03655497462211282,0.01876371240641729,15,98,binary:logistic,0.6190987272444642,gpu_hist,COMPLETE
267,0.7474977439156709,0.0013774197525851341,0.5719357690155006,logloss,0.059221736377687496,0.02498962502463318,15,230,binary:logistic,0.7243435486571971,gpu_hist,COMPLETE
268,0.7479981833383271,0.0020473785532454324,0.5517949770982928,logloss,0.044694367488293814,0.021310282653137107,15,260,binary:logistic,0.6942861383635992,gpu_hist,COMPLETE
269,0.7480989081101715,0.001000859474270715,0.5971014448417796,logloss,0.0731600759650124,0.01721399779107535,15,242,binary:logistic,0.6644706572580867,gpu_hist,COMPLETE
270,0.7479808523795455,0.0013746842629986855,0.5137254868124285,logloss,0.04923954899130069,0.0194017786850268,15,237,binary:logistic,0.6325549545635931,gpu_hist,COMPLETE
271,0.7475158764361585,0.00171870053714735,0.5330996699463652,logloss,0.02339973553915597,0.023435628155295932,9,252,binary:logistic,0.7051611344585772,gpu_hist,COMPLETE
272,0.7431058235441967,0.001226593169260656,0.5640025332404642,logloss,0.06765088756557892,0.014207026718443354,7,223,binary:logistic,0.687070103268415,gpu_hist,COMPLETE
273,0.7410943412569457,0.9817592140060374,0.5482535133568833,logloss,0.032882634118941316,0.017391028092322573,5,234,binary:logistic,0.7113336262039213,gpu_hist,COMPLETE
274,0.7474921507653417,0.0018661006605537123,0.5814508653443287,logloss,0.04122385681888437,0.01582950937030127,15,267,binary:logistic,0.7407569902738709,gpu_hist,COMPLETE
275,0.7481297304499209,0.3419934883484696,0.5265662372448259,logloss,0.08300488599943168,0.01894581822515379,20,244,binary:logistic,0.6102335721585953,gpu_hist,COMPLETE
276,0.747588940522129,0.3973549639540707,0.5119053743353441,logloss,0.05596328285612796,0.020331836312223493,11,243,binary:logistic,0.5841957606248664,gpu_hist,COMPLETE
277,0.7473573397556061,0.0014796213069286862,0.6254329368106523,logloss,0.07658113167608525,0.02238483517426628,20,248,binary:logistic,0.6070374287222132,gpu_hist,COMPLETE
278,0.7480249574441652,0.13166443246844242,0.47815830324997655,logloss,0.013927908832052468,0.019557166439745075,20,254,binary:logistic,0.6409114844062314,gpu_hist,COMPLETE
279,0.7327692062166296,0.0012323923157370438,0.5366626170370573,logloss,0.025927104932170538,0.016614440246726994,3,240,binary:logistic,0.6111094228600888,gpu_hist,COMPLETE
280,0.7482250139097282,0.0016315288527501027,0.5572991555741003,logloss,0.06923097081962629,0.01874315911392164,20,230,binary:logistic,0.6142432635294448,gpu_hist,COMPLETE
281,0.7480113439535374,0.0016399805321615465,0.5510739092129171,logloss,0.0637840565782808,0.021151500940821542,15,231,binary:logistic,0.5916097715841057,gpu_hist,COMPLETE
282,0.7386939306722012,0.0013237590922716865,0.5218849610559123,logloss,0.08384865458700734,0.05988357323434076,20,237,binary:logistic,0.6126149611166641,gpu_hist,COMPLETE
283,0.7480922921004247,0.001856052991473695,0.49684747860857015,logloss,0.04979579557890029,0.018708331666634537,20,229,binary:logistic,0.6033022011829595,gpu_hist,COMPLETE
284,0.7476250120491603,0.25826266163413286,0.5701944742970048,logloss,0.08995817384479941,0.025214965623296767,20,260,binary:logistic,0.7238634015928553,gpu_hist,COMPLETE
285,0.7478752177991451,0.001135925987107417,0.5916328587314325,logloss,0.0679175012904798,0.018885101999482776,20,245,binary:logistic,0.6167709775058036,gpu_hist,COMPLETE
286,0.7477230216522801,0.0014920881996551294,0.5448314304508516,logloss,0.12511257642890078,0.022916230328142377,20,250,binary:logistic,0.687712520133509,gpu_hist,COMPLETE
287,0.7478628065121571,0.06206721817122641,0.5297462318053582,logloss,0.03958140582987066,0.014616492407174029,20,240,binary:logistic,0.7117043126254696,gpu_hist,COMPLETE
288,0.7478064825631424,0.45550409095454975,0.5107228555920188,logloss,0.028865611956124082,0.020540744861141564,20,228,binary:logistic,0.5986163422926838,gpu_hist,COMPLETE
289,0.7476692035212984,0.002088247657974158,0.5586289803428325,logloss,0.02089683651325052,0.01684685206534592,20,234,binary:logistic,0.7351181452405986,gpu_hist,COMPLETE
290,0.7473512790044621,0.0015918251021638974,0.574479732756631,logloss,0.05593192296984616,0.01833996732523481,13,255,binary:logistic,0.5798415168715773,gpu_hist,COMPLETE
291,0.7470461575257421,0.0011800442739661645,0.5413078814157446,logloss,0.081168914225712,0.01544315204407769,20,277,binary:logistic,0.6233396866873259,gpu_hist,COMPLETE
292,0.7470409188962921,0.0010276865109122226,0.5264460285781707,logloss,0.10795227673845917,0.013341636439194757,15,245,binary:logistic,0.6997569505308524,gpu_hist,COMPLETE
293,0.7480426063881713,0.00141607146627763,0.5053918946672956,logloss,9.759382036308391,0.020498954888122714,20,223,binary:logistic,0.6742087763892091,gpu_hist,COMPLETE
294,0.7482516263140366,0.09064578773645315,0.5571148564757479,logloss,0.017787153719002458,0.01790244588868191,20,264,binary:logistic,0.7472321266325338,gpu_hist,COMPLETE
295,0.7480577146455158,0.0013614925799318583,0.5549104314218193,logloss,0.0658098436892759,0.01880870742466627,20,262,binary:logistic,0.7305348679236016,gpu_hist,COMPLETE
296,0.7479026983072835,0.07738938653729988,0.5957106929456412,logloss,0.029479323872891813,0.021582152854862462,20,269,binary:logistic,0.7419844774614921,gpu_hist,COMPLETE
297,0.744712364359287,0.0016465268020169725,0.5757652458994231,logloss,0.044444849519427336,0.01771668596718272,7,265,binary:logistic,0.7454601260785549,gpu_hist,COMPLETE
298,0.7475675067343318,0.0010168945183661178,0.5639110181244456,logloss,0.01607678283560852,0.023381674405070014,9,271,binary:logistic,0.6681603917250085,gpu_hist,COMPLETE
299,0.7480231444143866,0.9384209150506252,0.4865224355132829,logloss,0.020571579973867417,0.020086220512533514,20,257,binary:logistic,0.7515088507909312,gpu_hist,COMPLETE
