Trial 374 finished with value: 0.7479674808855366 and parameters: {'objective': 'binary:logistic', 'tree_method': 'gpu_hist', 'lambda': 0.06703336621413587, 'alpha': 0.0015211045574792736, 'colsample_bytree': 0.35583613340135783, 'subsample': 0.8581189486332185, 'learning_rate': 0.01833344532997461, 'max_depth': 17, 'min_child_weight': 252, 'eval_metric': 'logloss'}. Best is trial 362 with value: 0.7486883567232341.
start listen on 192.168.1.101:35635
@tracker All of 4 nodes getting started
@tracker All nodes finishes job
Trial 375 finished with value: 0.7480425460973948 and parameters: {'objective': 'binary:logistic', 'tree_method': 'gpu_hist', 'lambda': 1.653242845081955, 'alpha': 0.0012940181881728869, 'colsample_bytree': 0.3462084492786253, 'subsample': 0.8364199444373486, 'learning_rate': 0.016754181187255374, 'max_depth': 17, 'min_child_weight': 238, 'eval_metric': 'logloss'}. Best is trial 362 with value: 0.7486883567232341.
start listen on 192.168.1.101:38247
@tracker All of 4 nodes getting started
@tracker All nodes finishes job
Trial 376 finished with value: 0.7474904378960466 and parameters: {'objective': 'binary:logistic', 'tree_method': 'gpu_hist', 'lambda': 1.9212260967658474, 'alpha': 0.004978112083343942, 'colsample_bytree': 0.92452780067886, 'subsample': 0.851068588192993, 'learning_rate': 0.01945296095240755, 'max_depth': 17, 'min_child_weight': 247, 'eval_metric': 'logloss'}. Best is trial 362 with value: 0.7486883567232341.
start listen on 192.168.1.101:55477
@tracker All of 4 nodes getting started
@tracker All nodes finishes job
Trial 377 finished with value: 0.7475654004468822 and parameters: {'objective': 'binary:logistic', 'tree_method': 'gpu_hist', 'lambda': 1.235838347370484, 'alpha': 0.0038204063775984574, 'colsample_bytree': 0.9643025616542816, 'subsample': 0.8610034751165612, 'learning_rate': 0.019262467220027616, 'max_depth': 17, 'min_child_weight': 251, 'eval_metric': 'logloss'}. Best is trial 362 with value: 0.7486883567232341.
start listen on 192.168.1.101:53343
@tracker All of 4 nodes getting started
@tracker All nodes finishes job
Trial 378 finished with value: 0.7482768895385725 and parameters: {'objective': 'binary:logistic', 'tree_method': 'gpu_hist', 'lambda': 1.1178810029796868, 'alpha': 0.002764219996174764, 'colsample_bytree': 0.35929398784422506, 'subsample': 0.8250702441610678, 'learning_rate': 0.0208331061900898, 'max_depth': 17, 'min_child_weight': 258, 'eval_metric': 'logloss'}. Best is trial 362 with value: 0.7486883567232341.
start listen on 192.168.1.101:41261
@tracker All of 4 nodes getting started
@tracker All nodes finishes job
Trial 379 finished with value: 0.7476095013439369 and parameters: {'objective': 'binary:logistic', 'tree_method': 'gpu_hist', 'lambda': 0.08586181624758402, 'alpha': 0.001423483903391394, 'colsample_bytree': 0.3413547245840351, 'subsample': 0.8415554444354738, 'learning_rate': 0.01575864783562575, 'max_depth': 17, 'min_child_weight': 224, 'eval_metric': 'logloss'}. Best is trial 362 with value: 0.7486883567232341.
start listen on 192.168.1.101:54971
@tracker All of 4 nodes getting started
@tracker All nodes finishes job
Trial 380 finished with value: 0.7482683296375 and parameters: {'objective': 'binary:logistic', 'tree_method': 'gpu_hist', 'lambda': 0.297551148816039, 'alpha': 0.0072171731202791516, 'colsample_bytree': 0.3739237817525852, 'subsample': 0.8049431131128144, 'learning_rate': 0.01993596231020143, 'max_depth': 17, 'min_child_weight': 252, 'eval_metric': 'logloss'}. Best is trial 362 with value: 0.7486883567232341.
start listen on 192.168.1.101:60051
@tracker All of 4 nodes getting started
@tracker All nodes finishes job
Trial 381 finished with value: 0.7477589827388337 and parameters: {'objective': 'binary:logistic', 'tree_method': 'gpu_hist', 'lambda': 1.3921551488355899, 'alpha': 0.0019580826216985922, 'colsample_bytree': 0.3364792408479864, 'subsample': 0.8765217485242118, 'learning_rate': 0.015445761415420334, 'max_depth': 17, 'min_child_weight': 240, 'eval_metric': 'logloss'}. Best is trial 362 with value: 0.7486883567232341.
start listen on 192.168.1.101:51927
@tracker All of 4 nodes getting started
@tracker All nodes finishes job
Trial 382 finished with value: 0.7481237658306141 and parameters: {'objective': 'binary:logistic', 'tree_method': 'gpu_hist', 'lambda': 0.07477085086095862, 'alpha': 0.0012408427908755532, 'colsample_bytree': 0.3924748341371995, 'subsample': 0.8508255238112769, 'learning_rate': 0.018192730250998827, 'max_depth': 17, 'min_child_weight': 261, 'eval_metric': 'logloss'}. Best is trial 362 with value: 0.7486883567232341.
start listen on 192.168.1.101:48369
@tracker All of 4 nodes getting started
@tracker All nodes finishes job
Trial 383 finished with value: 0.7483999913571366 and parameters: {'objective': 'binary:logistic', 'tree_method': 'gpu_hist', 'lambda': 0.09144709768418814, 'alpha': 0.0031120824140020886, 'colsample_bytree': 0.3615624311803738, 'subsample': 0.8293023095458865, 'learning_rate': 0.020845849088566872, 'max_depth': 17, 'min_child_weight': 257, 'eval_metric': 'logloss'}. Best is trial 362 with value: 0.7486883567232341.
start listen on 192.168.1.101:38719
@tracker All of 4 nodes getting started
@tracker All nodes finishes job
Trial 384 finished with value: 0.7471356850223397 and parameters: {'objective': 'binary:logistic', 'tree_method': 'gpu_hist', 'lambda': 0.0926743573314461, 'alpha': 0.004257778643452392, 'colsample_bytree': 0.3629512243881378, 'subsample': 0.8183009340279552, 'learning_rate': 0.013458711521073948, 'max_depth': 17, 'min_child_weight': 248, 'eval_metric': 'logloss'}. Best is trial 362 with value: 0.7486883567232341.
start listen on 192.168.1.101:51771
@tracker All of 4 nodes getting started
@tracker All nodes finishes job
Trial 385 finished with value: 0.748000945044863 and parameters: {'objective': 'binary:logistic', 'tree_method': 'gpu_hist', 'lambda': 0.00876879048633856, 'alpha': 0.0029438285797912635, 'colsample_bytree': 0.3818462795232647, 'subsample': 0.7935323066740608, 'learning_rate': 0.020563624015738687, 'max_depth': 17, 'min_child_weight': 255, 'eval_metric': 'logloss'}. Best is trial 362 with value: 0.7486883567232341.
start listen on 192.168.1.101:45129
@tracker All of 4 nodes getting started
@tracker All nodes finishes job
Trial 386 finished with value: 0.7480991166273502 and parameters: {'objective': 'binary:logistic', 'tree_method': 'gpu_hist', 'lambda': 0.14149453489992975, 'alpha': 0.003237057363279799, 'colsample_bytree': 0.4022913180286333, 'subsample': 0.8305423115169156, 'learning_rate': 0.018858816800901602, 'max_depth': 17, 'min_child_weight': 235, 'eval_metric': 'logloss'}. Best is trial 362 with value: 0.7486883567232341.
start listen on 192.168.1.101:46549
@tracker All of 4 nodes getting started
@tracker All nodes finishes job
Trial 387 finished with value: 0.7479457966270711 and parameters: {'objective': 'binary:logistic', 'tree_method': 'gpu_hist', 'lambda': 0.09806927843812832, 'alpha': 0.0046681733035239936, 'colsample_bytree': 0.35424305724212357, 'subsample': 0.8106165488389846, 'learning_rate': 0.017461522826833612, 'max_depth': 17, 'min_child_weight': 261, 'eval_metric': 'logloss'}. Best is trial 362 with value: 0.7486883567232341.
start listen on 192.168.1.101:56831
@tracker All of 4 nodes getting started
@tracker All nodes finishes job
Trial 388 finished with value: 0.7482450266967128 and parameters: {'objective': 'binary:logistic', 'tree_method': 'gpu_hist', 'lambda': 1.7112564038414853, 'alpha': 0.0010902481754361236, 'colsample_bytree': 0.37013488869246414, 'subsample': 0.8284464295639653, 'learning_rate': 0.021110141991863483, 'max_depth': 17, 'min_child_weight': 255, 'eval_metric': 'logloss'}. Best is trial 362 with value: 0.7486883567232341.
start listen on 192.168.1.101:33901
@tracker All of 4 nodes getting started
@tracker All nodes finishes job
Trial 389 finished with value: 0.7482180647726033 and parameters: {'objective': 'binary:logistic', 'tree_method': 'gpu_hist', 'lambda': 0.08246382358813759, 'alpha': 0.006857585530460971, 'colsample_bytree': 0.33120899920025143, 'subsample': 0.8407205252679738, 'learning_rate': 0.021546535288178015, 'max_depth': 17, 'min_child_weight': 260, 'eval_metric': 'logloss'}. Best is trial 362 with value: 0.7486883567232341.
start listen on 192.168.1.101:41107
@tracker All of 4 nodes getting started
@tracker All nodes finishes job
Trial 390 finished with value: 0.7480751692420651 and parameters: {'objective': 'binary:logistic', 'tree_method': 'gpu_hist', 'lambda': 0.11266931272979078, 'alpha': 0.0034567862291999167, 'colsample_bytree': 0.35058713455605106, 'subsample': 0.8193044567025741, 'learning_rate': 0.01953632421848707, 'max_depth': 17, 'min_child_weight': 248, 'eval_metric': 'logloss'}. Best is trial 362 with value: 0.7486883567232341.
start listen on 192.168.1.101:46391
@tracker All of 4 nodes getting started
@tracker All nodes finishes job
Trial 391 finished with value: 0.7483613241315832 and parameters: {'objective': 'binary:logistic', 'tree_method': 'gpu_hist', 'lambda': 0.06071181961473296, 'alpha': 0.0011766705991322892, 'colsample_bytree': 0.38359878952017684, 'subsample': 0.8347350303464032, 'learning_rate': 0.021888301529982956, 'max_depth': 20, 'min_child_weight': 263, 'eval_metric': 'logloss'}. Best is trial 362 with value: 0.7486883567232341.
start listen on 192.168.1.101:35283
@tracker All of 4 nodes getting started
@tracker All nodes finishes job
Trial 392 finished with value: 0.7476420501670278 and parameters: {'objective': 'binary:logistic', 'tree_method': 'gpu_hist', 'lambda': 0.07939317296320912, 'alpha': 0.0013431383712088328, 'colsample_bytree': 0.8855612575018048, 'subsample': 0.8333117573797696, 'learning_rate': 0.017220929882778995, 'max_depth': 20, 'min_child_weight': 264, 'eval_metric': 'logloss'}. Best is trial 362 with value: 0.7486883567232341.
start listen on 192.168.1.101:49605
@tracker All of 4 nodes getting started
@tracker All nodes finishes job
Trial 393 finished with value: 0.748126395703171 and parameters: {'objective': 'binary:logistic', 'tree_method': 'gpu_hist', 'lambda': 0.09024509447868315, 'alpha': 0.0016382645112218608, 'colsample_bytree': 0.36435301914971363, 'subsample': 0.8196779538153335, 'learning_rate': 0.02156000215841324, 'max_depth': 20, 'min_child_weight': 261, 'eval_metric': 'logloss'}. Best is trial 362 with value: 0.7486883567232341.
start listen on 192.168.1.101:52117
@tracker All of 4 nodes getting started
@tracker All nodes finishes job
Trial 394 finished with value: 0.7480591127247198 and parameters: {'objective': 'binary:logistic', 'tree_method': 'gpu_hist', 'lambda': 0.06653720458846497, 'alpha': 0.001457777301935139, 'colsample_bytree': 0.3803822455855049, 'subsample': 0.8048967666443215, 'learning_rate': 0.019282648938473198, 'max_depth': 20, 'min_child_weight': 243, 'eval_metric': 'logloss'}. Best is trial 362 with value: 0.7486883567232341.
start listen on 192.168.1.101:36195
@tracker All of 4 nodes getting started
@tracker All nodes finishes job
Trial 395 finished with value: 0.7482320173641194 and parameters: {'objective': 'binary:logistic', 'tree_method': 'gpu_hist', 'lambda': 0.07970202921719516, 'alpha': 0.002524370278926497, 'colsample_bytree': 0.3884567545866034, 'subsample': 0.8418898159557348, 'learning_rate': 0.02226179810391952, 'max_depth': 20, 'min_child_weight': 257, 'eval_metric': 'logloss'}. Best is trial 362 with value: 0.7486883567232341.
start listen on 192.168.1.101:53465
@tracker All of 4 nodes getting started
@tracker All nodes finishes job
Trial 396 finished with value: 0.7478996550122595 and parameters: {'objective': 'binary:logistic', 'tree_method': 'gpu_hist', 'lambda': 0.03917021137450343, 'alpha': 0.0010103591086814245, 'colsample_bytree': 0.34405916383118496, 'subsample': 0.8522715350035064, 'learning_rate': 0.01586078319294657, 'max_depth': 20, 'min_child_weight': 253, 'eval_metric': 'logloss'}. Best is trial 362 with value: 0.7486883567232341.
start listen on 192.168.1.101:52365
@tracker All of 4 nodes getting started
@tracker All nodes finishes job
Trial 397 finished with value: 0.747914065897028 and parameters: {'objective': 'binary:logistic', 'tree_method': 'gpu_hist', 'lambda': 0.1228669914886006, 'alpha': 0.002065855016104001, 'colsample_bytree': 0.3692092865798114, 'subsample': 0.8295524745084272, 'learning_rate': 0.020393153921460735, 'max_depth': 20, 'min_child_weight': 133, 'eval_metric': 'logloss'}. Best is trial 362 with value: 0.7486883567232341.
start listen on 192.168.1.101:46331
@tracker All of 4 nodes getting started
@tracker All nodes finishes job
Trial 398 finished with value: 0.747775216238781 and parameters: {'objective': 'binary:logistic', 'tree_method': 'gpu_hist', 'lambda': 0.11567819110506104, 'alpha': 0.005414879480414082, 'colsample_bytree': 0.328375099964292, 'subsample': 0.6493065243667723, 'learning_rate': 0.022207641945097906, 'max_depth': 20, 'min_child_weight': 265, 'eval_metric': 'logloss'}. Best is trial 362 with value: 0.7486883567232341.
start listen on 192.168.1.101:52543
@tracker All of 4 nodes getting started
@tracker All nodes finishes job
Trial 399 finished with value: 0.748282170260431 and parameters: {'objective': 'binary:logistic', 'tree_method': 'gpu_hist', 'lambda': 0.09293870350150192, 'alpha': 0.0012368839044013945, 'colsample_bytree': 0.3540614210378381, 'subsample': 0.8429772319468858, 'learning_rate': 0.01765993650554766, 'max_depth': 20, 'min_child_weight': 264, 'eval_metric': 'logloss'}. Best is trial 362 with value: 0.7486883567232341.
start listen on 192.168.1.101:33657
@tracker All of 4 nodes getting started
@tracker All nodes finishes job
Trial 400 finished with value: 0.7373307116229068 and parameters: {'objective': 'binary:logistic', 'tree_method': 'gpu_hist', 'lambda': 1.504683597441072, 'alpha': 0.010792324368369887, 'colsample_bytree': 0.3335221143855142, 'subsample': 0.8637777851413515, 'learning_rate': 0.023031211684326345, 'max_depth': 3, 'min_child_weight': 256, 'eval_metric': 'logloss'}. Best is trial 362 with value: 0.7486883567232341.
start listen on 192.168.1.101:55727
@tracker All of 4 nodes getting started
@tracker All nodes finishes job
Trial 401 finished with value: 0.7455236007898647 and parameters: {'objective': 'binary:logistic', 'tree_method': 'gpu_hist', 'lambda': 0.923213363242651, 'alpha': 0.004538169418367357, 'colsample_bytree': 0.36251642788186494, 'subsample': 0.7665318690531465, 'learning_rate': 0.019167829248644425, 'max_depth': 7, 'min_child_weight': 249, 'eval_metric': 'logloss'}. Best is trial 362 with value: 0.7486883567232341.
start listen on 192.168.1.101:42487
@tracker All of 4 nodes getting started
@tracker All nodes finishes job
Trial 402 finished with value: 0.7481182275532268 and parameters: {'objective': 'binary:logistic', 'tree_method': 'gpu_hist', 'lambda': 0.5143314868951867, 'alpha': 0.002080208824663213, 'colsample_bytree': 0.3411151324278748, 'subsample': 0.8220701656389212, 'learning_rate': 0.02153435412899729, 'max_depth': 17, 'min_child_weight': 263, 'eval_metric': 'logloss'}. Best is trial 362 with value: 0.7486883567232341.
start listen on 192.168.1.101:60017
@tracker All of 4 nodes getting started
@tracker All nodes finishes job
Trial 403 finished with value: 0.7029121372187045 and parameters: {'objective': 'binary:logistic', 'tree_method': 'gpu_hist', 'lambda': 0.0632112892321344, 'alpha': 0.0038813748467511297, 'colsample_bytree': 0.32296558106804535, 'subsample': 0.8337345296167652, 'learning_rate': 0.001228750919393255, 'max_depth': 5, 'min_child_weight': 267, 'eval_metric': 'logloss'}. Best is trial 362 with value: 0.7486883567232341.
start listen on 192.168.1.101:50239
@tracker All of 4 nodes getting started
@tracker All nodes finishes job
Trial 404 finished with value: 0.7477678513175685 and parameters: {'objective': 'binary:logistic', 'tree_method': 'gpu_hist', 'lambda': 2.001561532085221, 'alpha': 0.001239995998995826, 'colsample_bytree': 0.7018963739542474, 'subsample': 0.8529657455209069, 'learning_rate': 0.020511930475405143, 'max_depth': 20, 'min_child_weight': 258, 'eval_metric': 'logloss'}. Best is trial 362 with value: 0.7486883567232341.
start listen on 192.168.1.101:49751
@tracker All of 4 nodes getting started
@tracker All nodes finishes job
Trial 405 finished with value: 0.7477315234852778 and parameters: {'objective': 'binary:logistic', 'tree_method': 'gpu_hist', 'lambda': 2.5156129560292446, 'alpha': 0.003010438360165154, 'colsample_bytree': 0.3791512529834062, 'subsample': 0.6210089914059543, 'learning_rate': 0.02310106164312593, 'max_depth': 17, 'min_child_weight': 244, 'eval_metric': 'logloss'}. Best is trial 362 with value: 0.7486883567232341.
start listen on 192.168.1.101:47755
@tracker All of 4 nodes getting started
@tracker All nodes finishes job
Trial 406 finished with value: 0.7466637403542714 and parameters: {'objective': 'binary:logistic', 'tree_method': 'gpu_hist', 'lambda': 1.7918024333410791, 'alpha': 0.0016252072084130037, 'colsample_bytree': 0.35062341712035117, 'subsample': 0.9057694063358883, 'learning_rate': 0.018357938603511616, 'max_depth': 17, 'min_child_weight': 53, 'eval_metric': 'logloss'}. Best is trial 362 with value: 0.7486883567232341.
start listen on 192.168.1.101:49917
@tracker All of 4 nodes getting started
@tracker All nodes finishes job
Trial 407 finished with value: 0.7484920635690422 and parameters: {'objective': 'binary:logistic', 'tree_method': 'gpu_hist', 'lambda': 0.04948685822560625, 'alpha': 0.0010616465083223765, 'colsample_bytree': 0.3220937216514522, 'subsample': 0.8800038768127227, 'learning_rate': 0.022570710374325533, 'max_depth': 20, 'min_child_weight': 270, 'eval_metric': 'logloss'}. Best is trial 362 with value: 0.7486883567232341.
start listen on 192.168.1.101:58185
@tracker All of 4 nodes getting started
@tracker All nodes finishes job
Trial 408 finished with value: 0.7480637526139702 and parameters: {'objective': 'binary:logistic', 'tree_method': 'gpu_hist', 'lambda': 0.051153711717053844, 'alpha': 0.0011772358662328329, 'colsample_bytree': 0.3175547555404077, 'subsample': 0.8950999360333554, 'learning_rate': 0.020287952858186242, 'max_depth': 20, 'min_child_weight': 268, 'eval_metric': 'logloss'}. Best is trial 362 with value: 0.7486883567232341.
start listen on 192.168.1.101:36245
@tracker All of 4 nodes getting started
@tracker All nodes finishes job
Trial 409 finished with value: 0.7481309650216506 and parameters: {'objective': 'binary:logistic', 'tree_method': 'gpu_hist', 'lambda': 0.06173887736946803, 'alpha': 0.0014629016142041309, 'colsample_bytree': 0.33164396273323227, 'subsample': 0.8862185407864895, 'learning_rate': 0.023155746499933974, 'max_depth': 20, 'min_child_weight': 235, 'eval_metric': 'logloss'}. Best is trial 362 with value: 0.7486883567232341.
start listen on 192.168.1.101:44733
@tracker All of 4 nodes getting started
@tracker All nodes finishes job
Trial 410 finished with value: 0.7479399424482418 and parameters: {'objective': 'binary:logistic', 'tree_method': 'gpu_hist', 'lambda': 0.08899774043516216, 'alpha': 0.0012736715658696717, 'colsample_bytree': 0.31802276693179093, 'subsample': 0.8764609988098511, 'learning_rate': 0.022120026274632183, 'max_depth': 20, 'min_child_weight': 253, 'eval_metric': 'logloss'}. Best is trial 362 with value: 0.7486883567232341.
start listen on 192.168.1.101:58381
@tracker All of 4 nodes getting started
@tracker All nodes finishes job
Trial 411 finished with value: 0.74778610789258 and parameters: {'objective': 'binary:logistic', 'tree_method': 'gpu_hist', 'lambda': 0.06591722468254868, 'alpha': 0.0010060884825046268, 'colsample_bytree': 0.3279516495507668, 'subsample': 0.8853254221452092, 'learning_rate': 0.016523414783289676, 'max_depth': 20, 'min_child_weight': 261, 'eval_metric': 'logloss'}. Best is trial 362 with value: 0.7486883567232341.
start listen on 192.168.1.101:55795
@tracker All of 4 nodes getting started
@tracker All nodes finishes job
Trial 412 finished with value: 0.7480150696179027 and parameters: {'objective': 'binary:logistic', 'tree_method': 'gpu_hist', 'lambda': 0.002665710401386321, 'alpha': 0.00106668247583975, 'colsample_bytree': 0.315077562324661, 'subsample': 0.8690700894875902, 'learning_rate': 0.01973342869442766, 'max_depth': 20, 'min_child_weight': 269, 'eval_metric': 'logloss'}. Best is trial 362 with value: 0.7486883567232341.
start listen on 192.168.1.101:58295
@tracker All of 4 nodes getting started
@tracker All nodes finishes job
Trial 413 finished with value: 0.7480690483390633 and parameters: {'objective': 'binary:logistic', 'tree_method': 'gpu_hist', 'lambda': 0.1464114343361539, 'alpha': 0.0017265157007967295, 'colsample_bytree': 0.34011746916329777, 'subsample': 0.8669122855673604, 'learning_rate': 0.023383983952797633, 'max_depth': 15, 'min_child_weight': 261, 'eval_metric': 'logloss'}. Best is trial 362 with value: 0.7486883567232341.
start listen on 192.168.1.101:50031
@tracker All of 4 nodes getting started
@tracker All nodes finishes job
Trial 414 finished with value: 0.7469203188671145 and parameters: {'objective': 'binary:logistic', 'tree_method': 'gpu_hist', 'lambda': 0.07741705675931318, 'alpha': 0.0038308789555850193, 'colsample_bytree': 0.32939400586622175, 'subsample': 0.5121400114271278, 'learning_rate': 0.024268161758166654, 'max_depth': 20, 'min_child_weight': 265, 'eval_metric': 'logloss'}. Best is trial 362 with value: 0.7486883567232341.
start listen on 192.168.1.101:57045
@tracker All of 4 nodes getting started
@tracker All nodes finishes job
