Trial 175 finished with value: 0.7506636846878253 and parameters: {'C': 0.3401138794526005}. Best is trial 134 with value: 0.7506635788316693.
sklearn.linear_model.LogisticRegression.fit: running accelerated version on CPU
sklearn.linear_model.LogisticRegression.predict: running accelerated version on CPU
sklearn.metrics.roc_auc_score: running accelerated version on CPU
Trial 176 finished with value: 0.7506637463677902 and parameters: {'C': 0.2732988181945017}. Best is trial 134 with value: 0.7506635788316693.
sklearn.linear_model.LogisticRegression.fit: running accelerated version on CPU
sklearn.linear_model.LogisticRegression.predict: running accelerated version on CPU
sklearn.metrics.roc_auc_score: running accelerated version on CPU
Trial 177 finished with value: 0.7506636674618892 and parameters: {'C': 0.31899024195857956}. Best is trial 134 with value: 0.7506635788316693.
sklearn.linear_model.LogisticRegression.fit: running accelerated version on CPU
sklearn.linear_model.LogisticRegression.predict: running accelerated version on CPU
sklearn.metrics.roc_auc_score: running accelerated version on CPU
Trial 178 finished with value: 0.7506638500012447 and parameters: {'C': 0.1972935971674932}. Best is trial 134 with value: 0.7506635788316693.
sklearn.linear_model.LogisticRegression.fit: running accelerated version on CPU
sklearn.linear_model.LogisticRegression.predict: running accelerated version on CPU
sklearn.metrics.roc_auc_score: running accelerated version on CPU
Trial 179 finished with value: 0.7506636246748865 and parameters: {'C': 0.23488480719932564}. Best is trial 134 with value: 0.7506635788316693.
sklearn.linear_model.LogisticRegression.fit: running accelerated version on CPU
sklearn.linear_model.LogisticRegression.predict: running accelerated version on CPU
sklearn.metrics.roc_auc_score: running accelerated version on CPU
Trial 180 finished with value: 0.7506641659026865 and parameters: {'C': 0.08298000301367975}. Best is trial 134 with value: 0.7506635788316693.
sklearn.linear_model.LogisticRegression.fit: running accelerated version on CPU
sklearn.linear_model.LogisticRegression.predict: running accelerated version on CPU
sklearn.metrics.roc_auc_score: running accelerated version on CPU
Trial 181 finished with value: 0.7506637474791409 and parameters: {'C': 0.2505703150731313}. Best is trial 134 with value: 0.7506635788316693.
sklearn.linear_model.LogisticRegression.fit: running accelerated version on CPU
sklearn.linear_model.LogisticRegression.predict: running accelerated version on CPU
sklearn.metrics.roc_auc_score: running accelerated version on CPU
Trial 182 finished with value: 0.7506638230509898 and parameters: {'C': 0.22120389928214307}. Best is trial 134 with value: 0.7506635788316693.
sklearn.linear_model.LogisticRegression.fit: running accelerated version on CPU
sklearn.linear_model.LogisticRegression.predict: running accelerated version on CPU
sklearn.metrics.roc_auc_score: running accelerated version on CPU
Trial 183 finished with value: 0.7506636430121734 and parameters: {'C': 0.2965117890592933}. Best is trial 134 with value: 0.7506635788316693.
sklearn.linear_model.LogisticRegression.fit: running accelerated version on CPU
sklearn.linear_model.LogisticRegression.predict: running accelerated version on CPU
sklearn.metrics.roc_auc_score: running accelerated version on CPU
Trial 184 finished with value: 0.7506637552585959 and parameters: {'C': 0.24130180438577573}. Best is trial 134 with value: 0.7506635788316693.
sklearn.linear_model.LogisticRegression.fit: running accelerated version on CPU
sklearn.linear_model.LogisticRegression.predict: running accelerated version on CPU
sklearn.metrics.roc_auc_score: running accelerated version on CPU
Trial 185 finished with value: 0.7506638552801606 and parameters: {'C': 0.1788116287690122}. Best is trial 134 with value: 0.7506635788316693.
sklearn.linear_model.LogisticRegression.fit: running accelerated version on CPU
sklearn.linear_model.LogisticRegression.predict: running accelerated version on CPU
sklearn.metrics.roc_auc_score: running accelerated version on CPU
Trial 186 finished with value: 0.7506637163613208 and parameters: {'C': 0.2667514093083646}. Best is trial 134 with value: 0.7506635788316693.
sklearn.linear_model.LogisticRegression.fit: running accelerated version on CPU
sklearn.linear_model.LogisticRegression.predict: running accelerated version on CPU
sklearn.metrics.roc_auc_score: running accelerated version on CPU
Trial 187 finished with value: 0.750663828885581 and parameters: {'C': 0.2062380330367506}. Best is trial 134 with value: 0.7506635788316693.
sklearn.linear_model.LogisticRegression.fit: running accelerated version on CPU
sklearn.linear_model.LogisticRegression.predict: running accelerated version on CPU
sklearn.metrics.roc_auc_score: running accelerated version on CPU
Trial 188 finished with value: 0.7506636827429615 and parameters: {'C': 0.35475144811832765}. Best is trial 134 with value: 0.7506635788316693.
sklearn.linear_model.LogisticRegression.fit: running accelerated version on CPU
sklearn.linear_model.LogisticRegression.predict: running accelerated version on CPU
sklearn.metrics.roc_auc_score: running accelerated version on CPU
Trial 189 finished with value: 0.7506638058250537 and parameters: {'C': 0.2234389960611663}. Best is trial 134 with value: 0.7506635788316693.
sklearn.linear_model.LogisticRegression.fit: running accelerated version on CPU
sklearn.linear_model.LogisticRegression.predict: running accelerated version on CPU
sklearn.metrics.roc_auc_score: running accelerated version on CPU
Trial 190 finished with value: 0.7506637294196917 and parameters: {'C': 0.2865381542687591}. Best is trial 134 with value: 0.7506635788316693.
sklearn.linear_model.LogisticRegression.fit: running accelerated version on CPU
sklearn.linear_model.LogisticRegression.predict: running accelerated version on CPU
sklearn.metrics.roc_auc_score: running accelerated version on CPU
Trial 191 finished with value: 0.7506636796867471 and parameters: {'C': 0.30516665698447504}. Best is trial 134 with value: 0.7506635788316693.
sklearn.linear_model.LogisticRegression.fit: running accelerated version on CPU
sklearn.linear_model.LogisticRegression.predict: running accelerated version on CPU
sklearn.metrics.roc_auc_score: running accelerated version on CPU
Trial 192 finished with value: 0.7506636827429615 and parameters: {'C': 0.3249525498597683}. Best is trial 134 with value: 0.7506635788316693.
sklearn.linear_model.LogisticRegression.fit: running accelerated version on CPU
sklearn.linear_model.LogisticRegression.predict: running accelerated version on CPU
sklearn.metrics.roc_auc_score: running accelerated version on CPU
Trial 193 finished with value: 0.7506637260856396 and parameters: {'C': 0.25711381151685475}. Best is trial 134 with value: 0.7506635788316693.
sklearn.linear_model.LogisticRegression.fit: running accelerated version on CPU
sklearn.linear_model.LogisticRegression.predict: running accelerated version on CPU
sklearn.metrics.roc_auc_score: running accelerated version on CPU
Trial 194 finished with value: 0.7506637433115757 and parameters: {'C': 0.28933375028769637}. Best is trial 134 with value: 0.7506635788316693.
sklearn.linear_model.LogisticRegression.fit: running accelerated version on CPU
sklearn.linear_model.LogisticRegression.predict: running accelerated version on CPU
sklearn.metrics.roc_auc_score: running accelerated version on CPU
Trial 195 finished with value: 0.7506637358099584 and parameters: {'C': 0.27252998442782006}. Best is trial 134 with value: 0.7506635788316693.
sklearn.linear_model.LogisticRegression.fit: running accelerated version on CPU
sklearn.linear_model.LogisticRegression.predict: running accelerated version on CPU
sklearn.metrics.roc_auc_score: running accelerated version on CPU
Trial 196 finished with value: 0.7506636305094777 and parameters: {'C': 0.2346728185418497}. Best is trial 134 with value: 0.7506635788316693.
sklearn.linear_model.LogisticRegression.fit: running accelerated version on CPU
sklearn.linear_model.LogisticRegression.predict: running accelerated version on CPU
sklearn.metrics.roc_auc_score: running accelerated version on CPU
Trial 197 finished with value: 0.7506637535915698 and parameters: {'C': 0.23824708482589638}. Best is trial 134 with value: 0.7506635788316693.
sklearn.linear_model.LogisticRegression.fit: running accelerated version on CPU
sklearn.linear_model.LogisticRegression.predict: running accelerated version on CPU
sklearn.metrics.roc_auc_score: running accelerated version on CPU
Trial 198 finished with value: 0.7506638319417955 and parameters: {'C': 0.2059574809929405}. Best is trial 134 with value: 0.7506635788316693.
sklearn.linear_model.LogisticRegression.fit: running accelerated version on CPU
sklearn.linear_model.LogisticRegression.predict: running accelerated version on CPU
sklearn.metrics.roc_auc_score: running accelerated version on CPU
Trial 199 finished with value: 0.7506638594477257 and parameters: {'C': 0.16216150413417524}. Best is trial 134 with value: 0.7506635788316693.
sklearn.linear_model.LogisticRegression.fit: running accelerated version on CPU
sklearn.linear_model.LogisticRegression.predict: running accelerated version on CPU
sklearn.metrics.roc_auc_score: running accelerated version on CPU
Trial 200 finished with value: 0.7506637594261611 and parameters: {'C': 0.23710414578280037}. Best is trial 134 with value: 0.7506635788316693.
sklearn.linear_model.LogisticRegression.fit: running accelerated version on CPU
sklearn.linear_model.LogisticRegression.predict: running accelerated version on CPU
sklearn.metrics.roc_auc_score: running accelerated version on CPU
Trial 201 finished with value: 0.7506636821872862 and parameters: {'C': 0.30619258438570596}. Best is trial 134 with value: 0.7506635788316693.
sklearn.linear_model.LogisticRegression.fit: running accelerated version on CPU
sklearn.linear_model.LogisticRegression.predict: running accelerated version on CPU
sklearn.metrics.roc_auc_score: running accelerated version on CPU
Trial 202 finished with value: 0.75066373080888 and parameters: {'C': 0.2695354570248328}. Best is trial 134 with value: 0.7506635788316693.
sklearn.linear_model.LogisticRegression.fit: running accelerated version on CPU
sklearn.linear_model.LogisticRegression.predict: running accelerated version on CPU
sklearn.metrics.roc_auc_score: running accelerated version on CPU
Trial 203 finished with value: 0.7506637505353554 and parameters: {'C': 0.25071711776707745}. Best is trial 134 with value: 0.7506635788316693.
sklearn.linear_model.LogisticRegression.fit: running accelerated version on CPU
sklearn.linear_model.LogisticRegression.predict: running accelerated version on CPU
sklearn.metrics.roc_auc_score: running accelerated version on CPU
Trial 204 finished with value: 0.7506638052693783 and parameters: {'C': 0.2252045837933201}. Best is trial 134 with value: 0.7506635788316693.
sklearn.linear_model.LogisticRegression.fit: running accelerated version on CPU
sklearn.linear_model.LogisticRegression.predict: running accelerated version on CPU
sklearn.metrics.roc_auc_score: running accelerated version on CPU
Trial 205 finished with value: 0.7506636760748572 and parameters: {'C': 0.32790346405529947}. Best is trial 134 with value: 0.7506635788316693.
sklearn.linear_model.LogisticRegression.fit: running accelerated version on CPU
sklearn.linear_model.LogisticRegression.predict: running accelerated version on CPU
sklearn.metrics.roc_auc_score: running accelerated version on CPU
Trial 206 finished with value: 0.750663677186208 and parameters: {'C': 0.9781479429299653}. Best is trial 134 with value: 0.7506635788316693.
sklearn.linear_model.LogisticRegression.fit: running accelerated version on CPU
sklearn.linear_model.LogisticRegression.predict: running accelerated version on CPU
sklearn.metrics.roc_auc_score: running accelerated version on CPU
Trial 207 finished with value: 0.7506637483126539 and parameters: {'C': 0.28997965859431174}. Best is trial 134 with value: 0.7506635788316693.
sklearn.linear_model.LogisticRegression.fit: running accelerated version on CPU
sklearn.linear_model.LogisticRegression.predict: running accelerated version on CPU
sklearn.metrics.roc_auc_score: running accelerated version on CPU
Trial 208 finished with value: 0.7506638386098998 and parameters: {'C': 0.19358722272174306}. Best is trial 134 with value: 0.7506635788316693.
sklearn.linear_model.LogisticRegression.fit: running accelerated version on CPU
sklearn.linear_model.LogisticRegression.predict: running accelerated version on CPU
sklearn.metrics.roc_auc_score: running accelerated version on CPU
Trial 209 finished with value: 0.7506637271969903 and parameters: {'C': 0.25665924887805225}. Best is trial 134 with value: 0.7506635788316693.
sklearn.linear_model.LogisticRegression.fit: running accelerated version on CPU
sklearn.linear_model.LogisticRegression.predict: running accelerated version on CPU
sklearn.metrics.roc_auc_score: running accelerated version on CPU
Trial 210 finished with value: 0.7506636766305326 and parameters: {'C': 0.309631982714724}. Best is trial 134 with value: 0.7506635788316693.
sklearn.linear_model.LogisticRegression.fit: running accelerated version on CPU
sklearn.linear_model.LogisticRegression.predict: running accelerated version on CPU
sklearn.metrics.roc_auc_score: running accelerated version on CPU
Trial 211 finished with value: 0.7506637233072627 and parameters: {'C': 0.2907913470091731}. Best is trial 134 with value: 0.7506635788316693.
sklearn.linear_model.LogisticRegression.fit: running accelerated version on CPU
sklearn.linear_model.LogisticRegression.predict: running accelerated version on CPU
sklearn.metrics.roc_auc_score: running accelerated version on CPU
Trial 212 finished with value: 0.7506636696845905 and parameters: {'C': 0.29599944033961595}. Best is trial 134 with value: 0.7506635788316693.
sklearn.linear_model.LogisticRegression.fit: running accelerated version on CPU
sklearn.linear_model.LogisticRegression.predict: running accelerated version on CPU
sklearn.metrics.roc_auc_score: running accelerated version on CPU
Trial 213 finished with value: 0.7506636132835416 and parameters: {'C': 0.23179912568921543}. Best is trial 134 with value: 0.7506635788316693.
sklearn.linear_model.LogisticRegression.fit: running accelerated version on CPU
sklearn.linear_model.LogisticRegression.predict: running accelerated version on CPU
sklearn.metrics.roc_auc_score: running accelerated version on CPU
Trial 214 finished with value: 0.7506638169385608 and parameters: {'C': 0.2167153543772068}. Best is trial 134 with value: 0.7506635788316693.
sklearn.linear_model.LogisticRegression.fit: running accelerated version on CPU
sklearn.linear_model.LogisticRegression.predict: running accelerated version on CPU
sklearn.metrics.roc_auc_score: running accelerated version on CPU
Trial 215 finished with value: 0.7506637622045379 and parameters: {'C': 0.2366211957495179}. Best is trial 134 with value: 0.7506635788316693.
sklearn.linear_model.LogisticRegression.fit: running accelerated version on CPU
sklearn.linear_model.LogisticRegression.predict: running accelerated version on CPU
sklearn.metrics.roc_auc_score: running accelerated version on CPU
Trial 216 finished with value: 0.750663722195912 and parameters: {'C': 0.26631927466238986}. Best is trial 134 with value: 0.7506635788316693.
sklearn.linear_model.LogisticRegression.fit: running accelerated version on CPU
sklearn.linear_model.LogisticRegression.predict: running accelerated version on CPU
sklearn.metrics.roc_auc_score: running accelerated version on CPU
Trial 217 finished with value: 0.7506638447223287 and parameters: {'C': 0.19022444831432833}. Best is trial 134 with value: 0.7506635788316693.
sklearn.linear_model.LogisticRegression.fit: running accelerated version on CPU
sklearn.linear_model.LogisticRegression.predict: running accelerated version on CPU
sklearn.metrics.roc_auc_score: running accelerated version on CPU
Trial 218 finished with value: 0.7506635841105852 and parameters: {'C': 0.22961451569496966}. Best is trial 134 with value: 0.7506635788316693.
sklearn.linear_model.LogisticRegression.fit: running accelerated version on CPU
sklearn.linear_model.LogisticRegression.predict: running accelerated version on CPU
sklearn.metrics.roc_auc_score: running accelerated version on CPU
Trial 219 finished with value: 0.7506638377763868 and parameters: {'C': 0.21111215166271174}. Best is trial 134 with value: 0.7506635788316693.
sklearn.linear_model.LogisticRegression.fit: running accelerated version on CPU
sklearn.linear_model.LogisticRegression.predict: running accelerated version on CPU
sklearn.metrics.roc_auc_score: running accelerated version on CPU
Trial 220 finished with value: 0.7506635966132809 and parameters: {'C': 0.23068896442021075}. Best is trial 134 with value: 0.7506635788316693.
sklearn.linear_model.LogisticRegression.fit: running accelerated version on CPU
sklearn.linear_model.LogisticRegression.predict: running accelerated version on CPU
sklearn.metrics.roc_auc_score: running accelerated version on CPU
Trial 221 finished with value: 0.7506636091159764 and parameters: {'C': 0.2315019335176394}. Best is trial 134 with value: 0.7506635788316693.
sklearn.linear_model.LogisticRegression.fit: running accelerated version on CPU
sklearn.linear_model.LogisticRegression.predict: running accelerated version on CPU
sklearn.metrics.roc_auc_score: running accelerated version on CPU
Trial 222 finished with value: 0.7506636038370605 and parameters: {'C': 0.23074764790112398}. Best is trial 134 with value: 0.7506635788316693.
sklearn.linear_model.LogisticRegression.fit: running accelerated version on CPU
sklearn.linear_model.LogisticRegression.predict: running accelerated version on CPU
sklearn.metrics.roc_auc_score: running accelerated version on CPU
Trial 223 finished with value: 0.7506638055472159 and parameters: {'C': 0.22350122403745656}. Best is trial 134 with value: 0.7506635788316693.
sklearn.linear_model.LogisticRegression.fit: running accelerated version on CPU
sklearn.linear_model.LogisticRegression.predict: running accelerated version on CPU
sklearn.metrics.roc_auc_score: running accelerated version on CPU
Trial 224 finished with value: 0.7506638438888157 and parameters: {'C': 0.18431064737415742}. Best is trial 134 with value: 0.7506635788316693.
sklearn.linear_model.LogisticRegression.fit: running accelerated version on CPU
sklearn.linear_model.LogisticRegression.predict: running accelerated version on CPU
sklearn.metrics.roc_auc_score: running accelerated version on CPU
Trial 225 finished with value: 0.7506637488683293 and parameters: {'C': 0.25117484899180187}. Best is trial 134 with value: 0.7506635788316693.
sklearn.linear_model.LogisticRegression.fit: running accelerated version on CPU
sklearn.linear_model.LogisticRegression.predict: running accelerated version on CPU
sklearn.metrics.roc_auc_score: running accelerated version on CPU
Trial 226 finished with value: 0.7506638313861201 and parameters: {'C': 0.2093137620796349}. Best is trial 134 with value: 0.7506635788316693.
sklearn.linear_model.LogisticRegression.fit: running accelerated version on CPU
sklearn.linear_model.LogisticRegression.predict: running accelerated version on CPU
sklearn.metrics.roc_auc_score: running accelerated version on CPU
Trial 227 finished with value: 0.7506636243970488 and parameters: {'C': 0.23366748997116574}. Best is trial 134 with value: 0.7506635788316693.
sklearn.linear_model.LogisticRegression.fit: running accelerated version on CPU
sklearn.linear_model.LogisticRegression.predict: running accelerated version on CPU
sklearn.metrics.roc_auc_score: running accelerated version on CPU
Trial 228 finished with value: 0.7506637335872569 and parameters: {'C': 0.2597388165448045}. Best is trial 134 with value: 0.7506635788316693.
sklearn.linear_model.LogisticRegression.fit: running accelerated version on CPU
sklearn.linear_model.LogisticRegression.predict: running accelerated version on CPU
sklearn.metrics.roc_auc_score: running accelerated version on CPU
Trial 229 finished with value: 0.7506638355536853 and parameters: {'C': 0.20382346664162965}. Best is trial 134 with value: 0.7506635788316693.
sklearn.linear_model.LogisticRegression.fit: running accelerated version on CPU
sklearn.linear_model.LogisticRegression.predict: running accelerated version on CPU
sklearn.metrics.roc_auc_score: running accelerated version on CPU
Trial 230 finished with value: 0.7506636235635358 and parameters: {'C': 0.23321758945690635}. Best is trial 134 with value: 0.7506635788316693.
sklearn.linear_model.LogisticRegression.fit: running accelerated version on CPU
sklearn.linear_model.LogisticRegression.predict: running accelerated version on CPU
sklearn.metrics.roc_auc_score: running accelerated version on CPU
Trial 231 finished with value: 0.7506636055040866 and parameters: {'C': 0.23300400055019757}. Best is trial 134 with value: 0.7506635788316693.
sklearn.linear_model.LogisticRegression.fit: running accelerated version on CPU
sklearn.linear_model.LogisticRegression.predict: running accelerated version on CPU
sklearn.metrics.roc_auc_score: running accelerated version on CPU
Trial 232 finished with value: 0.7506638266628796 and parameters: {'C': 0.22101179036379734}. Best is trial 134 with value: 0.7506635788316693.
sklearn.linear_model.LogisticRegression.fit: running accelerated version on CPU
sklearn.linear_model.LogisticRegression.predict: running accelerated version on CPU
sklearn.metrics.roc_auc_score: running accelerated version on CPU
