Trial 235 finished with value: 0.7506636655170253 and parameters: {'C': 0.6468083272377085}. Best is trial 222 with value: 0.7506636555148689.
sklearn.linear_model.LogisticRegression.fit: running accelerated version on CPU
sklearn.linear_model.LogisticRegression.predict: running accelerated version on CPU
sklearn.metrics.roc_auc_score: running accelerated version on CPU
Trial 236 finished with value: 0.7506636807980978 and parameters: {'C': 0.6765677246549658}. Best is trial 222 with value: 0.7506636555148689.
sklearn.linear_model.LogisticRegression.fit: running accelerated version on CPU
sklearn.linear_model.LogisticRegression.predict: running accelerated version on CPU
sklearn.metrics.roc_auc_score: running accelerated version on CPU
Trial 237 finished with value: 0.7506636630164862 and parameters: {'C': 0.6326248414657164}. Best is trial 222 with value: 0.7506636555148689.
sklearn.linear_model.LogisticRegression.fit: running accelerated version on CPU
sklearn.linear_model.LogisticRegression.predict: running accelerated version on CPU
sklearn.metrics.roc_auc_score: running accelerated version on CPU
Trial 238 finished with value: 0.7506636627386486 and parameters: {'C': 0.616709033048482}. Best is trial 222 with value: 0.7506636555148689.
sklearn.linear_model.LogisticRegression.fit: running accelerated version on CPU
sklearn.linear_model.LogisticRegression.predict: running accelerated version on CPU
sklearn.metrics.roc_auc_score: running accelerated version on CPU
Trial 239 finished with value: 0.7506636577375704 and parameters: {'C': 0.639063574653266}. Best is trial 222 with value: 0.7506636555148689.
sklearn.linear_model.LogisticRegression.fit: running accelerated version on CPU
sklearn.linear_model.LogisticRegression.predict: running accelerated version on CPU
sklearn.metrics.roc_auc_score: running accelerated version on CPU
Trial 240 finished with value: 0.7506636730186427 and parameters: {'C': 0.6619125936013248}. Best is trial 222 with value: 0.7506636555148689.
sklearn.linear_model.LogisticRegression.fit: running accelerated version on CPU
sklearn.linear_model.LogisticRegression.predict: running accelerated version on CPU
sklearn.metrics.roc_auc_score: running accelerated version on CPU
Trial 241 finished with value: 0.7506636688510775 and parameters: {'C': 0.6294068894709507}. Best is trial 222 with value: 0.7506636555148689.
sklearn.linear_model.LogisticRegression.fit: running accelerated version on CPU
sklearn.linear_model.LogisticRegression.predict: running accelerated version on CPU
sklearn.metrics.roc_auc_score: running accelerated version on CPU
Trial 242 finished with value: 0.7506636569040573 and parameters: {'C': 0.6420899092437874}. Best is trial 222 with value: 0.7506636555148689.
sklearn.linear_model.LogisticRegression.fit: running accelerated version on CPU
sklearn.linear_model.LogisticRegression.predict: running accelerated version on CPU
sklearn.metrics.roc_auc_score: running accelerated version on CPU
Trial 243 finished with value: 0.7506636699624283 and parameters: {'C': 0.6537157922130986}. Best is trial 222 with value: 0.7506636555148689.
sklearn.linear_model.LogisticRegression.fit: running accelerated version on CPU
sklearn.linear_model.LogisticRegression.predict: running accelerated version on CPU
sklearn.metrics.roc_auc_score: running accelerated version on CPU
Trial 244 finished with value: 0.7506636796867471 and parameters: {'C': 0.6917203859068581}. Best is trial 222 with value: 0.7506636555148689.
sklearn.linear_model.LogisticRegression.fit: running accelerated version on CPU
sklearn.linear_model.LogisticRegression.predict: running accelerated version on CPU
sklearn.metrics.roc_auc_score: running accelerated version on CPU
Trial 245 finished with value: 0.7506636660727007 and parameters: {'C': 0.6142255544780275}. Best is trial 222 with value: 0.7506636555148689.
sklearn.linear_model.LogisticRegression.fit: running accelerated version on CPU
sklearn.linear_model.LogisticRegression.predict: running accelerated version on CPU
sklearn.metrics.roc_auc_score: running accelerated version on CPU
Trial 246 finished with value: 0.7506636738521558 and parameters: {'C': 0.6721141854138533}. Best is trial 222 with value: 0.7506636555148689.
sklearn.linear_model.LogisticRegression.fit: running accelerated version on CPU
sklearn.linear_model.LogisticRegression.predict: running accelerated version on CPU
sklearn.metrics.roc_auc_score: running accelerated version on CPU
Trial 247 finished with value: 0.750663663294324 and parameters: {'C': 0.6447944821497942}. Best is trial 222 with value: 0.7506636555148689.
sklearn.linear_model.LogisticRegression.fit: running accelerated version on CPU
sklearn.linear_model.LogisticRegression.predict: running accelerated version on CPU
sklearn.metrics.roc_auc_score: running accelerated version on CPU
Trial 248 finished with value: 0.7506636791310717 and parameters: {'C': 0.43407459602623566}. Best is trial 222 with value: 0.7506636555148689.
sklearn.linear_model.LogisticRegression.fit: running accelerated version on CPU
sklearn.linear_model.LogisticRegression.predict: running accelerated version on CPU
sklearn.metrics.roc_auc_score: running accelerated version on CPU
Trial 249 finished with value: 0.7506636644056747 and parameters: {'C': 0.620699892201824}. Best is trial 222 with value: 0.7506636555148689.
sklearn.linear_model.LogisticRegression.fit: running accelerated version on CPU
sklearn.linear_model.LogisticRegression.predict: running accelerated version on CPU
sklearn.metrics.roc_auc_score: running accelerated version on CPU
Trial 250 finished with value: 0.7506636602381095 and parameters: {'C': 0.5993899640851513}. Best is trial 222 with value: 0.7506636555148689.
sklearn.linear_model.LogisticRegression.fit: running accelerated version on CPU
sklearn.linear_model.LogisticRegression.predict: running accelerated version on CPU
sklearn.metrics.roc_auc_score: running accelerated version on CPU
Trial 251 finished with value: 0.7506636596824341 and parameters: {'C': 0.6431284287301083}. Best is trial 222 with value: 0.7506636555148689.
sklearn.linear_model.LogisticRegression.fit: running accelerated version on CPU
sklearn.linear_model.LogisticRegression.predict: running accelerated version on CPU
sklearn.metrics.roc_auc_score: running accelerated version on CPU
Trial 252 finished with value: 0.7506636655170253 and parameters: {'C': 0.6463206261725205}. Best is trial 222 with value: 0.7506636555148689.
sklearn.linear_model.LogisticRegression.fit: running accelerated version on CPU
sklearn.linear_model.LogisticRegression.predict: running accelerated version on CPU
sklearn.metrics.roc_auc_score: running accelerated version on CPU
Trial 253 finished with value: 0.7506636744078311 and parameters: {'C': 0.6682107755944886}. Best is trial 222 with value: 0.7506636555148689.
sklearn.linear_model.LogisticRegression.fit: running accelerated version on CPU
sklearn.linear_model.LogisticRegression.predict: running accelerated version on CPU
sklearn.metrics.roc_auc_score: running accelerated version on CPU
Trial 254 finished with value: 0.7506636821872862 and parameters: {'C': 0.6870990279053397}. Best is trial 222 with value: 0.7506636555148689.
sklearn.linear_model.LogisticRegression.fit: running accelerated version on CPU
sklearn.linear_model.LogisticRegression.predict: running accelerated version on CPU
sklearn.metrics.roc_auc_score: running accelerated version on CPU
Trial 255 finished with value: 0.7506636560705443 and parameters: {'C': 0.6405235282013833}. Best is trial 222 with value: 0.7506636555148689.
sklearn.linear_model.LogisticRegression.fit: running accelerated version on CPU
sklearn.linear_model.LogisticRegression.predict: running accelerated version on CPU
sklearn.metrics.roc_auc_score: running accelerated version on CPU
Trial 256 finished with value: 0.7506636877440398 and parameters: {'C': 0.7093283929712314}. Best is trial 222 with value: 0.7506636555148689.
sklearn.linear_model.LogisticRegression.fit: running accelerated version on CPU
sklearn.linear_model.LogisticRegression.predict: running accelerated version on CPU
sklearn.metrics.roc_auc_score: running accelerated version on CPU
Trial 257 finished with value: 0.7506636649613501 and parameters: {'C': 0.6470180302756433}. Best is trial 222 with value: 0.7506636555148689.
sklearn.linear_model.LogisticRegression.fit: running accelerated version on CPU
sklearn.linear_model.LogisticRegression.predict: running accelerated version on CPU
sklearn.metrics.roc_auc_score: running accelerated version on CPU
Trial 258 finished with value: 0.7506636666283761 and parameters: {'C': 0.6287761082200439}. Best is trial 222 with value: 0.7506636555148689.
sklearn.linear_model.LogisticRegression.fit: running accelerated version on CPU
sklearn.linear_model.LogisticRegression.predict: running accelerated version on CPU
sklearn.metrics.roc_auc_score: running accelerated version on CPU
Trial 259 finished with value: 0.7506636741299935 and parameters: {'C': 0.6627111112273141}. Best is trial 222 with value: 0.7506636555148689.
sklearn.linear_model.LogisticRegression.fit: running accelerated version on CPU
sklearn.linear_model.LogisticRegression.predict: running accelerated version on CPU
sklearn.metrics.roc_auc_score: running accelerated version on CPU
Trial 260 finished with value: 0.7506636577375704 and parameters: {'C': 0.6399465630300567}. Best is trial 222 with value: 0.7506636555148689.
sklearn.linear_model.LogisticRegression.fit: running accelerated version on CPU
sklearn.linear_model.LogisticRegression.predict: running accelerated version on CPU
sklearn.metrics.roc_auc_score: running accelerated version on CPU
Trial 261 finished with value: 0.7506636791310717 and parameters: {'C': 0.9340944025162485}. Best is trial 222 with value: 0.7506636555148689.
sklearn.linear_model.LogisticRegression.fit: running accelerated version on CPU
sklearn.linear_model.LogisticRegression.predict: running accelerated version on CPU
sklearn.metrics.roc_auc_score: running accelerated version on CPU
Trial 262 finished with value: 0.7506636669062138 and parameters: {'C': 0.6475222166749223}. Best is trial 222 with value: 0.7506636555148689.
sklearn.linear_model.LogisticRegression.fit: running accelerated version on CPU
sklearn.linear_model.LogisticRegression.predict: running accelerated version on CPU
sklearn.metrics.roc_auc_score: running accelerated version on CPU
Trial 263 finished with value: 0.7506636671840514 and parameters: {'C': 0.6301604916633239}. Best is trial 222 with value: 0.7506636555148689.
sklearn.linear_model.LogisticRegression.fit: running accelerated version on CPU
sklearn.linear_model.LogisticRegression.predict: running accelerated version on CPU
sklearn.metrics.roc_auc_score: running accelerated version on CPU
Trial 264 finished with value: 0.7506636794089093 and parameters: {'C': 0.6785809614759591}. Best is trial 222 with value: 0.7506636555148689.
sklearn.linear_model.LogisticRegression.fit: running accelerated version on CPU
sklearn.linear_model.LogisticRegression.predict: running accelerated version on CPU
sklearn.metrics.roc_auc_score: running accelerated version on CPU
Trial 265 finished with value: 0.7506636627386486 and parameters: {'C': 0.615190632373025}. Best is trial 222 with value: 0.7506636555148689.
sklearn.linear_model.LogisticRegression.fit: running accelerated version on CPU
sklearn.linear_model.LogisticRegression.predict: running accelerated version on CPU
sklearn.metrics.roc_auc_score: running accelerated version on CPU
Trial 266 finished with value: 0.7506636699624283 and parameters: {'C': 0.6602496444298934}. Best is trial 222 with value: 0.7506636555148689.
sklearn.linear_model.LogisticRegression.fit: running accelerated version on CPU
sklearn.linear_model.LogisticRegression.predict: running accelerated version on CPU
sklearn.metrics.roc_auc_score: running accelerated version on CPU
Trial 267 finished with value: 0.7506636621829732 and parameters: {'C': 0.6367381285359035}. Best is trial 222 with value: 0.7506636555148689.
sklearn.linear_model.LogisticRegression.fit: running accelerated version on CPU
sklearn.linear_model.LogisticRegression.predict: running accelerated version on CPU
sklearn.metrics.roc_auc_score: running accelerated version on CPU
Trial 268 finished with value: 0.7506636813537731 and parameters: {'C': 0.6897801554670872}. Best is trial 222 with value: 0.7506636555148689.
sklearn.linear_model.LogisticRegression.fit: running accelerated version on CPU
sklearn.linear_model.LogisticRegression.predict: running accelerated version on CPU
sklearn.metrics.roc_auc_score: running accelerated version on CPU
Trial 269 finished with value: 0.7506636638499993 and parameters: {'C': 0.6200432839558406}. Best is trial 222 with value: 0.7506636555148689.
sklearn.linear_model.LogisticRegression.fit: running accelerated version on CPU
sklearn.linear_model.LogisticRegression.predict: running accelerated version on CPU
sklearn.metrics.roc_auc_score: running accelerated version on CPU
Trial 270 finished with value: 0.7506636574597326 and parameters: {'C': 0.6415569273541365}. Best is trial 222 with value: 0.7506636555148689.
sklearn.linear_model.LogisticRegression.fit: running accelerated version on CPU
sklearn.linear_model.LogisticRegression.predict: running accelerated version on CPU
sklearn.metrics.roc_auc_score: running accelerated version on CPU
Trial 271 finished with value: 0.7506636810759354 and parameters: {'C': 0.8177596841597583}. Best is trial 222 with value: 0.7506636555148689.
sklearn.linear_model.LogisticRegression.fit: running accelerated version on CPU
sklearn.linear_model.LogisticRegression.predict: running accelerated version on CPU
sklearn.metrics.roc_auc_score: running accelerated version on CPU
Trial 272 finished with value: 0.7506636830207992 and parameters: {'C': 0.8427884391966507}. Best is trial 222 with value: 0.7506636555148689.
sklearn.linear_model.LogisticRegression.fit: running accelerated version on CPU
sklearn.linear_model.LogisticRegression.predict: running accelerated version on CPU
sklearn.metrics.roc_auc_score: running accelerated version on CPU
Trial 273 finished with value: 0.7506636702402659 and parameters: {'C': 0.6544296755390178}. Best is trial 222 with value: 0.7506636555148689.
sklearn.linear_model.LogisticRegression.fit: running accelerated version on CPU
sklearn.linear_model.LogisticRegression.predict: running accelerated version on CPU
sklearn.metrics.roc_auc_score: running accelerated version on CPU
Trial 274 finished with value: 0.7506636960791702 and parameters: {'C': 0.7332997081709036}. Best is trial 222 with value: 0.7506636555148689.
sklearn.linear_model.LogisticRegression.fit: running accelerated version on CPU
sklearn.linear_model.LogisticRegression.predict: running accelerated version on CPU
sklearn.metrics.roc_auc_score: running accelerated version on CPU
Trial 275 finished with value: 0.7506636638499993 and parameters: {'C': 0.58854119729016}. Best is trial 222 with value: 0.7506636555148689.
sklearn.linear_model.LogisticRegression.fit: running accelerated version on CPU
sklearn.linear_model.LogisticRegression.predict: running accelerated version on CPU
sklearn.metrics.roc_auc_score: running accelerated version on CPU
Trial 276 finished with value: 0.7506636735743181 and parameters: {'C': 0.6719836706931361}. Best is trial 222 with value: 0.7506636555148689.
sklearn.linear_model.LogisticRegression.fit: running accelerated version on CPU
sklearn.linear_model.LogisticRegression.predict: running accelerated version on CPU
sklearn.metrics.roc_auc_score: running accelerated version on CPU
Trial 277 finished with value: 0.7506636635721616 and parameters: {'C': 0.6197403150642076}. Best is trial 222 with value: 0.7506636555148689.
sklearn.linear_model.LogisticRegression.fit: running accelerated version on CPU
sklearn.linear_model.LogisticRegression.predict: running accelerated version on CPU
sklearn.metrics.roc_auc_score: running accelerated version on CPU
Trial 278 finished with value: 0.7506636619051356 and parameters: {'C': 0.6343451163926602}. Best is trial 222 with value: 0.7506636555148689.
sklearn.linear_model.LogisticRegression.fit: running accelerated version on CPU
sklearn.linear_model.LogisticRegression.predict: running accelerated version on CPU
sklearn.metrics.roc_auc_score: running accelerated version on CPU
Trial 279 finished with value: 0.7506636738521558 and parameters: {'C': 0.6629661972633377}. Best is trial 222 with value: 0.7506636555148689.
sklearn.linear_model.LogisticRegression.fit: running accelerated version on CPU
sklearn.linear_model.LogisticRegression.predict: running accelerated version on CPU
sklearn.metrics.roc_auc_score: running accelerated version on CPU
Trial 280 finished with value: 0.7506636621829732 and parameters: {'C': 0.6093346212605113}. Best is trial 222 with value: 0.7506636555148689.
sklearn.linear_model.LogisticRegression.fit: running accelerated version on CPU
sklearn.linear_model.LogisticRegression.predict: running accelerated version on CPU
sklearn.metrics.roc_auc_score: running accelerated version on CPU
Trial 281 finished with value: 0.7506636888553905 and parameters: {'C': 0.7034579757405959}. Best is trial 222 with value: 0.7506636555148689.
sklearn.linear_model.LogisticRegression.fit: running accelerated version on CPU
sklearn.linear_model.LogisticRegression.predict: running accelerated version on CPU
sklearn.metrics.roc_auc_score: running accelerated version on CPU
Trial 282 finished with value: 0.7506636610716225 and parameters: {'C': 0.6337385949658794}. Best is trial 222 with value: 0.7506636555148689.
sklearn.linear_model.LogisticRegression.fit: running accelerated version on CPU
sklearn.linear_model.LogisticRegression.predict: running accelerated version on CPU
sklearn.metrics.roc_auc_score: running accelerated version on CPU
Trial 283 finished with value: 0.7506636694067529 and parameters: {'C': 0.6564600107373264}. Best is trial 222 with value: 0.7506636555148689.
sklearn.linear_model.LogisticRegression.fit: running accelerated version on CPU
sklearn.linear_model.LogisticRegression.predict: running accelerated version on CPU
sklearn.metrics.roc_auc_score: running accelerated version on CPU
Trial 284 finished with value: 0.7506636832986369 and parameters: {'C': 0.6797080805576617}. Best is trial 222 with value: 0.7506636555148689.
sklearn.linear_model.LogisticRegression.fit: running accelerated version on CPU
sklearn.linear_model.LogisticRegression.predict: running accelerated version on CPU
sklearn.metrics.roc_auc_score: running accelerated version on CPU
Trial 285 finished with value: 0.7506636705181036 and parameters: {'C': 0.5927090597954546}. Best is trial 222 with value: 0.7506636555148689.
sklearn.linear_model.LogisticRegression.fit: running accelerated version on CPU
sklearn.linear_model.LogisticRegression.predict: running accelerated version on CPU
sklearn.metrics.roc_auc_score: running accelerated version on CPU
Trial 286 finished with value: 0.7506636627386486 and parameters: {'C': 0.6353092040113426}. Best is trial 222 with value: 0.7506636555148689.
sklearn.linear_model.LogisticRegression.fit: running accelerated version on CPU
sklearn.linear_model.LogisticRegression.predict: running accelerated version on CPU
sklearn.metrics.roc_auc_score: running accelerated version on CPU
Trial 287 finished with value: 0.750663693578631 and parameters: {'C': 0.7800522314589637}. Best is trial 222 with value: 0.7506636555148689.
sklearn.linear_model.LogisticRegression.fit: running accelerated version on CPU
sklearn.linear_model.LogisticRegression.predict: running accelerated version on CPU
sklearn.metrics.roc_auc_score: running accelerated version on CPU
Trial 288 finished with value: 0.7506636635721616 and parameters: {'C': 0.6147093986155986}. Best is trial 222 with value: 0.7506636555148689.
sklearn.linear_model.LogisticRegression.fit: running accelerated version on CPU
sklearn.linear_model.LogisticRegression.predict: running accelerated version on CPU
sklearn.metrics.roc_auc_score: running accelerated version on CPU
Trial 289 finished with value: 0.7506636671840514 and parameters: {'C': 0.6488089652383693}. Best is trial 222 with value: 0.7506636555148689.
sklearn.linear_model.LogisticRegression.fit: running accelerated version on CPU
sklearn.linear_model.LogisticRegression.predict: running accelerated version on CPU
sklearn.metrics.roc_auc_score: running accelerated version on CPU
Trial 290 finished with value: 0.750663671073779 and parameters: {'C': 0.6592724172946602}. Best is trial 222 with value: 0.7506636555148689.
sklearn.linear_model.LogisticRegression.fit: running accelerated version on CPU
sklearn.linear_model.LogisticRegression.predict: running accelerated version on CPU
sklearn.metrics.roc_auc_score: running accelerated version on CPU
Trial 291 finished with value: 0.7506636794089093 and parameters: {'C': 0.6781274421293364}. Best is trial 222 with value: 0.7506636555148689.
sklearn.linear_model.LogisticRegression.fit: running accelerated version on CPU
sklearn.linear_model.LogisticRegression.predict: running accelerated version on CPU
sklearn.metrics.roc_auc_score: running accelerated version on CPU
Trial 292 finished with value: 0.7506636846878253 and parameters: {'C': 0.41472503740512334}. Best is trial 222 with value: 0.7506636555148689.
sklearn.linear_model.LogisticRegression.fit: running accelerated version on CPU
sklearn.linear_model.LogisticRegression.predict: running accelerated version on CPU
sklearn.metrics.roc_auc_score: running accelerated version on CPU
Trial 293 finished with value: 0.7506636655170253 and parameters: {'C': 0.6158325428248569}. Best is trial 222 with value: 0.7506636555148689.
sklearn.linear_model.LogisticRegression.fit: running accelerated version on CPU
sklearn.linear_model.LogisticRegression.predict: running accelerated version on CPU
sklearn.metrics.roc_auc_score: running accelerated version on CPU
