A new study created in RDB with name: nov_2021_test_300_5
Start optimization.
start listen on 10.110.42.38:9091
@tracker All of 4 nodes getting started
@tracker All nodes finishes job
@tracker 77.61362791061401 secs between node start and job finish
Trial 0 finished with value: 0.70859740393601 and parameters: {'objective': 'binary:logistic', 'tree_method': 'gpu_hist', 'lambda': 2.2235222192745745, 'alpha': 1.563800671770324, 'colsample_bytree': 0.7315225016017404, 'subsample': 0.9048866502096252, 'learning_rate': 0.0015113003863354688, 'max_depth': 11, 'min_child_weight': 228, 'eval_metric': 'logloss'}. Best is trial 0 with value: 0.70859740393601.
start listen on 10.110.42.38:9091
@tracker All of 4 nodes getting started
@tracker All nodes finishes job
@tracker 17.5794677734375 secs between node start and job finish
Trial 1 finished with value: 0.7258276541994197 and parameters: {'objective': 'binary:logistic', 'tree_method': 'gpu_hist', 'lambda': 0.15811281721706444, 'alpha': 0.04666696620505968, 'colsample_bytree': 0.7990421082817987, 'subsample': 0.645537350149219, 'learning_rate': 0.004631220464139956, 'max_depth': 7, 'min_child_weight': 265, 'eval_metric': 'logloss'}. Best is trial 1 with value: 0.7258276541994197.
start listen on 10.110.42.38:9091
@tracker All of 4 nodes getting started
@tracker All nodes finishes job
@tracker 40.416179180145264 secs between node start and job finish
Trial 2 finished with value: 0.7466643120052974 and parameters: {'objective': 'binary:logistic', 'tree_method': 'gpu_hist', 'lambda': 0.00823556038908864, 'alpha': 6.436868205839392, 'colsample_bytree': 0.4334134805577559, 'subsample': 0.738561438200479, 'learning_rate': 0.02145195755177149, 'max_depth': 9, 'min_child_weight': 20, 'eval_metric': 'logloss'}. Best is trial 2 with value: 0.7466643120052974.
start listen on 10.110.42.38:9091
@tracker All of 4 nodes getting started
@tracker All nodes finishes job
@tracker 23.174115657806396 secs between node start and job finish
Trial 3 finished with value: 0.7471611028635444 and parameters: {'objective': 'binary:logistic', 'tree_method': 'gpu_hist', 'lambda': 2.856307838136192, 'alpha': 0.011372904849994257, 'colsample_bytree': 0.6738936881947122, 'subsample': 0.42226752263759004, 'learning_rate': 0.02572859869244101, 'max_depth': 11, 'min_child_weight': 233, 'eval_metric': 'logloss'}. Best is trial 3 with value: 0.7471611028635444.
start listen on 10.110.42.38:9091
@tracker All of 4 nodes getting started
@tracker All nodes finishes job
@tracker 5.156116247177124 secs between node start and job finish
Trial 4 finished with value: 0.7396329782700131 and parameters: {'objective': 'binary:logistic', 'tree_method': 'gpu_hist', 'lambda': 0.5195959439282093, 'alpha': 0.00135119854275523, 'colsample_bytree': 0.32650424528004635, 'subsample': 0.5367982857836434, 'learning_rate': 0.02596593937519265, 'max_depth': 3, 'min_child_weight': 141, 'eval_metric': 'logloss'}. Best is trial 3 with value: 0.7471611028635444.
start listen on 10.110.42.38:9091
@tracker All of 4 nodes getting started
@tracker All nodes finishes job
@tracker 107.45329356193542 secs between node start and job finish
Trial 5 finished with value: 0.7264142578935614 and parameters: {'objective': 'binary:logistic', 'tree_method': 'gpu_hist', 'lambda': 3.1005508469989285, 'alpha': 0.014337625409017816, 'colsample_bytree': 0.41098691839136087, 'subsample': 0.4381910249317853, 'learning_rate': 0.0012140440904533521, 'max_depth': 17, 'min_child_weight': 87, 'eval_metric': 'logloss'}. Best is trial 3 with value: 0.7471611028635444.
start listen on 10.110.42.38:9091
@tracker All of 4 nodes getting started
@tracker All nodes finishes job
@tracker 14.134956121444702 secs between node start and job finish
Trial 6 finished with value: 0.745182216492871 and parameters: {'objective': 'binary:logistic', 'tree_method': 'gpu_hist', 'lambda': 5.5391241730820635, 'alpha': 0.028146358070299887, 'colsample_bytree': 0.630589981678447, 'subsample': 0.7252067523232597, 'learning_rate': 0.06248201492880671, 'max_depth': 7, 'min_child_weight': 82, 'eval_metric': 'logloss'}. Best is trial 3 with value: 0.7471611028635444.
start listen on 10.110.42.38:9091
@tracker All of 4 nodes getting started
@tracker All nodes finishes job
@tracker 189.0633466243744 secs between node start and job finish
Trial 7 finished with value: 0.7313305961907972 and parameters: {'objective': 'binary:logistic', 'tree_method': 'gpu_hist', 'lambda': 0.30541281479182325, 'alpha': 0.6489691119143967, 'colsample_bytree': 0.8059936464765887, 'subsample': 0.6623476147631109, 'learning_rate': 0.0029927281803473972, 'max_depth': 20, 'min_child_weight': 78, 'eval_metric': 'logloss'}. Best is trial 3 with value: 0.7471611028635444.
start listen on 10.110.42.38:9091
@tracker All of 4 nodes getting started
@tracker All nodes finishes job
@tracker 22.9178683757782 secs between node start and job finish
Trial 8 finished with value: 0.7471595441941614 and parameters: {'objective': 'binary:logistic', 'tree_method': 'gpu_hist', 'lambda': 0.03558014974206033, 'alpha': 1.5745539595864073, 'colsample_bytree': 0.5498799456002211, 'subsample': 0.604270735190777, 'learning_rate': 0.027015879376631656, 'max_depth': 9, 'min_child_weight': 128, 'eval_metric': 'logloss'}. Best is trial 3 with value: 0.7471611028635444.
start listen on 10.110.42.38:9091
@tracker All of 4 nodes getting started
@tracker All nodes finishes job
@tracker 48.21910119056702 secs between node start and job finish
Trial 9 finished with value: 0.7244778190079108 and parameters: {'objective': 'binary:logistic', 'tree_method': 'gpu_hist', 'lambda': 0.7499894440865331, 'alpha': 0.0382792440784497, 'colsample_bytree': 0.9725557061030494, 'subsample': 0.6000607418754265, 'learning_rate': 0.003200657067467704, 'max_depth': 15, 'min_child_weight': 288, 'eval_metric': 'logloss'}. Best is trial 3 with value: 0.7471611028635444.
start listen on 10.110.42.38:9091
@tracker All of 4 nodes getting started
@tracker All nodes finishes job
@tracker 24.067620277404785 secs between node start and job finish
Trial 10 finished with value: 0.7247939668917046 and parameters: {'objective': 'binary:logistic', 'tree_method': 'gpu_hist', 'lambda': 0.0012384814407750855, 'alpha': 0.0012954140424638804, 'colsample_bytree': 0.983180194394893, 'subsample': 0.4194915889224307, 'learning_rate': 0.0998182265867987, 'max_depth': 11, 'min_child_weight': 209, 'eval_metric': 'logloss'}. Best is trial 3 with value: 0.7471611028635444.
start listen on 10.110.42.38:9091
@tracker All of 4 nodes getting started
@tracker All nodes finishes job
@tracker 23.593647241592407 secs between node start and job finish
Trial 11 finished with value: 0.7464386390445887 and parameters: {'objective': 'binary:logistic', 'tree_method': 'gpu_hist', 'lambda': 0.028727231741904363, 'alpha': 0.2728209993459204, 'colsample_bytree': 0.5821322369290669, 'subsample': 0.5389044528410829, 'learning_rate': 0.01585043838980381, 'max_depth': 9, 'min_child_weight': 171, 'eval_metric': 'logloss'}. Best is trial 3 with value: 0.7471611028635444.
start listen on 10.110.42.38:9091
@tracker All of 4 nodes getting started
@tracker All nodes finishes job
@tracker 45.77304124832153 secs between node start and job finish
Trial 12 finished with value: 0.7457384204383739 and parameters: {'objective': 'binary:logistic', 'tree_method': 'gpu_hist', 'lambda': 0.04292813083685104, 'alpha': 0.006548409700382848, 'colsample_bytree': 0.5335638924761155, 'subsample': 0.8515167262477356, 'learning_rate': 0.03699719666131202, 'max_depth': 13, 'min_child_weight': 147, 'eval_metric': 'logloss'}. Best is trial 3 with value: 0.7471611028635444.
start listen on 10.110.42.38:9091
@tracker All of 4 nodes getting started
@tracker All nodes finishes job
@tracker 8.286367893218994 secs between node start and job finish
Trial 13 finished with value: 0.7316533171584164 and parameters: {'objective': 'binary:logistic', 'tree_method': 'gpu_hist', 'lambda': 0.006903007621280424, 'alpha': 7.466862026140913, 'colsample_bytree': 0.6938505546747198, 'subsample': 0.5230679883407338, 'learning_rate': 0.008957479894998144, 'max_depth': 5, 'min_child_weight': 201, 'eval_metric': 'logloss'}. Best is trial 3 with value: 0.7471611028635444.
start listen on 10.110.42.38:9091
@tracker All of 4 nodes getting started
@tracker All nodes finishes job
@tracker 35.14203119277954 secs between node start and job finish
Trial 14 finished with value: 0.7423210180899227 and parameters: {'objective': 'binary:logistic', 'tree_method': 'gpu_hist', 'lambda': 0.056159690376616056, 'alpha': 0.17403688747076876, 'colsample_bytree': 0.5034014697142013, 'subsample': 0.7880337540076956, 'learning_rate': 0.00948339458780885, 'max_depth': 9, 'min_child_weight': 117, 'eval_metric': 'logloss'}. Best is trial 3 with value: 0.7471611028635444.
start listen on 10.110.42.38:9091
@tracker All of 4 nodes getting started
@tracker All nodes finishes job
@tracker 23.823479413986206 secs between node start and job finish
Trial 15 finished with value: 0.7444329802351034 and parameters: {'objective': 'binary:logistic', 'tree_method': 'gpu_hist', 'lambda': 9.273894164187762, 'alpha': 0.004559522874427249, 'colsample_bytree': 0.8592343093129209, 'subsample': 0.472509396119257, 'learning_rate': 0.043735277553554615, 'max_depth': 11, 'min_child_weight': 245, 'eval_metric': 'logloss'}. Best is trial 3 with value: 0.7471611028635444.
start listen on 10.110.42.38:9091
@tracker All of 4 nodes getting started
@tracker All nodes finishes job
@tracker 352.9538698196411 secs between node start and job finish
Trial 16 finished with value: 0.7444439337077863 and parameters: {'objective': 'binary:logistic', 'tree_method': 'gpu_hist', 'lambda': 0.009762615544224397, 'alpha': 1.2771241761014116, 'colsample_bytree': 0.6205464466685582, 'subsample': 0.9761337915175949, 'learning_rate': 0.015074013753436815, 'max_depth': 17, 'min_child_weight': 22, 'eval_metric': 'logloss'}. Best is trial 3 with value: 0.7471611028635444.
start listen on 10.110.42.38:9091
@tracker All of 4 nodes getting started
@tracker All nodes finishes job
@tracker 36.68846392631531 secs between node start and job finish
Trial 17 finished with value: 0.7333307760412398 and parameters: {'objective': 'binary:logistic', 'tree_method': 'gpu_hist', 'lambda': 0.9030707786315104, 'alpha': 0.10560251209412598, 'colsample_bytree': 0.7234093277184059, 'subsample': 0.606119710724919, 'learning_rate': 0.07806816850259927, 'max_depth': 13, 'min_child_weight': 187, 'eval_metric': 'logloss'}. Best is trial 3 with value: 0.7471611028635444.
start listen on 10.110.42.38:9091
@tracker All of 4 nodes getting started
@tracker All nodes finishes job
@tracker 25.94805073738098 secs between node start and job finish
Trial 18 finished with value: 0.7446177584066618 and parameters: {'objective': 'binary:logistic', 'tree_method': 'gpu_hist', 'lambda': 0.12411743779901299, 'alpha': 0.41964934194741565, 'colsample_bytree': 0.4772976110553337, 'subsample': 0.4126476532258668, 'learning_rate': 0.03926846899439325, 'max_depth': 15, 'min_child_weight': 298, 'eval_metric': 'logloss'}. Best is trial 3 with value: 0.7471611028635444.
start listen on 10.110.42.38:9091
@tracker All of 4 nodes getting started
@tracker All nodes finishes job
@tracker 5.255353927612305 secs between node start and job finish
Trial 19 finished with value: 0.7118490349885682 and parameters: {'objective': 'binary:logistic', 'tree_method': 'gpu_hist', 'lambda': 0.0010499370379616598, 'alpha': 2.8867330280253167, 'colsample_bytree': 0.31055878801556636, 'subsample': 0.502268042885901, 'learning_rate': 0.00635045577339599, 'max_depth': 3, 'min_child_weight': 114, 'eval_metric': 'logloss'}. Best is trial 3 with value: 0.7471611028635444.
start listen on 10.110.42.38:9091
@tracker All of 4 nodes getting started
@tracker All nodes finishes job
@tracker 62.740593671798706 secs between node start and job finish
Trial 20 finished with value: 0.747655837584043 and parameters: {'objective': 'binary:logistic', 'tree_method': 'gpu_hist', 'lambda': 0.024630418293020838, 'alpha': 0.008709774293936323, 'colsample_bytree': 0.5489236383070946, 'subsample': 0.586621245078186, 'learning_rate': 0.021884796028972652, 'max_depth': 20, 'min_child_weight': 171, 'eval_metric': 'logloss'}. Best is trial 20 with value: 0.747655837584043.
start listen on 10.110.42.38:9091
@tracker All of 4 nodes getting started
@tracker All nodes finishes job
@tracker 65.70481085777283 secs between node start and job finish
Trial 21 finished with value: 0.7468973179358852 and parameters: {'objective': 'binary:logistic', 'tree_method': 'gpu_hist', 'lambda': 0.02065566956959231, 'alpha': 0.004997655104524051, 'colsample_bytree': 0.5736413319630652, 'subsample': 0.6035067073542263, 'learning_rate': 0.025074185722038227, 'max_depth': 20, 'min_child_weight': 170, 'eval_metric': 'logloss'}. Best is trial 20 with value: 0.747655837584043.
start listen on 10.110.42.38:9091
@tracker All of 4 nodes getting started
@tracker All nodes finishes job
@tracker 52.61428642272949 secs between node start and job finish
Trial 22 finished with value: 0.7476329700148999 and parameters: {'objective': 'binary:logistic', 'tree_method': 'gpu_hist', 'lambda': 0.07822029374620974, 'alpha': 0.015417377994680355, 'colsample_bytree': 0.6692730704149717, 'subsample': 0.5828782920118826, 'learning_rate': 0.01489425335624326, 'max_depth': 20, 'min_child_weight': 239, 'eval_metric': 'logloss'}. Best is trial 20 with value: 0.747655837584043.
start listen on 10.110.42.38:9091
@tracker All of 4 nodes getting started
@tracker All nodes finishes job
@tracker 45.447147846221924 secs between node start and job finish
Trial 23 finished with value: 0.7469553334996123 and parameters: {'objective': 'binary:logistic', 'tree_method': 'gpu_hist', 'lambda': 0.003899945537269522, 'alpha': 0.01264602179014963, 'colsample_bytree': 0.6674336643354823, 'subsample': 0.4648126312529429, 'learning_rate': 0.014214227959173775, 'max_depth': 20, 'min_child_weight': 241, 'eval_metric': 'logloss'}. Best is trial 20 with value: 0.747655837584043.
start listen on 10.110.42.38:9091
@tracker All of 4 nodes getting started
@tracker All nodes finishes job
@tracker 49.36009335517883 secs between node start and job finish
Trial 24 finished with value: 0.7460117293638542 and parameters: {'objective': 'binary:logistic', 'tree_method': 'gpu_hist', 'lambda': 0.22119903662600196, 'alpha': 0.0026117479637818523, 'colsample_bytree': 0.7680364863657659, 'subsample': 0.561959987370408, 'learning_rate': 0.01139959794909363, 'max_depth': 20, 'min_child_weight': 268, 'eval_metric': 'logloss'}. Best is trial 20 with value: 0.747655837584043.
start listen on 10.110.42.38:9091
@tracker All of 4 nodes getting started
@tracker All nodes finishes job
@tracker 59.14329648017883 secs between node start and job finish
Trial 25 finished with value: 0.7475268785304353 and parameters: {'objective': 'binary:logistic', 'tree_method': 'gpu_hist', 'lambda': 0.07481356735403916, 'alpha': 0.015232816283370068, 'colsample_bytree': 0.8963657285815316, 'subsample': 0.6657312019597661, 'learning_rate': 0.019451732046502277, 'max_depth': 20, 'min_child_weight': 216, 'eval_metric': 'logloss'}. Best is trial 20 with value: 0.747655837584043.
start listen on 10.110.42.38:9091
@tracker All of 4 nodes getting started
@tracker All nodes finishes job
@tracker 72.22093892097473 secs between node start and job finish
Trial 26 finished with value: 0.7429806221062875 and parameters: {'objective': 'binary:logistic', 'tree_method': 'gpu_hist', 'lambda': 0.06880271795101209, 'alpha': 0.02402855618828185, 'colsample_bytree': 0.9012887932173463, 'subsample': 0.6726366503309182, 'learning_rate': 0.007150557403048735, 'max_depth': 20, 'min_child_weight': 207, 'eval_metric': 'logloss'}. Best is trial 20 with value: 0.747655837584043.
start listen on 10.110.42.38:9091
@tracker All of 4 nodes getting started
@tracker All nodes finishes job
@tracker 76.03339457511902 secs between node start and job finish
Trial 27 finished with value: 0.7473017798602106 and parameters: {'objective': 'binary:logistic', 'tree_method': 'gpu_hist', 'lambda': 0.017589804874989887, 'alpha': 0.049084788988139956, 'colsample_bytree': 0.8980083648007045, 'subsample': 0.7956981380313741, 'learning_rate': 0.018916707610761085, 'max_depth': 20, 'min_child_weight': 174, 'eval_metric': 'logloss'}. Best is trial 20 with value: 0.747655837584043.
start listen on 10.110.42.38:9091
@tracker All of 4 nodes getting started
@tracker All nodes finishes job
@tracker 58.61191701889038 secs between node start and job finish
Trial 28 finished with value: 0.7462812816460678 and parameters: {'objective': 'binary:logistic', 'tree_method': 'gpu_hist', 'lambda': 0.07747224554432235, 'alpha': 0.09706533654503544, 'colsample_bytree': 0.3694273575700054, 'subsample': 0.6984593615201534, 'learning_rate': 0.011435865214238915, 'max_depth': 20, 'min_child_weight': 258, 'eval_metric': 'logloss'}. Best is trial 20 with value: 0.747655837584043.
start listen on 10.110.42.38:9091
@tracker All of 4 nodes getting started
@tracker All nodes finishes job
@tracker 7.555471181869507 secs between node start and job finish
Trial 29 finished with value: 0.7470487400269745 and parameters: {'objective': 'binary:logistic', 'tree_method': 'gpu_hist', 'lambda': 0.3027721562162448, 'alpha': 0.0022945613939264644, 'colsample_bytree': 0.7467403055007392, 'subsample': 0.7693881019435722, 'learning_rate': 0.04998393154237505, 'max_depth': 5, 'min_child_weight': 206, 'eval_metric': 'logloss'}. Best is trial 20 with value: 0.747655837584043.
start listen on 10.110.42.38:9091
@tracker All of 4 nodes getting started
@tracker All nodes finishes job
@tracker 89.51679635047913 secs between node start and job finish
Trial 30 finished with value: 0.7149776085376722 and parameters: {'objective': 'binary:logistic', 'tree_method': 'gpu_hist', 'lambda': 0.002285268629050131, 'alpha': 0.00899595999558471, 'colsample_bytree': 0.8457956627073013, 'subsample': 0.8357320697037305, 'learning_rate': 0.0019908646080122228, 'max_depth': 20, 'min_child_weight': 224, 'eval_metric': 'logloss'}. Best is trial 20 with value: 0.747655837584043.
start listen on 10.110.42.38:9091
@tracker All of 4 nodes getting started
@tracker All nodes finishes job
@tracker 80.43092846870422 secs between node start and job finish
Trial 31 finished with value: 0.7469189564900525 and parameters: {'objective': 'binary:logistic', 'tree_method': 'gpu_hist', 'lambda': 0.01495809500268842, 'alpha': 0.06694410749516941, 'colsample_bytree': 0.9299057903768878, 'subsample': 0.8536680510152566, 'learning_rate': 0.019079929467555226, 'max_depth': 20, 'min_child_weight': 169, 'eval_metric': 'logloss'}. Best is trial 20 with value: 0.747655837584043.
start listen on 10.110.42.38:9091
@tracker All of 4 nodes getting started
@tracker All nodes finishes job
@tracker 65.67574548721313 secs between node start and job finish
Trial 32 finished with value: 0.7478191270948625 and parameters: {'objective': 'binary:logistic', 'tree_method': 'gpu_hist', 'lambda': 0.017928776241643102, 'alpha': 0.021728273723334846, 'colsample_bytree': 0.9120465851274494, 'subsample': 0.6491119864622877, 'learning_rate': 0.018806443854737932, 'max_depth': 20, 'min_child_weight': 182, 'eval_metric': 'logloss'}. Best is trial 32 with value: 0.7478191270948625.
start listen on 10.110.42.38:9091
@tracker All of 4 nodes getting started
@tracker All nodes finishes job
@tracker 56.83777213096619 secs between node start and job finish
Trial 33 finished with value: 0.7457097392547027 and parameters: {'objective': 'binary:logistic', 'tree_method': 'gpu_hist', 'lambda': 0.005262308372960117, 'alpha': 0.019712900904200633, 'colsample_bytree': 0.8198782583837592, 'subsample': 0.6331635628701353, 'learning_rate': 0.032985824226754994, 'max_depth': 20, 'min_child_weight': 221, 'eval_metric': 'logloss'}. Best is trial 32 with value: 0.7478191270948625.
start listen on 10.110.42.38:9091
@tracker All of 4 nodes getting started
@tracker All nodes finishes job
@tracker 17.179694175720215 secs between node start and job finish
Trial 34 finished with value: 0.7334173724892358 and parameters: {'objective': 'binary:logistic', 'tree_method': 'gpu_hist', 'lambda': 0.08846294517697224, 'alpha': 0.0029935103675520804, 'colsample_bytree': 0.9485659302519792, 'subsample': 0.6986999030827888, 'learning_rate': 0.006926292044672618, 'max_depth': 7, 'min_child_weight': 185, 'eval_metric': 'logloss'}. Best is trial 32 with value: 0.7478191270948625.
start listen on 10.110.42.38:9091
@tracker All of 4 nodes getting started
@tracker All nodes finishes job
@tracker 52.27697420120239 secs between node start and job finish
Trial 35 finished with value: 0.746879479923338 and parameters: {'objective': 'binary:logistic', 'tree_method': 'gpu_hist', 'lambda': 0.1471236131619305, 'alpha': 0.00790358432774459, 'colsample_bytree': 0.44749733749372933, 'subsample': 0.6521206823410002, 'learning_rate': 0.013605650925888441, 'max_depth': 20, 'min_child_weight': 271, 'eval_metric': 'logloss'}. Best is trial 32 with value: 0.7478191270948625.
start listen on 10.110.42.38:9091
@tracker All of 4 nodes getting started
@tracker All nodes finishes job
@tracker 87.2120087146759 secs between node start and job finish
Trial 36 finished with value: 0.7373542657289561 and parameters: {'objective': 'binary:logistic', 'tree_method': 'gpu_hist', 'lambda': 0.010886028274670221, 'alpha': 0.015611557144754176, 'colsample_bytree': 0.8797005324479724, 'subsample': 0.5799689647922951, 'learning_rate': 0.004734650352122132, 'max_depth': 20, 'min_child_weight': 152, 'eval_metric': 'logloss'}. Best is trial 32 with value: 0.7478191270948625.
start listen on 10.110.42.38:9091
@tracker All of 4 nodes getting started
@tracker All nodes finishes job
@tracker 5.258028268814087 secs between node start and job finish
