number,value,params_alpha,params_colsample_bytree,params_eval_metric,params_lambda,params_learning_rate,params_max_depth,params_min_child_weight,params_objective,params_subsample,params_tree_method,state
385,0.748000945044863,0.0029438285797912635,0.3818462795232647,logloss,0.00876879048633856,0.020563624015738687,17,255,binary:logistic,0.7935323066740608,gpu_hist,COMPLETE
386,0.7480991166273502,0.003237057363279799,0.4022913180286333,logloss,0.14149453489992975,0.018858816800901602,17,235,binary:logistic,0.8305423115169156,gpu_hist,COMPLETE
387,0.7479457966270711,0.0046681733035239936,0.35424305724212357,logloss,0.09806927843812832,0.017461522826833612,17,261,binary:logistic,0.8106165488389846,gpu_hist,COMPLETE
388,0.7482450266967128,0.0010902481754361236,0.37013488869246414,logloss,1.7112564038414853,0.021110141991863483,17,255,binary:logistic,0.8284464295639653,gpu_hist,COMPLETE
389,0.7482180647726033,0.006857585530460971,0.33120899920025143,logloss,0.08246382358813759,0.021546535288178015,17,260,binary:logistic,0.8407205252679738,gpu_hist,COMPLETE
390,0.7480751692420651,0.0034567862291999167,0.35058713455605106,logloss,0.11266931272979078,0.01953632421848707,17,248,binary:logistic,0.8193044567025741,gpu_hist,COMPLETE
391,0.7483613241315832,0.0011766705991322892,0.38359878952017684,logloss,0.06071181961473296,0.021888301529982956,20,263,binary:logistic,0.8347350303464032,gpu_hist,COMPLETE
392,0.7476420501670278,0.0013431383712088328,0.8855612575018048,logloss,0.07939317296320912,0.017220929882778995,20,264,binary:logistic,0.8333117573797696,gpu_hist,COMPLETE
393,0.748126395703171,0.0016382645112218608,0.36435301914971363,logloss,0.09024509447868315,0.02156000215841324,20,261,binary:logistic,0.8196779538153335,gpu_hist,COMPLETE
394,0.7480591127247198,0.001457777301935139,0.3803822455855049,logloss,0.06653720458846497,0.019282648938473198,20,243,binary:logistic,0.8048967666443215,gpu_hist,COMPLETE
395,0.7482320173641194,0.002524370278926497,0.3884567545866034,logloss,0.07970202921719516,0.02226179810391952,20,257,binary:logistic,0.8418898159557348,gpu_hist,COMPLETE
396,0.7478996550122595,0.0010103591086814245,0.34405916383118496,logloss,0.03917021137450343,0.01586078319294657,20,253,binary:logistic,0.8522715350035064,gpu_hist,COMPLETE
397,0.747914065897028,0.002065855016104001,0.3692092865798114,logloss,0.1228669914886006,0.020393153921460735,20,133,binary:logistic,0.8295524745084272,gpu_hist,COMPLETE
398,0.747775216238781,0.005414879480414082,0.328375099964292,logloss,0.11567819110506104,0.022207641945097906,20,265,binary:logistic,0.6493065243667723,gpu_hist,COMPLETE
399,0.748282170260431,0.0012368839044013945,0.3540614210378381,logloss,0.09293870350150192,0.01765993650554766,20,264,binary:logistic,0.8429772319468858,gpu_hist,COMPLETE
400,0.7373307116229068,0.010792324368369887,0.3335221143855142,logloss,1.504683597441072,0.023031211684326345,3,256,binary:logistic,0.8637777851413515,gpu_hist,COMPLETE
401,0.7455236007898647,0.004538169418367357,0.36251642788186494,logloss,0.923213363242651,0.019167829248644425,7,249,binary:logistic,0.7665318690531465,gpu_hist,COMPLETE
402,0.7481182275532268,0.002080208824663213,0.3411151324278748,logloss,0.5143314868951867,0.02153435412899729,17,263,binary:logistic,0.8220701656389212,gpu_hist,COMPLETE
403,0.7029121372187045,0.0038813748467511297,0.32296558106804535,logloss,0.0632112892321344,0.001228750919393255,5,267,binary:logistic,0.8337345296167652,gpu_hist,COMPLETE
404,0.7477678513175685,0.001239995998995826,0.7018963739542474,logloss,2.001561532085221,0.020511930475405143,20,258,binary:logistic,0.8529657455209069,gpu_hist,COMPLETE
405,0.7477315234852778,0.003010438360165154,0.3791512529834062,logloss,2.5156129560292446,0.02310106164312593,17,244,binary:logistic,0.6210089914059543,gpu_hist,COMPLETE
406,0.7466637403542714,0.0016252072084130037,0.35062341712035117,logloss,1.7918024333410791,0.018357938603511616,17,53,binary:logistic,0.9057694063358883,gpu_hist,COMPLETE
407,0.7484920635690422,0.0010616465083223765,0.3220937216514522,logloss,0.04948685822560625,0.022570710374325533,20,270,binary:logistic,0.8800038768127227,gpu_hist,COMPLETE
408,0.7480637526139702,0.0011772358662328329,0.3175547555404077,logloss,0.051153711717053844,0.020287952858186242,20,268,binary:logistic,0.8950999360333554,gpu_hist,COMPLETE
409,0.7481309650216506,0.0014629016142041309,0.33164396273323227,logloss,0.06173887736946803,0.023155746499933974,20,235,binary:logistic,0.8862185407864895,gpu_hist,COMPLETE
410,0.7479399424482418,0.0012736715658696717,0.31802276693179093,logloss,0.08899774043516216,0.022120026274632183,20,253,binary:logistic,0.8764609988098511,gpu_hist,COMPLETE
411,0.74778610789258,0.0010060884825046268,0.3279516495507668,logloss,0.06591722468254868,0.016523414783289676,20,261,binary:logistic,0.8853254221452092,gpu_hist,COMPLETE
412,0.7480150696179027,0.00106668247583975,0.315077562324661,logloss,0.002665710401386321,0.01973342869442766,20,269,binary:logistic,0.8690700894875902,gpu_hist,COMPLETE
413,0.7480690483390633,0.0017265157007967295,0.34011746916329777,logloss,0.1464114343361539,0.023383983952797633,15,261,binary:logistic,0.8669122855673604,gpu_hist,COMPLETE
414,0.7469203188671145,0.0038308789555850193,0.32939400586622175,logloss,0.07741705675931318,0.024268161758166654,20,265,binary:logistic,0.5121400114271278,gpu_hist,COMPLETE
415,0.7480635203416699,0.0025100250714136085,0.548832705900509,logloss,0.037585232129344615,0.020949872203020328,17,271,binary:logistic,0.856882943172794,gpu_hist,COMPLETE
416,0.7479258435751877,0.0012282063803010822,0.3142185007028369,logloss,0.055853144412645314,0.02445680323668014,17,256,binary:logistic,0.8791510042008579,gpu_hist,COMPLETE
417,0.748178438173542,0.007969530623700432,0.3471103611891118,logloss,0.3668688255069375,0.01858305424902135,20,250,binary:logistic,0.9225482426166143,gpu_hist,COMPLETE
418,0.7475450709249428,0.0014567157363535805,0.31028324003360713,logloss,0.05441134544683954,0.021813783233634462,9,270,binary:logistic,0.8531966413813263,gpu_hist,COMPLETE
419,0.7478416415323148,0.005555174954497598,0.3006288616512222,logloss,0.07583269418655438,0.01791754933453043,17,263,binary:logistic,0.9069736260774525,gpu_hist,COMPLETE
420,0.748265709489262,0.0017250805905789863,0.3407387363412932,logloss,0.10174415518329645,0.020242405446073242,20,271,binary:logistic,0.8447559855638681,gpu_hist,COMPLETE
421,0.7479746199247155,0.001029535195290788,0.3252310068641332,logloss,2.1782035049212554,0.025064233525795454,17,257,binary:logistic,0.868858194942318,gpu_hist,COMPLETE
422,0.7469711560776311,0.0027802274264878257,0.3583702402171431,logloss,0.007220428461438005,0.01504650403877272,13,242,binary:logistic,0.8951538998021847,gpu_hist,COMPLETE
423,0.7482656855952214,0.0012199179461437066,0.3352823316879229,logloss,2.8271181354646076,0.022726484292338214,15,266,binary:logistic,0.8593564041400044,gpu_hist,COMPLETE
424,0.7479983228128424,0.0048792848804447096,0.32204514622899977,logloss,2.2030765765264895,0.024831242332333376,17,251,binary:logistic,0.8365572058056627,gpu_hist,COMPLETE
425,0.7480929364060038,0.002176969100559282,0.3486053798338007,logloss,0.045308677557666294,0.0210014394371288,20,273,binary:logistic,0.8815611169640633,gpu_hist,COMPLETE
426,0.7481938659442181,0.0031934482399794037,0.31167569866851486,logloss,0.16961260142453566,0.022969073587707195,17,260,binary:logistic,0.8485362962295996,gpu_hist,COMPLETE
427,0.7348228946868787,0.003908283880415549,0.330729822165636,logloss,0.05935552466003196,0.01949214686253521,3,275,binary:logistic,0.8343389612396039,gpu_hist,COMPLETE
428,0.7480894948306659,0.001812638420980676,0.6423179955927592,logloss,2.9958451397488526,0.016967323719038287,20,264,binary:logistic,0.8639899664699677,gpu_hist,COMPLETE
429,0.7453950941949181,0.0013654777446268746,0.5149893858140396,logloss,0.7129966677679348,0.01032021890554913,17,270,binary:logistic,0.8140063337611625,gpu_hist,COMPLETE
430,0.746875674936315,4.60545607851337,0.3632585440095709,logloss,1.6116427622551068,0.025711240220362915,7,250,binary:logistic,0.8461598860770981,gpu_hist,COMPLETE
431,0.7432494539553978,0.0015136758835239638,0.34917789550231765,logloss,2.59782997346573,0.02166122851172403,5,255,binary:logistic,0.8535805185382899,gpu_hist,COMPLETE
432,0.7480714077366389,0.00100810773545062,0.3115606540584686,logloss,0.11347691974423434,0.01866976249844607,17,278,binary:logistic,0.8761517903359208,gpu_hist,COMPLETE
433,0.7478592001790751,0.0538295875121094,0.33476980312978133,logloss,3.556824099328848,0.02484902291692148,20,193,binary:logistic,0.8265422324383506,gpu_hist,COMPLETE
434,0.7478814724809896,0.06498530295998355,0.39950549361053983,logloss,1.340416032606684,0.02300327313808968,17,267,binary:logistic,0.7093202881748369,gpu_hist,COMPLETE
435,0.7481520212280413,0.00204749566456228,0.3229614386163673,logloss,3.178638449142643,0.020237795148266454,15,258,binary:logistic,0.8391779190128821,gpu_hist,COMPLETE
436,0.7478988506721769,0.2669160396761887,0.3708361587980237,logloss,0.07125534046615063,0.026255589779101137,20,274,binary:logistic,0.8617807672125277,gpu_hist,COMPLETE
437,0.7472599226413381,0.006126110123226902,0.3568893258565509,logloss,2.411799753879697,0.0222272041834004,17,141,binary:logistic,0.8919666170324452,gpu_hist,COMPLETE
438,0.7483729414974015,0.07614254610587924,0.30164387582575963,logloss,0.005209617583272972,0.02354544236134333,17,265,binary:logistic,0.8088609830948689,gpu_hist,COMPLETE
439,0.7478933890779889,0.08204908324531024,0.3061412454923349,logloss,3.491034339077907,0.017872155558048827,17,247,binary:logistic,0.7950522197829673,gpu_hist,COMPLETE
440,0.7483626020459907,0.06728087297744728,0.3000765920672632,logloss,0.01585190841948271,0.020084404823324777,17,263,binary:logistic,0.803465151993921,gpu_hist,COMPLETE
441,0.7476715017945845,0.07080650389602589,0.30080272655579876,logloss,0.006011504615070662,0.01677035774528441,17,263,binary:logistic,0.8080825003434434,gpu_hist,COMPLETE
442,0.7479253519414133,0.0836611673051042,0.30404301921069965,logloss,0.02907272196642079,0.01944469506649696,17,255,binary:logistic,0.8102532884216871,gpu_hist,COMPLETE
443,0.7469060034195889,0.06319168571125228,0.30114221879638237,logloss,0.004596419912507327,0.01380649169793029,17,259,binary:logistic,0.7864715177147485,gpu_hist,COMPLETE
444,0.7479409369682162,0.097362001376314,0.31963716753048327,logloss,0.002898315523262624,0.02010206950744331,17,266,binary:logistic,0.7950239371535943,gpu_hist,COMPLETE
445,0.7481580704489216,0.07012627991294865,0.3880342577421009,logloss,0.004300327895478185,0.021150305765508293,17,229,binary:logistic,0.8002499493072783,gpu_hist,COMPLETE
446,0.7482964668149943,0.050076589960474614,0.34147745890347736,logloss,0.01774400709173768,0.018441884546924203,17,262,binary:logistic,0.8188139811098804,gpu_hist,COMPLETE
447,0.7474281926704032,0.05813520120141267,0.30038780804902676,logloss,0.0033802847037888895,0.015336230461021302,17,251,binary:logistic,0.8139028608708261,gpu_hist,COMPLETE
448,0.748098782944297,0.08484956878768939,0.31976275351746786,logloss,0.02509320741290007,0.022526359875351964,17,241,binary:logistic,0.8293666101359752,gpu_hist,COMPLETE
449,0.7480786429076549,0.07538804936017984,0.5710567494002682,logloss,0.003591922683425627,0.02050612025729291,17,268,binary:logistic,0.8024613822366539,gpu_hist,COMPLETE
450,0.748161458679425,0.04692259074320191,0.37589794287884215,logloss,0.011049040405930417,0.023590575016521037,17,257,binary:logistic,0.6807705433949122,gpu_hist,COMPLETE
451,0.7482555334064067,0.10849995818714667,0.33282047851904123,logloss,0.007888746389684944,0.018769342970098777,17,270,binary:logistic,0.8220793166808965,gpu_hist,COMPLETE
452,0.747780230931061,0.0011832433188694357,0.3182562880877519,logloss,0.09970360411108113,0.016777239588408127,17,263,binary:logistic,0.8303430476369635,gpu_hist,COMPLETE
453,0.747300062267675,0.11889321036942756,0.3575410062373049,logloss,0.004260001448890746,0.02153449290291015,9,254,binary:logistic,0.8188598777568262,gpu_hist,COMPLETE
454,0.7480582490662926,0.05683768702529401,0.3397219966827965,logloss,0.03218389884594742,0.024111857630102488,17,267,binary:logistic,0.7797353755514992,gpu_hist,COMPLETE
455,0.7479593917804122,0.0035578721526899346,0.30053770032209176,logloss,0.005456811127206815,0.027220070420702232,17,245,binary:logistic,0.838855832052907,gpu_hist,COMPLETE
456,0.7479556636155076,0.07009523615392894,0.32252622753110105,logloss,0.0021390982496283907,0.019580837400306767,13,276,binary:logistic,0.8115767084221107,gpu_hist,COMPLETE
457,0.7482772272502721,0.20196606260038374,0.3438736906832375,logloss,0.08779891303229004,0.022066006222741914,17,260,binary:logistic,0.8261832280369762,gpu_hist,COMPLETE
458,0.748261149061588,0.008547917416226444,0.3120415412825628,logloss,0.015966823184012314,0.024803462200635708,15,272,binary:logistic,0.8374673289940017,gpu_hist,COMPLETE
459,0.7480790077085284,0.0920191340078007,0.36220388559107863,logloss,0.001619466528085029,0.017883510794304225,17,236,binary:logistic,0.8450565163808897,gpu_hist,COMPLETE
460,0.7358977857392438,0.002746634017672022,0.3309038349337825,logloss,0.003569638330257008,0.02083025467091669,3,265,binary:logistic,0.7995257579891588,gpu_hist,COMPLETE
461,0.7470359025369859,0.05215187561272114,0.3888368319802985,logloss,1.6788237117126976,0.02350868417967668,17,278,binary:logistic,0.5889919599982779,gpu_hist,COMPLETE
462,0.739310530416833,0.012396611444932969,0.3001363106135073,logloss,1.1851516634036785,0.006221444062661037,17,251,binary:logistic,0.8297615857896566,gpu_hist,COMPLETE
463,0.7470399231260482,0.1421403265536808,0.34973442645862607,logloss,0.04575129608207782,0.027027954347851945,7,260,binary:logistic,0.8466949649863178,gpu_hist,COMPLETE
464,0.7434671536692943,0.0014793733741819365,0.373941099200647,logloss,0.07142559319707988,0.022044972565711075,5,270,binary:logistic,0.8160918660963784,gpu_hist,COMPLETE
465,0.7483185920018575,0.004399144680232499,0.4802687533914023,logloss,0.00954800250641709,0.019330361812951186,17,255,binary:logistic,0.8565335702423451,gpu_hist,COMPLETE
466,0.7481988138165363,0.040614895433709,0.3222132396173894,logloss,0.022951908796216506,0.025189192910940232,17,280,binary:logistic,0.7736916142772654,gpu_hist,COMPLETE
467,0.7481191867878156,0.0642157765149747,0.3126040444629537,logloss,0.14070470135657115,0.02074254981281764,15,273,binary:logistic,0.8365587622358462,gpu_hist,COMPLETE
468,0.7478435440258262,0.0011907962492288455,0.40672370263904556,logloss,0.035309438750169654,0.016778400203607984,17,264,binary:logistic,0.8231678117106322,gpu_hist,COMPLETE
469,0.7480196521336722,0.07850350609664779,0.3380502675932481,logloss,0.013368156759027243,0.023491638647575388,17,268,binary:logistic,0.7892774409704131,gpu_hist,COMPLETE
470,0.7478806135458027,0.0018765105664528873,0.32931293427281383,logloss,0.0026140712339148336,0.027488401228675595,20,246,binary:logistic,0.8453038171232694,gpu_hist,COMPLETE
471,0.7481943602174502,0.04660282568487133,0.3555880219815301,logloss,0.05909110610577943,0.025410024549204303,17,260,binary:logistic,0.8087096230150467,gpu_hist,COMPLETE
472,0.7481810573493481,0.09744525772387731,0.3124876272022223,logloss,0.003974670367122168,0.01832900698142672,17,279,binary:logistic,0.8673875240319364,gpu_hist,COMPLETE
473,0.748497553780511,0.05653788001768276,0.3692764385786113,logloss,0.005033554306499307,0.021741778270260245,20,273,binary:logistic,0.8558770790496258,gpu_hist,COMPLETE
474,0.7480315833171498,0.06295577398508986,0.3810917030418866,logloss,0.005711592764222291,0.021053295569674002,20,283,binary:logistic,0.8377221010261835,gpu_hist,COMPLETE
475,0.7480520616211667,0.05593439027611707,0.3694224841395767,logloss,0.005301365355725567,0.019829371461987464,20,276,binary:logistic,0.8542165211092348,gpu_hist,COMPLETE
476,0.7480172486988242,0.043339169673084675,0.39213157266502846,logloss,0.004231270034276707,0.02293673559140223,20,275,binary:logistic,0.825696904260216,gpu_hist,COMPLETE
477,0.7476386744392198,0.07618246906530014,0.37906552742846156,logloss,0.005158513278087117,0.01815392352204149,20,106,binary:logistic,0.8488675991610278,gpu_hist,COMPLETE
478,0.748254458452424,0.06353622725737365,0.3642428312669137,logloss,0.007158068479334435,0.022329391248614043,20,253,binary:logistic,0.8341259502028321,gpu_hist,COMPLETE
479,0.7480380440156336,0.00241804488239806,0.3987971830155275,logloss,0.0036265972265639517,0.015454362662665873,20,269,binary:logistic,0.8607581749022892,gpu_hist,COMPLETE
480,0.7471457852555081,0.08747655367806904,0.30031251950873095,logloss,0.08491372931563636,0.019862411706152158,20,285,binary:logistic,0.4110757667992861,gpu_hist,COMPLETE
481,0.747745748079882,0.0010051123331372286,0.3505933590848074,logloss,0.0047469932106728886,0.024035222438813505,9,260,binary:logistic,0.8185419604931901,gpu_hist,COMPLETE
482,0.7484078006797176,0.05248042289845734,0.32652480134735196,logloss,0.0069084312092823705,0.021167519113062704,17,272,binary:logistic,0.7507127383139363,gpu_hist,COMPLETE
483,0.7475761326218533,0.05609452400475106,0.9041594836166835,logloss,0.005747589807702704,0.017215753864019658,17,279,binary:logistic,0.7318196688369696,gpu_hist,COMPLETE
484,0.748397109763642,0.06880196448588728,0.31474554568903695,logloss,0.004935100894149559,0.020855485155343183,17,247,binary:logistic,0.7555012509203414,gpu_hist,COMPLETE
485,0.7427121531131868,0.06782259934220522,0.3143466594263826,logloss,0.006786393238522753,0.008120912026642129,17,238,binary:logistic,0.7402649504940295,gpu_hist,COMPLETE
486,0.7461811171339044,0.07862296468755692,0.3132079612258269,logloss,0.006008695328127065,0.011904240127652437,17,245,binary:logistic,0.7625528514292946,gpu_hist,COMPLETE
487,0.7481753744574484,0.0514113817472047,0.32584454676066715,logloss,0.00510739682172337,0.019131575130739525,17,248,binary:logistic,0.7537301389782063,gpu_hist,COMPLETE
488,0.7480275731470003,0.06330937203736718,0.312044194072754,logloss,0.004727113400922796,0.02040443363121128,17,230,binary:logistic,0.7732015476433481,gpu_hist,COMPLETE
489,0.7480492858838279,0.09026815687958206,0.3003159185084673,logloss,0.006906475981067164,0.017853773686441823,17,253,binary:logistic,0.712281514548098,gpu_hist,COMPLETE
490,0.7475719768647597,0.05074116952175492,0.8292930906823586,logloss,0.002843506485139283,0.0214714274672384,17,241,binary:logistic,0.7466943911554476,gpu_hist,COMPLETE
491,0.747958622586796,0.0015385373202594413,0.41703492649222346,logloss,0.0036849991920832994,0.015583616580443316,17,251,binary:logistic,0.7610730649306884,gpu_hist,COMPLETE
492,0.7484038952543735,0.06983891041367503,0.3329071263709042,logloss,0.006752181179027456,0.019206882116431925,17,257,binary:logistic,0.7889333165938436,gpu_hist,COMPLETE
493,0.7475911272435869,0.07519469436525954,0.33486587384196564,logloss,0.008382584289829867,0.0160421652071893,17,255,binary:logistic,0.7854667901364392,gpu_hist,COMPLETE
494,0.7480638436058104,0.1075029612788121,0.36532866040478024,logloss,0.005851143640612305,0.01802124129160879,17,239,binary:logistic,0.7247804651866118,gpu_hist,COMPLETE
495,0.7474326609948863,0.09010301135311438,0.34721524586174873,logloss,0.0071975615994296464,0.014335927640882764,17,246,binary:logistic,0.8029464555787741,gpu_hist,COMPLETE
496,0.7480911332394629,0.07210182007053652,0.3214043368693375,logloss,0.009102090841043724,0.01912505799296297,17,258,binary:logistic,0.7768076722971273,gpu_hist,COMPLETE
497,0.7482624750419142,0.11024863498874944,0.6144573243753296,logloss,0.0109162656507029,0.02039046465171827,17,263,binary:logistic,0.7565340858795968,gpu_hist,COMPLETE
498,0.747673065187208,0.08808230443221562,0.3339738040527811,logloss,0.0048206913862989965,0.01775473646409709,17,167,binary:logistic,0.7896865247941768,gpu_hist,COMPLETE
499,0.7484432808292478,0.06915302913498789,0.4539674422012254,logloss,0.006712552177770801,0.021148905764550616,17,248,binary:logistic,0.7921533707045828,gpu_hist,COMPLETE
500,0.7481809548272444,0.06970599030889452,0.4293430462494564,logloss,0.0076513164831531685,0.01674468927632311,17,244,binary:logistic,0.773338090107296,gpu_hist,COMPLETE
501,0.7481679052081873,0.05801266664534384,0.45445642934575375,logloss,0.006877970296299844,0.01929617272595725,17,236,binary:logistic,0.7873667377961546,gpu_hist,COMPLETE
502,0.7483306882209169,0.07405864049367131,0.47292143978432577,logloss,0.00610982236137269,0.02105399998278097,17,249,binary:logistic,0.7858833785166246,gpu_hist,COMPLETE
503,0.7378742938193792,0.12477101947388938,0.4497221469958245,logloss,0.0038422028761906767,0.0697205490251193,17,249,binary:logistic,0.7992547965075422,gpu_hist,COMPLETE
504,0.7481993269827307,0.09614837243324396,0.4451573480120435,logloss,0.004342576118018029,0.019114554258448477,17,257,binary:logistic,0.7652471578886968,gpu_hist,COMPLETE
505,0.7482700991856817,0.06257638642536807,0.46807173062807184,logloss,0.008672363657987585,0.02081572168937519,17,253,binary:logistic,0.7506493350402824,gpu_hist,COMPLETE
506,0.7481256599889952,0.003264487549197262,0.40902944120506013,logloss,0.0062125520342061515,0.02212637545796375,13,244,binary:logistic,0.7347094591083236,gpu_hist,COMPLETE
507,0.7477562807673992,0.08320997015420058,0.4317372191879141,logloss,0.006496876687419242,0.01646322645320457,20,257,binary:logistic,0.7984431679509262,gpu_hist,COMPLETE
508,0.7478957055496431,0.0013228659745218843,0.38630296361425404,logloss,0.010303401058662683,0.018823777280163448,15,263,binary:logistic,0.781460216130336,gpu_hist,COMPLETE
509,0.747655273017878,0.06939073391350445,0.3719833331280008,logloss,0.0055014252417572435,0.02158912981775793,17,241,binary:logistic,0.7942474861594954,gpu_hist,COMPLETE
510,0.7479475633968761,0.05726241955083586,0.46041181005720816,logloss,0.005140981958898879,0.01759953484621239,17,232,binary:logistic,0.772735561313121,gpu_hist,COMPLETE
511,0.7351865430895751,0.10190708569467563,0.36048307942442737,logloss,0.00328871363240689,0.019855417563478046,3,249,binary:logistic,0.8116523495122667,gpu_hist,COMPLETE
