Trial 989 finished with value: 0.7469686516487868 and parameters: {'objective': 'binary:logistic', 'tree_method': 'gpu_hist', 'lambda': 0.0016743827387110505, 'alpha': 0.0010257883280978379, 'colsample_bytree': 0.36148595258742977, 'subsample': 0.8234349379826899, 'learning_rate': 0.0335884184520533, 'max_depth': 17, 'min_child_weight': 247, 'eval_metric': 'logloss'}. Best is trial 362 with value: 0.7486883567232341.
start listen on 192.168.1.101:50835
@tracker All of 4 nodes getting started
@tracker All nodes finishes job
Trial 990 finished with value: 0.7471860895006701 and parameters: {'objective': 'binary:logistic', 'tree_method': 'gpu_hist', 'lambda': 0.0012862819566164128, 'alpha': 0.0014407848389210798, 'colsample_bytree': 0.4066541575049799, 'subsample': 0.6422478288082382, 'learning_rate': 0.023103710974156248, 'max_depth': 17, 'min_child_weight': 138, 'eval_metric': 'logloss'}. Best is trial 362 with value: 0.7486883567232341.
start listen on 192.168.1.101:60855
@tracker All of 4 nodes getting started
@tracker All nodes finishes job
Trial 991 finished with value: 0.7477821806569781 and parameters: {'objective': 'binary:logistic', 'tree_method': 'gpu_hist', 'lambda': 0.002597820194266318, 'alpha': 0.0014136045985221207, 'colsample_bytree': 0.3753215283239336, 'subsample': 0.8028945611627986, 'learning_rate': 0.02935091565977171, 'max_depth': 17, 'min_child_weight': 231, 'eval_metric': 'logloss'}. Best is trial 362 with value: 0.7486883567232341.
start listen on 192.168.1.101:48749
@tracker All of 4 nodes getting started
@tracker All nodes finishes job
Trial 992 finished with value: 0.7480734038614485 and parameters: {'objective': 'binary:logistic', 'tree_method': 'gpu_hist', 'lambda': 0.0022112896537963894, 'alpha': 0.0012276090310892366, 'colsample_bytree': 0.3845930443346501, 'subsample': 0.8290882349823113, 'learning_rate': 0.024114451352662977, 'max_depth': 17, 'min_child_weight': 254, 'eval_metric': 'logloss'}. Best is trial 362 with value: 0.7486883567232341.
start listen on 192.168.1.101:55677
@tracker All of 4 nodes getting started
@tracker All nodes finishes job
Trial 993 finished with value: 0.7478522627111328 and parameters: {'objective': 'binary:logistic', 'tree_method': 'gpu_hist', 'lambda': 2.4937880141920736, 'alpha': 0.0016277371539216092, 'colsample_bytree': 0.3507966347789055, 'subsample': 0.8204732152934926, 'learning_rate': 0.026638156644350038, 'max_depth': 17, 'min_child_weight': 244, 'eval_metric': 'logloss'}. Best is trial 362 with value: 0.7486883567232341.
start listen on 192.168.1.101:58995
@tracker All of 4 nodes getting started
@tracker All nodes finishes job
Trial 994 finished with value: 0.7479935660928478 and parameters: {'objective': 'binary:logistic', 'tree_method': 'gpu_hist', 'lambda': 0.0021665279561747697, 'alpha': 0.0013882780350450508, 'colsample_bytree': 0.3599032584848341, 'subsample': 0.7943400841280321, 'learning_rate': 0.022681360298554838, 'max_depth': 17, 'min_child_weight': 252, 'eval_metric': 'logloss'}. Best is trial 362 with value: 0.7486883567232341.
start listen on 192.168.1.101:41697
@tracker All of 4 nodes getting started
@tracker All nodes finishes job
Trial 995 finished with value: 0.7484998306602959 and parameters: {'objective': 'binary:logistic', 'tree_method': 'gpu_hist', 'lambda': 0.0014915775570769067, 'alpha': 0.001020734418008906, 'colsample_bytree': 0.43222498204638243, 'subsample': 0.8094944491079746, 'learning_rate': 0.022237515016774154, 'max_depth': 17, 'min_child_weight': 258, 'eval_metric': 'logloss'}. Best is trial 362 with value: 0.7486883567232341.
start listen on 192.168.1.101:48061
@tracker All of 4 nodes getting started
@tracker All nodes finishes job
Trial 996 finished with value: 0.7479353736854375 and parameters: {'objective': 'binary:logistic', 'tree_method': 'gpu_hist', 'lambda': 0.0017714520285785373, 'alpha': 0.001336942404749737, 'colsample_bytree': 0.4552054398090524, 'subsample': 0.8100949409994194, 'learning_rate': 0.025360639264202928, 'max_depth': 17, 'min_child_weight': 261, 'eval_metric': 'logloss'}. Best is trial 362 with value: 0.7486883567232341.
start listen on 192.168.1.101:45015
@tracker All of 4 nodes getting started
@tracker All nodes finishes job
Trial 997 finished with value: 0.7476823496889491 and parameters: {'objective': 'binary:logistic', 'tree_method': 'gpu_hist', 'lambda': 0.001121560882564704, 'alpha': 0.0010081596816059744, 'colsample_bytree': 0.41429763108152345, 'subsample': 0.8125525864104574, 'learning_rate': 0.028571857891149268, 'max_depth': 17, 'min_child_weight': 260, 'eval_metric': 'logloss'}. Best is trial 362 with value: 0.7486883567232341.
start listen on 192.168.1.101:54343
@tracker All of 4 nodes getting started
@tracker All nodes finishes job
Trial 998 finished with value: 0.7479649346421212 and parameters: {'objective': 'binary:logistic', 'tree_method': 'gpu_hist', 'lambda': 0.0024574285944922963, 'alpha': 0.0010418874787727567, 'colsample_bytree': 0.4102966831557109, 'subsample': 0.813946045390158, 'learning_rate': 0.02367670008554066, 'max_depth': 17, 'min_child_weight': 258, 'eval_metric': 'logloss'}. Best is trial 362 with value: 0.7486883567232341.
start listen on 192.168.1.101:41161
@tracker All of 4 nodes getting started
@tracker All nodes finishes job
Trial 999 finished with value: 0.7482773154637354 and parameters: {'objective': 'binary:logistic', 'tree_method': 'gpu_hist', 'lambda': 0.0011472507158167696, 'alpha': 0.0011272757453068796, 'colsample_bytree': 0.43259681467551986, 'subsample': 0.8282313902629097, 'learning_rate': 0.022357605098663733, 'max_depth': 17, 'min_child_weight': 264, 'eval_metric': 'logloss'}. Best is trial 362 with value: 0.7486883567232341.
