A new study created in RDB with name: lr_optuna_300_2
sklearn.linear_model.LogisticRegression.fit: running accelerated version on CPU
sklearn.linear_model.LogisticRegression.predict: running accelerated version on CPU
sklearn.metrics.roc_auc_score: running accelerated version on CPU
Trial 0 finished with value: 0.7506636777418833 and parameters: {'C': 0.9497540917577507}. Best is trial 0 with value: 0.7506636777418833.
sklearn.linear_model.LogisticRegression.fit: running accelerated version on CPU
sklearn.linear_model.LogisticRegression.predict: running accelerated version on CPU
sklearn.metrics.roc_auc_score: running accelerated version on CPU
Trial 1 finished with value: 0.7506636794089093 and parameters: {'C': 0.9834183990785008}. Best is trial 0 with value: 0.7506636777418833.
sklearn.linear_model.LogisticRegression.fit: running accelerated version on CPU
sklearn.linear_model.LogisticRegression.predict: running accelerated version on CPU
sklearn.metrics.roc_auc_score: running accelerated version on CPU
Trial 2 finished with value: 0.7506636816316108 and parameters: {'C': 0.8200874720348684}. Best is trial 0 with value: 0.7506636777418833.
sklearn.linear_model.LogisticRegression.fit: running accelerated version on CPU
sklearn.linear_model.LogisticRegression.predict: running accelerated version on CPU
sklearn.metrics.roc_auc_score: running accelerated version on CPU
Trial 3 finished with value: 0.7506636638499993 and parameters: {'C': 0.6254176817917683}. Best is trial 3 with value: 0.7506636638499993.
sklearn.linear_model.LogisticRegression.fit: running accelerated version on CPU
sklearn.linear_model.LogisticRegression.predict: running accelerated version on CPU
sklearn.metrics.roc_auc_score: running accelerated version on CPU
Trial 4 finished with value: 0.7506636769083702 and parameters: {'C': 0.8333440630026037}. Best is trial 3 with value: 0.7506636638499993.
sklearn.linear_model.LogisticRegression.fit: running accelerated version on CPU
sklearn.linear_model.LogisticRegression.predict: running accelerated version on CPU
sklearn.metrics.roc_auc_score: running accelerated version on CPU
Trial 5 finished with value: 0.750663656348382 and parameters: {'C': 0.4502869154647325}. Best is trial 5 with value: 0.750663656348382.
sklearn.linear_model.LogisticRegression.fit: running accelerated version on CPU
sklearn.linear_model.LogisticRegression.predict: running accelerated version on CPU
sklearn.metrics.roc_auc_score: running accelerated version on CPU
Trial 6 finished with value: 0.7506636157840807 and parameters: {'C': 0.23120517384548814}. Best is trial 6 with value: 0.7506636157840807.
sklearn.linear_model.LogisticRegression.fit: running accelerated version on CPU
sklearn.linear_model.LogisticRegression.predict: running accelerated version on CPU
sklearn.metrics.roc_auc_score: running accelerated version on CPU
Trial 7 finished with value: 0.7506638727839344 and parameters: {'C': 0.1719650273078589}. Best is trial 6 with value: 0.7506636157840807.
sklearn.linear_model.LogisticRegression.fit: running accelerated version on CPU
sklearn.linear_model.LogisticRegression.predict: running accelerated version on CPU
sklearn.metrics.roc_auc_score: running accelerated version on CPU
Trial 8 finished with value: 0.7506641008886694 and parameters: {'C': 0.10830784702390682}. Best is trial 6 with value: 0.7506636157840807.
sklearn.linear_model.LogisticRegression.fit: running accelerated version on CPU
sklearn.linear_model.LogisticRegression.predict: running accelerated version on CPU
sklearn.metrics.roc_auc_score: running accelerated version on CPU
Trial 9 finished with value: 0.7506636602381095 and parameters: {'C': 0.6005922979786745}. Best is trial 6 with value: 0.7506636157840807.
sklearn.linear_model.LogisticRegression.fit: running accelerated version on CPU
sklearn.linear_model.LogisticRegression.predict: running accelerated version on CPU
sklearn.metrics.roc_auc_score: running accelerated version on CPU
Trial 10 finished with value: 0.7506636869105268 and parameters: {'C': 0.30759387963211027}. Best is trial 6 with value: 0.7506636157840807.
sklearn.linear_model.LogisticRegression.fit: running accelerated version on CPU
sklearn.linear_model.LogisticRegression.predict: running accelerated version on CPU
sklearn.metrics.roc_auc_score: running accelerated version on CPU
Trial 11 finished with value: 0.750663686632689 and parameters: {'C': 0.3454390671539753}. Best is trial 6 with value: 0.7506636157840807.
sklearn.linear_model.LogisticRegression.fit: running accelerated version on CPU
sklearn.linear_model.LogisticRegression.predict: running accelerated version on CPU
sklearn.metrics.roc_auc_score: running accelerated version on CPU
Trial 12 finished with value: 0.7506636671840514 and parameters: {'C': 0.45924287099070915}. Best is trial 6 with value: 0.7506636157840807.
sklearn.linear_model.LogisticRegression.fit: running accelerated version on CPU
sklearn.linear_model.LogisticRegression.predict: running accelerated version on CPU
sklearn.metrics.roc_auc_score: running accelerated version on CPU
Trial 13 finished with value: 0.7506637516467061 and parameters: {'C': 0.24509163419146235}. Best is trial 6 with value: 0.7506636157840807.
sklearn.linear_model.LogisticRegression.fit: running accelerated version on CPU
sklearn.linear_model.LogisticRegression.predict: running accelerated version on CPU
sklearn.metrics.roc_auc_score: running accelerated version on CPU
Trial 14 finished with value: 0.7506689438772636 and parameters: {'C': 0.005475579523233215}. Best is trial 6 with value: 0.7506636157840807.
sklearn.linear_model.LogisticRegression.fit: running accelerated version on CPU
sklearn.linear_model.LogisticRegression.predict: running accelerated version on CPU
sklearn.metrics.roc_auc_score: running accelerated version on CPU
Trial 15 finished with value: 0.7506636630164862 and parameters: {'C': 0.45666267675068545}. Best is trial 6 with value: 0.7506636157840807.
sklearn.linear_model.LogisticRegression.fit: running accelerated version on CPU
sklearn.linear_model.LogisticRegression.predict: running accelerated version on CPU
sklearn.metrics.roc_auc_score: running accelerated version on CPU
Trial 16 finished with value: 0.7506636730186427 and parameters: {'C': 0.5762331408795484}. Best is trial 6 with value: 0.7506636157840807.
sklearn.linear_model.LogisticRegression.fit: running accelerated version on CPU
sklearn.linear_model.LogisticRegression.predict: running accelerated version on CPU
sklearn.metrics.roc_auc_score: running accelerated version on CPU
Trial 17 finished with value: 0.750663672740805 and parameters: {'C': 0.3977094479064301}. Best is trial 6 with value: 0.7506636157840807.
sklearn.linear_model.LogisticRegression.fit: running accelerated version on CPU
sklearn.linear_model.LogisticRegression.predict: running accelerated version on CPU
sklearn.metrics.roc_auc_score: running accelerated version on CPU
Trial 18 finished with value: 0.7506636891332281 and parameters: {'C': 0.707103703970972}. Best is trial 6 with value: 0.7506636157840807.
sklearn.linear_model.LogisticRegression.fit: running accelerated version on CPU
sklearn.linear_model.LogisticRegression.predict: running accelerated version on CPU
sklearn.metrics.roc_auc_score: running accelerated version on CPU
Trial 19 finished with value: 0.7506638352758477 and parameters: {'C': 0.20863179691078024}. Best is trial 6 with value: 0.7506636157840807.
sklearn.linear_model.LogisticRegression.fit: running accelerated version on CPU
sklearn.linear_model.LogisticRegression.predict: running accelerated version on CPU
sklearn.metrics.roc_auc_score: running accelerated version on CPU
Trial 20 finished with value: 0.7506641378410808 and parameters: {'C': 0.06686676471145706}. Best is trial 6 with value: 0.7506636157840807.
sklearn.linear_model.LogisticRegression.fit: running accelerated version on CPU
sklearn.linear_model.LogisticRegression.predict: running accelerated version on CPU
sklearn.metrics.roc_auc_score: running accelerated version on CPU
Trial 21 finished with value: 0.7506636774640456 and parameters: {'C': 0.5616629950063456}. Best is trial 6 with value: 0.7506636157840807.
sklearn.linear_model.LogisticRegression.fit: running accelerated version on CPU
sklearn.linear_model.LogisticRegression.predict: running accelerated version on CPU
sklearn.metrics.roc_auc_score: running accelerated version on CPU
Trial 22 finished with value: 0.7506636894110659 and parameters: {'C': 0.7006033431437759}. Best is trial 6 with value: 0.7506636157840807.
sklearn.linear_model.LogisticRegression.fit: running accelerated version on CPU
sklearn.linear_model.LogisticRegression.predict: running accelerated version on CPU
sklearn.metrics.roc_auc_score: running accelerated version on CPU
Trial 23 finished with value: 0.7506636096716518 and parameters: {'C': 0.30111274298336077}. Best is trial 23 with value: 0.7506636096716518.
sklearn.linear_model.LogisticRegression.fit: running accelerated version on CPU
sklearn.linear_model.LogisticRegression.predict: running accelerated version on CPU
sklearn.metrics.roc_auc_score: running accelerated version on CPU
Trial 24 finished with value: 0.7506636688510775 and parameters: {'C': 0.31240950849274546}. Best is trial 23 with value: 0.7506636096716518.
sklearn.linear_model.LogisticRegression.fit: running accelerated version on CPU
sklearn.linear_model.LogisticRegression.predict: running accelerated version on CPU
sklearn.metrics.roc_auc_score: running accelerated version on CPU
Trial 25 finished with value: 0.7506636799645847 and parameters: {'C': 0.40534193016919107}. Best is trial 23 with value: 0.7506636096716518.
sklearn.linear_model.LogisticRegression.fit: running accelerated version on CPU
sklearn.linear_model.LogisticRegression.predict: running accelerated version on CPU
sklearn.metrics.roc_auc_score: running accelerated version on CPU
Trial 26 finished with value: 0.7506637271969903 and parameters: {'C': 0.2541130961057274}. Best is trial 23 with value: 0.7506636096716518.
sklearn.linear_model.LogisticRegression.fit: running accelerated version on CPU
sklearn.linear_model.LogisticRegression.predict: running accelerated version on CPU
sklearn.metrics.roc_auc_score: running accelerated version on CPU
Trial 27 finished with value: 0.7506638611147518 and parameters: {'C': 0.163861071831119}. Best is trial 23 with value: 0.7506636096716518.
sklearn.linear_model.LogisticRegression.fit: running accelerated version on CPU
sklearn.linear_model.LogisticRegression.predict: running accelerated version on CPU
sklearn.metrics.roc_auc_score: running accelerated version on CPU
Trial 28 finished with value: 0.7506636713516166 and parameters: {'C': 0.5263313071077809}. Best is trial 23 with value: 0.7506636096716518.
sklearn.linear_model.LogisticRegression.fit: running accelerated version on CPU
sklearn.linear_model.LogisticRegression.predict: running accelerated version on CPU
sklearn.metrics.roc_auc_score: running accelerated version on CPU
Trial 29 finished with value: 0.7506636699624283 and parameters: {'C': 0.3680471118737775}. Best is trial 23 with value: 0.7506636096716518.
sklearn.linear_model.LogisticRegression.fit: running accelerated version on CPU
sklearn.linear_model.LogisticRegression.predict: running accelerated version on CPU
sklearn.metrics.roc_auc_score: running accelerated version on CPU
Trial 30 finished with value: 0.7506637394218482 and parameters: {'C': 0.2756572802911774}. Best is trial 23 with value: 0.7506636096716518.
sklearn.linear_model.LogisticRegression.fit: running accelerated version on CPU
sklearn.linear_model.LogisticRegression.predict: running accelerated version on CPU
sklearn.metrics.roc_auc_score: running accelerated version on CPU
Trial 31 finished with value: 0.7506636646835123 and parameters: {'C': 0.4902224556498934}. Best is trial 23 with value: 0.7506636096716518.
sklearn.linear_model.LogisticRegression.fit: running accelerated version on CPU
sklearn.linear_model.LogisticRegression.predict: running accelerated version on CPU
sklearn.metrics.roc_auc_score: running accelerated version on CPU
Trial 32 finished with value: 0.7506636621829732 and parameters: {'C': 0.6332912167635567}. Best is trial 23 with value: 0.7506636096716518.
sklearn.linear_model.LogisticRegression.fit: running accelerated version on CPU
sklearn.linear_model.LogisticRegression.predict: running accelerated version on CPU
sklearn.metrics.roc_auc_score: running accelerated version on CPU
Trial 33 finished with value: 0.750663671073779 and parameters: {'C': 0.4425544458271416}. Best is trial 23 with value: 0.7506636096716518.
sklearn.linear_model.LogisticRegression.fit: running accelerated version on CPU
sklearn.linear_model.LogisticRegression.predict: running accelerated version on CPU
sklearn.metrics.roc_auc_score: running accelerated version on CPU
Trial 34 finished with value: 0.7506636813537731 and parameters: {'C': 0.8055806959738201}. Best is trial 23 with value: 0.7506636096716518.
sklearn.linear_model.LogisticRegression.fit: running accelerated version on CPU
sklearn.linear_model.LogisticRegression.predict: running accelerated version on CPU
sklearn.metrics.roc_auc_score: running accelerated version on CPU
Trial 35 finished with value: 0.7506636769083702 and parameters: {'C': 0.9299369587765061}. Best is trial 23 with value: 0.7506636096716518.
sklearn.linear_model.LogisticRegression.fit: running accelerated version on CPU
sklearn.linear_model.LogisticRegression.predict: running accelerated version on CPU
sklearn.metrics.roc_auc_score: running accelerated version on CPU
Trial 36 finished with value: 0.7506636630164862 and parameters: {'C': 0.644176397907918}. Best is trial 23 with value: 0.7506636096716518.
sklearn.linear_model.LogisticRegression.fit: running accelerated version on CPU
sklearn.linear_model.LogisticRegression.predict: running accelerated version on CPU
sklearn.metrics.roc_auc_score: running accelerated version on CPU
Trial 37 finished with value: 0.7506640983881303 and parameters: {'C': 0.10766939896640247}. Best is trial 23 with value: 0.7506636096716518.
sklearn.linear_model.LogisticRegression.fit: running accelerated version on CPU
sklearn.linear_model.LogisticRegression.predict: running accelerated version on CPU
sklearn.metrics.roc_auc_score: running accelerated version on CPU
Trial 38 finished with value: 0.7506638352758477 and parameters: {'C': 0.19268490737203645}. Best is trial 23 with value: 0.7506636096716518.
sklearn.linear_model.LogisticRegression.fit: running accelerated version on CPU
sklearn.linear_model.LogisticRegression.predict: running accelerated version on CPU
sklearn.metrics.roc_auc_score: running accelerated version on CPU
Trial 39 finished with value: 0.7506636802424224 and parameters: {'C': 0.34218275909706725}. Best is trial 23 with value: 0.7506636096716518.
sklearn.linear_model.LogisticRegression.fit: running accelerated version on CPU
sklearn.linear_model.LogisticRegression.predict: running accelerated version on CPU
sklearn.metrics.roc_auc_score: running accelerated version on CPU
Trial 40 finished with value: 0.7506636777418833 and parameters: {'C': 0.5168348601177515}. Best is trial 23 with value: 0.7506636096716518.
sklearn.linear_model.LogisticRegression.fit: running accelerated version on CPU
sklearn.linear_model.LogisticRegression.predict: running accelerated version on CPU
sklearn.metrics.roc_auc_score: running accelerated version on CPU
Trial 41 finished with value: 0.7506636610716225 and parameters: {'C': 0.6183281958793957}. Best is trial 23 with value: 0.7506636096716518.
sklearn.linear_model.LogisticRegression.fit: running accelerated version on CPU
sklearn.linear_model.LogisticRegression.predict: running accelerated version on CPU
sklearn.metrics.roc_auc_score: running accelerated version on CPU
Trial 42 finished with value: 0.7506636880218774 and parameters: {'C': 0.738814437613577}. Best is trial 23 with value: 0.7506636096716518.
sklearn.linear_model.LogisticRegression.fit: running accelerated version on CPU
sklearn.linear_model.LogisticRegression.predict: running accelerated version on CPU
sklearn.metrics.roc_auc_score: running accelerated version on CPU
Trial 43 finished with value: 0.750663678019721 and parameters: {'C': 0.5551972755614342}. Best is trial 23 with value: 0.7506636096716518.
sklearn.linear_model.LogisticRegression.fit: running accelerated version on CPU
sklearn.linear_model.LogisticRegression.predict: running accelerated version on CPU
sklearn.metrics.roc_auc_score: running accelerated version on CPU
Trial 44 finished with value: 0.7506636610716225 and parameters: {'C': 0.6072139372224141}. Best is trial 23 with value: 0.7506636096716518.
sklearn.linear_model.LogisticRegression.fit: running accelerated version on CPU
sklearn.linear_model.LogisticRegression.predict: running accelerated version on CPU
sklearn.metrics.roc_auc_score: running accelerated version on CPU
Trial 45 finished with value: 0.7506636869105268 and parameters: {'C': 0.4226084649085813}. Best is trial 23 with value: 0.7506636096716518.
sklearn.linear_model.LogisticRegression.fit: running accelerated version on CPU
sklearn.linear_model.LogisticRegression.predict: running accelerated version on CPU
sklearn.metrics.roc_auc_score: running accelerated version on CPU
Trial 46 finished with value: 0.7506636613494602 and parameters: {'C': 0.48302807801118136}. Best is trial 23 with value: 0.7506636096716518.
sklearn.linear_model.LogisticRegression.fit: running accelerated version on CPU
sklearn.linear_model.LogisticRegression.predict: running accelerated version on CPU
sklearn.metrics.roc_auc_score: running accelerated version on CPU
Trial 47 finished with value: 0.7506636635721616 and parameters: {'C': 0.5861181047105942}. Best is trial 23 with value: 0.7506636096716518.
sklearn.linear_model.LogisticRegression.fit: running accelerated version on CPU
sklearn.linear_model.LogisticRegression.predict: running accelerated version on CPU
sklearn.metrics.roc_auc_score: running accelerated version on CPU
Trial 48 finished with value: 0.7506636716294544 and parameters: {'C': 0.3182805767186784}. Best is trial 23 with value: 0.7506636096716518.
sklearn.linear_model.LogisticRegression.fit: running accelerated version on CPU
sklearn.linear_model.LogisticRegression.predict: running accelerated version on CPU
sklearn.metrics.roc_auc_score: running accelerated version on CPU
Trial 49 finished with value: 0.7506636838543123 and parameters: {'C': 0.3777773966573232}. Best is trial 23 with value: 0.7506636096716518.
sklearn.linear_model.LogisticRegression.fit: running accelerated version on CPU
sklearn.linear_model.LogisticRegression.predict: running accelerated version on CPU
sklearn.metrics.roc_auc_score: running accelerated version on CPU
Trial 50 finished with value: 0.7506636830207992 and parameters: {'C': 0.6868815288511255}. Best is trial 23 with value: 0.7506636096716518.
sklearn.linear_model.LogisticRegression.fit: running accelerated version on CPU
sklearn.linear_model.LogisticRegression.predict: running accelerated version on CPU
sklearn.metrics.roc_auc_score: running accelerated version on CPU
Trial 51 finished with value: 0.7506636969126832 and parameters: {'C': 0.7761839784029452}. Best is trial 23 with value: 0.7506636096716518.
sklearn.linear_model.LogisticRegression.fit: running accelerated version on CPU
sklearn.linear_model.LogisticRegression.predict: running accelerated version on CPU
sklearn.metrics.roc_auc_score: running accelerated version on CPU
Trial 52 finished with value: 0.7506636702402659 and parameters: {'C': 0.6561070661253419}. Best is trial 23 with value: 0.7506636096716518.
sklearn.linear_model.LogisticRegression.fit: running accelerated version on CPU
sklearn.linear_model.LogisticRegression.predict: running accelerated version on CPU
sklearn.metrics.roc_auc_score: running accelerated version on CPU
Trial 53 finished with value: 0.750663664127837 and parameters: {'C': 0.6154900107635252}. Best is trial 23 with value: 0.7506636096716518.
sklearn.linear_model.LogisticRegression.fit: running accelerated version on CPU
sklearn.linear_model.LogisticRegression.predict: running accelerated version on CPU
sklearn.metrics.roc_auc_score: running accelerated version on CPU
Trial 54 finished with value: 0.7506636649613501 and parameters: {'C': 0.5985472873096732}. Best is trial 23 with value: 0.7506636096716518.
sklearn.linear_model.LogisticRegression.fit: running accelerated version on CPU
sklearn.linear_model.LogisticRegression.predict: running accelerated version on CPU
sklearn.metrics.roc_auc_score: running accelerated version on CPU
Trial 55 finished with value: 0.7506638038801898 and parameters: {'C': 0.22449245982103105}. Best is trial 23 with value: 0.7506636096716518.
sklearn.linear_model.LogisticRegression.fit: running accelerated version on CPU
sklearn.linear_model.LogisticRegression.predict: running accelerated version on CPU
sklearn.metrics.roc_auc_score: running accelerated version on CPU
Trial 56 finished with value: 0.7506636752413441 and parameters: {'C': 0.5422684999016926}. Best is trial 23 with value: 0.7506636096716518.
sklearn.linear_model.LogisticRegression.fit: running accelerated version on CPU
sklearn.linear_model.LogisticRegression.predict: running accelerated version on CPU
sklearn.metrics.roc_auc_score: running accelerated version on CPU
Trial 57 finished with value: 0.7506639197385022 and parameters: {'C': 0.13971285464358738}. Best is trial 23 with value: 0.7506636096716518.
sklearn.linear_model.LogisticRegression.fit: running accelerated version on CPU
sklearn.linear_model.LogisticRegression.predict: running accelerated version on CPU
sklearn.metrics.roc_auc_score: running accelerated version on CPU
