Trial 333 finished with value: 0.7482092631527495 and parameters: {'objective': 'binary:logistic', 'tree_method': 'gpu_hist', 'lambda': 0.03837053843472188, 'alpha': 5.362633299127777, 'colsample_bytree': 0.3527523170622324, 'subsample': 0.8756707770569963, 'learning_rate': 0.030913062156517974, 'max_depth': 11, 'min_child_weight': 281, 'eval_metric': 'logloss'}. Best is trial 306 with value: 0.7484596536647912.
start listen on 192.168.1.101:36883
@tracker All of 4 nodes getting started
@tracker All nodes finishes job
Trial 334 finished with value: 0.7484050688407323 and parameters: {'objective': 'binary:logistic', 'tree_method': 'gpu_hist', 'lambda': 1.8765305756740718, 'alpha': 0.075436985348845, 'colsample_bytree': 0.3166625681277168, 'subsample': 0.8572596808092376, 'learning_rate': 0.025332243599591554, 'max_depth': 11, 'min_child_weight': 248, 'eval_metric': 'logloss'}. Best is trial 306 with value: 0.7484596536647912.
start listen on 192.168.1.101:40595
@tracker All of 4 nodes getting started
@tracker All nodes finishes job
Trial 335 finished with value: 0.7483701411714283 and parameters: {'objective': 'binary:logistic', 'tree_method': 'gpu_hist', 'lambda': 1.2875740651235625, 'alpha': 0.08117878918286714, 'colsample_bytree': 0.30982388423969004, 'subsample': 0.8573674496456891, 'learning_rate': 0.021513628710107716, 'max_depth': 15, 'min_child_weight': 256, 'eval_metric': 'logloss'}. Best is trial 306 with value: 0.7484596536647912.
start listen on 192.168.1.101:36949
@tracker All of 4 nodes getting started
@tracker All nodes finishes job
Trial 336 finished with value: 0.7476954154225915 and parameters: {'objective': 'binary:logistic', 'tree_method': 'gpu_hist', 'lambda': 1.3863180706573646, 'alpha': 0.07688264504777445, 'colsample_bytree': 0.31414390120216934, 'subsample': 0.8838333698384777, 'learning_rate': 0.017973214691618007, 'max_depth': 15, 'min_child_weight': 252, 'eval_metric': 'logloss'}. Best is trial 306 with value: 0.7484596536647912.
start listen on 192.168.1.101:57837
@tracker All of 4 nodes getting started
@tracker All nodes finishes job
Trial 337 finished with value: 0.7476092140597761 and parameters: {'objective': 'binary:logistic', 'tree_method': 'gpu_hist', 'lambda': 1.3217779602402657, 'alpha': 0.09507835371240346, 'colsample_bytree': 0.6645727307043399, 'subsample': 0.8641663629734333, 'learning_rate': 0.020292416576893464, 'max_depth': 15, 'min_child_weight': 256, 'eval_metric': 'logloss'}. Best is trial 306 with value: 0.7484596536647912.
start listen on 192.168.1.101:51413
@tracker All of 4 nodes getting started
@tracker All nodes finishes job
Trial 338 finished with value: 0.7479654580883098 and parameters: {'objective': 'binary:logistic', 'tree_method': 'gpu_hist', 'lambda': 1.8404445115931352, 'alpha': 0.07940677536196257, 'colsample_bytree': 0.3121482905664342, 'subsample': 0.9146441401580719, 'learning_rate': 0.021775680149357053, 'max_depth': 15, 'min_child_weight': 257, 'eval_metric': 'logloss'}. Best is trial 306 with value: 0.7484596536647912.
start listen on 192.168.1.101:48497
@tracker All of 4 nodes getting started
@tracker All nodes finishes job
Trial 339 finished with value: 0.7478771769715431 and parameters: {'objective': 'binary:logistic', 'tree_method': 'gpu_hist', 'lambda': 1.7608901814387732, 'alpha': 0.07046186948024308, 'colsample_bytree': 0.300467190383404, 'subsample': 0.8589329496904652, 'learning_rate': 0.016776820652144326, 'max_depth': 15, 'min_child_weight': 242, 'eval_metric': 'logloss'}. Best is trial 306 with value: 0.7484596536647912.
start listen on 192.168.1.101:44329
@tracker All of 4 nodes getting started
@tracker All nodes finishes job
Trial 340 finished with value: 0.7482273019030201 and parameters: {'objective': 'binary:logistic', 'tree_method': 'gpu_hist', 'lambda': 1.6545991474874935, 'alpha': 0.06801730456869634, 'colsample_bytree': 0.32302031778861107, 'subsample': 0.8720838498042885, 'learning_rate': 0.023906514224577714, 'max_depth': 15, 'min_child_weight': 244, 'eval_metric': 'logloss'}. Best is trial 306 with value: 0.7484596536647912.
start listen on 192.168.1.101:51941
@tracker All of 4 nodes getting started
@tracker All nodes finishes job
Trial 341 finished with value: 0.745658300108853 and parameters: {'objective': 'binary:logistic', 'tree_method': 'gpu_hist', 'lambda': 1.1278443297747194, 'alpha': 0.08927152124663348, 'colsample_bytree': 0.314285646284318, 'subsample': 0.5496167606298902, 'learning_rate': 0.020133342319461685, 'max_depth': 7, 'min_child_weight': 253, 'eval_metric': 'logloss'}. Best is trial 306 with value: 0.7484596536647912.
start listen on 192.168.1.101:40585
@tracker All of 4 nodes getting started
@tracker All nodes finishes job
Trial 342 finished with value: 0.7369713501166882 and parameters: {'objective': 'binary:logistic', 'tree_method': 'gpu_hist', 'lambda': 1.928097973925687, 'alpha': 0.05597234947686851, 'colsample_bytree': 0.32668393461616363, 'subsample': 0.8472683759310784, 'learning_rate': 0.022438859918340638, 'max_depth': 3, 'min_child_weight': 250, 'eval_metric': 'logloss'}. Best is trial 306 with value: 0.7484596536647912.
start listen on 192.168.1.101:45201
@tracker All of 4 nodes getting started
@tracker All nodes finishes job
Trial 343 finished with value: 0.7410970947672699 and parameters: {'objective': 'binary:logistic', 'tree_method': 'gpu_hist', 'lambda': 2.200535740812562, 'alpha': 0.06213658068089744, 'colsample_bytree': 0.31191582256170214, 'subsample': 0.8576160848787823, 'learning_rate': 0.007362778505851253, 'max_depth': 15, 'min_child_weight': 262, 'eval_metric': 'logloss'}. Best is trial 306 with value: 0.7484596536647912.
start listen on 192.168.1.101:49665
@tracker All of 4 nodes getting started
@tracker All nodes finishes job
Trial 344 finished with value: 0.7444250030985639 and parameters: {'objective': 'binary:logistic', 'tree_method': 'gpu_hist', 'lambda': 1.5193170430719285, 'alpha': 0.07870319345783339, 'colsample_bytree': 0.3006367912808115, 'subsample': 0.8900501022985533, 'learning_rate': 0.02477736428805033, 'max_depth': 5, 'min_child_weight': 262, 'eval_metric': 'logloss'}. Best is trial 306 with value: 0.7484596536647912.
start listen on 192.168.1.101:32913
@tracker All of 4 nodes getting started
@tracker All nodes finishes job
Trial 345 finished with value: 0.7481328504281448 and parameters: {'objective': 'binary:logistic', 'tree_method': 'gpu_hist', 'lambda': 2.779251506142042, 'alpha': 2.6237192328074266, 'colsample_bytree': 0.37945375574874657, 'subsample': 0.8435468555457075, 'learning_rate': 0.028354743366663496, 'max_depth': 11, 'min_child_weight': 266, 'eval_metric': 'logloss'}. Best is trial 306 with value: 0.7484596536647912.
start listen on 192.168.1.101:47649
@tracker All of 4 nodes getting started
@tracker All nodes finishes job
Trial 346 finished with value: 0.7480692971427054 and parameters: {'objective': 'binary:logistic', 'tree_method': 'gpu_hist', 'lambda': 2.354509879871257, 'alpha': 0.10580760510543549, 'colsample_bytree': 0.32846328154553445, 'subsample': 0.9805614532829784, 'learning_rate': 0.02165921369013399, 'max_depth': 20, 'min_child_weight': 268, 'eval_metric': 'logloss'}. Best is trial 306 with value: 0.7484596536647912.
start listen on 192.168.1.101:36145
@tracker All of 4 nodes getting started
@tracker All nodes finishes job
Trial 347 finished with value: 0.7474872191465278 and parameters: {'objective': 'binary:logistic', 'tree_method': 'gpu_hist', 'lambda': 2.0970533389537445, 'alpha': 0.05309922597893036, 'colsample_bytree': 0.34084733590230387, 'subsample': 0.8777529102324841, 'learning_rate': 0.019013646022447612, 'max_depth': 11, 'min_child_weight': 272, 'eval_metric': 'logloss'}. Best is trial 306 with value: 0.7484596536647912.
start listen on 192.168.1.101:33473
@tracker All of 4 nodes getting started
@tracker All nodes finishes job
Trial 348 finished with value: 0.7476561137546966 and parameters: {'objective': 'binary:logistic', 'tree_method': 'gpu_hist', 'lambda': 2.6185194950708803, 'alpha': 0.024697689452879517, 'colsample_bytree': 0.592627448313447, 'subsample': 0.8613260088260161, 'learning_rate': 0.024651583204019636, 'max_depth': 11, 'min_child_weight': 247, 'eval_metric': 'logloss'}. Best is trial 306 with value: 0.7484596536647912.
start listen on 192.168.1.101:37459
@tracker All of 4 nodes getting started
@tracker All nodes finishes job
Trial 349 finished with value: 0.7481600792153456 and parameters: {'objective': 'binary:logistic', 'tree_method': 'gpu_hist', 'lambda': 3.1694469217277588, 'alpha': 0.09973754462316252, 'colsample_bytree': 0.3198084199985165, 'subsample': 0.8386753959926876, 'learning_rate': 0.028029750746850726, 'max_depth': 11, 'min_child_weight': 262, 'eval_metric': 'logloss'}. Best is trial 306 with value: 0.7484596536647912.
start listen on 192.168.1.101:43329
@tracker All of 4 nodes getting started
@tracker All nodes finishes job
Trial 350 finished with value: 0.7480382401690355 and parameters: {'objective': 'binary:logistic', 'tree_method': 'gpu_hist', 'lambda': 0.013950767898488871, 'alpha': 0.133448563294878, 'colsample_bytree': 0.36050200584945435, 'subsample': 0.8704581419354692, 'learning_rate': 0.023164629855658075, 'max_depth': 11, 'min_child_weight': 273, 'eval_metric': 'logloss'}. Best is trial 306 with value: 0.7484596536647912.
start listen on 192.168.1.101:60251
@tracker All of 4 nodes getting started
@tracker All nodes finishes job
Trial 351 finished with value: 0.7334293541002521 and parameters: {'objective': 'binary:logistic', 'tree_method': 'gpu_hist', 'lambda': 3.64388505675601, 'alpha': 3.5909374031755967, 'colsample_bytree': 0.31214547296688533, 'subsample': 0.8525554271772741, 'learning_rate': 0.0047164841014180605, 'max_depth': 9, 'min_child_weight': 258, 'eval_metric': 'logloss'}. Best is trial 306 with value: 0.7484596536647912.
start listen on 192.168.1.101:34885
@tracker All of 4 nodes getting started
@tracker All nodes finishes job
Trial 352 finished with value: 0.7460097708860502 and parameters: {'objective': 'binary:logistic', 'tree_method': 'gpu_hist', 'lambda': 2.7627020642203757, 'alpha': 0.06493312345291118, 'colsample_bytree': 0.33392155458915856, 'subsample': 0.8293616681431822, 'learning_rate': 0.03895903578882707, 'max_depth': 20, 'min_child_weight': 269, 'eval_metric': 'logloss'}. Best is trial 306 with value: 0.7484596536647912.
start listen on 192.168.1.101:40037
@tracker All of 4 nodes getting started
@tracker All nodes finishes job
Trial 353 finished with value: 0.7465813068871485 and parameters: {'objective': 'binary:logistic', 'tree_method': 'gpu_hist', 'lambda': 0.0020395856293069638, 'alpha': 2.1212982580462296, 'colsample_bytree': 0.34910457285969937, 'subsample': 0.815539663554451, 'learning_rate': 0.03080548835597962, 'max_depth': 11, 'min_child_weight': 82, 'eval_metric': 'logloss'}. Best is trial 306 with value: 0.7484596536647912.
start listen on 192.168.1.101:44777
@tracker All of 4 nodes getting started
@tracker All nodes finishes job
Trial 354 finished with value: 0.7481585691675565 and parameters: {'objective': 'binary:logistic', 'tree_method': 'gpu_hist', 'lambda': 2.1974933239858774, 'alpha': 0.047036654478426664, 'colsample_bytree': 0.3249898184604021, 'subsample': 0.8965175191416469, 'learning_rate': 0.02557552059373906, 'max_depth': 17, 'min_child_weight': 231, 'eval_metric': 'logloss'}. Best is trial 306 with value: 0.7484596536647912.
start listen on 192.168.1.101:39125
@tracker All of 4 nodes getting started
@tracker All nodes finishes job
Trial 355 finished with value: 0.7480849976110642 and parameters: {'objective': 'binary:logistic', 'tree_method': 'gpu_hist', 'lambda': 0.0011912266584954158, 'alpha': 0.03328518555677026, 'colsample_bytree': 0.31222981097831476, 'subsample': 0.8472882352920243, 'learning_rate': 0.021577652939756973, 'max_depth': 11, 'min_child_weight': 277, 'eval_metric': 'logloss'}. Best is trial 306 with value: 0.7484596536647912.
start listen on 192.168.1.101:54355
@tracker All of 4 nodes getting started
@tracker All nodes finishes job
Trial 356 finished with value: 0.7477333080366942 and parameters: {'objective': 'binary:logistic', 'tree_method': 'gpu_hist', 'lambda': 3.5054908959151736, 'alpha': 0.08130551952871681, 'colsample_bytree': 0.37181717517321106, 'subsample': 0.6955340717417606, 'learning_rate': 0.026480054006973154, 'max_depth': 15, 'min_child_weight': 285, 'eval_metric': 'logloss'}. Best is trial 306 with value: 0.7484596536647912.
start listen on 192.168.1.101:37111
@tracker All of 4 nodes getting started
@tracker All nodes finishes job
Trial 357 finished with value: 0.7480488442608362 and parameters: {'objective': 'binary:logistic', 'tree_method': 'gpu_hist', 'lambda': 8.760451117289186, 'alpha': 0.06058935836641097, 'colsample_bytree': 0.34324345100561116, 'subsample': 0.8674689989647693, 'learning_rate': 0.028839204649285407, 'max_depth': 11, 'min_child_weight': 267, 'eval_metric': 'logloss'}. Best is trial 306 with value: 0.7484596536647912.
start listen on 192.168.1.101:53375
@tracker All of 4 nodes getting started
@tracker All nodes finishes job
Trial 358 finished with value: 0.7476337728268754 and parameters: {'objective': 'binary:logistic', 'tree_method': 'gpu_hist', 'lambda': 0.02347292970682039, 'alpha': 0.03819661042767656, 'colsample_bytree': 0.3315025411239236, 'subsample': 0.8836720522240217, 'learning_rate': 0.033733876698396274, 'max_depth': 17, 'min_child_weight': 275, 'eval_metric': 'logloss'}. Best is trial 306 with value: 0.7484596536647912.
start listen on 192.168.1.101:54345
@tracker All of 4 nodes getting started
@tracker All nodes finishes job
Trial 359 finished with value: 0.7434806806134849 and parameters: {'objective': 'binary:logistic', 'tree_method': 'gpu_hist', 'lambda': 1.4962625147914572, 'alpha': 1.4761161777991536, 'colsample_bytree': 0.3001315630240976, 'subsample': 0.8342951761557779, 'learning_rate': 0.02316117843321699, 'max_depth': 13, 'min_child_weight': 4, 'eval_metric': 'logloss'}. Best is trial 306 with value: 0.7484596536647912.
start listen on 192.168.1.101:50603
@tracker All of 4 nodes getting started
@tracker All nodes finishes job
Trial 360 finished with value: 0.7476501941450939 and parameters: {'objective': 'binary:logistic', 'tree_method': 'gpu_hist', 'lambda': 4.284046581622654, 'alpha': 0.07285772849544898, 'colsample_bytree': 0.3180654305985718, 'subsample': 0.8562032779018152, 'learning_rate': 0.019208021012745186, 'max_depth': 11, 'min_child_weight': 282, 'eval_metric': 'logloss'}. Best is trial 306 with value: 0.7484596536647912.
start listen on 192.168.1.101:59175
@tracker All of 4 nodes getting started
@tracker All nodes finishes job
Trial 361 finished with value: 0.7480461989682883 and parameters: {'objective': 'binary:logistic', 'tree_method': 'gpu_hist', 'lambda': 3.0603323617526383, 'alpha': 0.02226583602973316, 'colsample_bytree': 0.35588973827566295, 'subsample': 0.8111616409387565, 'learning_rate': 0.025228475887985338, 'max_depth': 11, 'min_child_weight': 210, 'eval_metric': 'logloss'}. Best is trial 306 with value: 0.7484596536647912.
start listen on 192.168.1.101:38539
@tracker All of 4 nodes getting started
@tracker All nodes finishes job
Trial 362 finished with value: 0.7486883567232341 and parameters: {'objective': 'binary:logistic', 'tree_method': 'gpu_hist', 'lambda': 2.5058086065541505, 'alpha': 0.0011736111404269316, 'colsample_bytree': 0.3382779500282529, 'subsample': 0.8451317149919986, 'learning_rate': 0.020617833561526695, 'max_depth': 20, 'min_child_weight': 260, 'eval_metric': 'logloss'}. Best is trial 362 with value: 0.7486883567232341.
start listen on 192.168.1.101:39999
@tracker All of 4 nodes getting started
@tracker All nodes finishes job
Trial 363 finished with value: 0.7479810533951068 and parameters: {'objective': 'binary:logistic', 'tree_method': 'gpu_hist', 'lambda': 2.1270330852371697, 'alpha': 0.0018051513803369673, 'colsample_bytree': 0.3853196793557796, 'subsample': 0.8516669120592729, 'learning_rate': 0.02067487728598738, 'max_depth': 20, 'min_child_weight': 248, 'eval_metric': 'logloss'}. Best is trial 362 with value: 0.7486883567232341.
start listen on 192.168.1.101:56837
@tracker All of 4 nodes getting started
@tracker All nodes finishes job
Trial 364 finished with value: 0.7478992079714328 and parameters: {'objective': 'binary:logistic', 'tree_method': 'gpu_hist', 'lambda': 2.4547078099592765, 'alpha': 0.0023693150937888294, 'colsample_bytree': 0.3445958317175498, 'subsample': 0.8666207228270215, 'learning_rate': 0.01654567389170069, 'max_depth': 20, 'min_child_weight': 259, 'eval_metric': 'logloss'}. Best is trial 362 with value: 0.7486883567232341.
start listen on 192.168.1.101:50365
@tracker All of 4 nodes getting started
@tracker All nodes finishes job
Trial 365 finished with value: 0.7483999489868904 and parameters: {'objective': 'binary:logistic', 'tree_method': 'gpu_hist', 'lambda': 0.08648237036127607, 'alpha': 0.005075415431282748, 'colsample_bytree': 0.36779606414337185, 'subsample': 0.8421706900134562, 'learning_rate': 0.01904643998218164, 'max_depth': 17, 'min_child_weight': 262, 'eval_metric': 'logloss'}. Best is trial 362 with value: 0.7486883567232341.
start listen on 192.168.1.101:32975
@tracker All of 4 nodes getting started
@tracker All nodes finishes job
Trial 366 finished with value: 0.748056424923007 and parameters: {'objective': 'binary:logistic', 'tree_method': 'gpu_hist', 'lambda': 0.2095359451949416, 'alpha': 0.005996662002351836, 'colsample_bytree': 0.371725848894393, 'subsample': 0.8395535983272734, 'learning_rate': 0.018205874144810865, 'max_depth': 17, 'min_child_weight': 216, 'eval_metric': 'logloss'}. Best is trial 362 with value: 0.7486883567232341.
start listen on 192.168.1.101:44405
@tracker All of 4 nodes getting started
@tracker All nodes finishes job
Trial 367 finished with value: 0.725110834930764 and parameters: {'objective': 'binary:logistic', 'tree_method': 'gpu_hist', 'lambda': 0.13196807963495902, 'alpha': 0.0033826077853131424, 'colsample_bytree': 0.39365893180852685, 'subsample': 0.8458556291525976, 'learning_rate': 0.002152513183330168, 'max_depth': 20, 'min_child_weight': 253, 'eval_metric': 'logloss'}. Best is trial 362 with value: 0.7486883567232341.
start listen on 192.168.1.101:39473
@tracker All of 4 nodes getting started
@tracker All nodes finishes job
Trial 368 finished with value: 0.7484012206499503 and parameters: {'objective': 'binary:logistic', 'tree_method': 'gpu_hist', 'lambda': 2.6768437652717045, 'alpha': 0.002487251814682248, 'colsample_bytree': 0.36629477093549323, 'subsample': 0.8285975046413142, 'learning_rate': 0.019196974773409165, 'max_depth': 17, 'min_child_weight': 261, 'eval_metric': 'logloss'}. Best is trial 362 with value: 0.7486883567232341.
start listen on 192.168.1.101:45601
@tracker All of 4 nodes getting started
@tracker All nodes finishes job
Trial 369 finished with value: 0.7481453697939902 and parameters: {'objective': 'binary:logistic', 'tree_method': 'gpu_hist', 'lambda': 2.4756999053350626, 'alpha': 0.0023744720029715877, 'colsample_bytree': 0.379021351492973, 'subsample': 0.8282393556083427, 'learning_rate': 0.016920999713928308, 'max_depth': 17, 'min_child_weight': 247, 'eval_metric': 'logloss'}. Best is trial 362 with value: 0.7486883567232341.
start listen on 192.168.1.101:49295
@tracker All of 4 nodes getting started
@tracker All nodes finishes job
Trial 370 finished with value: 0.7476537235171385 and parameters: {'objective': 'binary:logistic', 'tree_method': 'gpu_hist', 'lambda': 1.9436781507373793, 'alpha': 0.001006035450311561, 'colsample_bytree': 0.3666944835700731, 'subsample': 0.8232489887654563, 'learning_rate': 0.014710855121264594, 'max_depth': 17, 'min_child_weight': 257, 'eval_metric': 'logloss'}. Best is trial 362 with value: 0.7486883567232341.
start listen on 192.168.1.101:56511
@tracker All of 4 nodes getting started
@tracker All nodes finishes job
Trial 371 finished with value: 0.748410861061759 and parameters: {'objective': 'binary:logistic', 'tree_method': 'gpu_hist', 'lambda': 1.70275838113205, 'alpha': 0.004301599956827996, 'colsample_bytree': 0.3617344437516897, 'subsample': 0.8354822897279057, 'learning_rate': 0.018677266758923984, 'max_depth': 17, 'min_child_weight': 254, 'eval_metric': 'logloss'}. Best is trial 362 with value: 0.7486883567232341.
start listen on 192.168.1.101:48471
@tracker All of 4 nodes getting started
@tracker All nodes finishes job
Trial 372 finished with value: 0.7483740734081086 and parameters: {'objective': 'binary:logistic', 'tree_method': 'gpu_hist', 'lambda': 0.08199413622863301, 'alpha': 0.0012629154624272576, 'colsample_bytree': 0.36057616054145736, 'subsample': 0.8333169982130643, 'learning_rate': 0.019835964406095103, 'max_depth': 17, 'min_child_weight': 235, 'eval_metric': 'logloss'}. Best is trial 362 with value: 0.7486883567232341.
start listen on 192.168.1.101:54477
@tracker All of 4 nodes getting started
@tracker All nodes finishes job
Trial 373 finished with value: 0.74813359100448 and parameters: {'objective': 'binary:logistic', 'tree_method': 'gpu_hist', 'lambda': 0.10294609654107895, 'alpha': 0.0017733113785756956, 'colsample_bytree': 0.3672368129427592, 'subsample': 0.8336183947629862, 'learning_rate': 0.01785223017613287, 'max_depth': 17, 'min_child_weight': 243, 'eval_metric': 'logloss'}. Best is trial 362 with value: 0.7486883567232341.
start listen on 192.168.1.101:46877
@tracker All of 4 nodes getting started
@tracker All nodes finishes job
