Trial 907 finished with value: 0.7480123775097056 and parameters: {'objective': 'binary:logistic', 'tree_method': 'gpu_hist', 'lambda': 0.003141067028941212, 'alpha': 0.07486930324327895, 'colsample_bytree': 0.3801975760158017, 'subsample': 0.7819274153702374, 'learning_rate': 0.02435874250850525, 'max_depth': 17, 'min_child_weight': 267, 'eval_metric': 'logloss'}. Best is trial 362 with value: 0.7486883567232341.
start listen on 192.168.1.101:48185
@tracker All of 4 nodes getting started
@tracker All nodes finishes job
Trial 908 finished with value: 0.7480664123540774 and parameters: {'objective': 'binary:logistic', 'tree_method': 'gpu_hist', 'lambda': 0.00613347079789671, 'alpha': 0.13188801908710127, 'colsample_bytree': 0.3125375949592245, 'subsample': 0.8382334605406752, 'learning_rate': 0.01999377026030314, 'max_depth': 17, 'min_child_weight': 292, 'eval_metric': 'logloss'}. Best is trial 362 with value: 0.7486883567232341.
start listen on 192.168.1.101:34883
@tracker All of 4 nodes getting started
@tracker All nodes finishes job
Trial 909 finished with value: 0.7093731288213997 and parameters: {'objective': 'binary:logistic', 'tree_method': 'gpu_hist', 'lambda': 0.057574309501429916, 'alpha': 0.0489049715072635, 'colsample_bytree': 0.32783610899771287, 'subsample': 0.9120218713730323, 'learning_rate': 0.0025903578551461693, 'max_depth': 5, 'min_child_weight': 277, 'eval_metric': 'logloss'}. Best is trial 362 with value: 0.7486883567232341.
start listen on 192.168.1.101:49873
@tracker All of 4 nodes getting started
@tracker All nodes finishes job
Trial 910 finished with value: 0.7481305429862153 and parameters: {'objective': 'binary:logistic', 'tree_method': 'gpu_hist', 'lambda': 1.487721339999933, 'alpha': 0.1690047129745917, 'colsample_bytree': 0.364144887571032, 'subsample': 0.8676224828008579, 'learning_rate': 0.022402503102755995, 'max_depth': 20, 'min_child_weight': 247, 'eval_metric': 'logloss'}. Best is trial 362 with value: 0.7486883567232341.
start listen on 192.168.1.101:58503
@tracker All of 4 nodes getting started
@tracker All nodes finishes job
Trial 911 finished with value: 0.7482063967014083 and parameters: {'objective': 'binary:logistic', 'tree_method': 'gpu_hist', 'lambda': 0.01124560822864378, 'alpha': 0.09870783228595637, 'colsample_bytree': 0.31247641745218124, 'subsample': 0.8927484957969211, 'learning_rate': 0.026910316934902485, 'max_depth': 17, 'min_child_weight': 260, 'eval_metric': 'logloss'}. Best is trial 362 with value: 0.7486883567232341.
start listen on 192.168.1.101:51537
@tracker All of 4 nodes getting started
@tracker All nodes finishes job
Trial 912 finished with value: 0.7482470415755657 and parameters: {'objective': 'binary:logistic', 'tree_method': 'gpu_hist', 'lambda': 0.1187093343732597, 'alpha': 0.0031380508675755577, 'colsample_bytree': 0.3417355729675088, 'subsample': 0.801702127441952, 'learning_rate': 0.018050271540332723, 'max_depth': 17, 'min_child_weight': 283, 'eval_metric': 'logloss'}. Best is trial 362 with value: 0.7486883567232341.
start listen on 192.168.1.101:34223
@tracker All of 4 nodes getting started
@tracker All nodes finishes job
Trial 913 finished with value: 0.7478006267172871 and parameters: {'objective': 'binary:logistic', 'tree_method': 'gpu_hist', 'lambda': 0.003978181248685728, 'alpha': 0.002396572887409262, 'colsample_bytree': 0.3263801557440794, 'subsample': 0.8385574416685769, 'learning_rate': 0.0211645233670382, 'max_depth': 11, 'min_child_weight': 271, 'eval_metric': 'logloss'}. Best is trial 362 with value: 0.7486883567232341.
start listen on 192.168.1.101:34121
@tracker All of 4 nodes getting started
@tracker All nodes finishes job
Trial 914 finished with value: 0.7461290666062406 and parameters: {'objective': 'binary:logistic', 'tree_method': 'gpu_hist', 'lambda': 0.023075279677659634, 'alpha': 0.7785043202275995, 'colsample_bytree': 0.9164614239321007, 'subsample': 0.8232198951026443, 'learning_rate': 0.034287316769358187, 'max_depth': 15, 'min_child_weight': 253, 'eval_metric': 'logloss'}. Best is trial 362 with value: 0.7486883567232341.
start listen on 192.168.1.101:52309
@tracker All of 4 nodes getting started
@tracker All nodes finishes job
Trial 915 finished with value: 0.7476268068805709 and parameters: {'objective': 'binary:logistic', 'tree_method': 'gpu_hist', 'lambda': 0.00490228047562963, 'alpha': 0.08404739592861912, 'colsample_bytree': 0.39416490181518415, 'subsample': 0.8545927852235252, 'learning_rate': 0.014907242192491208, 'max_depth': 17, 'min_child_weight': 267, 'eval_metric': 'logloss'}. Best is trial 362 with value: 0.7486883567232341.
start listen on 192.168.1.101:40541
@tracker All of 4 nodes getting started
@tracker All nodes finishes job
Trial 916 finished with value: 0.7480809609074164 and parameters: {'objective': 'binary:logistic', 'tree_method': 'gpu_hist', 'lambda': 3.571505963587086, 'alpha': 0.05888286076049004, 'colsample_bytree': 0.5412690377028035, 'subsample': 0.748451414064332, 'learning_rate': 0.024308365729500115, 'max_depth': 20, 'min_child_weight': 275, 'eval_metric': 'logloss'}. Best is trial 362 with value: 0.7486883567232341.
start listen on 192.168.1.101:57721
@tracker All of 4 nodes getting started
@tracker All nodes finishes job
Trial 917 finished with value: 0.7479487340659393 and parameters: {'objective': 'binary:logistic', 'tree_method': 'gpu_hist', 'lambda': 0.00882723368424835, 'alpha': 0.03634085184386071, 'colsample_bytree': 0.3001983287230985, 'subsample': 0.8477583403298874, 'learning_rate': 0.01873316386275866, 'max_depth': 17, 'min_child_weight': 234, 'eval_metric': 'logloss'}. Best is trial 362 with value: 0.7486883567232341.
start listen on 192.168.1.101:54217
@tracker All of 4 nodes getting started
@tracker All nodes finishes job
Trial 918 finished with value: 0.7475717045838337 and parameters: {'objective': 'binary:logistic', 'tree_method': 'gpu_hist', 'lambda': 0.013499264105098942, 'alpha': 0.0018936194209043988, 'colsample_bytree': 0.36025997705977947, 'subsample': 0.8803242528195497, 'learning_rate': 0.02873153695737509, 'max_depth': 17, 'min_child_weight': 261, 'eval_metric': 'logloss'}. Best is trial 362 with value: 0.7486883567232341.
start listen on 192.168.1.101:54029
@tracker All of 4 nodes getting started
@tracker All nodes finishes job
Trial 919 finished with value: 0.7478935788411242 and parameters: {'objective': 'binary:logistic', 'tree_method': 'gpu_hist', 'lambda': 2.180196996699303, 'alpha': 0.20511047923940706, 'colsample_bytree': 0.3348404985643787, 'subsample': 0.8118146931884688, 'learning_rate': 0.022644701829771623, 'max_depth': 17, 'min_child_weight': 171, 'eval_metric': 'logloss'}. Best is trial 362 with value: 0.7486883567232341.
start listen on 192.168.1.101:60915
@tracker All of 4 nodes getting started
@tracker All nodes finishes job
Trial 920 finished with value: 0.7480074249141468 and parameters: {'objective': 'binary:logistic', 'tree_method': 'gpu_hist', 'lambda': 0.003414405735098375, 'alpha': 0.06905016956015073, 'colsample_bytree': 0.6124791391891601, 'subsample': 0.8326033198165476, 'learning_rate': 0.016932928169095307, 'max_depth': 20, 'min_child_weight': 289, 'eval_metric': 'logloss'}. Best is trial 362 with value: 0.7486883567232341.
start listen on 192.168.1.101:55881
@tracker All of 4 nodes getting started
@tracker All nodes finishes job
Trial 921 finished with value: 0.7464527554214169 and parameters: {'objective': 'binary:logistic', 'tree_method': 'gpu_hist', 'lambda': 0.006015598437282593, 'alpha': 0.05397695513269795, 'colsample_bytree': 0.9474832738160328, 'subsample': 0.8636037175396126, 'learning_rate': 0.020287033444046577, 'max_depth': 9, 'min_child_weight': 279, 'eval_metric': 'logloss'}. Best is trial 362 with value: 0.7486883567232341.
start listen on 192.168.1.101:52449
@tracker All of 4 nodes getting started
@tracker All nodes finishes job
Trial 922 finished with value: 0.7478892092879361 and parameters: {'objective': 'binary:logistic', 'tree_method': 'gpu_hist', 'lambda': 0.002820264293075777, 'alpha': 0.044534501588368997, 'colsample_bytree': 0.30005791753740907, 'subsample': 0.7921077421485809, 'learning_rate': 0.02539691275811644, 'max_depth': 11, 'min_child_weight': 252, 'eval_metric': 'logloss'}. Best is trial 362 with value: 0.7486883567232341.
start listen on 192.168.1.101:53901
@tracker All of 4 nodes getting started
@tracker All nodes finishes job
Trial 923 finished with value: 0.7481964149660102 and parameters: {'objective': 'binary:logistic', 'tree_method': 'gpu_hist', 'lambda': 2.5992935849178918, 'alpha': 0.007596877658732241, 'colsample_bytree': 0.3486141779408962, 'subsample': 0.7703635783494391, 'learning_rate': 0.0217027849345775, 'max_depth': 17, 'min_child_weight': 244, 'eval_metric': 'logloss'}. Best is trial 362 with value: 0.7486883567232341.
start listen on 192.168.1.101:45117
@tracker All of 4 nodes getting started
@tracker All nodes finishes job
Trial 924 finished with value: 0.74829955303594 and parameters: {'objective': 'binary:logistic', 'tree_method': 'gpu_hist', 'lambda': 0.004251732119588398, 'alpha': 0.08975604029321287, 'colsample_bytree': 0.3219138869531666, 'subsample': 0.8415122425122294, 'learning_rate': 0.019403864183358474, 'max_depth': 17, 'min_child_weight': 266, 'eval_metric': 'logloss'}. Best is trial 362 with value: 0.7486883567232341.
start listen on 192.168.1.101:60663
@tracker All of 4 nodes getting started
@tracker All nodes finishes job
Trial 925 finished with value: 0.7469553083553022 and parameters: {'objective': 'binary:logistic', 'tree_method': 'gpu_hist', 'lambda': 0.00196971871300732, 'alpha': 0.020210520466197045, 'colsample_bytree': 0.37421648942409313, 'subsample': 0.460237225767259, 'learning_rate': 0.023118646587796086, 'max_depth': 17, 'min_child_weight': 259, 'eval_metric': 'logloss'}. Best is trial 362 with value: 0.7486883567232341.
start listen on 192.168.1.101:55531
@tracker All of 4 nodes getting started
@tracker All nodes finishes job
Trial 926 finished with value: 0.7476303295845114 and parameters: {'objective': 'binary:logistic', 'tree_method': 'gpu_hist', 'lambda': 0.0013328768118910932, 'alpha': 0.06512543811642237, 'colsample_bytree': 0.3151951473579425, 'subsample': 0.8205496000018515, 'learning_rate': 0.01746717302733717, 'max_depth': 13, 'min_child_weight': 270, 'eval_metric': 'logloss'}. Best is trial 362 with value: 0.7486883567232341.
start listen on 192.168.1.101:59553
@tracker All of 4 nodes getting started
@tracker All nodes finishes job
Trial 927 finished with value: 0.7478156600973769 and parameters: {'objective': 'binary:logistic', 'tree_method': 'gpu_hist', 'lambda': 5.817627405645639, 'alpha': 0.003852877077273744, 'colsample_bytree': 0.33894762874700196, 'subsample': 0.875101805892212, 'learning_rate': 0.025505645004017623, 'max_depth': 20, 'min_child_weight': 281, 'eval_metric': 'logloss'}. Best is trial 362 with value: 0.7486883567232341.
start listen on 192.168.1.101:54171
@tracker All of 4 nodes getting started
@tracker All nodes finishes job
Trial 928 finished with value: 0.7481288433142099 and parameters: {'objective': 'binary:logistic', 'tree_method': 'gpu_hist', 'lambda': 0.007047161086289802, 'alpha': 0.5034999185786455, 'colsample_bytree': 0.3140829030073709, 'subsample': 0.8570568381224425, 'learning_rate': 0.020382186161926164, 'max_depth': 17, 'min_child_weight': 275, 'eval_metric': 'logloss'}. Best is trial 362 with value: 0.7486883567232341.
start listen on 192.168.1.101:43327
@tracker All of 4 nodes getting started
@tracker All nodes finishes job
Trial 929 finished with value: 0.7479289261842434 and parameters: {'objective': 'binary:logistic', 'tree_method': 'gpu_hist', 'lambda': 0.07257173354481679, 'alpha': 0.00150265454160983, 'colsample_bytree': 0.3555227373003042, 'subsample': 0.8281911782636895, 'learning_rate': 0.02816657125757398, 'max_depth': 17, 'min_child_weight': 263, 'eval_metric': 'logloss'}. Best is trial 362 with value: 0.7486883567232341.
start listen on 192.168.1.101:59015
@tracker All of 4 nodes getting started
@tracker All nodes finishes job
Trial 930 finished with value: 0.7369566352774982 and parameters: {'objective': 'binary:logistic', 'tree_method': 'gpu_hist', 'lambda': 0.005259063140155873, 'alpha': 0.12136317744687648, 'colsample_bytree': 0.32551709987560634, 'subsample': 0.8458752103246715, 'learning_rate': 0.022514953070371282, 'max_depth': 3, 'min_child_weight': 255, 'eval_metric': 'logloss'}. Best is trial 362 with value: 0.7486883567232341.
start listen on 192.168.1.101:53533
@tracker All of 4 nodes getting started
@tracker All nodes finishes job
Trial 931 finished with value: 0.7474441868131891 and parameters: {'objective': 'binary:logistic', 'tree_method': 'gpu_hist', 'lambda': 0.0038448554953671716, 'alpha': 0.07817937391122748, 'colsample_bytree': 0.3326290574772046, 'subsample': 0.8688357344860129, 'learning_rate': 0.018485766240993906, 'max_depth': 11, 'min_child_weight': 270, 'eval_metric': 'logloss'}. Best is trial 362 with value: 0.7486883567232341.
start listen on 192.168.1.101:34419
@tracker All of 4 nodes getting started
@tracker All nodes finishes job
Trial 932 finished with value: 0.7480290544385895 and parameters: {'objective': 'binary:logistic', 'tree_method': 'gpu_hist', 'lambda': 3.1314062065595865, 'alpha': 0.0528608202403086, 'colsample_bytree': 0.3123456292329334, 'subsample': 0.8013507862504706, 'learning_rate': 0.02068419998235027, 'max_depth': 17, 'min_child_weight': 287, 'eval_metric': 'logloss'}. Best is trial 362 with value: 0.7486883567232341.
start listen on 192.168.1.101:48693
@tracker All of 4 nodes getting started
@tracker All nodes finishes job
Trial 933 finished with value: 0.7474356783120872 and parameters: {'objective': 'binary:logistic', 'tree_method': 'gpu_hist', 'lambda': 1.79264887949695, 'alpha': 0.0011962781221963035, 'colsample_bytree': 0.8386201551563052, 'subsample': 0.8115906765648468, 'learning_rate': 0.015300309705260312, 'max_depth': 20, 'min_child_weight': 245, 'eval_metric': 'logloss'}. Best is trial 362 with value: 0.7486883567232341.
start listen on 192.168.1.101:41143
@tracker All of 4 nodes getting started
@tracker All nodes finishes job
Trial 934 finished with value: 0.747822831921402 and parameters: {'objective': 'binary:logistic', 'tree_method': 'gpu_hist', 'lambda': 0.0996759239340056, 'alpha': 0.00304379918797589, 'colsample_bytree': 0.7365098443236744, 'subsample': 0.834838274757942, 'learning_rate': 0.023948921390748782, 'max_depth': 17, 'min_child_weight': 295, 'eval_metric': 'logloss'}. Best is trial 362 with value: 0.7486883567232341.
start listen on 192.168.1.101:38257
@tracker All of 4 nodes getting started
@tracker All nodes finishes job
Trial 935 finished with value: 0.7470076849254832 and parameters: {'objective': 'binary:logistic', 'tree_method': 'gpu_hist', 'lambda': 0.004562748784674971, 'alpha': 0.03949610781896123, 'colsample_bytree': 0.3462059545718614, 'subsample': 0.7855924542659025, 'learning_rate': 0.025715286650024455, 'max_depth': 7, 'min_child_weight': 263, 'eval_metric': 'logloss'}. Best is trial 362 with value: 0.7486883567232341.
start listen on 192.168.1.101:35437
@tracker All of 4 nodes getting started
@tracker All nodes finishes job
Trial 936 finished with value: 0.748282272643616 and parameters: {'objective': 'binary:logistic', 'tree_method': 'gpu_hist', 'lambda': 3.879334695189157, 'alpha': 0.08010465879130514, 'colsample_bytree': 0.37210763827879767, 'subsample': 0.8548348266335306, 'learning_rate': 0.021920662519576195, 'max_depth': 17, 'min_child_weight': 274, 'eval_metric': 'logloss'}. Best is trial 362 with value: 0.7486883567232341.
start listen on 192.168.1.101:35693
@tracker All of 4 nodes getting started
@tracker All nodes finishes job
Trial 937 finished with value: 0.7400947724162926 and parameters: {'objective': 'binary:logistic', 'tree_method': 'gpu_hist', 'lambda': 0.006335372892589621, 'alpha': 0.10734720404182488, 'colsample_bytree': 0.9759372804941548, 'subsample': 0.8204680100893321, 'learning_rate': 0.01676633559891969, 'max_depth': 5, 'min_child_weight': 251, 'eval_metric': 'logloss'}. Best is trial 362 with value: 0.7486883567232341.
start listen on 192.168.1.101:57841
@tracker All of 4 nodes getting started
@tracker All nodes finishes job
Trial 938 finished with value: 0.7476209261682432 and parameters: {'objective': 'binary:logistic', 'tree_method': 'gpu_hist', 'lambda': 7.470645224928668, 'alpha': 0.024916134506739445, 'colsample_bytree': 0.4074387788741981, 'subsample': 0.5935789013758241, 'learning_rate': 0.018916015336834794, 'max_depth': 17, 'min_child_weight': 239, 'eval_metric': 'logloss'}. Best is trial 362 with value: 0.7486883567232341.
start listen on 192.168.1.101:58787
@tracker All of 4 nodes getting started
@tracker All nodes finishes job
Trial 939 finished with value: 0.7471713393760948 and parameters: {'objective': 'binary:logistic', 'tree_method': 'gpu_hist', 'lambda': 0.003158462843852703, 'alpha': 0.06373907269607985, 'colsample_bytree': 0.32459066105510515, 'subsample': 0.8859034065177839, 'learning_rate': 0.0317374174709363, 'max_depth': 20, 'min_child_weight': 267, 'eval_metric': 'logloss'}. Best is trial 362 with value: 0.7486883567232341.
start listen on 192.168.1.101:37505
@tracker All of 4 nodes getting started
@tracker All nodes finishes job
Trial 940 finished with value: 0.7476899336851719 and parameters: {'objective': 'binary:logistic', 'tree_method': 'gpu_hist', 'lambda': 4.797000012732264, 'alpha': 0.005134444154044714, 'colsample_bytree': 0.30057009583145883, 'subsample': 0.8435867610226097, 'learning_rate': 0.020195338864143916, 'max_depth': 11, 'min_child_weight': 282, 'eval_metric': 'logloss'}. Best is trial 362 with value: 0.7486883567232341.
start listen on 192.168.1.101:59063
@tracker All of 4 nodes getting started
@tracker All nodes finishes job
Trial 941 finished with value: 0.7481370670316901 and parameters: {'objective': 'binary:logistic', 'tree_method': 'gpu_hist', 'lambda': 0.007938772510405192, 'alpha': 0.048522862301159354, 'colsample_bytree': 0.35825047409354754, 'subsample': 0.86490022033703, 'learning_rate': 0.024447874867405493, 'max_depth': 17, 'min_child_weight': 257, 'eval_metric': 'logloss'}. Best is trial 362 with value: 0.7486883567232341.
start listen on 192.168.1.101:48595
@tracker All of 4 nodes getting started
@tracker All nodes finishes job
Trial 942 finished with value: 0.7481529501783232 and parameters: {'objective': 'binary:logistic', 'tree_method': 'gpu_hist', 'lambda': 0.005256290190092171, 'alpha': 0.0975875175311641, 'colsample_bytree': 0.34130166031825154, 'subsample': 0.832668913388038, 'learning_rate': 0.02210628149516623, 'max_depth': 17, 'min_child_weight': 276, 'eval_metric': 'logloss'}. Best is trial 362 with value: 0.7486883567232341.
start listen on 192.168.1.101:34211
@tracker All of 4 nodes getting started
@tracker All nodes finishes job
Trial 943 finished with value: 0.7478009067776682 and parameters: {'objective': 'binary:logistic', 'tree_method': 'gpu_hist', 'lambda': 0.0026677360677772534, 'alpha': 0.001028954188060681, 'colsample_bytree': 0.3861133687818375, 'subsample': 0.8047213678966287, 'learning_rate': 0.01816500401225746, 'max_depth': 17, 'min_child_weight': 261, 'eval_metric': 'logloss'}. Best is trial 362 with value: 0.7486883567232341.
start listen on 192.168.1.101:38421
@tracker All of 4 nodes getting started
@tracker All nodes finishes job
Trial 944 finished with value: 0.7477623652736647 and parameters: {'objective': 'binary:logistic', 'tree_method': 'gpu_hist', 'lambda': 0.04766283709965519, 'alpha': 1.8145065851206463, 'colsample_bytree': 0.31527557527618966, 'subsample': 0.7632499425707223, 'learning_rate': 0.027625965019781998, 'max_depth': 20, 'min_child_weight': 286, 'eval_metric': 'logloss'}. Best is trial 362 with value: 0.7486883567232341.
start listen on 192.168.1.101:53033
@tracker All of 4 nodes getting started
@tracker All nodes finishes job
Trial 945 finished with value: 0.747990927607323 and parameters: {'objective': 'binary:logistic', 'tree_method': 'gpu_hist', 'lambda': 2.483508021020438, 'alpha': 0.07440775319416447, 'colsample_bytree': 0.3313169407914334, 'subsample': 0.8968919697065652, 'learning_rate': 0.023498309376408826, 'max_depth': 17, 'min_child_weight': 270, 'eval_metric': 'logloss'}. Best is trial 362 with value: 0.7486883567232341.
start listen on 192.168.1.101:58161
@tracker All of 4 nodes getting started
@tracker All nodes finishes job
Trial 946 finished with value: 0.7480167558147806 and parameters: {'objective': 'binary:logistic', 'tree_method': 'gpu_hist', 'lambda': 0.0037597603125466244, 'alpha': 0.056151153196695766, 'colsample_bytree': 0.3110555368681403, 'subsample': 0.8520674978030321, 'learning_rate': 0.019512566428786304, 'max_depth': 15, 'min_child_weight': 247, 'eval_metric': 'logloss'}. Best is trial 362 with value: 0.7486883567232341.
start listen on 192.168.1.101:44943
@tracker All of 4 nodes getting started
@tracker All nodes finishes job
Trial 947 finished with value: 0.7480724239279524 and parameters: {'objective': 'binary:logistic', 'tree_method': 'gpu_hist', 'lambda': 0.004579240763358118, 'alpha': 0.0022209663214533483, 'colsample_bytree': 0.300062740151446, 'subsample': 0.8211013411501784, 'learning_rate': 0.02132076223519796, 'max_depth': 17, 'min_child_weight': 278, 'eval_metric': 'logloss'}. Best is trial 362 with value: 0.7486883567232341.
start listen on 192.168.1.101:54253
@tracker All of 4 nodes getting started
@tracker All nodes finishes job
