Trial 866 finished with value: 0.7482520554343328 and parameters: {'objective': 'binary:logistic', 'tree_method': 'gpu_hist', 'lambda': 0.005043993828722084, 'alpha': 0.08382128192306781, 'colsample_bytree': 0.32337175646264654, 'subsample': 0.8127375316483295, 'learning_rate': 0.019186857855349775, 'max_depth': 17, 'min_child_weight': 269, 'eval_metric': 'logloss'}. Best is trial 362 with value: 0.7486883567232341.
start listen on 192.168.1.101:40335
@tracker All of 4 nodes getting started
@tracker All nodes finishes job
Trial 867 finished with value: 0.7483400892755645 and parameters: {'objective': 'binary:logistic', 'tree_method': 'gpu_hist', 'lambda': 0.07162467942578717, 'alpha': 0.06456419984869126, 'colsample_bytree': 0.3402151826890346, 'subsample': 0.7921336251122962, 'learning_rate': 0.024554305569044477, 'max_depth': 17, 'min_child_weight': 259, 'eval_metric': 'logloss'}. Best is trial 362 with value: 0.7486883567232341.
start listen on 192.168.1.101:40547
@tracker All of 4 nodes getting started
@tracker All nodes finishes job
Trial 868 finished with value: 0.7352915764292368 and parameters: {'objective': 'binary:logistic', 'tree_method': 'gpu_hist', 'lambda': 0.2624873802286018, 'alpha': 0.10676996501164937, 'colsample_bytree': 0.8033504572100949, 'subsample': 0.8261102954789245, 'learning_rate': 0.020407250478792844, 'max_depth': 3, 'min_child_weight': 246, 'eval_metric': 'logloss'}. Best is trial 362 with value: 0.7486883567232341.
start listen on 192.168.1.101:53187
@tracker All of 4 nodes getting started
@tracker All nodes finishes job
Trial 869 finished with value: 0.7478450351806529 and parameters: {'objective': 'binary:logistic', 'tree_method': 'gpu_hist', 'lambda': 4.890996679011923, 'alpha': 0.004289567652126511, 'colsample_bytree': 0.3684739816158213, 'subsample': 0.8947546332917984, 'learning_rate': 0.01568257356195859, 'max_depth': 20, 'min_child_weight': 280, 'eval_metric': 'logloss'}. Best is trial 362 with value: 0.7486883567232341.
start listen on 192.168.1.101:39975
@tracker All of 4 nodes getting started
@tracker All nodes finishes job
Trial 870 finished with value: 0.748128780800732 and parameters: {'objective': 'binary:logistic', 'tree_method': 'gpu_hist', 'lambda': 1.9696882008696661, 'alpha': 0.0017773529319012387, 'colsample_bytree': 0.3120757966872696, 'subsample': 0.8825948289169486, 'learning_rate': 0.022359413294191156, 'max_depth': 17, 'min_child_weight': 263, 'eval_metric': 'logloss'}. Best is trial 362 with value: 0.7486883567232341.
start listen on 192.168.1.101:52895
@tracker All of 4 nodes getting started
@tracker All nodes finishes job
Trial 871 finished with value: 0.7477054377222909 and parameters: {'objective': 'binary:logistic', 'tree_method': 'gpu_hist', 'lambda': 0.003229566796218849, 'alpha': 0.002655320196817598, 'colsample_bytree': 0.30042258851910564, 'subsample': 0.8517312884487023, 'learning_rate': 0.018823836709521133, 'max_depth': 11, 'min_child_weight': 271, 'eval_metric': 'logloss'}. Best is trial 362 with value: 0.7486883567232341.
start listen on 192.168.1.101:53967
@tracker All of 4 nodes getting started
@tracker All nodes finishes job
Trial 872 finished with value: 0.7479031622962087 and parameters: {'objective': 'binary:logistic', 'tree_method': 'gpu_hist', 'lambda': 0.0020822371735206954, 'alpha': 0.07723696597661267, 'colsample_bytree': 0.34911546108045627, 'subsample': 0.8389941863859864, 'learning_rate': 0.024855905890582747, 'max_depth': 17, 'min_child_weight': 250, 'eval_metric': 'logloss'}. Best is trial 362 with value: 0.7486883567232341.
start listen on 192.168.1.101:41307
@tracker All of 4 nodes getting started
@tracker All nodes finishes job
Trial 873 finished with value: 0.7468045590481542 and parameters: {'objective': 'binary:logistic', 'tree_method': 'gpu_hist', 'lambda': 1.1750413727110238, 'alpha': 0.054535141024316405, 'colsample_bytree': 0.3265362325936807, 'subsample': 0.5691928401865101, 'learning_rate': 0.02834588677719612, 'max_depth': 7, 'min_child_weight': 283, 'eval_metric': 'logloss'}. Best is trial 362 with value: 0.7486883567232341.
start listen on 192.168.1.101:46927
@tracker All of 4 nodes getting started
@tracker All nodes finishes job
Trial 874 finished with value: 0.7428472577973498 and parameters: {'objective': 'binary:logistic', 'tree_method': 'gpu_hist', 'lambda': 0.10203048163390448, 'alpha': 0.013268992192903098, 'colsample_bytree': 0.3140896152500657, 'subsample': 0.8620893924875878, 'learning_rate': 0.020660614506542628, 'max_depth': 5, 'min_child_weight': 257, 'eval_metric': 'logloss'}. Best is trial 362 with value: 0.7486883567232341.
start listen on 192.168.1.101:34189
@tracker All of 4 nodes getting started
@tracker All nodes finishes job
Trial 875 finished with value: 0.7480739036914341 and parameters: {'objective': 'binary:logistic', 'tree_method': 'gpu_hist', 'lambda': 0.006092570164640632, 'alpha': 0.03938367698306677, 'colsample_bytree': 0.4179938289774327, 'subsample': 0.8204175069625174, 'learning_rate': 0.017518236452677555, 'max_depth': 17, 'min_child_weight': 276, 'eval_metric': 'logloss'}. Best is trial 362 with value: 0.7486883567232341.
start listen on 192.168.1.101:44563
@tracker All of 4 nodes getting started
@tracker All nodes finishes job
Trial 876 finished with value: 0.7473516168550804 and parameters: {'objective': 'binary:logistic', 'tree_method': 'gpu_hist', 'lambda': 0.004179663648338694, 'alpha': 0.005006389436408768, 'colsample_bytree': 0.3360124169071176, 'subsample': 0.8731239539384272, 'learning_rate': 0.014208427129769328, 'max_depth': 20, 'min_child_weight': 267, 'eval_metric': 'logloss'}. Best is trial 362 with value: 0.7486883567232341.
start listen on 192.168.1.101:37099
@tracker All of 4 nodes getting started
@tracker All nodes finishes job
Trial 877 finished with value: 0.7482668697394123 and parameters: {'objective': 'binary:logistic', 'tree_method': 'gpu_hist', 'lambda': 0.14499943064139745, 'alpha': 0.0989247142786501, 'colsample_bytree': 0.3638650543252524, 'subsample': 0.8413065309218355, 'learning_rate': 0.02299124751766625, 'max_depth': 17, 'min_child_weight': 294, 'eval_metric': 'logloss'}. Best is trial 362 with value: 0.7486883567232341.
start listen on 192.168.1.101:54971
@tracker All of 4 nodes getting started
@tracker All nodes finishes job
Trial 878 finished with value: 0.7476455432812552 and parameters: {'objective': 'binary:logistic', 'tree_method': 'gpu_hist', 'lambda': 0.005401161786742791, 'alpha': 0.001014051740105942, 'colsample_bytree': 0.3488503765125681, 'subsample': 0.8059543922421291, 'learning_rate': 0.027326511637890967, 'max_depth': 17, 'min_child_weight': 288, 'eval_metric': 'logloss'}. Best is trial 362 with value: 0.7486883567232341.
start listen on 192.168.1.101:56535
@tracker All of 4 nodes getting started
@tracker All nodes finishes job
Trial 879 finished with value: 0.7478621191417376 and parameters: {'objective': 'binary:logistic', 'tree_method': 'gpu_hist', 'lambda': 8.07498563547568, 'alpha': 0.07001091762483885, 'colsample_bytree': 0.31202713618652755, 'subsample': 0.7712523804404859, 'learning_rate': 0.019657966170469922, 'max_depth': 11, 'min_child_weight': 273, 'eval_metric': 'logloss'}. Best is trial 362 with value: 0.7486883567232341.
start listen on 192.168.1.101:44575
@tracker All of 4 nodes getting started
@tracker All nodes finishes job
Trial 880 finished with value: 0.7482253356457611 and parameters: {'objective': 'binary:logistic', 'tree_method': 'gpu_hist', 'lambda': 0.00994053670980889, 'alpha': 0.1424611500951271, 'colsample_bytree': 0.38011459079956605, 'subsample': 0.8550959185015792, 'learning_rate': 0.0220018777895746, 'max_depth': 17, 'min_child_weight': 262, 'eval_metric': 'logloss'}. Best is trial 362 with value: 0.7486883567232341.
start listen on 192.168.1.101:39273
@tracker All of 4 nodes getting started
@tracker All nodes finishes job
Trial 881 finished with value: 0.7479909762289167 and parameters: {'objective': 'binary:logistic', 'tree_method': 'gpu_hist', 'lambda': 0.0071197500517679955, 'alpha': 0.047010924808313106, 'colsample_bytree': 0.3256269788609631, 'subsample': 0.8280393630186426, 'learning_rate': 0.02496255315155282, 'max_depth': 20, 'min_child_weight': 227, 'eval_metric': 'logloss'}. Best is trial 362 with value: 0.7486883567232341.
start listen on 192.168.1.101:56889
@tracker All of 4 nodes getting started
@tracker All nodes finishes job
Trial 882 finished with value: 0.7475176408443431 and parameters: {'objective': 'binary:logistic', 'tree_method': 'gpu_hist', 'lambda': 3.395019353047043, 'alpha': 0.06154605260435029, 'colsample_bytree': 0.33691522911924215, 'subsample': 0.7845502870892672, 'learning_rate': 0.016069161021386048, 'max_depth': 17, 'min_child_weight': 250, 'eval_metric': 'logloss'}. Best is trial 362 with value: 0.7486883567232341.
start listen on 192.168.1.101:47177
@tracker All of 4 nodes getting started
@tracker All nodes finishes job
Trial 883 finished with value: 0.7480181256934602 and parameters: {'objective': 'binary:logistic', 'tree_method': 'gpu_hist', 'lambda': 0.004567042134377825, 'alpha': 0.0859370103862129, 'colsample_bytree': 0.30060838875093165, 'subsample': 0.7065853340379425, 'learning_rate': 0.02341312598993847, 'max_depth': 15, 'min_child_weight': 254, 'eval_metric': 'logloss'}. Best is trial 362 with value: 0.7486883567232341.
start listen on 192.168.1.101:48895
@tracker All of 4 nodes getting started
@tracker All nodes finishes job
Trial 884 finished with value: 0.7482496772827136 and parameters: {'objective': 'binary:logistic', 'tree_method': 'gpu_hist', 'lambda': 2.124761869330926, 'alpha': 0.003432109145985847, 'colsample_bytree': 0.3563488520771364, 'subsample': 0.8474038360849095, 'learning_rate': 0.018650613439271452, 'max_depth': 17, 'min_child_weight': 266, 'eval_metric': 'logloss'}. Best is trial 362 with value: 0.7486883567232341.
start listen on 192.168.1.101:36999
@tracker All of 4 nodes getting started
@tracker All nodes finishes job
Trial 885 finished with value: 0.748220591567381 and parameters: {'objective': 'binary:logistic', 'tree_method': 'gpu_hist', 'lambda': 0.003584477971693974, 'alpha': 0.11275442577354118, 'colsample_bytree': 0.3243122075390814, 'subsample': 0.8639044934342618, 'learning_rate': 0.021096581227655908, 'max_depth': 17, 'min_child_weight': 277, 'eval_metric': 'logloss'}. Best is trial 362 with value: 0.7486883567232341.
start listen on 192.168.1.101:58177
@tracker All of 4 nodes getting started
@tracker All nodes finishes job
Trial 886 finished with value: 0.7422501710097169 and parameters: {'objective': 'binary:logistic', 'tree_method': 'gpu_hist', 'lambda': 0.008783795731958286, 'alpha': 0.010532565806616382, 'colsample_bytree': 0.30014684350035853, 'subsample': 0.8138506049064215, 'learning_rate': 0.007689144118415378, 'max_depth': 20, 'min_child_weight': 238, 'eval_metric': 'logloss'}. Best is trial 362 with value: 0.7486883567232341.
start listen on 192.168.1.101:46683
@tracker All of 4 nodes getting started
@tracker All nodes finishes job
Trial 887 finished with value: 0.748111592233761 and parameters: {'objective': 'binary:logistic', 'tree_method': 'gpu_hist', 'lambda': 2.5079780638526583, 'alpha': 0.053359676480281566, 'colsample_bytree': 0.33917333144808104, 'subsample': 0.8348483657413681, 'learning_rate': 0.02658706444680101, 'max_depth': 17, 'min_child_weight': 284, 'eval_metric': 'logloss'}. Best is trial 362 with value: 0.7486883567232341.
start listen on 192.168.1.101:43999
@tracker All of 4 nodes getting started
@tracker All nodes finishes job
Trial 888 finished with value: 0.7480542297274999 and parameters: {'objective': 'binary:logistic', 'tree_method': 'gpu_hist', 'lambda': 0.0027861596897369896, 'alpha': 0.002113962526605517, 'colsample_bytree': 0.3153567558859434, 'subsample': 0.8845735323834625, 'learning_rate': 0.031092124992165297, 'max_depth': 11, 'min_child_weight': 271, 'eval_metric': 'logloss'}. Best is trial 362 with value: 0.7486883567232341.
start listen on 192.168.1.101:49819
@tracker All of 4 nodes getting started
@tracker All nodes finishes job
Trial 889 finished with value: 0.7464114017833388 and parameters: {'objective': 'binary:logistic', 'tree_method': 'gpu_hist', 'lambda': 0.005823272497959121, 'alpha': 0.06863132862888603, 'colsample_bytree': 0.3883587076370654, 'subsample': 0.7992787421339844, 'learning_rate': 0.017275913851935446, 'max_depth': 9, 'min_child_weight': 257, 'eval_metric': 'logloss'}. Best is trial 362 with value: 0.7486883567232341.
start listen on 192.168.1.101:39613
@tracker All of 4 nodes getting started
@tracker All nodes finishes job
Trial 890 finished with value: 0.7482561725719887 and parameters: {'objective': 'binary:logistic', 'tree_method': 'gpu_hist', 'lambda': 1.6670247216278733, 'alpha': 0.08612875327518499, 'colsample_bytree': 0.36372326813964695, 'subsample': 0.7388049569818461, 'learning_rate': 0.020033228690570126, 'max_depth': 17, 'min_child_weight': 263, 'eval_metric': 'logloss'}. Best is trial 362 with value: 0.7486883567232341.
start listen on 192.168.1.101:33835
@tracker All of 4 nodes getting started
@tracker All nodes finishes job
Trial 891 finished with value: 0.7483539408730839 and parameters: {'objective': 'binary:logistic', 'tree_method': 'gpu_hist', 'lambda': 0.004593926818647585, 'alpha': 0.042848416499428076, 'colsample_bytree': 0.34636538245976634, 'subsample': 0.8519984219397426, 'learning_rate': 0.023151482994343317, 'max_depth': 17, 'min_child_weight': 279, 'eval_metric': 'logloss'}. Best is trial 362 with value: 0.7486883567232341.
start listen on 192.168.1.101:41367
@tracker All of 4 nodes getting started
@tracker All nodes finishes job
Trial 892 finished with value: 0.7480682164930504 and parameters: {'objective': 'binary:logistic', 'tree_method': 'gpu_hist', 'lambda': 0.0038904015491276448, 'alpha': 0.059875328599375, 'colsample_bytree': 0.3249829322902495, 'subsample': 0.8696306925503363, 'learning_rate': 0.021517963768152765, 'max_depth': 20, 'min_child_weight': 245, 'eval_metric': 'logloss'}. Best is trial 362 with value: 0.7486883567232341.
start listen on 192.168.1.101:33889
@tracker All of 4 nodes getting started
@tracker All nodes finishes job
Trial 893 finished with value: 0.7480113472875896 and parameters: {'objective': 'binary:logistic', 'tree_method': 'gpu_hist', 'lambda': 3.1458076192600615, 'alpha': 0.07709481027302753, 'colsample_bytree': 0.4040906554345863, 'subsample': 0.8262444385813843, 'learning_rate': 0.025373178079642005, 'max_depth': 17, 'min_child_weight': 300, 'eval_metric': 'logloss'}. Best is trial 362 with value: 0.7486883567232341.
start listen on 192.168.1.101:40137
@tracker All of 4 nodes getting started
@tracker All nodes finishes job
Trial 894 finished with value: 0.7480548381920183 and parameters: {'objective': 'binary:logistic', 'tree_method': 'gpu_hist', 'lambda': 0.0032946313123412515, 'alpha': 0.04657816070522607, 'colsample_bytree': 0.3159347526542349, 'subsample': 0.8428470393330262, 'learning_rate': 0.018986154058734248, 'max_depth': 17, 'min_child_weight': 199, 'eval_metric': 'logloss'}. Best is trial 362 with value: 0.7486883567232341.
start listen on 192.168.1.101:49915
@tracker All of 4 nodes getting started
@tracker All nodes finishes job
Trial 895 finished with value: 0.7478554306163563 and parameters: {'objective': 'binary:logistic', 'tree_method': 'gpu_hist', 'lambda': 0.00537343653830793, 'alpha': 0.0040009581517212, 'colsample_bytree': 0.3311181454811003, 'subsample': 0.6892259080216102, 'learning_rate': 0.023361524747071215, 'max_depth': 13, 'min_child_weight': 271, 'eval_metric': 'logloss'}. Best is trial 362 with value: 0.7486883567232341.
start listen on 192.168.1.101:37275
@tracker All of 4 nodes getting started
@tracker All nodes finishes job
Trial 896 finished with value: 0.7476318312971699 and parameters: {'objective': 'binary:logistic', 'tree_method': 'gpu_hist', 'lambda': 4.050448180730223, 'alpha': 0.3609624420126714, 'colsample_bytree': 0.37165307755328747, 'subsample': 0.8154468700374027, 'learning_rate': 0.020135275661111323, 'max_depth': 11, 'min_child_weight': 265, 'eval_metric': 'logloss'}. Best is trial 362 with value: 0.7486883567232341.
start listen on 192.168.1.101:46895
@tracker All of 4 nodes getting started
@tracker All nodes finishes job
Trial 897 finished with value: 0.7305050784867286 and parameters: {'objective': 'binary:logistic', 'tree_method': 'gpu_hist', 'lambda': 0.0859947077080679, 'alpha': 0.0027498957542250986, 'colsample_bytree': 0.6345417260576269, 'subsample': 0.8345728366015347, 'learning_rate': 0.003889697483612568, 'max_depth': 17, 'min_child_weight': 258, 'eval_metric': 'logloss'}. Best is trial 362 with value: 0.7486883567232341.
start listen on 192.168.1.101:39457
@tracker All of 4 nodes getting started
@tracker All nodes finishes job
Trial 898 finished with value: 0.7480233215359073 and parameters: {'objective': 'binary:logistic', 'tree_method': 'gpu_hist', 'lambda': 0.18660293890834773, 'alpha': 0.005538321092693539, 'colsample_bytree': 0.3510220594563688, 'subsample': 0.8636057625848306, 'learning_rate': 0.017589489544701433, 'max_depth': 20, 'min_child_weight': 275, 'eval_metric': 'logloss'}. Best is trial 362 with value: 0.7486883567232341.
start listen on 192.168.1.101:42495
@tracker All of 4 nodes getting started
@tracker All nodes finishes job
Trial 899 finished with value: 0.7478146840536082 and parameters: {'objective': 'binary:logistic', 'tree_method': 'gpu_hist', 'lambda': 0.004137898559244852, 'alpha': 0.09357682683168134, 'colsample_bytree': 0.3117817066350905, 'subsample': 0.7964541336547712, 'learning_rate': 0.02923324788583025, 'max_depth': 17, 'min_child_weight': 251, 'eval_metric': 'logloss'}. Best is trial 362 with value: 0.7486883567232341.
start listen on 192.168.1.101:55233
@tracker All of 4 nodes getting started
@tracker All nodes finishes job
Trial 900 finished with value: 0.7363482592503466 and parameters: {'objective': 'binary:logistic', 'tree_method': 'gpu_hist', 'lambda': 0.006762428670195321, 'alpha': 0.0015932177871392013, 'colsample_bytree': 0.3358254012419713, 'subsample': 0.8458155721239721, 'learning_rate': 0.021704347143397903, 'max_depth': 3, 'min_child_weight': 286, 'eval_metric': 'logloss'}. Best is trial 362 with value: 0.7486883567232341.
start listen on 192.168.1.101:59213
@tracker All of 4 nodes getting started
@tracker All nodes finishes job
Trial 901 finished with value: 0.7482257254520257 and parameters: {'objective': 'binary:logistic', 'tree_method': 'gpu_hist', 'lambda': 4.724316480218487, 'alpha': 0.06186812875928747, 'colsample_bytree': 0.3003504533958934, 'subsample': 0.8764402592661615, 'learning_rate': 0.026527960188081613, 'max_depth': 17, 'min_child_weight': 267, 'eval_metric': 'logloss'}. Best is trial 362 with value: 0.7486883567232341.
start listen on 192.168.1.101:52703
@tracker All of 4 nodes getting started
@tracker All nodes finishes job
Trial 902 finished with value: 0.7409472321790765 and parameters: {'objective': 'binary:logistic', 'tree_method': 'gpu_hist', 'lambda': 0.00228738211384295, 'alpha': 0.0012093769407238507, 'colsample_bytree': 0.32272694027910315, 'subsample': 0.8562551778041751, 'learning_rate': 0.006891747333735964, 'max_depth': 17, 'min_child_weight': 241, 'eval_metric': 'logloss'}. Best is trial 362 with value: 0.7486883567232341.
start listen on 192.168.1.101:47547
@tracker All of 4 nodes getting started
@tracker All nodes finishes job
Trial 903 finished with value: 0.7468336505980783 and parameters: {'objective': 'binary:logistic', 'tree_method': 'gpu_hist', 'lambda': 0.007633926001019879, 'alpha': 0.03713300756233417, 'colsample_bytree': 0.35473984235459927, 'subsample': 0.8288330916125282, 'learning_rate': 0.023927411725139423, 'max_depth': 7, 'min_child_weight': 281, 'eval_metric': 'logloss'}. Best is trial 362 with value: 0.7486883567232341.
start listen on 192.168.1.101:58759
@tracker All of 4 nodes getting started
@tracker All nodes finishes job
Trial 904 finished with value: 0.7481180644625087 and parameters: {'objective': 'binary:logistic', 'tree_method': 'gpu_hist', 'lambda': 0.033060332154340004, 'alpha': 0.11196176918502602, 'colsample_bytree': 0.3422929668923703, 'subsample': 0.8105371910376139, 'learning_rate': 0.0190887302717293, 'max_depth': 20, 'min_child_weight': 261, 'eval_metric': 'logloss'}. Best is trial 362 with value: 0.7486883567232341.
start listen on 192.168.1.101:38461
@tracker All of 4 nodes getting started
@tracker All nodes finishes job
Trial 905 finished with value: 0.7477485647982784 and parameters: {'objective': 'binary:logistic', 'tree_method': 'gpu_hist', 'lambda': 2.804832933142152, 'alpha': 0.05395859959585904, 'colsample_bytree': 0.5048060375668764, 'subsample': 0.8210824025036645, 'learning_rate': 0.01629204863389841, 'max_depth': 17, 'min_child_weight': 273, 'eval_metric': 'logloss'}. Best is trial 362 with value: 0.7486883567232341.
start listen on 192.168.1.101:54051
@tracker All of 4 nodes getting started
@tracker All nodes finishes job
Trial 906 finished with value: 0.7472030139829267 and parameters: {'objective': 'binary:logistic', 'tree_method': 'gpu_hist', 'lambda': 0.005048416895402076, 'alpha': 0.06746698594329892, 'colsample_bytree': 0.757674389877166, 'subsample': 0.853365771085873, 'learning_rate': 0.021246123248505375, 'max_depth': 11, 'min_child_weight': 255, 'eval_metric': 'logloss'}. Best is trial 362 with value: 0.7486883567232341.
start listen on 192.168.1.101:46011
@tracker All of 4 nodes getting started
@tracker All nodes finishes job
