Trial 259 finished with value: 0.7482779587968827 and parameters: {'objective': 'binary:logistic', 'tree_method': 'gpu_hist', 'lambda': 0.017821337804754183, 'alpha': 0.0018668873149817668, 'colsample_bytree': 0.5650436952399168, 'subsample': 0.6888882725008948, 'learning_rate': 0.021591720983743058, 'max_depth': 15, 'min_child_weight': 236, 'eval_metric': 'logloss'}. Best is trial 192 with value: 0.7484153763408101.
start listen on 10.110.42.38:9091
@tracker All of 4 nodes getting started
@tracker All nodes finishes job
@tracker 34.634905099868774 secs between node start and job finish
Trial 260 finished with value: 0.7478433649594417 and parameters: {'objective': 'binary:logistic', 'tree_method': 'gpu_hist', 'lambda': 0.01637557564992154, 'alpha': 0.0014676287826086497, 'colsample_bytree': 0.5873639794264078, 'subsample': 0.6954729023832396, 'learning_rate': 0.02383520624050282, 'max_depth': 13, 'min_child_weight': 233, 'eval_metric': 'logloss'}. Best is trial 192 with value: 0.7484153763408101.
start listen on 10.110.42.38:9091
@tracker All of 4 nodes getting started
@tracker All nodes finishes job
@tracker 42.66133975982666 secs between node start and job finish
Trial 261 finished with value: 0.7479640679274796 and parameters: {'objective': 'binary:logistic', 'tree_method': 'gpu_hist', 'lambda': 0.012395812568296949, 'alpha': 0.0018304147843715235, 'colsample_bytree': 0.5694047124369311, 'subsample': 0.7175577369140949, 'learning_rate': 0.021515747041459757, 'max_depth': 15, 'min_child_weight': 224, 'eval_metric': 'logloss'}. Best is trial 192 with value: 0.7484153763408101.
start listen on 10.110.42.38:9091
@tracker All of 4 nodes getting started
@tracker All nodes finishes job
@tracker 39.090824127197266 secs between node start and job finish
Trial 262 finished with value: 0.7480280308845776 and parameters: {'objective': 'binary:logistic', 'tree_method': 'gpu_hist', 'lambda': 0.03073496524176018, 'alpha': 0.001589181961760244, 'colsample_bytree': 0.5425686264048373, 'subsample': 0.6847494223503336, 'learning_rate': 0.022118581831819945, 'max_depth': 15, 'min_child_weight': 236, 'eval_metric': 'logloss'}. Best is trial 192 with value: 0.7484153763408101.
start listen on 10.110.42.38:9091
@tracker All of 4 nodes getting started
@tracker All nodes finishes job
@tracker 35.77116298675537 secs between node start and job finish
Trial 263 finished with value: 0.7469000600548645 and parameters: {'objective': 'binary:logistic', 'tree_method': 'gpu_hist', 'lambda': 0.018036807938374266, 'alpha': 0.004965676737051145, 'colsample_bytree': 0.5573517931621107, 'subsample': 0.7024515649275072, 'learning_rate': 0.026915552809273487, 'max_depth': 15, 'min_child_weight': 298, 'eval_metric': 'logloss'}. Best is trial 192 with value: 0.7484153763408101.
start listen on 10.110.42.38:9091
@tracker All of 4 nodes getting started
@tracker All nodes finishes job
@tracker 39.163654804229736 secs between node start and job finish
Trial 264 finished with value: 0.7481393179336518 and parameters: {'objective': 'binary:logistic', 'tree_method': 'gpu_hist', 'lambda': 0.05003574475593899, 'alpha': 0.0013728896646116645, 'colsample_bytree': 0.5327201297739094, 'subsample': 0.6303938848142077, 'learning_rate': 0.018860268758146635, 'max_depth': 15, 'min_child_weight': 229, 'eval_metric': 'logloss'}. Best is trial 192 with value: 0.7484153763408101.
start listen on 10.110.42.38:9091
@tracker All of 4 nodes getting started
@tracker All nodes finishes job
@tracker 39.91283893585205 secs between node start and job finish
Trial 265 finished with value: 0.7481217779020162 and parameters: {'objective': 'binary:logistic', 'tree_method': 'gpu_hist', 'lambda': 0.05133028725796687, 'alpha': 2.224958892755951, 'colsample_bytree': 0.5188481083675578, 'subsample': 0.630836334562056, 'learning_rate': 0.020556798550608376, 'max_depth': 15, 'min_child_weight': 227, 'eval_metric': 'logloss'}. Best is trial 192 with value: 0.7484153763408101.
start listen on 10.110.42.38:9091
@tracker All of 4 nodes getting started
@tracker All nodes finishes job
@tracker 70.59277987480164 secs between node start and job finish
Trial 266 finished with value: 0.74749418175878 and parameters: {'objective': 'binary:logistic', 'tree_method': 'gpu_hist', 'lambda': 0.03655497462211282, 'alpha': 0.001071574537720727, 'colsample_bytree': 0.5323326386606645, 'subsample': 0.6190987272444642, 'learning_rate': 0.01876371240641729, 'max_depth': 15, 'min_child_weight': 98, 'eval_metric': 'logloss'}. Best is trial 192 with value: 0.7484153763408101.
start listen on 10.110.42.38:9091
@tracker All of 4 nodes getting started
@tracker All nodes finishes job
@tracker 41.2816276550293 secs between node start and job finish
Trial 267 finished with value: 0.7474977439156709 and parameters: {'objective': 'binary:logistic', 'tree_method': 'gpu_hist', 'lambda': 0.059221736377687496, 'alpha': 0.0013774197525851341, 'colsample_bytree': 0.5719357690155006, 'subsample': 0.7243435486571971, 'learning_rate': 0.02498962502463318, 'max_depth': 15, 'min_child_weight': 230, 'eval_metric': 'logloss'}. Best is trial 192 with value: 0.7484153763408101.
start listen on 10.110.42.38:9091
@tracker All of 4 nodes getting started
@tracker All nodes finishes job
@tracker 38.337130308151245 secs between node start and job finish
Trial 268 finished with value: 0.7479981833383271 and parameters: {'objective': 'binary:logistic', 'tree_method': 'gpu_hist', 'lambda': 0.044694367488293814, 'alpha': 0.0020473785532454324, 'colsample_bytree': 0.5517949770982928, 'subsample': 0.6942861383635992, 'learning_rate': 0.021310282653137107, 'max_depth': 15, 'min_child_weight': 260, 'eval_metric': 'logloss'}. Best is trial 192 with value: 0.7484153763408101.
start listen on 10.110.42.38:9091
@tracker All of 4 nodes getting started
@tracker All nodes finishes job
@tracker 40.48267221450806 secs between node start and job finish
Trial 269 finished with value: 0.7480989081101715 and parameters: {'objective': 'binary:logistic', 'tree_method': 'gpu_hist', 'lambda': 0.0731600759650124, 'alpha': 0.001000859474270715, 'colsample_bytree': 0.5971014448417796, 'subsample': 0.6644706572580867, 'learning_rate': 0.01721399779107535, 'max_depth': 15, 'min_child_weight': 242, 'eval_metric': 'logloss'}. Best is trial 192 with value: 0.7484153763408101.
start listen on 10.110.42.38:9091
@tracker All of 4 nodes getting started
@tracker All nodes finishes job
@tracker 38.44575119018555 secs between node start and job finish
Trial 270 finished with value: 0.7479808523795455 and parameters: {'objective': 'binary:logistic', 'tree_method': 'gpu_hist', 'lambda': 0.04923954899130069, 'alpha': 0.0013746842629986855, 'colsample_bytree': 0.5137254868124285, 'subsample': 0.6325549545635931, 'learning_rate': 0.0194017786850268, 'max_depth': 15, 'min_child_weight': 237, 'eval_metric': 'logloss'}. Best is trial 192 with value: 0.7484153763408101.
start listen on 10.110.42.38:9091
@tracker All of 4 nodes getting started
@tracker All nodes finishes job
@tracker 19.847059726715088 secs between node start and job finish
Trial 271 finished with value: 0.7475158764361585 and parameters: {'objective': 'binary:logistic', 'tree_method': 'gpu_hist', 'lambda': 0.02339973553915597, 'alpha': 0.00171870053714735, 'colsample_bytree': 0.5330996699463652, 'subsample': 0.7051611344585772, 'learning_rate': 0.023435628155295932, 'max_depth': 9, 'min_child_weight': 252, 'eval_metric': 'logloss'}. Best is trial 192 with value: 0.7484153763408101.
start listen on 10.110.42.38:9091
@tracker All of 4 nodes getting started
@tracker All nodes finishes job
@tracker 14.66124963760376 secs between node start and job finish
Trial 272 finished with value: 0.7431058235441967 and parameters: {'objective': 'binary:logistic', 'tree_method': 'gpu_hist', 'lambda': 0.06765088756557892, 'alpha': 0.001226593169260656, 'colsample_bytree': 0.5640025332404642, 'subsample': 0.687070103268415, 'learning_rate': 0.014207026718443354, 'max_depth': 7, 'min_child_weight': 223, 'eval_metric': 'logloss'}. Best is trial 192 with value: 0.7484153763408101.
start listen on 10.110.42.38:9091
@tracker All of 4 nodes getting started
@tracker All nodes finishes job
@tracker 7.969568490982056 secs between node start and job finish
Trial 273 finished with value: 0.7410943412569457 and parameters: {'objective': 'binary:logistic', 'tree_method': 'gpu_hist', 'lambda': 0.032882634118941316, 'alpha': 0.9817592140060374, 'colsample_bytree': 0.5482535133568833, 'subsample': 0.7113336262039213, 'learning_rate': 0.017391028092322573, 'max_depth': 5, 'min_child_weight': 234, 'eval_metric': 'logloss'}. Best is trial 192 with value: 0.7484153763408101.
start listen on 10.110.42.38:9091
@tracker All of 4 nodes getting started
@tracker All nodes finishes job
@tracker 41.493223667144775 secs between node start and job finish
Trial 274 finished with value: 0.7474921507653417 and parameters: {'objective': 'binary:logistic', 'tree_method': 'gpu_hist', 'lambda': 0.04122385681888437, 'alpha': 0.0018661006605537123, 'colsample_bytree': 0.5814508653443287, 'subsample': 0.7407569902738709, 'learning_rate': 0.01582950937030127, 'max_depth': 15, 'min_child_weight': 267, 'eval_metric': 'logloss'}. Best is trial 192 with value: 0.7484153763408101.
start listen on 10.110.42.38:9091
@tracker All of 4 nodes getting started
@tracker All nodes finishes job
@tracker 51.49376440048218 secs between node start and job finish
Trial 275 finished with value: 0.7481297304499209 and parameters: {'objective': 'binary:logistic', 'tree_method': 'gpu_hist', 'lambda': 0.08300488599943168, 'alpha': 0.3419934883484696, 'colsample_bytree': 0.5265662372448259, 'subsample': 0.6102335721585953, 'learning_rate': 0.01894581822515379, 'max_depth': 20, 'min_child_weight': 244, 'eval_metric': 'logloss'}. Best is trial 192 with value: 0.7484153763408101.
start listen on 10.110.42.38:9091
@tracker All of 4 nodes getting started
@tracker All nodes finishes job
@tracker 26.880508184432983 secs between node start and job finish
Trial 276 finished with value: 0.747588940522129 and parameters: {'objective': 'binary:logistic', 'tree_method': 'gpu_hist', 'lambda': 0.05596328285612796, 'alpha': 0.3973549639540707, 'colsample_bytree': 0.5119053743353441, 'subsample': 0.5841957606248664, 'learning_rate': 0.020331836312223493, 'max_depth': 11, 'min_child_weight': 243, 'eval_metric': 'logloss'}. Best is trial 192 with value: 0.7484153763408101.
start listen on 10.110.42.38:9091
@tracker All of 4 nodes getting started
@tracker All nodes finishes job
@tracker 51.86874198913574 secs between node start and job finish
Trial 277 finished with value: 0.7473573397556061 and parameters: {'objective': 'binary:logistic', 'tree_method': 'gpu_hist', 'lambda': 0.07658113167608525, 'alpha': 0.0014796213069286862, 'colsample_bytree': 0.6254329368106523, 'subsample': 0.6070374287222132, 'learning_rate': 0.02238483517426628, 'max_depth': 20, 'min_child_weight': 248, 'eval_metric': 'logloss'}. Best is trial 192 with value: 0.7484153763408101.
start listen on 10.110.42.38:9091
@tracker All of 4 nodes getting started
@tracker All nodes finishes job
@tracker 51.870821952819824 secs between node start and job finish
Trial 278 finished with value: 0.7480249574441652 and parameters: {'objective': 'binary:logistic', 'tree_method': 'gpu_hist', 'lambda': 0.013927908832052468, 'alpha': 0.13166443246844242, 'colsample_bytree': 0.47815830324997655, 'subsample': 0.6409114844062314, 'learning_rate': 0.019557166439745075, 'max_depth': 20, 'min_child_weight': 254, 'eval_metric': 'logloss'}. Best is trial 192 with value: 0.7484153763408101.
start listen on 10.110.42.38:9091
@tracker All of 4 nodes getting started
@tracker All nodes finishes job
@tracker 5.214131593704224 secs between node start and job finish
Trial 279 finished with value: 0.7327692062166296 and parameters: {'objective': 'binary:logistic', 'tree_method': 'gpu_hist', 'lambda': 0.025927104932170538, 'alpha': 0.0012323923157370438, 'colsample_bytree': 0.5366626170370573, 'subsample': 0.6111094228600888, 'learning_rate': 0.016614440246726994, 'max_depth': 3, 'min_child_weight': 240, 'eval_metric': 'logloss'}. Best is trial 192 with value: 0.7484153763408101.
start listen on 10.110.42.38:9091
@tracker All of 4 nodes getting started
@tracker All nodes finishes job
@tracker 54.73275637626648 secs between node start and job finish
Trial 280 finished with value: 0.7482250139097282 and parameters: {'objective': 'binary:logistic', 'tree_method': 'gpu_hist', 'lambda': 0.06923097081962629, 'alpha': 0.0016315288527501027, 'colsample_bytree': 0.5572991555741003, 'subsample': 0.6142432635294448, 'learning_rate': 0.01874315911392164, 'max_depth': 20, 'min_child_weight': 230, 'eval_metric': 'logloss'}. Best is trial 192 with value: 0.7484153763408101.
start listen on 10.110.42.38:9091
@tracker All of 4 nodes getting started
@tracker All nodes finishes job
@tracker 38.05187439918518 secs between node start and job finish
Trial 281 finished with value: 0.7480113439535374 and parameters: {'objective': 'binary:logistic', 'tree_method': 'gpu_hist', 'lambda': 0.0637840565782808, 'alpha': 0.0016399805321615465, 'colsample_bytree': 0.5510739092129171, 'subsample': 0.5916097715841057, 'learning_rate': 0.021151500940821542, 'max_depth': 15, 'min_child_weight': 231, 'eval_metric': 'logloss'}. Best is trial 192 with value: 0.7484153763408101.
start listen on 10.110.42.38:9091
@tracker All of 4 nodes getting started
@tracker All nodes finishes job
@tracker 51.701316595077515 secs between node start and job finish
Trial 282 finished with value: 0.7386939306722012 and parameters: {'objective': 'binary:logistic', 'tree_method': 'gpu_hist', 'lambda': 0.08384865458700734, 'alpha': 0.0013237590922716865, 'colsample_bytree': 0.5218849610559123, 'subsample': 0.6126149611166641, 'learning_rate': 0.05988357323434076, 'max_depth': 20, 'min_child_weight': 237, 'eval_metric': 'logloss'}. Best is trial 192 with value: 0.7484153763408101.
start listen on 10.110.42.38:9091
@tracker All of 4 nodes getting started
@tracker All nodes finishes job
@tracker 53.21998453140259 secs between node start and job finish
Trial 283 finished with value: 0.7480922921004247 and parameters: {'objective': 'binary:logistic', 'tree_method': 'gpu_hist', 'lambda': 0.04979579557890029, 'alpha': 0.001856052991473695, 'colsample_bytree': 0.49684747860857015, 'subsample': 0.6033022011829595, 'learning_rate': 0.018708331666634537, 'max_depth': 20, 'min_child_weight': 229, 'eval_metric': 'logloss'}. Best is trial 192 with value: 0.7484153763408101.
start listen on 10.110.42.38:9091
@tracker All of 4 nodes getting started
@tracker All nodes finishes job
@tracker 54.75058150291443 secs between node start and job finish
Trial 284 finished with value: 0.7476250120491603 and parameters: {'objective': 'binary:logistic', 'tree_method': 'gpu_hist', 'lambda': 0.08995817384479941, 'alpha': 0.25826266163413286, 'colsample_bytree': 0.5701944742970048, 'subsample': 0.7238634015928553, 'learning_rate': 0.025214965623296767, 'max_depth': 20, 'min_child_weight': 260, 'eval_metric': 'logloss'}. Best is trial 192 with value: 0.7484153763408101.
start listen on 10.110.42.38:9091
@tracker All of 4 nodes getting started
@tracker All nodes finishes job
@tracker 52.70097303390503 secs between node start and job finish
Trial 285 finished with value: 0.7478752177991451 and parameters: {'objective': 'binary:logistic', 'tree_method': 'gpu_hist', 'lambda': 0.0679175012904798, 'alpha': 0.001135925987107417, 'colsample_bytree': 0.5916328587314325, 'subsample': 0.6167709775058036, 'learning_rate': 0.018885101999482776, 'max_depth': 20, 'min_child_weight': 245, 'eval_metric': 'logloss'}. Best is trial 192 with value: 0.7484153763408101.
start listen on 10.110.42.38:9091
@tracker All of 4 nodes getting started
@tracker All nodes finishes job
@tracker 53.59066343307495 secs between node start and job finish
Trial 286 finished with value: 0.7477230216522801 and parameters: {'objective': 'binary:logistic', 'tree_method': 'gpu_hist', 'lambda': 0.12511257642890078, 'alpha': 0.0014920881996551294, 'colsample_bytree': 0.5448314304508516, 'subsample': 0.687712520133509, 'learning_rate': 0.022916230328142377, 'max_depth': 20, 'min_child_weight': 250, 'eval_metric': 'logloss'}. Best is trial 192 with value: 0.7484153763408101.
start listen on 10.110.42.38:9091
@tracker All of 4 nodes getting started
@tracker All nodes finishes job
@tracker 58.69447588920593 secs between node start and job finish
Trial 287 finished with value: 0.7478628065121571 and parameters: {'objective': 'binary:logistic', 'tree_method': 'gpu_hist', 'lambda': 0.03958140582987066, 'alpha': 0.06206721817122641, 'colsample_bytree': 0.5297462318053582, 'subsample': 0.7117043126254696, 'learning_rate': 0.014616492407174029, 'max_depth': 20, 'min_child_weight': 240, 'eval_metric': 'logloss'}. Best is trial 192 with value: 0.7484153763408101.
start listen on 10.110.42.38:9091
@tracker All of 4 nodes getting started
@tracker All nodes finishes job
@tracker 53.10387110710144 secs between node start and job finish
Trial 288 finished with value: 0.7478064825631424 and parameters: {'objective': 'binary:logistic', 'tree_method': 'gpu_hist', 'lambda': 0.028865611956124082, 'alpha': 0.45550409095454975, 'colsample_bytree': 0.5107228555920188, 'subsample': 0.5986163422926838, 'learning_rate': 0.020540744861141564, 'max_depth': 20, 'min_child_weight': 228, 'eval_metric': 'logloss'}. Best is trial 192 with value: 0.7484153763408101.
start listen on 10.110.42.38:9091
@tracker All of 4 nodes getting started
@tracker All nodes finishes job
@tracker 60.84130358695984 secs between node start and job finish
Trial 289 finished with value: 0.7476692035212984 and parameters: {'objective': 'binary:logistic', 'tree_method': 'gpu_hist', 'lambda': 0.02089683651325052, 'alpha': 0.002088247657974158, 'colsample_bytree': 0.5586289803428325, 'subsample': 0.7351181452405986, 'learning_rate': 0.01684685206534592, 'max_depth': 20, 'min_child_weight': 234, 'eval_metric': 'logloss'}. Best is trial 192 with value: 0.7484153763408101.
start listen on 10.110.42.38:9091
@tracker All of 4 nodes getting started
@tracker All nodes finishes job
@tracker 32.333041191101074 secs between node start and job finish
Trial 290 finished with value: 0.7473512790044621 and parameters: {'objective': 'binary:logistic', 'tree_method': 'gpu_hist', 'lambda': 0.05593192296984616, 'alpha': 0.0015918251021638974, 'colsample_bytree': 0.574479732756631, 'subsample': 0.5798415168715773, 'learning_rate': 0.01833996732523481, 'max_depth': 13, 'min_child_weight': 255, 'eval_metric': 'logloss'}. Best is trial 192 with value: 0.7484153763408101.
start listen on 10.110.42.38:9091
@tracker All of 4 nodes getting started
@tracker All nodes finishes job
@tracker 49.02727127075195 secs between node start and job finish
Trial 291 finished with value: 0.7470461575257421 and parameters: {'objective': 'binary:logistic', 'tree_method': 'gpu_hist', 'lambda': 0.081168914225712, 'alpha': 0.0011800442739661645, 'colsample_bytree': 0.5413078814157446, 'subsample': 0.6233396866873259, 'learning_rate': 0.01544315204407769, 'max_depth': 20, 'min_child_weight': 277, 'eval_metric': 'logloss'}. Best is trial 192 with value: 0.7484153763408101.
start listen on 10.110.42.38:9091
@tracker All of 4 nodes getting started
@tracker All nodes finishes job
@tracker 43.878737688064575 secs between node start and job finish
Trial 292 finished with value: 0.7470409188962921 and parameters: {'objective': 'binary:logistic', 'tree_method': 'gpu_hist', 'lambda': 0.10795227673845917, 'alpha': 0.0010276865109122226, 'colsample_bytree': 0.5264460285781707, 'subsample': 0.6997569505308524, 'learning_rate': 0.013341636439194757, 'max_depth': 15, 'min_child_weight': 245, 'eval_metric': 'logloss'}. Best is trial 192 with value: 0.7484153763408101.
start listen on 10.110.42.38:9091
@tracker All of 4 nodes getting started
@tracker All nodes finishes job
@tracker 58.22401452064514 secs between node start and job finish
Trial 293 finished with value: 0.7480426063881713 and parameters: {'objective': 'binary:logistic', 'tree_method': 'gpu_hist', 'lambda': 9.759382036308391, 'alpha': 0.00141607146627763, 'colsample_bytree': 0.5053918946672956, 'subsample': 0.6742087763892091, 'learning_rate': 0.020498954888122714, 'max_depth': 20, 'min_child_weight': 223, 'eval_metric': 'logloss'}. Best is trial 192 with value: 0.7484153763408101.
start listen on 10.110.42.38:9091
@tracker All of 4 nodes getting started
@tracker All nodes finishes job
@tracker 56.454692125320435 secs between node start and job finish
Trial 294 finished with value: 0.7482516263140366 and parameters: {'objective': 'binary:logistic', 'tree_method': 'gpu_hist', 'lambda': 0.017787153719002458, 'alpha': 0.09064578773645315, 'colsample_bytree': 0.5571148564757479, 'subsample': 0.7472321266325338, 'learning_rate': 0.01790244588868191, 'max_depth': 20, 'min_child_weight': 264, 'eval_metric': 'logloss'}. Best is trial 192 with value: 0.7484153763408101.
start listen on 10.110.42.38:9091
@tracker All of 4 nodes getting started
@tracker All nodes finishes job
@tracker 55.54469299316406 secs between node start and job finish
Trial 295 finished with value: 0.7480577146455158 and parameters: {'objective': 'binary:logistic', 'tree_method': 'gpu_hist', 'lambda': 0.0658098436892759, 'alpha': 0.0013614925799318583, 'colsample_bytree': 0.5549104314218193, 'subsample': 0.7305348679236016, 'learning_rate': 0.01880870742466627, 'max_depth': 20, 'min_child_weight': 262, 'eval_metric': 'logloss'}. Best is trial 192 with value: 0.7484153763408101.
start listen on 10.110.42.38:9091
@tracker All of 4 nodes getting started
@tracker All nodes finishes job
@tracker 54.56005787849426 secs between node start and job finish
