Trial 37 finished with value: 0.7354884881890227 and parameters: {'objective': 'binary:logistic', 'tree_method': 'gpu_hist', 'lambda': 0.0265051249329716, 'alpha': 0.035162594040237166, 'colsample_bytree': 0.621695501241212, 'subsample': 0.6340233770545736, 'learning_rate': 0.019521203923463463, 'max_depth': 3, 'min_child_weight': 191, 'eval_metric': 'logloss'}. Best is trial 32 with value: 0.7478191270948625.
start listen on 10.110.42.38:9091
@tracker All of 4 nodes getting started
@tracker All nodes finishes job
@tracker 42.34685015678406 secs between node start and job finish
Trial 38 finished with value: 0.7465176759460778 and parameters: {'objective': 'binary:logistic', 'tree_method': 'gpu_hist', 'lambda': 0.05048393851218277, 'alpha': 0.06352540636715358, 'colsample_bytree': 0.7783115508280936, 'subsample': 0.5602105713893811, 'learning_rate': 0.024934319751975176, 'max_depth': 17, 'min_child_weight': 224, 'eval_metric': 'logloss'}. Best is trial 32 with value: 0.7478191270948625.
start listen on 10.110.42.38:9091
@tracker All of 4 nodes getting started
@tracker All nodes finishes job
@tracker 78.51246786117554 secs between node start and job finish
Trial 39 finished with value: 0.7460373896184344 and parameters: {'objective': 'binary:logistic', 'tree_method': 'gpu_hist', 'lambda': 0.014628659032016347, 'alpha': 0.02013724161623278, 'colsample_bytree': 0.7229559740559532, 'subsample': 0.7390156845167941, 'learning_rate': 0.027201682940909116, 'max_depth': 20, 'min_child_weight': 156, 'eval_metric': 'logloss'}. Best is trial 32 with value: 0.7478191270948625.
start listen on 10.110.42.38:9091
@tracker All of 4 nodes getting started
@tracker All nodes finishes job
@tracker 11.72500467300415 secs between node start and job finish
Trial 40 finished with value: 0.7463390661877642 and parameters: {'objective': 'binary:logistic', 'tree_method': 'gpu_hist', 'lambda': 1.5132243869753645, 'alpha': 0.004116241415959888, 'colsample_bytree': 0.9963410879757116, 'subsample': 0.7198335920051786, 'learning_rate': 0.05357623462890945, 'max_depth': 7, 'min_child_weight': 250, 'eval_metric': 'logloss'}. Best is trial 32 with value: 0.7478191270948625.
start listen on 10.110.42.38:9091
@tracker All of 4 nodes getting started
@tracker All nodes finishes job
@tracker 92.21230721473694 secs between node start and job finish
Trial 41 finished with value: 0.7471656267555634 and parameters: {'objective': 'binary:logistic', 'tree_method': 'gpu_hist', 'lambda': 0.020113466677795254, 'alpha': 0.04672579585536761, 'colsample_bytree': 0.902036722692956, 'subsample': 0.767496302030554, 'learning_rate': 0.01774482658924181, 'max_depth': 20, 'min_child_weight': 134, 'eval_metric': 'logloss'}. Best is trial 32 with value: 0.7478191270948625.
start listen on 10.110.42.38:9091
@tracker All of 4 nodes getting started
@tracker All nodes finishes job
@tracker 67.88288259506226 secs between node start and job finish
Trial 42 finished with value: 0.7445843839889059 and parameters: {'objective': 'binary:logistic', 'tree_method': 'gpu_hist', 'lambda': 0.03489647016774336, 'alpha': 0.008908890749006478, 'colsample_bytree': 0.9237242399683786, 'subsample': 0.6778850608027859, 'learning_rate': 0.032050817334466575, 'max_depth': 20, 'min_child_weight': 180, 'eval_metric': 'logloss'}. Best is trial 32 with value: 0.7478191270948625.
start listen on 10.110.42.38:9091
@tracker All of 4 nodes getting started
@tracker All nodes finishes job
@tracker 62.0172221660614 secs between node start and job finish
Trial 43 finished with value: 0.7476614747716445 and parameters: {'objective': 'binary:logistic', 'tree_method': 'gpu_hist', 'lambda': 0.200321835402261, 'alpha': 0.03203131472249787, 'colsample_bytree': 0.8279311666874688, 'subsample': 0.8022627309260817, 'learning_rate': 0.020820703116438997, 'max_depth': 20, 'min_child_weight': 234, 'eval_metric': 'logloss'}. Best is trial 32 with value: 0.7478191270948625.
start listen on 10.110.42.38:9091
@tracker All of 4 nodes getting started
@tracker All nodes finishes job
@tracker 65.40213251113892 secs between node start and job finish
Trial 44 finished with value: 0.7471557242039039 and parameters: {'objective': 'binary:logistic', 'tree_method': 'gpu_hist', 'lambda': 0.20431711544967038, 'alpha': 0.0127143680418971, 'colsample_bytree': 0.8586434044837793, 'subsample': 0.9124499613771194, 'learning_rate': 0.023503198033517518, 'max_depth': 20, 'min_child_weight': 233, 'eval_metric': 'logloss'}. Best is trial 32 with value: 0.7478191270948625.
start listen on 10.110.42.38:9091
@tracker All of 4 nodes getting started
@tracker All nodes finishes job
@tracker 49.46995234489441 secs between node start and job finish
Trial 45 finished with value: 0.7467552249394845 and parameters: {'objective': 'binary:logistic', 'tree_method': 'gpu_hist', 'lambda': 0.3600268184561536, 'alpha': 0.03444347294162948, 'colsample_bytree': 0.8052651976265177, 'subsample': 0.6311647374358585, 'learning_rate': 0.011600773684312936, 'max_depth': 15, 'min_child_weight': 196, 'eval_metric': 'logloss'}. Best is trial 32 with value: 0.7478191270948625.
start listen on 10.110.42.38:9091
@tracker All of 4 nodes getting started
@tracker All nodes finishes job
@tracker 43.40385174751282 secs between node start and job finish
Trial 46 finished with value: 0.7432008336117268 and parameters: {'objective': 'binary:logistic', 'tree_method': 'gpu_hist', 'lambda': 0.12008112708170364, 'alpha': 0.11416511008856887, 'colsample_bytree': 0.9472093602646794, 'subsample': 0.5763317328561023, 'learning_rate': 0.008425336465243556, 'max_depth': 13, 'min_child_weight': 214, 'eval_metric': 'logloss'}. Best is trial 32 with value: 0.7478191270948625.
start listen on 10.110.42.38:9091
@tracker All of 4 nodes getting started
@tracker All nodes finishes job
@tracker 23.125514268875122 secs between node start and job finish
Trial 47 finished with value: 0.7465503784134054 and parameters: {'objective': 'binary:logistic', 'tree_method': 'gpu_hist', 'lambda': 0.04885806714396795, 'alpha': 0.023616614239937703, 'colsample_bytree': 0.5098596743737449, 'subsample': 0.5055019202825095, 'learning_rate': 0.03270441274839002, 'max_depth': 11, 'min_child_weight': 258, 'eval_metric': 'logloss'}. Best is trial 32 with value: 0.7478191270948625.
start listen on 10.110.42.38:9091
@tracker All of 4 nodes getting started
@tracker All nodes finishes job
@tracker 8.165348291397095 secs between node start and job finish
Trial 48 finished with value: 0.7400469277954235 and parameters: {'objective': 'binary:logistic', 'tree_method': 'gpu_hist', 'lambda': 0.6660406550581621, 'alpha': 0.001766110448496041, 'colsample_bytree': 0.5864273461126273, 'subsample': 0.9004435812259736, 'learning_rate': 0.016475776531231067, 'max_depth': 5, 'min_child_weight': 232, 'eval_metric': 'logloss'}. Best is trial 32 with value: 0.7478191270948625.
start listen on 10.110.42.38:9091
@tracker All of 4 nodes getting started
@tracker All nodes finishes job
@tracker 44.24812316894531 secs between node start and job finish
Trial 49 finished with value: 0.7466611181222507 and parameters: {'objective': 'binary:logistic', 'tree_method': 'gpu_hist', 'lambda': 0.20909827804218478, 'alpha': 0.006560005916116937, 'colsample_bytree': 0.8348189636641244, 'subsample': 0.5340435747207953, 'learning_rate': 0.021864370256664135, 'max_depth': 20, 'min_child_weight': 280, 'eval_metric': 'logloss'}. Best is trial 32 with value: 0.7478191270948625.
start listen on 10.110.42.38:9091
@tracker All of 4 nodes getting started
@tracker All nodes finishes job
@tracker 35.70324659347534 secs between node start and job finish
Trial 50 finished with value: 0.7450908763832512 and parameters: {'objective': 'binary:logistic', 'tree_method': 'gpu_hist', 'lambda': 0.09432565816730508, 'alpha': 0.01653035070114413, 'colsample_bytree': 0.6474495332186911, 'subsample': 0.7437952679406475, 'learning_rate': 0.013187675904085124, 'max_depth': 9, 'min_child_weight': 63, 'eval_metric': 'logloss'}. Best is trial 32 with value: 0.7478191270948625.
start listen on 10.110.42.38:9091
@tracker All of 4 nodes getting started
@tracker All nodes finishes job
@tracker 81.08630108833313 secs between node start and job finish
Trial 51 finished with value: 0.7469374890967986 and parameters: {'objective': 'binary:logistic', 'tree_method': 'gpu_hist', 'lambda': 0.014682197516743267, 'alpha': 0.05770194856997619, 'colsample_bytree': 0.9000235825551003, 'subsample': 0.8095575783838018, 'learning_rate': 0.01996582994103232, 'max_depth': 20, 'min_child_weight': 160, 'eval_metric': 'logloss'}. Best is trial 32 with value: 0.7478191270948625.
start listen on 10.110.42.38:9091
@tracker All of 4 nodes getting started
@tracker All nodes finishes job
@tracker 76.06924271583557 secs between node start and job finish
Trial 52 finished with value: 0.7455612086203456 and parameters: {'objective': 'binary:logistic', 'tree_method': 'gpu_hist', 'lambda': 0.026214854412043385, 'alpha': 0.03107913033088055, 'colsample_bytree': 0.9651881487184338, 'subsample': 0.8104508993475392, 'learning_rate': 0.030179986508521082, 'max_depth': 20, 'min_child_weight': 177, 'eval_metric': 'logloss'}. Best is trial 32 with value: 0.7478191270948625.
start listen on 10.110.42.38:9091
@tracker All of 4 nodes getting started
@tracker All nodes finishes job
@tracker 60.971105098724365 secs between node start and job finish
Trial 53 finished with value: 0.747844732476501 and parameters: {'objective': 'binary:logistic', 'tree_method': 'gpu_hist', 'lambda': 0.007657512042561175, 'alpha': 0.010062726673891059, 'colsample_bytree': 0.8712476355717444, 'subsample': 0.6139389648633522, 'learning_rate': 0.015809153519994353, 'max_depth': 20, 'min_child_weight': 196, 'eval_metric': 'logloss'}. Best is trial 53 with value: 0.747844732476501.
start listen on 10.110.42.38:9091
@tracker All of 4 nodes getting started
@tracker All nodes finishes job
@tracker 49.829793214797974 secs between node start and job finish
Trial 54 finished with value: 0.7479913535324858 and parameters: {'objective': 'binary:logistic', 'tree_method': 'gpu_hist', 'lambda': 0.0035996723075488136, 'alpha': 0.012432718348844136, 'colsample_bytree': 0.6869685432545767, 'subsample': 0.6169412859165596, 'learning_rate': 0.01606398236587175, 'max_depth': 17, 'min_child_weight': 198, 'eval_metric': 'logloss'}. Best is trial 54 with value: 0.7479913535324858.
start listen on 10.110.42.38:9091
@tracker All of 4 nodes getting started
@tracker All nodes finishes job
@tracker 56.093199014663696 secs between node start and job finish
Trial 55 finished with value: 0.7460127486113819 and parameters: {'objective': 'binary:logistic', 'tree_method': 'gpu_hist', 'lambda': 0.0027996514537710405, 'alpha': 0.00967902298985084, 'colsample_bytree': 0.6884261734479973, 'subsample': 0.6185627263264736, 'learning_rate': 0.010192614589591642, 'max_depth': 17, 'min_child_weight': 196, 'eval_metric': 'logloss'}. Best is trial 54 with value: 0.7479913535324858.
start listen on 10.110.42.38:9091
@tracker All of 4 nodes getting started
@tracker All nodes finishes job
@tracker 42.20043110847473 secs between node start and job finish
Trial 56 finished with value: 0.7473260096674971 and parameters: {'objective': 'binary:logistic', 'tree_method': 'gpu_hist', 'lambda': 0.006262474040296644, 'alpha': 0.005429171603714159, 'colsample_bytree': 0.7105204254972811, 'subsample': 0.5871084625682855, 'learning_rate': 0.01558228025831535, 'max_depth': 17, 'min_child_weight': 245, 'eval_metric': 'logloss'}. Best is trial 54 with value: 0.7479913535324858.
start listen on 10.110.42.38:9091
@tracker All of 4 nodes getting started
@tracker All nodes finishes job
@tracker 54.94728636741638 secs between node start and job finish
Trial 57 finished with value: 0.747611658197844 and parameters: {'objective': 'binary:logistic', 'tree_method': 'gpu_hist', 'lambda': 0.0016264075657369912, 'alpha': 0.0038766781743315225, 'colsample_bytree': 0.7673084565566234, 'subsample': 0.5554965108643073, 'learning_rate': 0.012941151350567344, 'max_depth': 17, 'min_child_weight': 164, 'eval_metric': 'logloss'}. Best is trial 54 with value: 0.7479913535324858.
start listen on 10.110.42.38:9091
@tracker All of 4 nodes getting started
@tracker All nodes finishes job
@tracker 5.2967352867126465 secs between node start and job finish
Trial 58 finished with value: 0.7442364213291709 and parameters: {'objective': 'binary:logistic', 'tree_method': 'gpu_hist', 'lambda': 0.00826883371979479, 'alpha': 0.006729058853353274, 'colsample_bytree': 0.5554688960935392, 'subsample': 0.6537773538572247, 'learning_rate': 0.04016147673815721, 'max_depth': 3, 'min_child_weight': 143, 'eval_metric': 'logloss'}. Best is trial 54 with value: 0.7479913535324858.
start listen on 10.110.42.38:9091
@tracker All of 4 nodes getting started
@tracker All nodes finishes job
@tracker 79.1001558303833 secs between node start and job finish
Trial 59 finished with value: 0.7454723671049791 and parameters: {'objective': 'binary:logistic', 'tree_method': 'gpu_hist', 'lambda': 0.004155467950581575, 'alpha': 0.0010069803915509561, 'colsample_bytree': 0.6029287126420344, 'subsample': 0.6122612552060966, 'learning_rate': 0.008970974776565346, 'max_depth': 15, 'min_child_weight': 114, 'eval_metric': 'logloss'}. Best is trial 54 with value: 0.7479913535324858.
start listen on 10.110.42.38:9091
@tracker All of 4 nodes getting started
@tracker All nodes finishes job
@tracker 49.003907918930054 secs between node start and job finish
Trial 60 finished with value: 0.7355350308625248 and parameters: {'objective': 'binary:logistic', 'tree_method': 'gpu_hist', 'lambda': 0.011090579335761498, 'alpha': 0.011523100024927214, 'colsample_bytree': 0.655380038295512, 'subsample': 0.5075597193392791, 'learning_rate': 0.004972971792679585, 'max_depth': 13, 'min_child_weight': 205, 'eval_metric': 'logloss'}. Best is trial 54 with value: 0.7479913535324858.
start listen on 10.110.42.38:9091
@tracker All of 4 nodes getting started
@tracker All nodes finishes job
@tracker 54.681647300720215 secs between node start and job finish
Trial 61 finished with value: 0.7473768929990686 and parameters: {'objective': 'binary:logistic', 'tree_method': 'gpu_hist', 'lambda': 0.0015199852225802786, 'alpha': 0.004382745697744424, 'colsample_bytree': 0.7691836654506968, 'subsample': 0.5519195153979928, 'learning_rate': 0.013082960971351068, 'max_depth': 17, 'min_child_weight': 163, 'eval_metric': 'logloss'}. Best is trial 54 with value: 0.7479913535324858.
start listen on 10.110.42.38:9091
@tracker All of 4 nodes getting started
@tracker All nodes finishes job
@tracker 67.02503395080566 secs between node start and job finish
Trial 62 finished with value: 0.7474640677661948 and parameters: {'objective': 'binary:logistic', 'tree_method': 'gpu_hist', 'lambda': 0.0016077921288554663, 'alpha': 0.021329566415894945, 'colsample_bytree': 0.7547735756973525, 'subsample': 0.5919581973872236, 'learning_rate': 0.016299271036990807, 'max_depth': 17, 'min_child_weight': 124, 'eval_metric': 'logloss'}. Best is trial 54 with value: 0.7479913535324858.
start listen on 10.110.42.38:9091
@tracker All of 4 nodes getting started
@tracker All nodes finishes job
@tracker 45.49521327018738 secs between node start and job finish
Trial 63 finished with value: 0.7466227010895279 and parameters: {'objective': 'binary:logistic', 'tree_method': 'gpu_hist', 'lambda': 0.002532350403118942, 'alpha': 0.0036161387753632234, 'colsample_bytree': 0.7923321535081761, 'subsample': 0.4633262464916917, 'learning_rate': 0.0113351621037049, 'max_depth': 17, 'min_child_weight': 188, 'eval_metric': 'logloss'}. Best is trial 54 with value: 0.7479913535324858.
start listen on 10.110.42.38:9091
@tracker All of 4 nodes getting started
@tracker All nodes finishes job
@tracker 108.45584750175476 secs between node start and job finish
Trial 64 finished with value: 0.7449951633863915 and parameters: {'objective': 'binary:logistic', 'tree_method': 'gpu_hist', 'lambda': 0.0035354021341932507, 'alpha': 0.01072437206850799, 'colsample_bytree': 0.6919992164952934, 'subsample': 0.6811724631227092, 'learning_rate': 0.008116135564994229, 'max_depth': 17, 'min_child_weight': 102, 'eval_metric': 'logloss'}. Best is trial 54 with value: 0.7479913535324858.
start listen on 10.110.42.38:9091
@tracker All of 4 nodes getting started
@tracker All nodes finishes job
@tracker 41.86279225349426 secs between node start and job finish
Trial 65 finished with value: 0.6975409466885341 and parameters: {'objective': 'binary:logistic', 'tree_method': 'gpu_hist', 'lambda': 0.005434280385946252, 'alpha': 0.001836288015472853, 'colsample_bytree': 0.8288739378805685, 'subsample': 0.5467642012522818, 'learning_rate': 0.0010161012231962826, 'max_depth': 9, 'min_child_weight': 238, 'eval_metric': 'logloss'}. Best is trial 54 with value: 0.7479913535324858.
start listen on 10.110.42.38:9091
@tracker All of 4 nodes getting started
@tracker All nodes finishes job
@tracker 26.8239483833313 secs between node start and job finish
Trial 66 finished with value: 0.74752860820891 and parameters: {'objective': 'binary:logistic', 'tree_method': 'gpu_hist', 'lambda': 0.007899542116028157, 'alpha': 0.005813281451958731, 'colsample_bytree': 0.7420271685575336, 'subsample': 0.5735219274577357, 'learning_rate': 0.022887141014445105, 'max_depth': 11, 'min_child_weight': 212, 'eval_metric': 'logloss'}. Best is trial 54 with value: 0.7479913535324858.
start listen on 10.110.42.38:9091
@tracker All of 4 nodes getting started
@tracker All nodes finishes job
@tracker 17.115900993347168 secs between node start and job finish
Trial 67 finished with value: 0.7311335281473168 and parameters: {'objective': 'binary:logistic', 'tree_method': 'gpu_hist', 'lambda': 0.003263354780362118, 'alpha': 0.027838642504210986, 'colsample_bytree': 0.8682465213689801, 'subsample': 0.4828080540430034, 'learning_rate': 0.005730938225025495, 'max_depth': 7, 'min_child_weight': 167, 'eval_metric': 'logloss'}. Best is trial 54 with value: 0.7479913535324858.
start listen on 10.110.42.38:9091
@tracker All of 4 nodes getting started
@tracker All nodes finishes job
@tracker 8.100043296813965 secs between node start and job finish
Trial 68 finished with value: 0.7399785409678711 and parameters: {'objective': 'binary:logistic', 'tree_method': 'gpu_hist', 'lambda': 0.0015128215065158494, 'alpha': 0.003346924035135793, 'colsample_bytree': 0.6737529471473602, 'subsample': 0.5280638408223439, 'learning_rate': 0.014907878312809776, 'max_depth': 5, 'min_child_weight': 197, 'eval_metric': 'logloss'}. Best is trial 54 with value: 0.7479913535324858.
start listen on 10.110.42.38:9091
@tracker All of 4 nodes getting started
@tracker All nodes finishes job
@tracker 51.600841760635376 secs between node start and job finish
Trial 69 finished with value: 0.7463262646777551 and parameters: {'objective': 'binary:logistic', 'tree_method': 'gpu_hist', 'lambda': 0.00223221929573475, 'alpha': 0.1821468522241446, 'colsample_bytree': 0.7906928090180115, 'subsample': 0.6189483292405105, 'learning_rate': 0.02817270800021187, 'max_depth': 17, 'min_child_weight': 182, 'eval_metric': 'logloss'}. Best is trial 54 with value: 0.7479913535324858.
start listen on 10.110.42.38:9091
@tracker All of 4 nodes getting started
@tracker All nodes finishes job
@tracker 87.9927613735199 secs between node start and job finish
Trial 70 finished with value: 0.7467083088521408 and parameters: {'objective': 'binary:logistic', 'tree_method': 'gpu_hist', 'lambda': 0.45618729797300844, 'alpha': 0.014036028477454224, 'colsample_bytree': 0.6334674539093846, 'subsample': 0.6395705401186905, 'learning_rate': 0.010256987128391439, 'max_depth': 20, 'min_child_weight': 138, 'eval_metric': 'logloss'}. Best is trial 54 with value: 0.7479913535324858.
start listen on 10.110.42.38:9091
@tracker All of 4 nodes getting started
@tracker All nodes finishes job
@tracker 26.217588901519775 secs between node start and job finish
Trial 71 finished with value: 0.7475430285401596 and parameters: {'objective': 'binary:logistic', 'tree_method': 'gpu_hist', 'lambda': 0.008241707067841606, 'alpha': 0.006385236694210196, 'colsample_bytree': 0.7512457833195227, 'subsample': 0.5704587658884359, 'learning_rate': 0.024055866870297878, 'max_depth': 11, 'min_child_weight': 218, 'eval_metric': 'logloss'}. Best is trial 54 with value: 0.7479913535324858.
start listen on 10.110.42.38:9091
@tracker All of 4 nodes getting started
@tracker All nodes finishes job
@tracker 27.144466400146484 secs between node start and job finish
Trial 72 finished with value: 0.747611447319045 and parameters: {'objective': 'binary:logistic', 'tree_method': 'gpu_hist', 'lambda': 0.0050007677568649515, 'alpha': 0.008534526812191195, 'colsample_bytree': 0.7108694578377237, 'subsample': 0.5682057980461845, 'learning_rate': 0.020578534657548827, 'max_depth': 11, 'min_child_weight': 217, 'eval_metric': 'logloss'}. Best is trial 54 with value: 0.7479913535324858.
start listen on 10.110.42.38:9091
@tracker All of 4 nodes getting started
@tracker All nodes finishes job
@tracker 25.37196946144104 secs between node start and job finish
Trial 73 finished with value: 0.7468670768325615 and parameters: {'objective': 'binary:logistic', 'tree_method': 'gpu_hist', 'lambda': 0.004549712167331973, 'alpha': 0.007766149779153133, 'colsample_bytree': 0.6943715631047864, 'subsample': 0.5196269690993415, 'learning_rate': 0.0178441747022106, 'max_depth': 11, 'min_child_weight': 255, 'eval_metric': 'logloss'}. Best is trial 54 with value: 0.7479913535324858.
start listen on 10.110.42.38:9091
@tracker All of 4 nodes getting started
@tracker All nodes finishes job
@tracker 31.643309593200684 secs between node start and job finish
