Trial 209 finished with value: 0.7482449341767654 and parameters: {'objective': 'binary:logistic', 'tree_method': 'gpu_hist', 'lambda': 2.157378295528327, 'alpha': 0.032075675390989024, 'colsample_bytree': 0.3249273624260634, 'subsample': 0.846288506180743, 'learning_rate': 0.024200463811012915, 'max_depth': 11, 'min_child_weight': 300, 'eval_metric': 'logloss'}. Best is trial 193 with value: 0.7484547798362147.
start listen on 192.168.1.101:53887
@tracker All of 4 nodes getting started
@tracker All nodes finishes job
Trial 210 finished with value: 0.7479942162330182 and parameters: {'objective': 'binary:logistic', 'tree_method': 'gpu_hist', 'lambda': 2.2846084925633914, 'alpha': 0.018652466965761533, 'colsample_bytree': 0.34508434826477463, 'subsample': 0.870136388494977, 'learning_rate': 0.02410928282230094, 'max_depth': 11, 'min_child_weight': 300, 'eval_metric': 'logloss'}. Best is trial 193 with value: 0.7484547798362147.
start listen on 192.168.1.101:33533
@tracker All of 4 nodes getting started
@tracker All nodes finishes job
Trial 211 finished with value: 0.7480763064316878 and parameters: {'objective': 'binary:logistic', 'tree_method': 'gpu_hist', 'lambda': 2.871038436056144, 'alpha': 0.022834098127123382, 'colsample_bytree': 0.3250453725442515, 'subsample': 0.8477249663411852, 'learning_rate': 0.022495005649099505, 'max_depth': 11, 'min_child_weight': 294, 'eval_metric': 'logloss'}. Best is trial 193 with value: 0.7484547798362147.
start listen on 192.168.1.101:35495
@tracker All of 4 nodes getting started
@tracker All nodes finishes job
Trial 212 finished with value: 0.7480853832497635 and parameters: {'objective': 'binary:logistic', 'tree_method': 'gpu_hist', 'lambda': 3.439204666748756, 'alpha': 0.03250413217999554, 'colsample_bytree': 0.3141471662507271, 'subsample': 0.8361069649072858, 'learning_rate': 0.02538851558310945, 'max_depth': 11, 'min_child_weight': 296, 'eval_metric': 'logloss'}. Best is trial 193 with value: 0.7484547798362147.
start listen on 192.168.1.101:48741
@tracker All of 4 nodes getting started
@tracker All nodes finishes job
Trial 213 finished with value: 0.7477952915392435 and parameters: {'objective': 'binary:logistic', 'tree_method': 'gpu_hist', 'lambda': 4.072342624148482, 'alpha': 0.04232047546698709, 'colsample_bytree': 0.3734225745890866, 'subsample': 0.853010739357136, 'learning_rate': 0.020791222007816277, 'max_depth': 11, 'min_child_weight': 292, 'eval_metric': 'logloss'}. Best is trial 193 with value: 0.7484547798362147.
start listen on 192.168.1.101:50187
@tracker All of 4 nodes getting started
@tracker All nodes finishes job
Trial 214 finished with value: 0.7480719259039116 and parameters: {'objective': 'binary:logistic', 'tree_method': 'gpu_hist', 'lambda': 2.096706808487461, 'alpha': 0.02571806698575023, 'colsample_bytree': 0.300289025771626, 'subsample': 0.820490936185826, 'learning_rate': 0.024414355375326893, 'max_depth': 11, 'min_child_weight': 298, 'eval_metric': 'logloss'}. Best is trial 193 with value: 0.7484547798362147.
start listen on 192.168.1.101:37987
@tracker All of 4 nodes getting started
@tracker All nodes finishes job
Trial 215 finished with value: 0.7481477823974814 and parameters: {'objective': 'binary:logistic', 'tree_method': 'gpu_hist', 'lambda': 3.2755434659535174, 'alpha': 0.034518317034176994, 'colsample_bytree': 0.3282092373529053, 'subsample': 0.7979037236690838, 'learning_rate': 0.029116873466702064, 'max_depth': 11, 'min_child_weight': 289, 'eval_metric': 'logloss'}. Best is trial 193 with value: 0.7484547798362147.
start listen on 192.168.1.101:44141
@tracker All of 4 nodes getting started
@tracker All nodes finishes job
Trial 216 finished with value: 0.7477011060939465 and parameters: {'objective': 'binary:logistic', 'tree_method': 'gpu_hist', 'lambda': 4.485316102287843, 'alpha': 0.04732108401217326, 'colsample_bytree': 0.31633398997544415, 'subsample': 0.8376655012615424, 'learning_rate': 0.022678722593083036, 'max_depth': 9, 'min_child_weight': 286, 'eval_metric': 'logloss'}. Best is trial 193 with value: 0.7484547798362147.
start listen on 192.168.1.101:49291
@tracker All of 4 nodes getting started
@tracker All nodes finishes job
Trial 217 finished with value: 0.7483054081872011 and parameters: {'objective': 'binary:logistic', 'tree_method': 'gpu_hist', 'lambda': 2.7462163307534384, 'alpha': 0.10206693085343609, 'colsample_bytree': 0.34126444598794736, 'subsample': 0.8623903837350336, 'learning_rate': 0.02695716693930928, 'max_depth': 11, 'min_child_weight': 283, 'eval_metric': 'logloss'}. Best is trial 193 with value: 0.7484547798362147.
start listen on 192.168.1.101:56619
@tracker All of 4 nodes getting started
@tracker All nodes finishes job
Trial 218 finished with value: 0.7481172647067478 and parameters: {'objective': 'binary:logistic', 'tree_method': 'gpu_hist', 'lambda': 2.6586170811674275, 'alpha': 0.031007937768403635, 'colsample_bytree': 0.36076894999951115, 'subsample': 0.8665449557009753, 'learning_rate': 0.026781876950896778, 'max_depth': 11, 'min_child_weight': 300, 'eval_metric': 'logloss'}. Best is trial 193 with value: 0.7484547798362147.
start listen on 192.168.1.101:58029
@tracker All of 4 nodes getting started
@tracker All nodes finishes job
Trial 219 finished with value: 0.7483196280585649 and parameters: {'objective': 'binary:logistic', 'tree_method': 'gpu_hist', 'lambda': 1.7283009898634423, 'alpha': 4.5149170891230135, 'colsample_bytree': 0.3436997685374306, 'subsample': 0.8763049142078354, 'learning_rate': 0.03051814879035723, 'max_depth': 11, 'min_child_weight': 268, 'eval_metric': 'logloss'}. Best is trial 193 with value: 0.7484547798362147.
start listen on 192.168.1.101:43497
@tracker All of 4 nodes getting started
@tracker All nodes finishes job
Trial 220 finished with value: 0.748014769275371 and parameters: {'objective': 'binary:logistic', 'tree_method': 'gpu_hist', 'lambda': 1.8087975406465695, 'alpha': 4.379698034354002, 'colsample_bytree': 0.34575653206300805, 'subsample': 0.8734735296943644, 'learning_rate': 0.030471629763165423, 'max_depth': 11, 'min_child_weight': 282, 'eval_metric': 'logloss'}. Best is trial 193 with value: 0.7484547798362147.
start listen on 192.168.1.101:44723
@tracker All of 4 nodes getting started
@tracker All nodes finishes job
Trial 221 finished with value: 0.7477556567439705 and parameters: {'objective': 'binary:logistic', 'tree_method': 'gpu_hist', 'lambda': 2.1001403759354913, 'alpha': 2.8374023055939164, 'colsample_bytree': 0.34019629805324547, 'subsample': 0.8594371676325044, 'learning_rate': 0.026274226872314656, 'max_depth': 11, 'min_child_weight': 269, 'eval_metric': 'logloss'}. Best is trial 193 with value: 0.7484547798362147.
start listen on 192.168.1.101:38515
@tracker All of 4 nodes getting started
@tracker All nodes finishes job
Trial 222 finished with value: 0.7479939083888691 and parameters: {'objective': 'binary:logistic', 'tree_method': 'gpu_hist', 'lambda': 1.382105538015106, 'alpha': 0.04026250083508608, 'colsample_bytree': 0.3322521152972247, 'subsample': 0.8520436897348652, 'learning_rate': 0.02820631446608152, 'max_depth': 11, 'min_child_weight': 274, 'eval_metric': 'logloss'}. Best is trial 193 with value: 0.7484547798362147.
start listen on 192.168.1.101:39631
@tracker All of 4 nodes getting started
@tracker All nodes finishes job
Trial 223 finished with value: 0.7480382708700992 and parameters: {'objective': 'binary:logistic', 'tree_method': 'gpu_hist', 'lambda': 2.69094410305269, 'alpha': 5.003883668785299, 'colsample_bytree': 0.3178892227767679, 'subsample': 0.8846912554036902, 'learning_rate': 0.03260785932954692, 'max_depth': 11, 'min_child_weight': 266, 'eval_metric': 'logloss'}. Best is trial 193 with value: 0.7484547798362147.
start listen on 192.168.1.101:52031
@tracker All of 4 nodes getting started
@tracker All nodes finishes job
Trial 224 finished with value: 0.7479541459271826 and parameters: {'objective': 'binary:logistic', 'tree_method': 'gpu_hist', 'lambda': 5.8067143775981425, 'alpha': 7.621389821172052, 'colsample_bytree': 0.35995501155018345, 'subsample': 0.862645788336848, 'learning_rate': 0.023799577545995362, 'max_depth': 11, 'min_child_weight': 254, 'eval_metric': 'logloss'}. Best is trial 193 with value: 0.7484547798362147.
start listen on 192.168.1.101:32909
@tracker All of 4 nodes getting started
@tracker All nodes finishes job
Trial 225 finished with value: 0.7482526438945383 and parameters: {'objective': 'binary:logistic', 'tree_method': 'gpu_hist', 'lambda': 3.0978351154388593, 'alpha': 0.057158465073591, 'colsample_bytree': 0.3285943079566132, 'subsample': 0.8470491320466502, 'learning_rate': 0.026268669674990416, 'max_depth': 11, 'min_child_weight': 291, 'eval_metric': 'logloss'}. Best is trial 193 with value: 0.7484547798362147.
start listen on 192.168.1.101:48019
@tracker All of 4 nodes getting started
@tracker All nodes finishes job
Trial 226 finished with value: 0.7481144045067545 and parameters: {'objective': 'binary:logistic', 'tree_method': 'gpu_hist', 'lambda': 3.0847251764967374, 'alpha': 0.05658016547290816, 'colsample_bytree': 0.33080334070752404, 'subsample': 0.8477796482798818, 'learning_rate': 0.030010736188327468, 'max_depth': 11, 'min_child_weight': 291, 'eval_metric': 'logloss'}. Best is trial 193 with value: 0.7484547798362147.
start listen on 192.168.1.101:48793
@tracker All of 4 nodes getting started
@tracker All nodes finishes job
Trial 227 finished with value: 0.7479863332834522 and parameters: {'objective': 'binary:logistic', 'tree_method': 'gpu_hist', 'lambda': 1.6522741712142894, 'alpha': 0.05881789574881774, 'colsample_bytree': 0.3487287390595283, 'subsample': 0.8269511131947754, 'learning_rate': 0.02649559487175492, 'max_depth': 11, 'min_child_weight': 283, 'eval_metric': 'logloss'}. Best is trial 193 with value: 0.7484547798362147.
start listen on 192.168.1.101:43173
@tracker All of 4 nodes getting started
@tracker All nodes finishes job
Trial 228 finished with value: 0.7479956411235583 and parameters: {'objective': 'binary:logistic', 'tree_method': 'gpu_hist', 'lambda': 2.3595848203024916, 'alpha': 0.07863419502706849, 'colsample_bytree': 0.3140760043308351, 'subsample': 0.8745978820532617, 'learning_rate': 0.03397119770650522, 'max_depth': 11, 'min_child_weight': 293, 'eval_metric': 'logloss'}. Best is trial 193 with value: 0.7484547798362147.
start listen on 192.168.1.101:56151
@tracker All of 4 nodes getting started
@tracker All nodes finishes job
Trial 229 finished with value: 0.7479129655208977 and parameters: {'objective': 'binary:logistic', 'tree_method': 'gpu_hist', 'lambda': 3.795231480975461, 'alpha': 9.685272109179245, 'colsample_bytree': 0.34000345316901703, 'subsample': 0.8359391340169989, 'learning_rate': 0.025211403699770516, 'max_depth': 11, 'min_child_weight': 286, 'eval_metric': 'logloss'}. Best is trial 193 with value: 0.7484547798362147.
start listen on 192.168.1.101:44543
@tracker All of 4 nodes getting started
@tracker All nodes finishes job
Trial 230 finished with value: 0.7479717015177282 and parameters: {'objective': 'binary:logistic', 'tree_method': 'gpu_hist', 'lambda': 3.158604805934045, 'alpha': 0.14842602185536277, 'colsample_bytree': 0.37253941689025977, 'subsample': 0.8599234557106545, 'learning_rate': 0.02815620389017212, 'max_depth': 13, 'min_child_weight': 277, 'eval_metric': 'logloss'}. Best is trial 193 with value: 0.7484547798362147.
start listen on 192.168.1.101:56217
@tracker All of 4 nodes getting started
@tracker All nodes finishes job
Trial 231 finished with value: 0.7483219634231812 and parameters: {'objective': 'binary:logistic', 'tree_method': 'gpu_hist', 'lambda': 4.780655404040878, 'alpha': 0.04229782724240232, 'colsample_bytree': 0.3245767176538572, 'subsample': 0.844483865778388, 'learning_rate': 0.023424473245896568, 'max_depth': 11, 'min_child_weight': 271, 'eval_metric': 'logloss'}. Best is trial 193 with value: 0.7484547798362147.
start listen on 192.168.1.101:40833
@tracker All of 4 nodes getting started
@tracker All nodes finishes job
Trial 232 finished with value: 0.7482975612176145 and parameters: {'objective': 'binary:logistic', 'tree_method': 'gpu_hist', 'lambda': 4.668172600490046, 'alpha': 0.05570759446936288, 'colsample_bytree': 0.3007386759426511, 'subsample': 0.8459825292296674, 'learning_rate': 0.023843169619999785, 'max_depth': 11, 'min_child_weight': 278, 'eval_metric': 'logloss'}. Best is trial 193 with value: 0.7484547798362147.
start listen on 192.168.1.101:46833
@tracker All of 4 nodes getting started
@tracker All nodes finishes job
Trial 233 finished with value: 0.7480818740209505 and parameters: {'objective': 'binary:logistic', 'tree_method': 'gpu_hist', 'lambda': 4.500202126415204, 'alpha': 0.047951092587818794, 'colsample_bytree': 0.32257916201375697, 'subsample': 0.8388758053668244, 'learning_rate': 0.02350051303992214, 'max_depth': 11, 'min_child_weight': 281, 'eval_metric': 'logloss'}. Best is trial 193 with value: 0.7484547798362147.
start listen on 192.168.1.101:46977
@tracker All of 4 nodes getting started
@tracker All nodes finishes job
Trial 234 finished with value: 0.7481457755759213 and parameters: {'objective': 'binary:logistic', 'tree_method': 'gpu_hist', 'lambda': 3.996758822413402, 'alpha': 0.038168694202335256, 'colsample_bytree': 0.32647975403415186, 'subsample': 0.8194826425683951, 'learning_rate': 0.022285030348452133, 'max_depth': 11, 'min_child_weight': 273, 'eval_metric': 'logloss'}. Best is trial 193 with value: 0.7484547798362147.
start listen on 192.168.1.101:45403
@tracker All of 4 nodes getting started
@tracker All nodes finishes job
Trial 235 finished with value: 0.7480743301722724 and parameters: {'objective': 'binary:logistic', 'tree_method': 'gpu_hist', 'lambda': 4.717719544971878, 'alpha': 0.06576799875014958, 'colsample_bytree': 0.3113659431697045, 'subsample': 0.8493098435684625, 'learning_rate': 0.024711125340438195, 'max_depth': 11, 'min_child_weight': 288, 'eval_metric': 'logloss'}. Best is trial 193 with value: 0.7484547798362147.
start listen on 192.168.1.101:49637
@tracker All of 4 nodes getting started
@tracker All nodes finishes job
Trial 236 finished with value: 0.7481395477054129 and parameters: {'objective': 'binary:logistic', 'tree_method': 'gpu_hist', 'lambda': 3.195520610671982, 'alpha': 0.05254730148606381, 'colsample_bytree': 0.35520189928268187, 'subsample': 0.8669212696011236, 'learning_rate': 0.020871715248739892, 'max_depth': 15, 'min_child_weight': 295, 'eval_metric': 'logloss'}. Best is trial 193 with value: 0.7484547798362147.
start listen on 192.168.1.101:56683
@tracker All of 4 nodes getting started
@tracker All nodes finishes job
Trial 237 finished with value: 0.7482721653255864 and parameters: {'objective': 'binary:logistic', 'tree_method': 'gpu_hist', 'lambda': 5.311543645304518, 'alpha': 0.043773087252673, 'colsample_bytree': 0.3385100258252133, 'subsample': 0.8293905462659166, 'learning_rate': 0.025924166018158563, 'max_depth': 11, 'min_child_weight': 279, 'eval_metric': 'logloss'}. Best is trial 193 with value: 0.7484547798362147.
start listen on 192.168.1.101:32895
@tracker All of 4 nodes getting started
@tracker All nodes finishes job
Trial 238 finished with value: 0.748089846851006 and parameters: {'objective': 'binary:logistic', 'tree_method': 'gpu_hist', 'lambda': 5.6246376934132165, 'alpha': 0.044986394985072335, 'colsample_bytree': 0.3404473263714964, 'subsample': 0.8312756696154725, 'learning_rate': 0.026445932871742864, 'max_depth': 11, 'min_child_weight': 275, 'eval_metric': 'logloss'}. Best is trial 193 with value: 0.7484547798362147.
start listen on 192.168.1.101:54721
@tracker All of 4 nodes getting started
@tracker All nodes finishes job
Trial 239 finished with value: 0.7382961100408515 and parameters: {'objective': 'binary:logistic', 'tree_method': 'gpu_hist', 'lambda': 4.983247166419762, 'alpha': 0.03127466708406827, 'colsample_bytree': 0.3604752960808863, 'subsample': 0.8800486382524647, 'learning_rate': 0.02492635556889979, 'max_depth': 3, 'min_child_weight': 270, 'eval_metric': 'logloss'}. Best is trial 193 with value: 0.7484547798362147.
start listen on 192.168.1.101:46839
@tracker All of 4 nodes getting started
@tracker All nodes finishes job
Trial 240 finished with value: 0.7472368944820161 and parameters: {'objective': 'binary:logistic', 'tree_method': 'gpu_hist', 'lambda': 3.792593422824404, 'alpha': 0.039437884078786234, 'colsample_bytree': 0.33308518921511565, 'subsample': 0.48592060302248546, 'learning_rate': 0.030336071056196283, 'max_depth': 7, 'min_child_weight': 279, 'eval_metric': 'logloss'}. Best is trial 193 with value: 0.7484547798362147.
start listen on 192.168.1.101:35917
@tracker All of 4 nodes getting started
@tracker All nodes finishes job
Trial 241 finished with value: 0.7482404086177203 and parameters: {'objective': 'binary:logistic', 'tree_method': 'gpu_hist', 'lambda': 2.7360491357967374, 'alpha': 0.06796290100012044, 'colsample_bytree': 0.31413142336993566, 'subsample': 0.8441817531143626, 'learning_rate': 0.023237753986271065, 'max_depth': 11, 'min_child_weight': 285, 'eval_metric': 'logloss'}. Best is trial 193 with value: 0.7484547798362147.
start listen on 192.168.1.101:52945
@tracker All of 4 nodes getting started
@tracker All nodes finishes job
Trial 242 finished with value: 0.7481530614523138 and parameters: {'objective': 'binary:logistic', 'tree_method': 'gpu_hist', 'lambda': 6.009550388225865, 'alpha': 0.0677856483637784, 'colsample_bytree': 0.3225892245285223, 'subsample': 0.8529602952972692, 'learning_rate': 0.02335766933061091, 'max_depth': 11, 'min_child_weight': 287, 'eval_metric': 'logloss'}. Best is trial 193 with value: 0.7484547798362147.
start listen on 192.168.1.101:34395
@tracker All of 4 nodes getting started
@tracker All nodes finishes job
Trial 243 finished with value: 0.74799559903115 and parameters: {'objective': 'binary:logistic', 'tree_method': 'gpu_hist', 'lambda': 4.398335100118728, 'alpha': 0.10184808386201173, 'colsample_bytree': 0.3465331194817966, 'subsample': 0.8234674869553056, 'learning_rate': 0.025923418705066762, 'max_depth': 11, 'min_child_weight': 293, 'eval_metric': 'logloss'}. Best is trial 193 with value: 0.7484547798362147.
start listen on 192.168.1.101:50035
@tracker All of 4 nodes getting started
@tracker All nodes finishes job
Trial 244 finished with value: 0.7483605642455292 and parameters: {'objective': 'binary:logistic', 'tree_method': 'gpu_hist', 'lambda': 3.4583707792248846, 'alpha': 0.0580936746433699, 'colsample_bytree': 0.31698995706329897, 'subsample': 0.8431087993996386, 'learning_rate': 0.028226687441206127, 'max_depth': 11, 'min_child_weight': 281, 'eval_metric': 'logloss'}. Best is trial 193 with value: 0.7484547798362147.
start listen on 192.168.1.101:34939
@tracker All of 4 nodes getting started
@tracker All nodes finishes job
Trial 245 finished with value: 0.7469556852421148 and parameters: {'objective': 'binary:logistic', 'tree_method': 'gpu_hist', 'lambda': 3.5707185755636277, 'alpha': 0.053140558729765364, 'colsample_bytree': 0.6859915130062181, 'subsample': 0.8671581637624067, 'learning_rate': 0.029093186535469454, 'max_depth': 11, 'min_child_weight': 116, 'eval_metric': 'logloss'}. Best is trial 193 with value: 0.7484547798362147.
start listen on 192.168.1.101:38305
@tracker All of 4 nodes getting started
@tracker All nodes finishes job
Trial 246 finished with value: 0.7480770839604344 and parameters: {'objective': 'binary:logistic', 'tree_method': 'gpu_hist', 'lambda': 5.266181207454836, 'alpha': 0.043387917323877465, 'colsample_bytree': 0.33341485049405534, 'subsample': 0.8290731559877527, 'learning_rate': 0.027890687001589167, 'max_depth': 11, 'min_child_weight': 278, 'eval_metric': 'logloss'}. Best is trial 193 with value: 0.7484547798362147.
start listen on 192.168.1.101:38683
@tracker All of 4 nodes getting started
@tracker All nodes finishes job
Trial 247 finished with value: 0.7483036951789872 and parameters: {'objective': 'binary:logistic', 'tree_method': 'gpu_hist', 'lambda': 4.108079082035743, 'alpha': 0.08882363204844101, 'colsample_bytree': 0.3830095424034395, 'subsample': 0.8128156598828092, 'learning_rate': 0.030363696412475966, 'max_depth': 11, 'min_child_weight': 268, 'eval_metric': 'logloss'}. Best is trial 193 with value: 0.7484547798362147.
start listen on 192.168.1.101:42739
@tracker All of 4 nodes getting started
@tracker All nodes finishes job
Trial 248 finished with value: 0.7460613503399282 and parameters: {'objective': 'binary:logistic', 'tree_method': 'gpu_hist', 'lambda': 4.344980588435041, 'alpha': 0.07737961729315987, 'colsample_bytree': 0.3915984810782909, 'subsample': 0.8214976610886738, 'learning_rate': 0.031950469598825554, 'max_depth': 5, 'min_child_weight': 267, 'eval_metric': 'logloss'}. Best is trial 193 with value: 0.7484547798362147.
start listen on 192.168.1.101:39877
@tracker All of 4 nodes getting started
@tracker All nodes finishes job
Trial 249 finished with value: 0.7470667846118364 and parameters: {'objective': 'binary:logistic', 'tree_method': 'gpu_hist', 'lambda': 6.500843890620122, 'alpha': 0.12048308630012702, 'colsample_bytree': 0.3751669623707515, 'subsample': 0.8162704254864218, 'learning_rate': 0.040457172013687565, 'max_depth': 11, 'min_child_weight': 272, 'eval_metric': 'logloss'}. Best is trial 193 with value: 0.7484547798362147.
start listen on 192.168.1.101:41323
@tracker All of 4 nodes getting started
@tracker All nodes finishes job
