Trial 148 finished with value: 0.7473627470325276 and parameters: {'objective': 'binary:logistic', 'tree_method': 'gpu_hist', 'lambda': 0.02241034208789277, 'alpha': 0.003276632881001022, 'colsample_bytree': 0.6169167792766697, 'subsample': 0.6099023602222127, 'learning_rate': 0.012272944326335727, 'max_depth': 20, 'min_child_weight': 200, 'eval_metric': 'logloss'}. Best is trial 132 with value: 0.7482792731080263.
start listen on 10.110.42.38:9091
@tracker All of 4 nodes getting started
@tracker All nodes finishes job
@tracker 5.24566125869751 secs between node start and job finish
Trial 149 finished with value: 0.7326722735123561 and parameters: {'objective': 'binary:logistic', 'tree_method': 'gpu_hist', 'lambda': 0.007033242329853192, 'alpha': 0.0021348603846016814, 'colsample_bytree': 0.5961980771327755, 'subsample': 0.6709736903364332, 'learning_rate': 0.016628149643363194, 'max_depth': 3, 'min_child_weight': 207, 'eval_metric': 'logloss'}. Best is trial 132 with value: 0.7482792731080263.
start listen on 10.110.42.38:9091
@tracker All of 4 nodes getting started
@tracker All nodes finishes job
@tracker 55.99924039840698 secs between node start and job finish
Trial 150 finished with value: 0.7477772651527494 and parameters: {'objective': 'binary:logistic', 'tree_method': 'gpu_hist', 'lambda': 0.005035018753548451, 'alpha': 0.002832600375347622, 'colsample_bytree': 0.5785225325202407, 'subsample': 0.6222018162314336, 'learning_rate': 0.0147005129701454, 'max_depth': 20, 'min_child_weight': 232, 'eval_metric': 'logloss'}. Best is trial 132 with value: 0.7482792731080263.
start listen on 10.110.42.38:9091
@tracker All of 4 nodes getting started
@tracker All nodes finishes job
@tracker 59.74976134300232 secs between node start and job finish
Trial 151 finished with value: 0.7481278786617862 and parameters: {'objective': 'binary:logistic', 'tree_method': 'gpu_hist', 'lambda': 0.012477967642072114, 'alpha': 0.0025716795849982247, 'colsample_bytree': 0.5600019065743294, 'subsample': 0.633745047658432, 'learning_rate': 0.016691463172819224, 'max_depth': 20, 'min_child_weight': 209, 'eval_metric': 'logloss'}. Best is trial 132 with value: 0.7482792731080263.
start listen on 10.110.42.38:9091
@tracker All of 4 nodes getting started
@tracker All nodes finishes job
@tracker 57.91439199447632 secs between node start and job finish
Trial 152 finished with value: 0.7475052302519494 and parameters: {'objective': 'binary:logistic', 'tree_method': 'gpu_hist', 'lambda': 0.008581877376825768, 'alpha': 0.004342314137137021, 'colsample_bytree': 0.5539540422070757, 'subsample': 0.6380273391734825, 'learning_rate': 0.02173291254580016, 'max_depth': 20, 'min_child_weight': 215, 'eval_metric': 'logloss'}. Best is trial 132 with value: 0.7482792731080263.
start listen on 10.110.42.38:9091
@tracker All of 4 nodes getting started
@tracker All nodes finishes job
@tracker 58.61547017097473 secs between node start and job finish
Trial 153 finished with value: 0.7479550144477691 and parameters: {'objective': 'binary:logistic', 'tree_method': 'gpu_hist', 'lambda': 0.016576719945282252, 'alpha': 0.0024354778571603996, 'colsample_bytree': 0.5714880285480816, 'subsample': 0.6594126599193166, 'learning_rate': 0.01787461553560365, 'max_depth': 20, 'min_child_weight': 221, 'eval_metric': 'logloss'}. Best is trial 132 with value: 0.7482792731080263.
start listen on 10.110.42.38:9091
@tracker All of 4 nodes getting started
@tracker All nodes finishes job
@tracker 57.16133737564087 secs between node start and job finish
Trial 154 finished with value: 0.7480908679044787 and parameters: {'objective': 'binary:logistic', 'tree_method': 'gpu_hist', 'lambda': 0.026678452083452448, 'alpha': 0.0017739223922355737, 'colsample_bytree': 0.5409714681743713, 'subsample': 0.6593525008461392, 'learning_rate': 0.01714619332254236, 'max_depth': 20, 'min_child_weight': 225, 'eval_metric': 'logloss'}. Best is trial 132 with value: 0.7482792731080263.
start listen on 10.110.42.38:9091
@tracker All of 4 nodes getting started
@tracker All nodes finishes job
@tracker 56.63276791572571 secs between node start and job finish
Trial 155 finished with value: 0.7481083776518074 and parameters: {'objective': 'binary:logistic', 'tree_method': 'gpu_hist', 'lambda': 0.019139890592380016, 'alpha': 0.002342889165184632, 'colsample_bytree': 0.537796532842469, 'subsample': 0.6510372470247472, 'learning_rate': 0.016844057935185383, 'max_depth': 20, 'min_child_weight': 226, 'eval_metric': 'logloss'}. Best is trial 132 with value: 0.7482792731080263.
start listen on 10.110.42.38:9091
@tracker All of 4 nodes getting started
@tracker All nodes finishes job
@tracker 60.37937307357788 secs between node start and job finish
Trial 156 finished with value: 0.7481382757645154 and parameters: {'objective': 'binary:logistic', 'tree_method': 'gpu_hist', 'lambda': 0.01868876910758428, 'alpha': 0.0014888500270487876, 'colsample_bytree': 0.5378038935719848, 'subsample': 0.6987893064321528, 'learning_rate': 0.015861862092163025, 'max_depth': 20, 'min_child_weight': 222, 'eval_metric': 'logloss'}. Best is trial 132 with value: 0.7482792731080263.
start listen on 10.110.42.38:9091
@tracker All of 4 nodes getting started
@tracker All nodes finishes job
@tracker 60.6168270111084 secs between node start and job finish
Trial 157 finished with value: 0.7482466687173996 and parameters: {'objective': 'binary:logistic', 'tree_method': 'gpu_hist', 'lambda': 0.027201685036416963, 'alpha': 0.0015299770094053537, 'colsample_bytree': 0.5329038582720657, 'subsample': 0.7283105479574394, 'learning_rate': 0.016682128630420234, 'max_depth': 20, 'min_child_weight': 226, 'eval_metric': 'logloss'}. Best is trial 132 with value: 0.7482792731080263.
start listen on 10.110.42.38:9091
@tracker All of 4 nodes getting started
@tracker All nodes finishes job
@tracker 59.971800565719604 secs between node start and job finish
Trial 158 finished with value: 0.7479605898164868 and parameters: {'objective': 'binary:logistic', 'tree_method': 'gpu_hist', 'lambda': 0.029499229516549888, 'alpha': 0.0014802535792960887, 'colsample_bytree': 0.5345437596883227, 'subsample': 0.7338180275369636, 'learning_rate': 0.016992805594588874, 'max_depth': 20, 'min_child_weight': 231, 'eval_metric': 'logloss'}. Best is trial 132 with value: 0.7482792731080263.
start listen on 10.110.42.38:9091
@tracker All of 4 nodes getting started
@tracker All nodes finishes job
@tracker 60.34080696105957 secs between node start and job finish
Trial 159 finished with value: 0.7476175648879948 and parameters: {'objective': 'binary:logistic', 'tree_method': 'gpu_hist', 'lambda': 0.020655843941025574, 'alpha': 0.0017490871906006126, 'colsample_bytree': 0.5067108931893094, 'subsample': 0.7444175426883595, 'learning_rate': 0.013536565036720363, 'max_depth': 20, 'min_child_weight': 246, 'eval_metric': 'logloss'}. Best is trial 132 with value: 0.7482792731080263.
start listen on 10.110.42.38:9091
@tracker All of 4 nodes getting started
@tracker All nodes finishes job
@tracker 63.14592671394348 secs between node start and job finish
Trial 160 finished with value: 0.7478036304204418 and parameters: {'objective': 'binary:logistic', 'tree_method': 'gpu_hist', 'lambda': 0.025145538492092306, 'alpha': 0.001152756849597587, 'colsample_bytree': 0.5199159093176974, 'subsample': 0.7633417063131596, 'learning_rate': 0.015686149406981743, 'max_depth': 20, 'min_child_weight': 226, 'eval_metric': 'logloss'}. Best is trial 132 with value: 0.7482792731080263.
start listen on 10.110.42.38:9091
@tracker All of 4 nodes getting started
@tracker All nodes finishes job
@tracker 56.766194105148315 secs between node start and job finish
Trial 161 finished with value: 0.7481289055498501 and parameters: {'objective': 'binary:logistic', 'tree_method': 'gpu_hist', 'lambda': 0.018270932987980378, 'alpha': 0.001872016633820331, 'colsample_bytree': 0.5463499510594062, 'subsample': 0.700639529705452, 'learning_rate': 0.016625226211718046, 'max_depth': 20, 'min_child_weight': 242, 'eval_metric': 'logloss'}. Best is trial 132 with value: 0.7482792731080263.
start listen on 10.110.42.38:9091
@tracker All of 4 nodes getting started
@tracker All nodes finishes job
@tracker 56.841217279434204 secs between node start and job finish
Trial 162 finished with value: 0.7480848816138328 and parameters: {'objective': 'binary:logistic', 'tree_method': 'gpu_hist', 'lambda': 0.017518201666179765, 'alpha': 0.002107940285707561, 'colsample_bytree': 0.5372013308104973, 'subsample': 0.6999568533905918, 'learning_rate': 0.01731383844461881, 'max_depth': 20, 'min_child_weight': 240, 'eval_metric': 'logloss'}. Best is trial 132 with value: 0.7482792731080263.
start listen on 10.110.42.38:9091
@tracker All of 4 nodes getting started
@tracker All nodes finishes job
@tracker 57.88821315765381 secs between node start and job finish
Trial 163 finished with value: 0.747993301313539 and parameters: {'objective': 'binary:logistic', 'tree_method': 'gpu_hist', 'lambda': 0.0264847634243825, 'alpha': 0.0013468737621366148, 'colsample_bytree': 0.5453377688310742, 'subsample': 0.7224677377191527, 'learning_rate': 0.016681195273428456, 'max_depth': 20, 'min_child_weight': 241, 'eval_metric': 'logloss'}. Best is trial 132 with value: 0.7482792731080263.
start listen on 10.110.42.38:9091
@tracker All of 4 nodes getting started
@tracker All nodes finishes job
@tracker 70.29704642295837 secs between node start and job finish
Trial 164 finished with value: 0.7153504550345917 and parameters: {'objective': 'binary:logistic', 'tree_method': 'gpu_hist', 'lambda': 0.018679359853580994, 'alpha': 0.0018637711771350332, 'colsample_bytree': 0.5359355782672678, 'subsample': 0.7051461060979233, 'learning_rate': 0.001581739214741994, 'max_depth': 20, 'min_child_weight': 242, 'eval_metric': 'logloss'}. Best is trial 132 with value: 0.7482792731080263.
start listen on 10.110.42.38:9091
@tracker All of 4 nodes getting started
@tracker All nodes finishes job
@tracker 54.938234090805054 secs between node start and job finish
Trial 165 finished with value: 0.7479037192218375 and parameters: {'objective': 'binary:logistic', 'tree_method': 'gpu_hist', 'lambda': 0.016171650739341077, 'alpha': 0.0019312517925667875, 'colsample_bytree': 0.5577654728834729, 'subsample': 0.6939301288796582, 'learning_rate': 0.019879152338661103, 'max_depth': 20, 'min_child_weight': 252, 'eval_metric': 'logloss'}. Best is trial 132 with value: 0.7482792731080263.
start listen on 10.110.42.38:9091
@tracker All of 4 nodes getting started
@tracker All nodes finishes job
@tracker 40.576690912246704 secs between node start and job finish
Trial 166 finished with value: 0.7327718056659605 and parameters: {'objective': 'binary:logistic', 'tree_method': 'gpu_hist', 'lambda': 0.022013944276395404, 'alpha': 0.0010044871150616454, 'colsample_bytree': 0.5166516744872005, 'subsample': 0.715542541278388, 'learning_rate': 0.08522619100573406, 'max_depth': 15, 'min_child_weight': 228, 'eval_metric': 'logloss'}. Best is trial 132 with value: 0.7482792731080263.
start listen on 10.110.42.38:9091
@tracker All of 4 nodes getting started
@tracker All nodes finishes job
@tracker 61.81318974494934 secs between node start and job finish
Trial 167 finished with value: 0.7479569441693732 and parameters: {'objective': 'binary:logistic', 'tree_method': 'gpu_hist', 'lambda': 0.015897325844416242, 'alpha': 0.0014714008105303098, 'colsample_bytree': 0.5486578544292238, 'subsample': 0.7558630609636319, 'learning_rate': 0.01520837251475866, 'max_depth': 20, 'min_child_weight': 232, 'eval_metric': 'logloss'}. Best is trial 132 with value: 0.7482792731080263.
start listen on 10.110.42.38:9091
@tracker All of 4 nodes getting started
@tracker All nodes finishes job
@tracker 39.33734393119812 secs between node start and job finish
Trial 168 finished with value: 0.7460201949390345 and parameters: {'objective': 'binary:logistic', 'tree_method': 'gpu_hist', 'lambda': 0.013368460391883942, 'alpha': 0.0022975707324659872, 'colsample_bytree': 0.5303372086740744, 'subsample': 0.733333474752393, 'learning_rate': 0.01220841294853094, 'max_depth': 13, 'min_child_weight': 263, 'eval_metric': 'logloss'}. Best is trial 132 with value: 0.7482792731080263.
start listen on 10.110.42.38:9091
@tracker All of 4 nodes getting started
@tracker All nodes finishes job
@tracker 64.68396854400635 secs between node start and job finish
Trial 169 finished with value: 0.7466366879939972 and parameters: {'objective': 'binary:logistic', 'tree_method': 'gpu_hist', 'lambda': 0.025665275478421335, 'alpha': 0.003034756925948719, 'colsample_bytree': 0.5054135432982388, 'subsample': 0.6955090305058704, 'learning_rate': 0.010990482710433432, 'max_depth': 20, 'min_child_weight': 221, 'eval_metric': 'logloss'}. Best is trial 132 with value: 0.7482792731080263.
start listen on 10.110.42.38:9091
@tracker All of 4 nodes getting started
@tracker All nodes finishes job
@tracker 58.34738278388977 secs between node start and job finish
Trial 170 finished with value: 0.7483020055091384 and parameters: {'objective': 'binary:logistic', 'tree_method': 'gpu_hist', 'lambda': 0.03398947137831618, 'alpha': 0.001647338546581635, 'colsample_bytree': 0.5574425839593015, 'subsample': 0.6885001429903415, 'learning_rate': 0.017100794662712075, 'max_depth': 20, 'min_child_weight': 233, 'eval_metric': 'logloss'}. Best is trial 170 with value: 0.7483020055091384.
start listen on 10.110.42.38:9091
@tracker All of 4 nodes getting started
@tracker All nodes finishes job
@tracker 56.69956040382385 secs between node start and job finish
Trial 171 finished with value: 0.7480650212208155 and parameters: {'objective': 'binary:logistic', 'tree_method': 'gpu_hist', 'lambda': 0.04640524398516612, 'alpha': 0.001699171384529542, 'colsample_bytree': 0.5591122159889425, 'subsample': 0.6780442478108123, 'learning_rate': 0.016767844692730943, 'max_depth': 20, 'min_child_weight': 241, 'eval_metric': 'logloss'}. Best is trial 170 with value: 0.7483020055091384.
start listen on 10.110.42.38:9091
@tracker All of 4 nodes getting started
@tracker All nodes finishes job
@tracker 55.517804861068726 secs between node start and job finish
Trial 172 finished with value: 0.7481589446651805 and parameters: {'objective': 'binary:logistic', 'tree_method': 'gpu_hist', 'lambda': 0.048443075849152806, 'alpha': 0.001549640686849729, 'colsample_bytree': 0.557862204977311, 'subsample': 0.6751500532224446, 'learning_rate': 0.01685301790482699, 'max_depth': 20, 'min_child_weight': 248, 'eval_metric': 'logloss'}. Best is trial 170 with value: 0.7483020055091384.
start listen on 10.110.42.38:9091
@tracker All of 4 nodes getting started
@tracker All nodes finishes job
@tracker 56.548999309539795 secs between node start and job finish
Trial 173 finished with value: 0.7478898274767734 and parameters: {'objective': 'binary:logistic', 'tree_method': 'gpu_hist', 'lambda': 0.04481385680981631, 'alpha': 0.001652690599558601, 'colsample_bytree': 0.5591602688541226, 'subsample': 0.679894251780162, 'learning_rate': 0.01384797265022389, 'max_depth': 20, 'min_child_weight': 251, 'eval_metric': 'logloss'}. Best is trial 170 with value: 0.7483020055091384.
start listen on 10.110.42.38:9091
@tracker All of 4 nodes getting started
@tracker All nodes finishes job
@tracker 57.8955283164978 secs between node start and job finish
Trial 174 finished with value: 0.7480089257932924 and parameters: {'objective': 'binary:logistic', 'tree_method': 'gpu_hist', 'lambda': 0.03525174714736758, 'alpha': 0.0012448573823338892, 'colsample_bytree': 0.5445703193778929, 'subsample': 0.6973539338748963, 'learning_rate': 0.015754357119940613, 'max_depth': 20, 'min_child_weight': 236, 'eval_metric': 'logloss'}. Best is trial 170 with value: 0.7483020055091384.
start listen on 10.110.42.38:9091
@tracker All of 4 nodes getting started
@tracker All nodes finishes job
@tracker 56.69219923019409 secs between node start and job finish
Trial 175 finished with value: 0.7482173108600596 and parameters: {'objective': 'binary:logistic', 'tree_method': 'gpu_hist', 'lambda': 0.05400326908978404, 'alpha': 0.0021247246689152094, 'colsample_bytree': 0.5262524269009387, 'subsample': 0.7127956342352716, 'learning_rate': 0.01688417783064728, 'max_depth': 20, 'min_child_weight': 245, 'eval_metric': 'logloss'}. Best is trial 170 with value: 0.7483020055091384.
start listen on 10.110.42.38:9091
@tracker All of 4 nodes getting started
@tracker All nodes finishes job
@tracker 56.107516050338745 secs between node start and job finish
Trial 176 finished with value: 0.7476521797120715 and parameters: {'objective': 'binary:logistic', 'tree_method': 'gpu_hist', 'lambda': 0.03251749848704945, 'alpha': 0.0021954783041040617, 'colsample_bytree': 0.5301513332861966, 'subsample': 0.7122279797714962, 'learning_rate': 0.014179634727052462, 'max_depth': 20, 'min_child_weight': 257, 'eval_metric': 'logloss'}. Best is trial 170 with value: 0.7483020055091384.
start listen on 10.110.42.38:9091
@tracker All of 4 nodes getting started
@tracker All nodes finishes job
@tracker 12.695241928100586 secs between node start and job finish
Trial 177 finished with value: 0.7468800485181494 and parameters: {'objective': 'binary:logistic', 'tree_method': 'gpu_hist', 'lambda': 0.036180398975374714, 'alpha': 0.0025653452932581696, 'colsample_bytree': 0.5397137647793557, 'subsample': 0.6866978239878391, 'learning_rate': 0.023851295484830413, 'max_depth': 7, 'min_child_weight': 247, 'eval_metric': 'logloss'}. Best is trial 170 with value: 0.7483020055091384.
start listen on 10.110.42.38:9091
@tracker All of 4 nodes getting started
@tracker All nodes finishes job
@tracker 57.008941888809204 secs between node start and job finish
Trial 178 finished with value: 0.7481055638507066 and parameters: {'objective': 'binary:logistic', 'tree_method': 'gpu_hist', 'lambda': 0.06319047621201149, 'alpha': 0.001293627871658886, 'colsample_bytree': 0.49857515483807774, 'subsample': 0.7028069341529839, 'learning_rate': 0.019796365961932506, 'max_depth': 20, 'min_child_weight': 237, 'eval_metric': 'logloss'}. Best is trial 170 with value: 0.7483020055091384.
start listen on 10.110.42.38:9091
@tracker All of 4 nodes getting started
@tracker All nodes finishes job
@tracker 21.1743745803833 secs between node start and job finish
Trial 179 finished with value: 0.7473160894731449 and parameters: {'objective': 'binary:logistic', 'tree_method': 'gpu_hist', 'lambda': 0.05427408861953353, 'alpha': 0.0013268520935310762, 'colsample_bytree': 0.5209641540843848, 'subsample': 0.7287380979392777, 'learning_rate': 0.02112933043136829, 'max_depth': 9, 'min_child_weight': 236, 'eval_metric': 'logloss'}. Best is trial 170 with value: 0.7483020055091384.
start listen on 10.110.42.38:9091
@tracker All of 4 nodes getting started
@tracker All nodes finishes job
@tracker 60.4006290435791 secs between node start and job finish
Trial 180 finished with value: 0.7481575888173039 and parameters: {'objective': 'binary:logistic', 'tree_method': 'gpu_hist', 'lambda': 0.06230948889526662, 'alpha': 0.0014421163053850467, 'colsample_bytree': 0.4937852410288921, 'subsample': 0.7068961995863428, 'learning_rate': 0.015917576300219706, 'max_depth': 20, 'min_child_weight': 225, 'eval_metric': 'logloss'}. Best is trial 170 with value: 0.7483020055091384.
start listen on 10.110.42.38:9091
@tracker All of 4 nodes getting started
@tracker All nodes finishes job
@tracker 61.17129683494568 secs between node start and job finish
Trial 181 finished with value: 0.7480797964897009 and parameters: {'objective': 'binary:logistic', 'tree_method': 'gpu_hist', 'lambda': 0.07755935950848138, 'alpha': 0.0020206174986808034, 'colsample_bytree': 0.5504473736353082, 'subsample': 0.7041832948899429, 'learning_rate': 0.015450745863899972, 'max_depth': 20, 'min_child_weight': 225, 'eval_metric': 'logloss'}. Best is trial 170 with value: 0.7483020055091384.
start listen on 10.110.42.38:9091
@tracker All of 4 nodes getting started
@tracker All nodes finishes job
@tracker 60.58305859565735 secs between node start and job finish
Trial 182 finished with value: 0.7478189494176664 and parameters: {'objective': 'binary:logistic', 'tree_method': 'gpu_hist', 'lambda': 0.07500035216814778, 'alpha': 0.0015210850413358385, 'colsample_bytree': 0.4910725532342722, 'subsample': 0.7029933468311841, 'learning_rate': 0.015560984375406187, 'max_depth': 20, 'min_child_weight': 224, 'eval_metric': 'logloss'}. Best is trial 170 with value: 0.7483020055091384.
start listen on 10.110.42.38:9091
@tracker All of 4 nodes getting started
@tracker All nodes finishes job
@tracker 61.27443480491638 secs between node start and job finish
Trial 183 finished with value: 0.7473350475882975 and parameters: {'objective': 'binary:logistic', 'tree_method': 'gpu_hist', 'lambda': 0.07164530653215166, 'alpha': 0.001983305576881045, 'colsample_bytree': 0.5317204520470199, 'subsample': 0.7165074458033197, 'learning_rate': 0.01294748715223959, 'max_depth': 20, 'min_child_weight': 234, 'eval_metric': 'logloss'}. Best is trial 170 with value: 0.7483020055091384.
start listen on 10.110.42.38:9091
@tracker All of 4 nodes getting started
@tracker All nodes finishes job
@tracker 55.76906704902649 secs between node start and job finish
Trial 184 finished with value: 0.7481813815859203 and parameters: {'objective': 'binary:logistic', 'tree_method': 'gpu_hist', 'lambda': 0.09537226868201268, 'alpha': 0.0011555799788111908, 'colsample_bytree': 0.5468587767614553, 'subsample': 0.7036122461815825, 'learning_rate': 0.019855842078332485, 'max_depth': 20, 'min_child_weight': 241, 'eval_metric': 'logloss'}. Best is trial 170 with value: 0.7483020055091384.
start listen on 10.110.42.38:9091
@tracker All of 4 nodes getting started
@tracker All nodes finishes job
@tracker 7.92471170425415 secs between node start and job finish
