Trial 117 finished with value: 0.7506636646835123 and parameters: {'C': 0.5020845968791964}. Best is trial 90 with value: 0.750663656348382.
sklearn.linear_model.LogisticRegression.fit: running accelerated version on CPU
sklearn.linear_model.LogisticRegression.predict: running accelerated version on CPU
sklearn.metrics.roc_auc_score: running accelerated version on CPU
Trial 118 finished with value: 0.7506637355321206 and parameters: {'C': 0.252982198174572}. Best is trial 90 with value: 0.750663656348382.
sklearn.linear_model.LogisticRegression.fit: running accelerated version on CPU
sklearn.linear_model.LogisticRegression.predict: running accelerated version on CPU
sklearn.metrics.roc_auc_score: running accelerated version on CPU
Trial 119 finished with value: 0.7506636816316108 and parameters: {'C': 0.42371146952301686}. Best is trial 90 with value: 0.750663656348382.
sklearn.linear_model.LogisticRegression.fit: running accelerated version on CPU
sklearn.linear_model.LogisticRegression.predict: running accelerated version on CPU
sklearn.metrics.roc_auc_score: running accelerated version on CPU
Trial 120 finished with value: 0.7506636849656629 and parameters: {'C': 0.38625979981413494}. Best is trial 90 with value: 0.750663656348382.
sklearn.linear_model.LogisticRegression.fit: running accelerated version on CPU
sklearn.linear_model.LogisticRegression.predict: running accelerated version on CPU
sklearn.metrics.roc_auc_score: running accelerated version on CPU
Trial 121 finished with value: 0.7506636644056747 and parameters: {'C': 0.45231404489688676}. Best is trial 90 with value: 0.750663656348382.
sklearn.linear_model.LogisticRegression.fit: running accelerated version on CPU
sklearn.linear_model.LogisticRegression.predict: running accelerated version on CPU
sklearn.metrics.roc_auc_score: running accelerated version on CPU
Trial 122 finished with value: 0.7506636621829732 and parameters: {'C': 0.4800795630610041}. Best is trial 90 with value: 0.750663656348382.
sklearn.linear_model.LogisticRegression.fit: running accelerated version on CPU
sklearn.linear_model.LogisticRegression.predict: running accelerated version on CPU
sklearn.metrics.roc_auc_score: running accelerated version on CPU
Trial 123 finished with value: 0.7506636757970195 and parameters: {'C': 0.5363784267211469}. Best is trial 90 with value: 0.750663656348382.
sklearn.linear_model.LogisticRegression.fit: running accelerated version on CPU
sklearn.linear_model.LogisticRegression.predict: running accelerated version on CPU
sklearn.metrics.roc_auc_score: running accelerated version on CPU
Trial 124 finished with value: 0.7506636724629674 and parameters: {'C': 0.43173270217612525}. Best is trial 90 with value: 0.750663656348382.
sklearn.linear_model.LogisticRegression.fit: running accelerated version on CPU
sklearn.linear_model.LogisticRegression.predict: running accelerated version on CPU
sklearn.metrics.roc_auc_score: running accelerated version on CPU
Trial 125 finished with value: 0.7506636749635065 and parameters: {'C': 0.572572831705914}. Best is trial 90 with value: 0.750663656348382.
sklearn.linear_model.LogisticRegression.fit: running accelerated version on CPU
sklearn.linear_model.LogisticRegression.predict: running accelerated version on CPU
sklearn.metrics.roc_auc_score: running accelerated version on CPU
Trial 126 finished with value: 0.7506636696845905 and parameters: {'C': 0.49795387722749934}. Best is trial 90 with value: 0.750663656348382.
sklearn.linear_model.LogisticRegression.fit: running accelerated version on CPU
sklearn.linear_model.LogisticRegression.predict: running accelerated version on CPU
sklearn.metrics.roc_auc_score: running accelerated version on CPU
Trial 127 finished with value: 0.750663671073779 and parameters: {'C': 0.4625823559541668}. Best is trial 90 with value: 0.750663656348382.
sklearn.linear_model.LogisticRegression.fit: running accelerated version on CPU
sklearn.linear_model.LogisticRegression.predict: running accelerated version on CPU
sklearn.metrics.roc_auc_score: running accelerated version on CPU
Trial 128 finished with value: 0.7506636774640456 and parameters: {'C': 0.5469331386786116}. Best is trial 90 with value: 0.750663656348382.
sklearn.linear_model.LogisticRegression.fit: running accelerated version on CPU
sklearn.linear_model.LogisticRegression.predict: running accelerated version on CPU
sklearn.metrics.roc_auc_score: running accelerated version on CPU
Trial 129 finished with value: 0.7506636794089093 and parameters: {'C': 0.4041126416240926}. Best is trial 90 with value: 0.750663656348382.
sklearn.linear_model.LogisticRegression.fit: running accelerated version on CPU
sklearn.linear_model.LogisticRegression.predict: running accelerated version on CPU
sklearn.metrics.roc_auc_score: running accelerated version on CPU
Trial 130 finished with value: 0.7506636616272979 and parameters: {'C': 0.6077899207987038}. Best is trial 90 with value: 0.750663656348382.
sklearn.linear_model.LogisticRegression.fit: running accelerated version on CPU
sklearn.linear_model.LogisticRegression.predict: running accelerated version on CPU
sklearn.metrics.roc_auc_score: running accelerated version on CPU
Trial 131 finished with value: 0.7506636616272979 and parameters: {'C': 0.6041407150541009}. Best is trial 90 with value: 0.750663656348382.
sklearn.linear_model.LogisticRegression.fit: running accelerated version on CPU
sklearn.linear_model.LogisticRegression.predict: running accelerated version on CPU
sklearn.metrics.roc_auc_score: running accelerated version on CPU
Trial 132 finished with value: 0.7506636635721616 and parameters: {'C': 0.611975944524504}. Best is trial 90 with value: 0.750663656348382.
sklearn.linear_model.LogisticRegression.fit: running accelerated version on CPU
sklearn.linear_model.LogisticRegression.predict: running accelerated version on CPU
sklearn.metrics.roc_auc_score: running accelerated version on CPU
Trial 133 finished with value: 0.7506636716294544 and parameters: {'C': 0.5781472931983628}. Best is trial 90 with value: 0.750663656348382.
sklearn.linear_model.LogisticRegression.fit: running accelerated version on CPU
sklearn.linear_model.LogisticRegression.predict: running accelerated version on CPU
sklearn.metrics.roc_auc_score: running accelerated version on CPU
Trial 134 finished with value: 0.7506636744078311 and parameters: {'C': 0.6684538393191235}. Best is trial 90 with value: 0.750663656348382.
sklearn.linear_model.LogisticRegression.fit: running accelerated version on CPU
sklearn.linear_model.LogisticRegression.predict: running accelerated version on CPU
sklearn.metrics.roc_auc_score: running accelerated version on CPU
Trial 135 finished with value: 0.7506636602381095 and parameters: {'C': 0.6003006686721416}. Best is trial 90 with value: 0.750663656348382.
sklearn.linear_model.LogisticRegression.fit: running accelerated version on CPU
sklearn.linear_model.LogisticRegression.predict: running accelerated version on CPU
sklearn.metrics.roc_auc_score: running accelerated version on CPU
Trial 136 finished with value: 0.7506636621829732 and parameters: {'C': 0.6051732136378761}. Best is trial 90 with value: 0.750663656348382.
sklearn.linear_model.LogisticRegression.fit: running accelerated version on CPU
sklearn.linear_model.LogisticRegression.predict: running accelerated version on CPU
sklearn.metrics.roc_auc_score: running accelerated version on CPU
Trial 137 finished with value: 0.750663671073779 and parameters: {'C': 0.526732547341532}. Best is trial 90 with value: 0.750663656348382.
sklearn.linear_model.LogisticRegression.fit: running accelerated version on CPU
sklearn.linear_model.LogisticRegression.predict: running accelerated version on CPU
sklearn.metrics.roc_auc_score: running accelerated version on CPU
Trial 138 finished with value: 0.7506636666283761 and parameters: {'C': 0.647463279775401}. Best is trial 90 with value: 0.750663656348382.
sklearn.linear_model.LogisticRegression.fit: running accelerated version on CPU
sklearn.linear_model.LogisticRegression.predict: running accelerated version on CPU
sklearn.metrics.roc_auc_score: running accelerated version on CPU
Trial 139 finished with value: 0.7506636785753963 and parameters: {'C': 0.5569779204963622}. Best is trial 90 with value: 0.750663656348382.
sklearn.linear_model.LogisticRegression.fit: running accelerated version on CPU
sklearn.linear_model.LogisticRegression.predict: running accelerated version on CPU
sklearn.metrics.roc_auc_score: running accelerated version on CPU
Trial 140 finished with value: 0.7506636671840514 and parameters: {'C': 0.594099837815782}. Best is trial 90 with value: 0.750663656348382.
sklearn.linear_model.LogisticRegression.fit: running accelerated version on CPU
sklearn.linear_model.LogisticRegression.predict: running accelerated version on CPU
sklearn.metrics.roc_auc_score: running accelerated version on CPU
Trial 141 finished with value: 0.7506636638499993 and parameters: {'C': 0.6237063312686717}. Best is trial 90 with value: 0.750663656348382.
sklearn.linear_model.LogisticRegression.fit: running accelerated version on CPU
sklearn.linear_model.LogisticRegression.predict: running accelerated version on CPU
sklearn.metrics.roc_auc_score: running accelerated version on CPU
Trial 142 finished with value: 0.7506636669062138 and parameters: {'C': 0.474185729533109}. Best is trial 90 with value: 0.750663656348382.
sklearn.linear_model.LogisticRegression.fit: running accelerated version on CPU
sklearn.linear_model.LogisticRegression.predict: running accelerated version on CPU
sklearn.metrics.roc_auc_score: running accelerated version on CPU
Trial 143 finished with value: 0.7506636721851296 and parameters: {'C': 0.44186999779873876}. Best is trial 90 with value: 0.750663656348382.
sklearn.linear_model.LogisticRegression.fit: running accelerated version on CPU
sklearn.linear_model.LogisticRegression.predict: running accelerated version on CPU
sklearn.metrics.roc_auc_score: running accelerated version on CPU
Trial 144 finished with value: 0.7506636744078311 and parameters: {'C': 0.5133606223809619}. Best is trial 90 with value: 0.750663656348382.
sklearn.linear_model.LogisticRegression.fit: running accelerated version on CPU
sklearn.linear_model.LogisticRegression.predict: running accelerated version on CPU
sklearn.metrics.roc_auc_score: running accelerated version on CPU
Trial 145 finished with value: 0.7506636630164862 and parameters: {'C': 0.4790738805325291}. Best is trial 90 with value: 0.750663656348382.
sklearn.linear_model.LogisticRegression.fit: running accelerated version on CPU
sklearn.linear_model.LogisticRegression.predict: running accelerated version on CPU
sklearn.metrics.roc_auc_score: running accelerated version on CPU
Trial 146 finished with value: 0.7506636691289152 and parameters: {'C': 0.6550632857999956}. Best is trial 90 with value: 0.750663656348382.
sklearn.linear_model.LogisticRegression.fit: running accelerated version on CPU
sklearn.linear_model.LogisticRegression.predict: running accelerated version on CPU
sklearn.metrics.roc_auc_score: running accelerated version on CPU
Trial 147 finished with value: 0.750663663294324 and parameters: {'C': 0.587214189108319}. Best is trial 90 with value: 0.750663656348382.
sklearn.linear_model.LogisticRegression.fit: running accelerated version on CPU
sklearn.linear_model.LogisticRegression.predict: running accelerated version on CPU
sklearn.metrics.roc_auc_score: running accelerated version on CPU
Trial 148 finished with value: 0.7506636644056747 and parameters: {'C': 0.49581749170609757}. Best is trial 90 with value: 0.750663656348382.
sklearn.linear_model.LogisticRegression.fit: running accelerated version on CPU
sklearn.linear_model.LogisticRegression.predict: running accelerated version on CPU
sklearn.metrics.roc_auc_score: running accelerated version on CPU
Trial 149 finished with value: 0.7506671573809833 and parameters: {'C': 0.008149946278934894}. Best is trial 90 with value: 0.750663656348382.
sklearn.linear_model.LogisticRegression.fit: running accelerated version on CPU
sklearn.linear_model.LogisticRegression.predict: running accelerated version on CPU
sklearn.metrics.roc_auc_score: running accelerated version on CPU
Trial 150 finished with value: 0.750663685799176 and parameters: {'C': 0.41409285032657095}. Best is trial 90 with value: 0.750663656348382.
sklearn.linear_model.LogisticRegression.fit: running accelerated version on CPU
sklearn.linear_model.LogisticRegression.predict: running accelerated version on CPU
sklearn.metrics.roc_auc_score: running accelerated version on CPU
Trial 151 finished with value: 0.750663663294324 and parameters: {'C': 0.45525812280961675}. Best is trial 90 with value: 0.750663656348382.
sklearn.linear_model.LogisticRegression.fit: running accelerated version on CPU
sklearn.linear_model.LogisticRegression.predict: running accelerated version on CPU
sklearn.metrics.roc_auc_score: running accelerated version on CPU
Trial 152 finished with value: 0.7506641153362288 and parameters: {'C': 0.11016869980749433}. Best is trial 90 with value: 0.750663656348382.
sklearn.linear_model.LogisticRegression.fit: running accelerated version on CPU
sklearn.linear_model.LogisticRegression.predict: running accelerated version on CPU
sklearn.metrics.roc_auc_score: running accelerated version on CPU
Trial 153 finished with value: 0.7506636599602717 and parameters: {'C': 0.6005358384944095}. Best is trial 90 with value: 0.750663656348382.
sklearn.linear_model.LogisticRegression.fit: running accelerated version on CPU
sklearn.linear_model.LogisticRegression.predict: running accelerated version on CPU
sklearn.metrics.roc_auc_score: running accelerated version on CPU
Trial 154 finished with value: 0.7506636674618892 and parameters: {'C': 0.6299481954709295}. Best is trial 90 with value: 0.750663656348382.
sklearn.linear_model.LogisticRegression.fit: running accelerated version on CPU
sklearn.linear_model.LogisticRegression.predict: running accelerated version on CPU
sklearn.metrics.roc_auc_score: running accelerated version on CPU
Trial 155 finished with value: 0.7506636752413441 and parameters: {'C': 0.564201548174335}. Best is trial 90 with value: 0.750663656348382.
sklearn.linear_model.LogisticRegression.fit: running accelerated version on CPU
sklearn.linear_model.LogisticRegression.predict: running accelerated version on CPU
sklearn.metrics.roc_auc_score: running accelerated version on CPU
Trial 156 finished with value: 0.7506636724629674 and parameters: {'C': 0.42711575405332325}. Best is trial 90 with value: 0.750663656348382.
sklearn.linear_model.LogisticRegression.fit: running accelerated version on CPU
sklearn.linear_model.LogisticRegression.predict: running accelerated version on CPU
sklearn.metrics.roc_auc_score: running accelerated version on CPU
Trial 157 finished with value: 0.7506636782975586 and parameters: {'C': 0.5143908306824095}. Best is trial 90 with value: 0.750663656348382.
sklearn.linear_model.LogisticRegression.fit: running accelerated version on CPU
sklearn.linear_model.LogisticRegression.predict: running accelerated version on CPU
sklearn.metrics.roc_auc_score: running accelerated version on CPU
Trial 158 finished with value: 0.7506636888553905 and parameters: {'C': 0.6961353190874258}. Best is trial 90 with value: 0.750663656348382.
sklearn.linear_model.LogisticRegression.fit: running accelerated version on CPU
sklearn.linear_model.LogisticRegression.predict: running accelerated version on CPU
sklearn.metrics.roc_auc_score: running accelerated version on CPU
Trial 159 finished with value: 0.7506636630164862 and parameters: {'C': 0.5988077180732603}. Best is trial 90 with value: 0.750663656348382.
sklearn.linear_model.LogisticRegression.fit: running accelerated version on CPU
sklearn.linear_model.LogisticRegression.predict: running accelerated version on CPU
sklearn.metrics.roc_auc_score: running accelerated version on CPU
Trial 160 finished with value: 0.7506636627386486 and parameters: {'C': 0.6151595200192368}. Best is trial 90 with value: 0.750663656348382.
sklearn.linear_model.LogisticRegression.fit: running accelerated version on CPU
sklearn.linear_model.LogisticRegression.predict: running accelerated version on CPU
sklearn.metrics.roc_auc_score: running accelerated version on CPU
Trial 161 finished with value: 0.7506636755191819 and parameters: {'C': 0.5422062663810531}. Best is trial 90 with value: 0.750663656348382.
sklearn.linear_model.LogisticRegression.fit: running accelerated version on CPU
sklearn.linear_model.LogisticRegression.predict: running accelerated version on CPU
sklearn.metrics.roc_auc_score: running accelerated version on CPU
Trial 162 finished with value: 0.7506636655170253 and parameters: {'C': 0.4440522258014667}. Best is trial 90 with value: 0.750663656348382.
sklearn.linear_model.LogisticRegression.fit: running accelerated version on CPU
sklearn.linear_model.LogisticRegression.predict: running accelerated version on CPU
sklearn.metrics.roc_auc_score: running accelerated version on CPU
Trial 163 finished with value: 0.7506636705181036 and parameters: {'C': 0.5804216795303256}. Best is trial 90 with value: 0.750663656348382.
sklearn.linear_model.LogisticRegression.fit: running accelerated version on CPU
sklearn.linear_model.LogisticRegression.predict: running accelerated version on CPU
sklearn.metrics.roc_auc_score: running accelerated version on CPU
Trial 164 finished with value: 0.7506636644056747 and parameters: {'C': 0.45844719848228427}. Best is trial 90 with value: 0.750663656348382.
sklearn.linear_model.LogisticRegression.fit: running accelerated version on CPU
sklearn.linear_model.LogisticRegression.predict: running accelerated version on CPU
sklearn.metrics.roc_auc_score: running accelerated version on CPU
Trial 165 finished with value: 0.7506636630164862 and parameters: {'C': 0.48993553115350136}. Best is trial 90 with value: 0.750663656348382.
sklearn.linear_model.LogisticRegression.fit: running accelerated version on CPU
sklearn.linear_model.LogisticRegression.predict: running accelerated version on CPU
sklearn.metrics.roc_auc_score: running accelerated version on CPU
Trial 166 finished with value: 0.750663664127837 and parameters: {'C': 0.6113074642744899}. Best is trial 90 with value: 0.750663656348382.
sklearn.linear_model.LogisticRegression.fit: running accelerated version on CPU
sklearn.linear_model.LogisticRegression.predict: running accelerated version on CPU
sklearn.metrics.roc_auc_score: running accelerated version on CPU
Trial 167 finished with value: 0.750663658015408 and parameters: {'C': 0.6394437968590153}. Best is trial 90 with value: 0.750663656348382.
sklearn.linear_model.LogisticRegression.fit: running accelerated version on CPU
sklearn.linear_model.LogisticRegression.predict: running accelerated version on CPU
sklearn.metrics.roc_auc_score: running accelerated version on CPU
Trial 168 finished with value: 0.7506636657948631 and parameters: {'C': 0.6462231946393375}. Best is trial 90 with value: 0.750663656348382.
sklearn.linear_model.LogisticRegression.fit: running accelerated version on CPU
sklearn.linear_model.LogisticRegression.predict: running accelerated version on CPU
sklearn.metrics.roc_auc_score: running accelerated version on CPU
Trial 169 finished with value: 0.7506636724629674 and parameters: {'C': 0.6659591071696066}. Best is trial 90 with value: 0.750663656348382.
sklearn.linear_model.LogisticRegression.fit: running accelerated version on CPU
sklearn.linear_model.LogisticRegression.predict: running accelerated version on CPU
sklearn.metrics.roc_auc_score: running accelerated version on CPU
Trial 170 finished with value: 0.7506636732964804 and parameters: {'C': 0.3966163835013186}. Best is trial 90 with value: 0.750663656348382.
sklearn.linear_model.LogisticRegression.fit: running accelerated version on CPU
sklearn.linear_model.LogisticRegression.predict: running accelerated version on CPU
sklearn.metrics.roc_auc_score: running accelerated version on CPU
Trial 171 finished with value: 0.750663664127837 and parameters: {'C': 0.5965237642705216}. Best is trial 90 with value: 0.750663656348382.
sklearn.linear_model.LogisticRegression.fit: running accelerated version on CPU
sklearn.linear_model.LogisticRegression.predict: running accelerated version on CPU
sklearn.metrics.roc_auc_score: running accelerated version on CPU
Trial 172 finished with value: 0.750663664127837 and parameters: {'C': 0.6277392453408562}. Best is trial 90 with value: 0.750663656348382.
sklearn.linear_model.LogisticRegression.fit: running accelerated version on CPU
sklearn.linear_model.LogisticRegression.predict: running accelerated version on CPU
sklearn.metrics.roc_auc_score: running accelerated version on CPU
Trial 173 finished with value: 0.7506636863548514 and parameters: {'C': 0.685632966975644}. Best is trial 90 with value: 0.750663656348382.
sklearn.linear_model.LogisticRegression.fit: running accelerated version on CPU
sklearn.linear_model.LogisticRegression.predict: running accelerated version on CPU
sklearn.metrics.roc_auc_score: running accelerated version on CPU
Trial 174 finished with value: 0.750663672740805 and parameters: {'C': 0.47056515108350666}. Best is trial 90 with value: 0.750663656348382.
sklearn.linear_model.LogisticRegression.fit: running accelerated version on CPU
sklearn.linear_model.LogisticRegression.predict: running accelerated version on CPU
sklearn.metrics.roc_auc_score: running accelerated version on CPU
Trial 175 finished with value: 0.7506636755191819 and parameters: {'C': 0.5724178663256971}. Best is trial 90 with value: 0.750663656348382.
sklearn.linear_model.LogisticRegression.fit: running accelerated version on CPU
sklearn.linear_model.LogisticRegression.predict: running accelerated version on CPU
sklearn.metrics.roc_auc_score: running accelerated version on CPU
