Trial 702 finished with value: 0.7479880953300165 and parameters: {'objective': 'binary:logistic', 'tree_method': 'gpu_hist', 'lambda': 0.0042181659577035634, 'alpha': 0.047087505726099196, 'colsample_bytree': 0.33604514644312533, 'subsample': 0.8340252481815477, 'learning_rate': 0.020178080681861513, 'max_depth': 17, 'min_child_weight': 241, 'eval_metric': 'logloss'}. Best is trial 362 with value: 0.7486883567232341.
start listen on 192.168.1.101:58631
@tracker All of 4 nodes getting started
@tracker All nodes finishes job
Trial 703 finished with value: 0.7405612678539496 and parameters: {'objective': 'binary:logistic', 'tree_method': 'gpu_hist', 'lambda': 0.005950112371677617, 'alpha': 0.032410188342766204, 'colsample_bytree': 0.31253772778195194, 'subsample': 0.818714860317693, 'learning_rate': 0.0289325301688089, 'max_depth': 20, 'min_child_weight': 32, 'eval_metric': 'logloss'}. Best is trial 362 with value: 0.7486883567232341.
start listen on 192.168.1.101:36675
@tracker All of 4 nodes getting started
@tracker All nodes finishes job
Trial 704 finished with value: 0.7481217151107005 and parameters: {'objective': 'binary:logistic', 'tree_method': 'gpu_hist', 'lambda': 1.552700847635805, 'alpha': 0.028016410119857914, 'colsample_bytree': 0.35406280149430264, 'subsample': 0.828582295295119, 'learning_rate': 0.01832119924590929, 'max_depth': 17, 'min_child_weight': 266, 'eval_metric': 'logloss'}. Best is trial 362 with value: 0.7486883567232341.
start listen on 192.168.1.101:39335
@tracker All of 4 nodes getting started
@tracker All nodes finishes job
Trial 705 finished with value: 0.7477618682220559 and parameters: {'objective': 'binary:logistic', 'tree_method': 'gpu_hist', 'lambda': 0.0027852565589370605, 'alpha': 0.052800995212841206, 'colsample_bytree': 0.3342380715056682, 'subsample': 0.8489711817744064, 'learning_rate': 0.015432411469488913, 'max_depth': 17, 'min_child_weight': 247, 'eval_metric': 'logloss'}. Best is trial 362 with value: 0.7486883567232341.
start listen on 192.168.1.101:38159
@tracker All of 4 nodes getting started
@tracker All nodes finishes job
Trial 706 finished with value: 0.7481819424012768 and parameters: {'objective': 'binary:logistic', 'tree_method': 'gpu_hist', 'lambda': 2.796578740704653, 'alpha': 0.336642893117306, 'colsample_bytree': 0.3134365762826257, 'subsample': 0.7939137561629352, 'learning_rate': 0.021461886823607793, 'max_depth': 17, 'min_child_weight': 279, 'eval_metric': 'logloss'}. Best is trial 362 with value: 0.7486883567232341.
start listen on 192.168.1.101:59553
@tracker All of 4 nodes getting started
@tracker All nodes finishes job
Trial 707 finished with value: 0.7482089894826349 and parameters: {'objective': 'binary:logistic', 'tree_method': 'gpu_hist', 'lambda': 2.3507842639888614, 'alpha': 0.0038687450269584644, 'colsample_bytree': 0.3496128534556429, 'subsample': 0.8429740205858843, 'learning_rate': 0.026171835360539263, 'max_depth': 20, 'min_child_weight': 271, 'eval_metric': 'logloss'}. Best is trial 362 with value: 0.7486883567232341.
start listen on 192.168.1.101:56899
@tracker All of 4 nodes getting started
@tracker All nodes finishes job
Trial 708 finished with value: 0.7480095035567472 and parameters: {'objective': 'binary:logistic', 'tree_method': 'gpu_hist', 'lambda': 0.002128552226921092, 'alpha': 0.018806766815738167, 'colsample_bytree': 0.32758634906799516, 'subsample': 0.8140612884981951, 'learning_rate': 0.023123533127261082, 'max_depth': 17, 'min_child_weight': 288, 'eval_metric': 'logloss'}. Best is trial 362 with value: 0.7486883567232341.
start listen on 192.168.1.101:54543
@tracker All of 4 nodes getting started
@tracker All nodes finishes job
Trial 709 finished with value: 0.7481410878985901 and parameters: {'objective': 'binary:logistic', 'tree_method': 'gpu_hist', 'lambda': 0.17462591721104195, 'alpha': 0.061037142066804266, 'colsample_bytree': 0.3115949538505223, 'subsample': 0.7703334862251462, 'learning_rate': 0.01941355252813858, 'max_depth': 17, 'min_child_weight': 254, 'eval_metric': 'logloss'}. Best is trial 362 with value: 0.7486883567232341.
start listen on 192.168.1.101:51777
@tracker All of 4 nodes getting started
@tracker All nodes finishes job
Trial 710 finished with value: 0.7473729243656524 and parameters: {'objective': 'binary:logistic', 'tree_method': 'gpu_hist', 'lambda': 0.001379367700863121, 'alpha': 0.045772297101575564, 'colsample_bytree': 0.3675934533202985, 'subsample': 0.8289795831108115, 'learning_rate': 0.02093236472601579, 'max_depth': 9, 'min_child_weight': 263, 'eval_metric': 'logloss'}. Best is trial 362 with value: 0.7486883567232341.
start listen on 192.168.1.101:40995
@tracker All of 4 nodes getting started
@tracker All nodes finishes job
Trial 711 finished with value: 0.7470439940037306 and parameters: {'objective': 'binary:logistic', 'tree_method': 'gpu_hist', 'lambda': 0.0033754606873090173, 'alpha': 0.0110947416688775, 'colsample_bytree': 0.34157501490762054, 'subsample': 0.7520168408979373, 'learning_rate': 0.03195118777313078, 'max_depth': 17, 'min_child_weight': 273, 'eval_metric': 'logloss'}. Best is trial 362 with value: 0.7486883567232341.
start listen on 192.168.1.101:33913
@tracker All of 4 nodes getting started
@tracker All nodes finishes job
Trial 712 finished with value: 0.7483196087488462 and parameters: {'objective': 'binary:logistic', 'tree_method': 'gpu_hist', 'lambda': 0.004989969322676691, 'alpha': 0.07142728392826166, 'colsample_bytree': 0.3241160635878646, 'subsample': 0.8461240447729599, 'learning_rate': 0.02485497517847787, 'max_depth': 20, 'min_child_weight': 283, 'eval_metric': 'logloss'}. Best is trial 362 with value: 0.7486883567232341.
start listen on 192.168.1.101:51695
@tracker All of 4 nodes getting started
@tracker All nodes finishes job
Trial 713 finished with value: 0.7475931453175729 and parameters: {'objective': 'binary:logistic', 'tree_method': 'gpu_hist', 'lambda': 0.004294764200661229, 'alpha': 0.04009964862537109, 'colsample_bytree': 0.35812170730778625, 'subsample': 0.8048910206597187, 'learning_rate': 0.017200599088577528, 'max_depth': 13, 'min_child_weight': 257, 'eval_metric': 'logloss'}. Best is trial 362 with value: 0.7486883567232341.
start listen on 192.168.1.101:40233
@tracker All of 4 nodes getting started
@tracker All nodes finishes job
Trial 714 finished with value: 0.7481502131993407 and parameters: {'objective': 'binary:logistic', 'tree_method': 'gpu_hist', 'lambda': 3.998636963892646, 'alpha': 0.05663504518004292, 'colsample_bytree': 0.3003183495821966, 'subsample': 0.8229309691333194, 'learning_rate': 0.022866494673527787, 'max_depth': 17, 'min_child_weight': 266, 'eval_metric': 'logloss'}. Best is trial 362 with value: 0.7486883567232341.
start listen on 192.168.1.101:46969
@tracker All of 4 nodes getting started
@tracker All nodes finishes job
Trial 715 finished with value: 0.747974082586643 and parameters: {'objective': 'binary:logistic', 'tree_method': 'gpu_hist', 'lambda': 0.012681400086805142, 'alpha': 0.004874793524376578, 'colsample_bytree': 0.336319053907722, 'subsample': 0.7798030043627205, 'learning_rate': 0.018937852941127233, 'max_depth': 17, 'min_child_weight': 250, 'eval_metric': 'logloss'}. Best is trial 362 with value: 0.7486883567232341.
start listen on 192.168.1.101:46615
@tracker All of 4 nodes getting started
@tracker All nodes finishes job
Trial 716 finished with value: 0.7477787795070225 and parameters: {'objective': 'binary:logistic', 'tree_method': 'gpu_hist', 'lambda': 0.005813140217995305, 'alpha': 0.06947875034602828, 'colsample_bytree': 0.3208061914704893, 'subsample': 0.8550285746231905, 'learning_rate': 0.02821395943134407, 'max_depth': 17, 'min_child_weight': 278, 'eval_metric': 'logloss'}. Best is trial 362 with value: 0.7486883567232341.
start listen on 192.168.1.101:40021
@tracker All of 4 nodes getting started
@tracker All nodes finishes job
Trial 717 finished with value: 0.7481177830129392 and parameters: {'objective': 'binary:logistic', 'tree_method': 'gpu_hist', 'lambda': 0.007925130475400326, 'alpha': 0.03397540766853287, 'colsample_bytree': 0.34543496749552527, 'subsample': 0.8400541076509189, 'learning_rate': 0.020248024482383224, 'max_depth': 20, 'min_child_weight': 221, 'eval_metric': 'logloss'}. Best is trial 362 with value: 0.7486883567232341.
start listen on 192.168.1.101:38529
@tracker All of 4 nodes getting started
@tracker All nodes finishes job
Trial 718 finished with value: 0.7265328106757964 and parameters: {'objective': 'binary:logistic', 'tree_method': 'gpu_hist', 'lambda': 0.003818772523767624, 'alpha': 0.051511994725544706, 'colsample_bytree': 0.31164035124871015, 'subsample': 0.8310584374866079, 'learning_rate': 0.001574688901158222, 'max_depth': 17, 'min_child_weight': 292, 'eval_metric': 'logloss'}. Best is trial 362 with value: 0.7486883567232341.
start listen on 192.168.1.101:34667
@tracker All of 4 nodes getting started
@tracker All nodes finishes job
Trial 719 finished with value: 0.7320032685802623 and parameters: {'objective': 'binary:logistic', 'tree_method': 'gpu_hist', 'lambda': 0.005263927888596827, 'alpha': 0.23100337783602293, 'colsample_bytree': 0.3264944635500723, 'subsample': 0.814064753121946, 'learning_rate': 0.09989721394364641, 'max_depth': 17, 'min_child_weight': 270, 'eval_metric': 'logloss'}. Best is trial 362 with value: 0.7486883567232341.
start listen on 192.168.1.101:38157
@tracker All of 4 nodes getting started
@tracker All nodes finishes job
Trial 720 finished with value: 0.7390447728416483 and parameters: {'objective': 'binary:logistic', 'tree_method': 'gpu_hist', 'lambda': 3.3151759637386453, 'alpha': 0.06205686299384673, 'colsample_bytree': 0.3639124342208155, 'subsample': 0.7316584200650041, 'learning_rate': 0.025247161174163882, 'max_depth': 3, 'min_child_weight': 262, 'eval_metric': 'logloss'}. Best is trial 362 with value: 0.7486883567232341.
start listen on 192.168.1.101:41143
@tracker All of 4 nodes getting started
@tracker All nodes finishes job
Trial 721 finished with value: 0.7481956846696691 and parameters: {'objective': 'binary:logistic', 'tree_method': 'gpu_hist', 'lambda': 1.823936249502393, 'alpha': 0.0771361147260707, 'colsample_bytree': 0.347035983862904, 'subsample': 0.861965822425832, 'learning_rate': 0.022101163734673274, 'max_depth': 17, 'min_child_weight': 256, 'eval_metric': 'logloss'}. Best is trial 362 with value: 0.7486883567232341.
start listen on 192.168.1.101:53147
@tracker All of 4 nodes getting started
@tracker All nodes finishes job
Trial 722 finished with value: 0.744234488968109 and parameters: {'objective': 'binary:logistic', 'tree_method': 'gpu_hist', 'lambda': 0.006448697705742765, 'alpha': 0.008924451168534176, 'colsample_bytree': 0.31405966167282273, 'subsample': 0.800202893187815, 'learning_rate': 0.01616078183455454, 'max_depth': 7, 'min_child_weight': 273, 'eval_metric': 'logloss'}. Best is trial 362 with value: 0.7486883567232341.
start listen on 192.168.1.101:41103
@tracker All of 4 nodes getting started
@tracker All nodes finishes job
Trial 723 finished with value: 0.7481779131992463 and parameters: {'objective': 'binary:logistic', 'tree_method': 'gpu_hist', 'lambda': 0.0032014200395405245, 'alpha': 0.045588011401282325, 'colsample_bytree': 0.33602059446515425, 'subsample': 0.8480512181701944, 'learning_rate': 0.02399532474336309, 'max_depth': 20, 'min_child_weight': 284, 'eval_metric': 'logloss'}. Best is trial 362 with value: 0.7486883567232341.
start listen on 192.168.1.101:40153
@tracker All of 4 nodes getting started
@tracker All nodes finishes job
Trial 724 finished with value: 0.7479140171365152 and parameters: {'objective': 'binary:logistic', 'tree_method': 'gpu_hist', 'lambda': 2.7020489144107347, 'alpha': 0.03815626610306374, 'colsample_bytree': 0.30067205594089647, 'subsample': 0.8321239269404956, 'learning_rate': 0.018121185619269568, 'max_depth': 17, 'min_child_weight': 243, 'eval_metric': 'logloss'}. Best is trial 362 with value: 0.7486883567232341.
start listen on 192.168.1.101:45407
@tracker All of 4 nodes getting started
@tracker All nodes finishes job
Trial 725 finished with value: 0.7431671988600651 and parameters: {'objective': 'binary:logistic', 'tree_method': 'gpu_hist', 'lambda': 0.033583278255170754, 'alpha': 0.02706329200148121, 'colsample_bytree': 0.3712003368236764, 'subsample': 0.8195980488958584, 'learning_rate': 0.021354419464044188, 'max_depth': 5, 'min_child_weight': 264, 'eval_metric': 'logloss'}. Best is trial 362 with value: 0.7486883567232341.
start listen on 192.168.1.101:59617
@tracker All of 4 nodes getting started
@tracker All nodes finishes job
Trial 726 finished with value: 0.744818704508475 and parameters: {'objective': 'binary:logistic', 'tree_method': 'gpu_hist', 'lambda': 0.0026404357809899385, 'alpha': 0.17177325325995885, 'colsample_bytree': 0.32818212745817826, 'subsample': 0.8595923438108857, 'learning_rate': 0.027738925406317713, 'max_depth': 17, 'min_child_weight': 61, 'eval_metric': 'logloss'}. Best is trial 362 with value: 0.7486883567232341.
start listen on 192.168.1.101:58857
@tracker All of 4 nodes getting started
@tracker All nodes finishes job
Trial 727 finished with value: 0.7481939912490115 and parameters: {'objective': 'binary:logistic', 'tree_method': 'gpu_hist', 'lambda': 0.001720983447711845, 'alpha': 0.055862314099816075, 'colsample_bytree': 0.356043020909704, 'subsample': 0.8410184417141935, 'learning_rate': 0.019461048471089565, 'max_depth': 17, 'min_child_weight': 277, 'eval_metric': 'logloss'}. Best is trial 362 with value: 0.7486883567232341.
start listen on 192.168.1.101:50077
@tracker All of 4 nodes getting started
@tracker All nodes finishes job
Trial 728 finished with value: 0.7483741542588732 and parameters: {'objective': 'binary:logistic', 'tree_method': 'gpu_hist', 'lambda': 0.025351593756613715, 'alpha': 0.06999153735361667, 'colsample_bytree': 0.31197825708719373, 'subsample': 0.7915793769619697, 'learning_rate': 0.02286517366388766, 'max_depth': 20, 'min_child_weight': 249, 'eval_metric': 'logloss'}. Best is trial 362 with value: 0.7486883567232341.
start listen on 192.168.1.101:60139
@tracker All of 4 nodes getting started
@tracker All nodes finishes job
Trial 729 finished with value: 0.7480768889183833 and parameters: {'objective': 'binary:logistic', 'tree_method': 'gpu_hist', 'lambda': 0.004404188308117797, 'alpha': 0.08347920542690347, 'colsample_bytree': 0.3384881834798138, 'subsample': 0.8071754542224182, 'learning_rate': 0.02544639949320601, 'max_depth': 17, 'min_child_weight': 266, 'eval_metric': 'logloss'}. Best is trial 362 with value: 0.7486883567232341.
start listen on 192.168.1.101:37679
@tracker All of 4 nodes getting started
@tracker All nodes finishes job
Trial 730 finished with value: 0.7481144717434729 and parameters: {'objective': 'binary:logistic', 'tree_method': 'gpu_hist', 'lambda': 2.293856068820759, 'alpha': 0.0036191236487962313, 'colsample_bytree': 0.3827310586225094, 'subsample': 0.8544501407679981, 'learning_rate': 0.020491977947419082, 'max_depth': 17, 'min_child_weight': 294, 'eval_metric': 'logloss'}. Best is trial 362 with value: 0.7486883567232341.
start listen on 192.168.1.101:41163
@tracker All of 4 nodes getting started
@tracker All nodes finishes job
Trial 731 finished with value: 0.7482381823043931 and parameters: {'objective': 'binary:logistic', 'tree_method': 'gpu_hist', 'lambda': 3.790743262193047, 'alpha': 0.049459740047842614, 'colsample_bytree': 0.323700938207108, 'subsample': 0.7630161377051994, 'learning_rate': 0.01797872023617694, 'max_depth': 17, 'min_child_weight': 257, 'eval_metric': 'logloss'}. Best is trial 362 with value: 0.7486883567232341.
start listen on 192.168.1.101:39897
@tracker All of 4 nodes getting started
@tracker All nodes finishes job
Trial 732 finished with value: 0.7482468443108131 and parameters: {'objective': 'binary:logistic', 'tree_method': 'gpu_hist', 'lambda': 0.009704948108844208, 'alpha': 0.006020420949787967, 'colsample_bytree': 0.35009130190946, 'subsample': 0.8322882496991664, 'learning_rate': 0.021908322828929936, 'max_depth': 20, 'min_child_weight': 270, 'eval_metric': 'logloss'}. Best is trial 362 with value: 0.7486883567232341.
start listen on 192.168.1.101:39643
@tracker All of 4 nodes getting started
@tracker All nodes finishes job
Trial 733 finished with value: 0.7481361510008604 and parameters: {'objective': 'binary:logistic', 'tree_method': 'gpu_hist', 'lambda': 0.0052461233451087585, 'alpha': 0.06525816189719912, 'colsample_bytree': 0.3005673274627324, 'subsample': 0.743372301208062, 'learning_rate': 0.02439994263515444, 'max_depth': 17, 'min_child_weight': 279, 'eval_metric': 'logloss'}. Best is trial 362 with value: 0.7486883567232341.
start listen on 192.168.1.101:43567
@tracker All of 4 nodes getting started
@tracker All nodes finishes job
Trial 734 finished with value: 0.7473626981330961 and parameters: {'objective': 'binary:logistic', 'tree_method': 'gpu_hist', 'lambda': 0.003483434919715682, 'alpha': 0.09530547019347724, 'colsample_bytree': 0.3208712202271319, 'subsample': 0.8688175139116917, 'learning_rate': 0.014717721295446119, 'max_depth': 17, 'min_child_weight': 261, 'eval_metric': 'logloss'}. Best is trial 362 with value: 0.7486883567232341.
start listen on 192.168.1.101:40963
@tracker All of 4 nodes getting started
@tracker All nodes finishes job
Trial 735 finished with value: 0.7478643450383081 and parameters: {'objective': 'binary:logistic', 'tree_method': 'gpu_hist', 'lambda': 0.007025932522204812, 'alpha': 0.056756307853462626, 'colsample_bytree': 0.3358889873130181, 'subsample': 0.8424787697906654, 'learning_rate': 0.029071746915742734, 'max_depth': 9, 'min_child_weight': 252, 'eval_metric': 'logloss'}. Best is trial 362 with value: 0.7486883567232341.
start listen on 192.168.1.101:43675
@tracker All of 4 nodes getting started
@tracker All nodes finishes job
Trial 736 finished with value: 0.7479059694292051 and parameters: {'objective': 'binary:logistic', 'tree_method': 'gpu_hist', 'lambda': 0.004183964514866253, 'alpha': 0.04306758937087127, 'colsample_bytree': 0.3623303240094224, 'subsample': 0.9997688359975416, 'learning_rate': 0.01962620192281061, 'max_depth': 17, 'min_child_weight': 274, 'eval_metric': 'logloss'}. Best is trial 362 with value: 0.7486883567232341.
start listen on 192.168.1.101:56823
@tracker All of 4 nodes getting started
@tracker All nodes finishes job
Trial 737 finished with value: 0.7474119477791111 and parameters: {'objective': 'binary:logistic', 'tree_method': 'gpu_hist', 'lambda': 2.9068855418404285, 'alpha': 0.11690482985261211, 'colsample_bytree': 0.31120165560942226, 'subsample': 0.8191135471657536, 'learning_rate': 0.022527192764142046, 'max_depth': 20, 'min_child_weight': 151, 'eval_metric': 'logloss'}. Best is trial 362 with value: 0.7486883567232341.
start listen on 192.168.1.101:46737
@tracker All of 4 nodes getting started
@tracker All nodes finishes job
Trial 738 finished with value: 0.7478843083701858 and parameters: {'objective': 'binary:logistic', 'tree_method': 'gpu_hist', 'lambda': 0.005007076477550537, 'alpha': 0.015306381326861218, 'colsample_bytree': 0.3468905814820812, 'subsample': 0.8538689850163709, 'learning_rate': 0.01737498263554915, 'max_depth': 17, 'min_child_weight': 286, 'eval_metric': 'logloss'}. Best is trial 362 with value: 0.7486883567232341.
start listen on 192.168.1.101:60739
@tracker All of 4 nodes getting started
@tracker All nodes finishes job
Trial 739 finished with value: 0.7479926571468789 and parameters: {'objective': 'binary:logistic', 'tree_method': 'gpu_hist', 'lambda': 0.043898607600617735, 'alpha': 0.07714944055556741, 'colsample_bytree': 0.37519543055355087, 'subsample': 0.8298475086743247, 'learning_rate': 0.02613905767455321, 'max_depth': 17, 'min_child_weight': 267, 'eval_metric': 'logloss'}. Best is trial 362 with value: 0.7486883567232341.
start listen on 192.168.1.101:43447
@tracker All of 4 nodes getting started
@tracker All nodes finishes job
Trial 740 finished with value: 0.7483870938542092 and parameters: {'objective': 'binary:logistic', 'tree_method': 'gpu_hist', 'lambda': 1.3074951230507679, 'alpha': 0.060035479261282505, 'colsample_bytree': 0.3255973786780289, 'subsample': 0.8087123752735904, 'learning_rate': 0.020803049867355792, 'max_depth': 17, 'min_child_weight': 240, 'eval_metric': 'logloss'}. Best is trial 362 with value: 0.7486883567232341.
start listen on 192.168.1.101:60961
@tracker All of 4 nodes getting started
@tracker All nodes finishes job
Trial 741 finished with value: 0.7480847393609409 and parameters: {'objective': 'binary:logistic', 'tree_method': 'gpu_hist', 'lambda': 1.948915067464582, 'alpha': 0.004536669677187473, 'colsample_bytree': 0.332278909230981, 'subsample': 0.8433289749364823, 'learning_rate': 0.024117272797619292, 'max_depth': 20, 'min_child_weight': 281, 'eval_metric': 'logloss'}. Best is trial 362 with value: 0.7486883567232341.
start listen on 192.168.1.101:47631
@tracker All of 4 nodes getting started
@tracker All nodes finishes job
Trial 742 finished with value: 0.747695746327268 and parameters: {'objective': 'binary:logistic', 'tree_method': 'gpu_hist', 'lambda': 0.00854747151917056, 'alpha': 0.033746107721755694, 'colsample_bytree': 0.3141270398381487, 'subsample': 0.7859585146324045, 'learning_rate': 0.01905956712128244, 'max_depth': 13, 'min_child_weight': 228, 'eval_metric': 'logloss'}. Best is trial 362 with value: 0.7486883567232341.
start listen on 192.168.1.101:33645
@tracker All of 4 nodes getting started
@tracker All nodes finishes job
