Trial 74 finished with value: 0.7458584557624675 and parameters: {'objective': 'binary:logistic', 'tree_method': 'gpu_hist', 'lambda': 0.0010372864976047884, 'alpha': 0.019021303414117514, 'colsample_bytree': 0.7223372074548012, 'subsample': 0.591494204737085, 'learning_rate': 0.012362596159259335, 'max_depth': 11, 'min_child_weight': 227, 'eval_metric': 'logloss'}. Best is trial 54 with value: 0.7479913535324858.
start listen on 10.110.42.38:9091
@tracker All of 4 nodes getting started
@tracker All nodes finishes job
@tracker 72.04877495765686 secs between node start and job finish
Trial 75 finished with value: 0.747379867529267 and parameters: {'objective': 'binary:logistic', 'tree_method': 'gpu_hist', 'lambda': 0.011376543562902915, 'alpha': 0.010780530332410108, 'colsample_bytree': 0.8221618318638704, 'subsample': 0.6064035493717765, 'learning_rate': 0.02095307307642551, 'max_depth': 20, 'min_child_weight': 149, 'eval_metric': 'logloss'}. Best is trial 54 with value: 0.7479913535324858.
start listen on 10.110.42.38:9091
@tracker All of 4 nodes getting started
@tracker All nodes finishes job
@tracker 55.80003643035889 secs between node start and job finish
Trial 76 finished with value: 0.7478500338972667 and parameters: {'objective': 'binary:logistic', 'tree_method': 'gpu_hist', 'lambda': 0.03988105189659251, 'alpha': 0.026483520670062204, 'colsample_bytree': 0.8496266237766896, 'subsample': 0.5479452414314028, 'learning_rate': 0.014626343858286258, 'max_depth': 20, 'min_child_weight': 203, 'eval_metric': 'logloss'}. Best is trial 54 with value: 0.7479913535324858.
start listen on 10.110.42.38:9091
@tracker All of 4 nodes getting started
@tracker All nodes finishes job
@tracker 88.75424647331238 secs between node start and job finish
Trial 77 finished with value: 0.7469252402059343 and parameters: {'objective': 'binary:logistic', 'tree_method': 'gpu_hist', 'lambda': 0.03960442717175944, 'alpha': 0.08623789814327468, 'colsample_bytree': 0.8518340227461334, 'subsample': 0.9932829212509984, 'learning_rate': 0.014348505048892403, 'max_depth': 20, 'min_child_weight': 176, 'eval_metric': 'logloss'}. Best is trial 54 with value: 0.7479913535324858.
start listen on 10.110.42.38:9091
@tracker All of 4 nodes getting started
@tracker All nodes finishes job
@tracker 48.87142610549927 secs between node start and job finish
Trial 78 finished with value: 0.7472946863864112 and parameters: {'objective': 'binary:logistic', 'tree_method': 'gpu_hist', 'lambda': 0.03066086252791849, 'alpha': 0.027544907926234753, 'colsample_bytree': 0.8786918796889782, 'subsample': 0.4353220430959549, 'learning_rate': 0.016370009847821207, 'max_depth': 20, 'min_child_weight': 202, 'eval_metric': 'logloss'}. Best is trial 54 with value: 0.7479913535324858.
start listen on 10.110.42.38:9091
@tracker All of 4 nodes getting started
@tracker All nodes finishes job
@tracker 1118.2490425109863 secs between node start and job finish
Trial 79 finished with value: 0.7408670861495703 and parameters: {'objective': 'binary:logistic', 'tree_method': 'gpu_hist', 'lambda': 0.05904141601826929, 'alpha': 0.04381899534410161, 'colsample_bytree': 0.8063062803801337, 'subsample': 0.7176901877282755, 'learning_rate': 0.0174466358158863, 'max_depth': 20, 'min_child_weight': 5, 'eval_metric': 'logloss'}. Best is trial 54 with value: 0.7479913535324858.
start listen on 10.110.42.38:9091
@tracker All of 4 nodes getting started
@tracker All nodes finishes job
@tracker 56.282270193099976 secs between node start and job finish
Trial 80 finished with value: 0.745021233590468 and parameters: {'objective': 'binary:logistic', 'tree_method': 'gpu_hist', 'lambda': 0.022491385421265043, 'alpha': 0.0416676271615612, 'colsample_bytree': 0.40315697510993337, 'subsample': 0.5510523323135783, 'learning_rate': 0.03673137245701457, 'max_depth': 20, 'min_child_weight': 190, 'eval_metric': 'logloss'}. Best is trial 54 with value: 0.7479913535324858.
start listen on 10.110.42.38:9091
@tracker All of 4 nodes getting started
@tracker All nodes finishes job
@tracker 5.326410293579102 secs between node start and job finish
Trial 81 finished with value: 0.7401913260110523 and parameters: {'objective': 'binary:logistic', 'tree_method': 'gpu_hist', 'lambda': 0.0018863818453494754, 'alpha': 0.018383037161389074, 'colsample_bytree': 0.9274361255865607, 'subsample': 0.5624524667596236, 'learning_rate': 0.026962266455258135, 'max_depth': 3, 'min_child_weight': 215, 'eval_metric': 'logloss'}. Best is trial 54 with value: 0.7479913535324858.
start listen on 10.110.42.38:9091
@tracker All of 4 nodes getting started
@tracker All nodes finishes job
@tracker 51.080039501190186 secs between node start and job finish
Trial 82 finished with value: 0.7469963827665123 and parameters: {'objective': 'binary:logistic', 'tree_method': 'gpu_hist', 'lambda': 0.017843349120470052, 'alpha': 0.002444849066024189, 'colsample_bytree': 0.7080221933804642, 'subsample': 0.48801491798999813, 'learning_rate': 0.020896233926725575, 'max_depth': 20, 'min_child_weight': 208, 'eval_metric': 'logloss'}. Best is trial 54 with value: 0.7479913535324858.
start listen on 10.110.42.38:9091
@tracker All of 4 nodes getting started
@tracker All nodes finishes job
@tracker 46.37284541130066 secs between node start and job finish
Trial 83 finished with value: 0.7477410747111913 and parameters: {'objective': 'binary:logistic', 'tree_method': 'gpu_hist', 'lambda': 0.0066363967287343725, 'alpha': 0.013167217802324039, 'colsample_bytree': 0.6582415636051188, 'subsample': 0.6579274151973121, 'learning_rate': 0.014851906712559815, 'max_depth': 17, 'min_child_weight': 238, 'eval_metric': 'logloss'}. Best is trial 54 with value: 0.7479913535324858.
start listen on 10.110.42.38:9091
@tracker All of 4 nodes getting started
@tracker All nodes finishes job
@tracker 49.95730757713318 secs between node start and job finish
Trial 84 finished with value: 0.7465719586216599 and parameters: {'objective': 'binary:logistic', 'tree_method': 'gpu_hist', 'lambda': 0.06524477453148024, 'alpha': 0.013593240487343639, 'colsample_bytree': 0.6452458299299402, 'subsample': 0.6569829243664584, 'learning_rate': 0.011102297787444093, 'max_depth': 17, 'min_child_weight': 237, 'eval_metric': 'logloss'}. Best is trial 54 with value: 0.7479913535324858.
start listen on 10.110.42.38:9091
@tracker All of 4 nodes getting started
@tracker All nodes finishes job
@tracker 44.25032591819763 secs between node start and job finish
Trial 85 finished with value: 0.747301277390767 and parameters: {'objective': 'binary:logistic', 'tree_method': 'gpu_hist', 'lambda': 0.12140353098031637, 'alpha': 0.02501766107674417, 'colsample_bytree': 0.6146013366694756, 'subsample': 0.6867322981830485, 'learning_rate': 0.014032627571507864, 'max_depth': 17, 'min_child_weight': 275, 'eval_metric': 'logloss'}. Best is trial 54 with value: 0.7479913535324858.
start listen on 10.110.42.38:9091
@tracker All of 4 nodes getting started
@tracker All nodes finishes job
@tracker 43.369120597839355 secs between node start and job finish
Trial 86 finished with value: 0.7475593385843875 and parameters: {'objective': 'binary:logistic', 'tree_method': 'gpu_hist', 'lambda': 0.03932651468995239, 'alpha': 4.342831752512613, 'colsample_bytree': 0.8761280412976992, 'subsample': 0.6242792706686148, 'learning_rate': 0.017560124425792592, 'max_depth': 17, 'min_child_weight': 246, 'eval_metric': 'logloss'}. Best is trial 54 with value: 0.7479913535324858.
start listen on 10.110.42.38:9091
@tracker All of 4 nodes getting started
@tracker All nodes finishes job
@tracker 71.90897560119629 secs between node start and job finish
Trial 87 finished with value: 0.7474244678395507 and parameters: {'objective': 'binary:logistic', 'tree_method': 'gpu_hist', 'lambda': 0.014139557202614342, 'alpha': 0.004781440983336411, 'colsample_bytree': 0.8401399846967642, 'subsample': 0.6040901033590156, 'learning_rate': 0.012559301250379028, 'max_depth': 20, 'min_child_weight': 159, 'eval_metric': 'logloss'}. Best is trial 54 with value: 0.7479913535324858.
start listen on 10.110.42.38:9091
@tracker All of 4 nodes getting started
@tracker All nodes finishes job
@tracker 44.21353459358215 secs between node start and job finish
Trial 88 finished with value: 0.7453515541132201 and parameters: {'objective': 'binary:logistic', 'tree_method': 'gpu_hist', 'lambda': 0.16888148547245146, 'alpha': 0.01629759922024718, 'colsample_bytree': 0.5643572848765178, 'subsample': 0.6671257383226441, 'learning_rate': 0.010459952721089667, 'max_depth': 15, 'min_child_weight': 264, 'eval_metric': 'logloss'}. Best is trial 54 with value: 0.7479913535324858.
start listen on 10.110.42.38:9091
@tracker All of 4 nodes getting started
@tracker All nodes finishes job
@tracker 70.51302576065063 secs between node start and job finish
Trial 89 finished with value: 0.7432878883529755 and parameters: {'objective': 'binary:logistic', 'tree_method': 'gpu_hist', 'lambda': 0.006600483357895162, 'alpha': 0.033972534747790085, 'colsample_bytree': 0.6603929379063939, 'subsample': 0.6451503360296815, 'learning_rate': 0.007388311686033225, 'max_depth': 17, 'min_child_weight': 172, 'eval_metric': 'logloss'}. Best is trial 54 with value: 0.7479913535324858.
start listen on 10.110.42.38:9091
@tracker All of 4 nodes getting started
@tracker All nodes finishes job
@tracker 38.74575448036194 secs between node start and job finish
Trial 90 finished with value: 0.7473330454899779 and parameters: {'objective': 'binary:logistic', 'tree_method': 'gpu_hist', 'lambda': 0.02285496131007888, 'alpha': 0.007403645283292962, 'colsample_bytree': 0.5087841143799391, 'subsample': 0.694140404922506, 'learning_rate': 0.015287557358513114, 'max_depth': 13, 'min_child_weight': 229, 'eval_metric': 'logloss'}. Best is trial 54 with value: 0.7479913535324858.
start listen on 10.110.42.38:9091
@tracker All of 4 nodes getting started
@tracker All nodes finishes job
@tracker 53.63496017456055 secs between node start and job finish
Trial 91 finished with value: 0.7482168133916941 and parameters: {'objective': 'binary:logistic', 'tree_method': 'gpu_hist', 'lambda': 0.004438618186723042, 'alpha': 0.008230092500103833, 'colsample_bytree': 0.53855244086037, 'subsample': 0.5900820386142227, 'learning_rate': 0.019030462450223495, 'max_depth': 20, 'min_child_weight': 220, 'eval_metric': 'logloss'}. Best is trial 91 with value: 0.7482168133916941.
start listen on 10.110.42.38:9091
@tracker All of 4 nodes getting started
@tracker All nodes finishes job
@tracker 56.52032160758972 secs between node start and job finish
Trial 92 finished with value: 0.7473407686828782 and parameters: {'objective': 'binary:logistic', 'tree_method': 'gpu_hist', 'lambda': 0.0028782277456322405, 'alpha': 0.011957620572750457, 'colsample_bytree': 0.5422957275013949, 'subsample': 0.5929423234549687, 'learning_rate': 0.024310468906963485, 'max_depth': 20, 'min_child_weight': 201, 'eval_metric': 'logloss'}. Best is trial 91 with value: 0.7482168133916941.
start listen on 10.110.42.38:9091
@tracker All of 4 nodes getting started
@tracker All nodes finishes job
@tracker 62.879968881607056 secs between node start and job finish
Trial 93 finished with value: 0.748032133018999 and parameters: {'objective': 'binary:logistic', 'tree_method': 'gpu_hist', 'lambda': 0.003933685481344219, 'alpha': 0.009700946928866593, 'colsample_bytree': 0.5802380243953553, 'subsample': 0.6374053008395189, 'learning_rate': 0.018201532052067603, 'max_depth': 20, 'min_child_weight': 193, 'eval_metric': 'logloss'}. Best is trial 91 with value: 0.7482168133916941.
start listen on 10.110.42.38:9091
@tracker All of 4 nodes getting started
@tracker All nodes finishes job
@tracker 61.93061447143555 secs between node start and job finish
Trial 94 finished with value: 0.7479951186498017 and parameters: {'objective': 'binary:logistic', 'tree_method': 'gpu_hist', 'lambda': 0.010006579939172557, 'alpha': 0.00965819474205671, 'colsample_bytree': 0.4723679951723235, 'subsample': 0.6468806467490346, 'learning_rate': 0.018066927614012452, 'max_depth': 20, 'min_child_weight': 195, 'eval_metric': 'logloss'}. Best is trial 91 with value: 0.7482168133916941.
start listen on 10.110.42.38:9091
@tracker All of 4 nodes getting started
@tracker All nodes finishes job
@tracker 63.93047785758972 secs between node start and job finish
Trial 95 finished with value: 0.7477040699273941 and parameters: {'objective': 'binary:logistic', 'tree_method': 'gpu_hist', 'lambda': 0.009541871625153395, 'alpha': 0.009833447600541275, 'colsample_bytree': 0.48246483378514765, 'subsample': 0.6405268025244877, 'learning_rate': 0.019265147223663088, 'max_depth': 20, 'min_child_weight': 185, 'eval_metric': 'logloss'}. Best is trial 91 with value: 0.7482168133916941.
start listen on 10.110.42.38:9091
@tracker All of 4 nodes getting started
@tracker All nodes finishes job
@tracker 62.64073657989502 secs between node start and job finish
Trial 96 finished with value: 0.7478808724905204 and parameters: {'objective': 'binary:logistic', 'tree_method': 'gpu_hist', 'lambda': 0.010085438807494405, 'alpha': 0.022714549125912104, 'colsample_bytree': 0.45591732704789945, 'subsample': 0.6458250924278681, 'learning_rate': 0.018824078575975935, 'max_depth': 20, 'min_child_weight': 192, 'eval_metric': 'logloss'}. Best is trial 91 with value: 0.7482168133916941.
start listen on 10.110.42.38:9091
@tracker All of 4 nodes getting started
@tracker All nodes finishes job
@tracker 65.8038489818573 secs between node start and job finish
Trial 97 finished with value: 0.7476612077696343 and parameters: {'objective': 'binary:logistic', 'tree_method': 'gpu_hist', 'lambda': 0.008856449172932422, 'alpha': 0.009933668390984971, 'colsample_bytree': 0.47196543458398466, 'subsample': 0.7079208908210151, 'learning_rate': 0.017900928282640022, 'max_depth': 20, 'min_child_weight': 195, 'eval_metric': 'logloss'}. Best is trial 91 with value: 0.7482168133916941.
start listen on 10.110.42.38:9091
@tracker All of 4 nodes getting started
@tracker All nodes finishes job
@tracker 63.02794361114502 secs between node start and job finish
Trial 98 finished with value: 0.7478951026418782 and parameters: {'objective': 'binary:logistic', 'tree_method': 'gpu_hist', 'lambda': 0.012923967741527076, 'alpha': 0.013110728793708212, 'colsample_bytree': 0.4828163355118732, 'subsample': 0.6457662736258888, 'learning_rate': 0.018600101728878767, 'max_depth': 20, 'min_child_weight': 190, 'eval_metric': 'logloss'}. Best is trial 91 with value: 0.7482168133916941.
start listen on 10.110.42.38:9091
@tracker All of 4 nodes getting started
@tracker All nodes finishes job
@tracker 62.73241186141968 secs between node start and job finish
Trial 99 finished with value: 0.746377198992541 and parameters: {'objective': 'binary:logistic', 'tree_method': 'gpu_hist', 'lambda': 0.012304150262080793, 'alpha': 0.014685891260689253, 'colsample_bytree': 0.5292396081983862, 'subsample': 0.6677816357226112, 'learning_rate': 0.029257465619399337, 'max_depth': 20, 'min_child_weight': 192, 'eval_metric': 'logloss'}. Best is trial 91 with value: 0.7482168133916941.
start listen on 10.110.42.38:9091
@tracker All of 4 nodes getting started
@tracker All nodes finishes job
@tracker 67.48416996002197 secs between node start and job finish
Trial 100 finished with value: 0.7247886122650234 and parameters: {'objective': 'binary:logistic', 'tree_method': 'gpu_hist', 'lambda': 0.006933326463479848, 'alpha': 0.019061318155232203, 'colsample_bytree': 0.44681830740049777, 'subsample': 0.6261484604641948, 'learning_rate': 0.0024834188998213097, 'max_depth': 20, 'min_child_weight': 222, 'eval_metric': 'logloss'}. Best is trial 91 with value: 0.7482168133916941.
start listen on 10.110.42.38:9091
@tracker All of 4 nodes getting started
@tracker All nodes finishes job
@tracker 67.3996512889862 secs between node start and job finish
Trial 101 finished with value: 0.7477614616066117 and parameters: {'objective': 'binary:logistic', 'tree_method': 'gpu_hist', 'lambda': 0.0056569778205620815, 'alpha': 0.0053759733398312595, 'colsample_bytree': 0.4841694051752036, 'subsample': 0.6441041460216296, 'learning_rate': 0.018708527980881066, 'max_depth': 20, 'min_child_weight': 184, 'eval_metric': 'logloss'}. Best is trial 91 with value: 0.7482168133916941.
start listen on 10.110.42.38:9091
@tracker All of 4 nodes getting started
@tracker All nodes finishes job
@tracker 64.60466194152832 secs between node start and job finish
Trial 102 finished with value: 0.7475092216680553 and parameters: {'objective': 'binary:logistic', 'tree_method': 'gpu_hist', 'lambda': 0.00547206419439844, 'alpha': 0.005090108553062046, 'colsample_bytree': 0.4956380538113834, 'subsample': 0.6518186918149377, 'learning_rate': 0.022787416481000057, 'max_depth': 20, 'min_child_weight': 182, 'eval_metric': 'logloss'}. Best is trial 91 with value: 0.7482168133916941.
start listen on 10.110.42.38:9091
@tracker All of 4 nodes getting started
@tracker All nodes finishes job
@tracker 60.017380475997925 secs between node start and job finish
Trial 103 finished with value: 0.7478138410940881 and parameters: {'objective': 'binary:logistic', 'tree_method': 'gpu_hist', 'lambda': 0.003796108207727414, 'alpha': 0.007781389652375707, 'colsample_bytree': 0.41741510369016216, 'subsample': 0.612523577235241, 'learning_rate': 0.016576507246736018, 'max_depth': 20, 'min_child_weight': 201, 'eval_metric': 'logloss'}. Best is trial 91 with value: 0.7482168133916941.
start listen on 10.110.42.38:9091
@tracker All of 4 nodes getting started
@tracker All nodes finishes job
@tracker 60.03983759880066 secs between node start and job finish
Trial 104 finished with value: 0.7478101032048649 and parameters: {'objective': 'binary:logistic', 'tree_method': 'gpu_hist', 'lambda': 0.003897343654959325, 'alpha': 0.022424214328917315, 'colsample_bytree': 0.40301989191079085, 'subsample': 0.61408315900713, 'learning_rate': 0.016369702796008752, 'max_depth': 20, 'min_child_weight': 202, 'eval_metric': 'logloss'}. Best is trial 91 with value: 0.7482168133916941.
start listen on 10.110.42.38:9091
@tracker All of 4 nodes getting started
@tracker All nodes finishes job
@tracker 58.246622800827026 secs between node start and job finish
Trial 105 finished with value: 0.7476915491723604 and parameters: {'objective': 'binary:logistic', 'tree_method': 'gpu_hist', 'lambda': 0.003986990786844879, 'alpha': 0.022013566750704955, 'colsample_bytree': 0.39717530431538733, 'subsample': 0.6129690683033353, 'learning_rate': 0.016980771444408762, 'max_depth': 20, 'min_child_weight': 209, 'eval_metric': 'logloss'}. Best is trial 91 with value: 0.7482168133916941.
start listen on 10.110.42.38:9091
@tracker All of 4 nodes getting started
@tracker All nodes finishes job
@tracker 64.50761413574219 secs between node start and job finish
Trial 106 finished with value: 0.747178755697278 and parameters: {'objective': 'binary:logistic', 'tree_method': 'gpu_hist', 'lambda': 0.0033254731097885045, 'alpha': 0.008148010406932636, 'colsample_bytree': 0.4267646388285472, 'subsample': 0.6279667468084981, 'learning_rate': 0.01197548913159791, 'max_depth': 20, 'min_child_weight': 200, 'eval_metric': 'logloss'}. Best is trial 91 with value: 0.7482168133916941.
start listen on 10.110.42.38:9091
@tracker All of 4 nodes getting started
@tracker All nodes finishes job
@tracker 14.564685583114624 secs between node start and job finish
Trial 107 finished with value: 0.74315347367869 and parameters: {'objective': 'binary:logistic', 'tree_method': 'gpu_hist', 'lambda': 0.004498297976728123, 'alpha': 0.6413395458887128, 'colsample_bytree': 0.45773564942425604, 'subsample': 0.6040570280679026, 'learning_rate': 0.013640269920358246, 'max_depth': 7, 'min_child_weight': 204, 'eval_metric': 'logloss'}. Best is trial 91 with value: 0.7482168133916941.
start listen on 10.110.42.38:9091
@tracker All of 4 nodes getting started
@tracker All nodes finishes job
@tracker 63.96777582168579 secs between node start and job finish
Trial 108 finished with value: 0.7471646746058351 and parameters: {'objective': 'binary:logistic', 'tree_method': 'gpu_hist', 'lambda': 0.002145093083639218, 'alpha': 0.016827083421205202, 'colsample_bytree': 0.34595195245737986, 'subsample': 0.6765146221532679, 'learning_rate': 0.025856218245803187, 'max_depth': 20, 'min_child_weight': 191, 'eval_metric': 'logloss'}. Best is trial 91 with value: 0.7482168133916941.
start listen on 10.110.42.38:9091
@tracker All of 4 nodes getting started
@tracker All nodes finishes job
@tracker 23.230797052383423 secs between node start and job finish
Trial 109 finished with value: 0.7461214455186876 and parameters: {'objective': 'binary:logistic', 'tree_method': 'gpu_hist', 'lambda': 0.012590678455958827, 'alpha': 0.02393275574245459, 'colsample_bytree': 0.42374585648155794, 'subsample': 0.6162805215811593, 'learning_rate': 0.015729350549962464, 'max_depth': 9, 'min_child_weight': 211, 'eval_metric': 'logloss'}. Best is trial 91 with value: 0.7482168133916941.
start listen on 10.110.42.38:9091
@tracker All of 4 nodes getting started
@tracker All nodes finishes job
@tracker 64.44997501373291 secs between node start and job finish
Trial 110 finished with value: 0.7476739839964146 and parameters: {'objective': 'binary:logistic', 'tree_method': 'gpu_hist', 'lambda': 0.01661639347222274, 'alpha': 0.0070932562766062015, 'colsample_bytree': 0.3850143642951238, 'subsample': 0.634197778304131, 'learning_rate': 0.02196585648745797, 'max_depth': 20, 'min_child_weight': 179, 'eval_metric': 'logloss'}. Best is trial 91 with value: 0.7482168133916941.
start listen on 10.110.42.38:9091
@tracker All of 4 nodes getting started
@tracker All nodes finishes job
@tracker 63.74233365058899 secs between node start and job finish
