Trial 233 finished with value: 0.7506637410888742 and parameters: {'C': 0.24907297643652693}. Best is trial 134 with value: 0.7506635788316693.
sklearn.linear_model.LogisticRegression.fit: running accelerated version on CPU
sklearn.linear_model.LogisticRegression.predict: running accelerated version on CPU
sklearn.metrics.roc_auc_score: running accelerated version on CPU
Trial 234 finished with value: 0.7506635888338258 and parameters: {'C': 0.23021266385259226}. Best is trial 134 with value: 0.7506635788316693.
sklearn.linear_model.LogisticRegression.fit: running accelerated version on CPU
sklearn.linear_model.LogisticRegression.predict: running accelerated version on CPU
sklearn.metrics.roc_auc_score: running accelerated version on CPU
Trial 235 finished with value: 0.7506637416445496 and parameters: {'C': 0.27293796828956546}. Best is trial 134 with value: 0.7506635788316693.
sklearn.linear_model.LogisticRegression.fit: running accelerated version on CPU
sklearn.linear_model.LogisticRegression.predict: running accelerated version on CPU
sklearn.metrics.roc_auc_score: running accelerated version on CPU
Trial 236 finished with value: 0.7506638388877375 and parameters: {'C': 0.1911715099172414}. Best is trial 134 with value: 0.7506635788316693.
sklearn.linear_model.LogisticRegression.fit: running accelerated version on CPU
sklearn.linear_model.LogisticRegression.predict: running accelerated version on CPU
sklearn.metrics.roc_auc_score: running accelerated version on CPU
Trial 237 finished with value: 0.7506636280089386 and parameters: {'C': 0.23385074591767538}. Best is trial 134 with value: 0.7506635788316693.
sklearn.linear_model.LogisticRegression.fit: running accelerated version on CPU
sklearn.linear_model.LogisticRegression.predict: running accelerated version on CPU
sklearn.metrics.roc_auc_score: running accelerated version on CPU
Trial 238 finished with value: 0.7506638269407172 and parameters: {'C': 0.21407989084463724}. Best is trial 134 with value: 0.7506635788316693.
sklearn.linear_model.LogisticRegression.fit: running accelerated version on CPU
sklearn.linear_model.LogisticRegression.predict: running accelerated version on CPU
sklearn.metrics.roc_auc_score: running accelerated version on CPU
Trial 239 finished with value: 0.750663871394746 and parameters: {'C': 0.15763597931828077}. Best is trial 134 with value: 0.7506635788316693.
sklearn.linear_model.LogisticRegression.fit: running accelerated version on CPU
sklearn.linear_model.LogisticRegression.predict: running accelerated version on CPU
sklearn.metrics.roc_auc_score: running accelerated version on CPU
Trial 240 finished with value: 0.7506637377548221 and parameters: {'C': 0.2475781288047896}. Best is trial 134 with value: 0.7506635788316693.
sklearn.linear_model.LogisticRegression.fit: running accelerated version on CPU
sklearn.linear_model.LogisticRegression.predict: running accelerated version on CPU
sklearn.metrics.roc_auc_score: running accelerated version on CPU
Trial 241 finished with value: 0.7506638091591058 and parameters: {'C': 0.22337261876343656}. Best is trial 134 with value: 0.7506635788316693.
sklearn.linear_model.LogisticRegression.fit: running accelerated version on CPU
sklearn.linear_model.LogisticRegression.predict: running accelerated version on CPU
sklearn.metrics.roc_auc_score: running accelerated version on CPU
Trial 242 finished with value: 0.7506637447007641 and parameters: {'C': 0.2736170195067853}. Best is trial 134 with value: 0.7506635788316693.
sklearn.linear_model.LogisticRegression.fit: running accelerated version on CPU
sklearn.linear_model.LogisticRegression.predict: running accelerated version on CPU
sklearn.metrics.roc_auc_score: running accelerated version on CPU
Trial 243 finished with value: 0.7506637602596742 and parameters: {'C': 0.23602632252101585}. Best is trial 134 with value: 0.7506635788316693.
sklearn.linear_model.LogisticRegression.fit: running accelerated version on CPU
sklearn.linear_model.LogisticRegression.predict: running accelerated version on CPU
sklearn.metrics.roc_auc_score: running accelerated version on CPU
Trial 244 finished with value: 0.7506638388877375 and parameters: {'C': 0.20339705540949307}. Best is trial 134 with value: 0.7506635788316693.
sklearn.linear_model.LogisticRegression.fit: running accelerated version on CPU
sklearn.linear_model.LogisticRegression.predict: running accelerated version on CPU
sklearn.metrics.roc_auc_score: running accelerated version on CPU
Trial 245 finished with value: 0.7506637230294251 and parameters: {'C': 0.25784900445822334}. Best is trial 134 with value: 0.7506635788316693.
sklearn.linear_model.LogisticRegression.fit: running accelerated version on CPU
sklearn.linear_model.LogisticRegression.predict: running accelerated version on CPU
sklearn.metrics.roc_auc_score: running accelerated version on CPU
Trial 246 finished with value: 0.7506638602812388 and parameters: {'C': 0.17843981977923268}. Best is trial 134 with value: 0.7506635788316693.
sklearn.linear_model.LogisticRegression.fit: running accelerated version on CPU
sklearn.linear_model.LogisticRegression.predict: running accelerated version on CPU
sklearn.metrics.roc_auc_score: running accelerated version on CPU
Trial 247 finished with value: 0.7506636107830025 and parameters: {'C': 0.23196943335373757}. Best is trial 134 with value: 0.7506635788316693.
sklearn.linear_model.LogisticRegression.fit: running accelerated version on CPU
sklearn.linear_model.LogisticRegression.predict: running accelerated version on CPU
sklearn.metrics.roc_auc_score: running accelerated version on CPU
Trial 248 finished with value: 0.7506638186055868 and parameters: {'C': 0.22256300842913282}. Best is trial 134 with value: 0.7506635788316693.
sklearn.linear_model.LogisticRegression.fit: running accelerated version on CPU
sklearn.linear_model.LogisticRegression.predict: running accelerated version on CPU
sklearn.metrics.roc_auc_score: running accelerated version on CPU
Trial 249 finished with value: 0.75066374997968 and parameters: {'C': 0.242126469983776}. Best is trial 134 with value: 0.7506635788316693.
sklearn.linear_model.LogisticRegression.fit: running accelerated version on CPU
sklearn.linear_model.LogisticRegression.predict: running accelerated version on CPU
sklearn.metrics.roc_auc_score: running accelerated version on CPU
Trial 250 finished with value: 0.7506637494240046 and parameters: {'C': 0.27885253736233484}. Best is trial 134 with value: 0.7506635788316693.
sklearn.linear_model.LogisticRegression.fit: running accelerated version on CPU
sklearn.linear_model.LogisticRegression.predict: running accelerated version on CPU
sklearn.metrics.roc_auc_score: running accelerated version on CPU
Trial 251 finished with value: 0.750663841943952 and parameters: {'C': 0.1987293698185477}. Best is trial 134 with value: 0.7506635788316693.
sklearn.linear_model.LogisticRegression.fit: running accelerated version on CPU
sklearn.linear_model.LogisticRegression.predict: running accelerated version on CPU
sklearn.metrics.roc_auc_score: running accelerated version on CPU
Trial 252 finished with value: 0.7506636830207992 and parameters: {'C': 0.3412007573433766}. Best is trial 134 with value: 0.7506635788316693.
sklearn.linear_model.LogisticRegression.fit: running accelerated version on CPU
sklearn.linear_model.LogisticRegression.predict: running accelerated version on CPU
sklearn.metrics.roc_auc_score: running accelerated version on CPU
Trial 253 finished with value: 0.7506637249742888 and parameters: {'C': 0.2537159089070684}. Best is trial 134 with value: 0.7506635788316693.
sklearn.linear_model.LogisticRegression.fit: running accelerated version on CPU
sklearn.linear_model.LogisticRegression.predict: running accelerated version on CPU
sklearn.metrics.roc_auc_score: running accelerated version on CPU
Trial 254 finished with value: 0.7506638224953144 and parameters: {'C': 0.21316507762054157}. Best is trial 134 with value: 0.7506635788316693.
sklearn.linear_model.LogisticRegression.fit: running accelerated version on CPU
sklearn.linear_model.LogisticRegression.predict: running accelerated version on CPU
sklearn.metrics.roc_auc_score: running accelerated version on CPU
Trial 255 finished with value: 0.7506637385883351 and parameters: {'C': 0.27666815886603247}. Best is trial 134 with value: 0.7506635788316693.
sklearn.linear_model.LogisticRegression.fit: running accelerated version on CPU
sklearn.linear_model.LogisticRegression.predict: running accelerated version on CPU
sklearn.metrics.roc_auc_score: running accelerated version on CPU
Trial 256 finished with value: 0.7506637321980685 and parameters: {'C': 0.25340304602636027}. Best is trial 134 with value: 0.7506635788316693.
sklearn.linear_model.LogisticRegression.fit: running accelerated version on CPU
sklearn.linear_model.LogisticRegression.predict: running accelerated version on CPU
sklearn.metrics.roc_auc_score: running accelerated version on CPU
Trial 257 finished with value: 0.7506635866111243 and parameters: {'C': 0.2277163300470551}. Best is trial 134 with value: 0.7506635788316693.
sklearn.linear_model.LogisticRegression.fit: running accelerated version on CPU
sklearn.linear_model.LogisticRegression.predict: running accelerated version on CPU
sklearn.metrics.roc_auc_score: running accelerated version on CPU
Trial 258 finished with value: 0.7506638455558418 and parameters: {'C': 0.18033515952631524}. Best is trial 134 with value: 0.7506635788316693.
sklearn.linear_model.LogisticRegression.fit: running accelerated version on CPU
sklearn.linear_model.LogisticRegression.predict: running accelerated version on CPU
sklearn.metrics.roc_auc_score: running accelerated version on CPU
Trial 259 finished with value: 0.7506635888338258 and parameters: {'C': 0.22712473592940066}. Best is trial 134 with value: 0.7506635788316693.
sklearn.linear_model.LogisticRegression.fit: running accelerated version on CPU
sklearn.linear_model.LogisticRegression.predict: running accelerated version on CPU
sklearn.metrics.roc_auc_score: running accelerated version on CPU
Trial 260 finished with value: 0.7506638313861201 and parameters: {'C': 0.20720386601167712}. Best is trial 134 with value: 0.7506635788316693.
sklearn.linear_model.LogisticRegression.fit: running accelerated version on CPU
sklearn.linear_model.LogisticRegression.predict: running accelerated version on CPU
sklearn.metrics.roc_auc_score: running accelerated version on CPU
Trial 261 finished with value: 0.7506638011018131 and parameters: {'C': 0.224393468240225}. Best is trial 134 with value: 0.7506635788316693.
sklearn.linear_model.LogisticRegression.fit: running accelerated version on CPU
sklearn.linear_model.LogisticRegression.predict: running accelerated version on CPU
sklearn.metrics.roc_auc_score: running accelerated version on CPU
Trial 262 finished with value: 0.750663736087796 and parameters: {'C': 0.26089967448137436}. Best is trial 134 with value: 0.7506635788316693.
sklearn.linear_model.LogisticRegression.fit: running accelerated version on CPU
sklearn.linear_model.LogisticRegression.predict: running accelerated version on CPU
sklearn.metrics.roc_auc_score: running accelerated version on CPU
Trial 263 finished with value: 0.7506638424996274 and parameters: {'C': 0.19867347117733816}. Best is trial 134 with value: 0.7506635788316693.
sklearn.linear_model.LogisticRegression.fit: running accelerated version on CPU
sklearn.linear_model.LogisticRegression.predict: running accelerated version on CPU
sklearn.metrics.roc_auc_score: running accelerated version on CPU
Trial 264 finished with value: 0.7506637547029206 and parameters: {'C': 0.24298476394423718}. Best is trial 134 with value: 0.7506635788316693.
sklearn.linear_model.LogisticRegression.fit: running accelerated version on CPU
sklearn.linear_model.LogisticRegression.predict: running accelerated version on CPU
sklearn.metrics.roc_auc_score: running accelerated version on CPU
Trial 265 finished with value: 0.7506638205504507 and parameters: {'C': 0.2223931845951495}. Best is trial 134 with value: 0.7506635788316693.
sklearn.linear_model.LogisticRegression.fit: running accelerated version on CPU
sklearn.linear_model.LogisticRegression.predict: running accelerated version on CPU
sklearn.metrics.roc_auc_score: running accelerated version on CPU
Trial 266 finished with value: 0.750663872228259 and parameters: {'C': 0.17209750218715186}. Best is trial 134 with value: 0.7506635788316693.
sklearn.linear_model.LogisticRegression.fit: running accelerated version on CPU
sklearn.linear_model.LogisticRegression.predict: running accelerated version on CPU
sklearn.metrics.roc_auc_score: running accelerated version on CPU
Trial 267 finished with value: 0.750663722195912 and parameters: {'C': 0.26636468441078465}. Best is trial 134 with value: 0.7506635788316693.
sklearn.linear_model.LogisticRegression.fit: running accelerated version on CPU
sklearn.linear_model.LogisticRegression.predict: running accelerated version on CPU
sklearn.metrics.roc_auc_score: running accelerated version on CPU
Trial 268 finished with value: 0.7506638299969317 and parameters: {'C': 0.21184173419940816}. Best is trial 134 with value: 0.7506635788316693.
sklearn.linear_model.LogisticRegression.fit: running accelerated version on CPU
sklearn.linear_model.LogisticRegression.predict: running accelerated version on CPU
sklearn.metrics.roc_auc_score: running accelerated version on CPU
Trial 269 finished with value: 0.7506637641494016 and parameters: {'C': 0.24012121451094112}. Best is trial 134 with value: 0.7506635788316693.
sklearn.linear_model.LogisticRegression.fit: running accelerated version on CPU
sklearn.linear_model.LogisticRegression.predict: running accelerated version on CPU
sklearn.metrics.roc_auc_score: running accelerated version on CPU
Trial 270 finished with value: 0.7506638391655752 and parameters: {'C': 0.192876086219374}. Best is trial 134 with value: 0.7506635788316693.
sklearn.linear_model.LogisticRegression.fit: running accelerated version on CPU
sklearn.linear_model.LogisticRegression.predict: running accelerated version on CPU
sklearn.metrics.roc_auc_score: running accelerated version on CPU
Trial 271 finished with value: 0.7506639222390414 and parameters: {'C': 0.1507728857736298}. Best is trial 134 with value: 0.7506635788316693.
sklearn.linear_model.LogisticRegression.fit: running accelerated version on CPU
sklearn.linear_model.LogisticRegression.predict: running accelerated version on CPU
sklearn.metrics.roc_auc_score: running accelerated version on CPU
Trial 272 finished with value: 0.7506637505353554 and parameters: {'C': 0.2789963620992065}. Best is trial 134 with value: 0.7506635788316693.
sklearn.linear_model.LogisticRegression.fit: running accelerated version on CPU
sklearn.linear_model.LogisticRegression.predict: running accelerated version on CPU
sklearn.metrics.roc_auc_score: running accelerated version on CPU
Trial 273 finished with value: 0.7506635921678779 and parameters: {'C': 0.2304406092056755}. Best is trial 134 with value: 0.7506635788316693.
sklearn.linear_model.LogisticRegression.fit: running accelerated version on CPU
sklearn.linear_model.LogisticRegression.predict: running accelerated version on CPU
sklearn.metrics.roc_auc_score: running accelerated version on CPU
Trial 274 finished with value: 0.7506637258078018 and parameters: {'C': 0.2564900949214523}. Best is trial 134 with value: 0.7506635788316693.
sklearn.linear_model.LogisticRegression.fit: running accelerated version on CPU
sklearn.linear_model.LogisticRegression.predict: running accelerated version on CPU
sklearn.metrics.roc_auc_score: running accelerated version on CPU
Trial 275 finished with value: 0.7506638266628796 and parameters: {'C': 0.21784679220941167}. Best is trial 134 with value: 0.7506635788316693.
sklearn.linear_model.LogisticRegression.fit: running accelerated version on CPU
sklearn.linear_model.LogisticRegression.predict: running accelerated version on CPU
sklearn.metrics.roc_auc_score: running accelerated version on CPU
Trial 276 finished with value: 0.7506636674618892 and parameters: {'C': 0.31707064647241645}. Best is trial 134 with value: 0.7506635788316693.
sklearn.linear_model.LogisticRegression.fit: running accelerated version on CPU
sklearn.linear_model.LogisticRegression.predict: running accelerated version on CPU
sklearn.metrics.roc_auc_score: running accelerated version on CPU
Trial 277 finished with value: 0.7506637433115757 and parameters: {'C': 0.24920617429203945}. Best is trial 134 with value: 0.7506635788316693.
sklearn.linear_model.LogisticRegression.fit: running accelerated version on CPU
sklearn.linear_model.LogisticRegression.predict: running accelerated version on CPU
sklearn.metrics.roc_auc_score: running accelerated version on CPU
Trial 278 finished with value: 0.750663756925622 and parameters: {'C': 0.2792830805013321}. Best is trial 134 with value: 0.7506635788316693.
sklearn.linear_model.LogisticRegression.fit: running accelerated version on CPU
sklearn.linear_model.LogisticRegression.predict: running accelerated version on CPU
sklearn.metrics.roc_auc_score: running accelerated version on CPU
Trial 279 finished with value: 0.7506638369428738 and parameters: {'C': 0.19223220500414656}. Best is trial 134 with value: 0.7506635788316693.
sklearn.linear_model.LogisticRegression.fit: running accelerated version on CPU
sklearn.linear_model.LogisticRegression.predict: running accelerated version on CPU
sklearn.metrics.roc_auc_score: running accelerated version on CPU
Trial 280 finished with value: 0.7506638058250537 and parameters: {'C': 0.22341226149771487}. Best is trial 134 with value: 0.7506635788316693.
sklearn.linear_model.LogisticRegression.fit: running accelerated version on CPU
sklearn.linear_model.LogisticRegression.predict: running accelerated version on CPU
sklearn.metrics.roc_auc_score: running accelerated version on CPU
Trial 281 finished with value: 0.7506636830207992 and parameters: {'C': 0.32492925144594303}. Best is trial 134 with value: 0.7506635788316693.
sklearn.linear_model.LogisticRegression.fit: running accelerated version on CPU
sklearn.linear_model.LogisticRegression.predict: running accelerated version on CPU
sklearn.metrics.roc_auc_score: running accelerated version on CPU
Trial 282 finished with value: 0.7506637622045379 and parameters: {'C': 0.2398899221881248}. Best is trial 134 with value: 0.7506635788316693.
sklearn.linear_model.LogisticRegression.fit: running accelerated version on CPU
sklearn.linear_model.LogisticRegression.predict: running accelerated version on CPU
sklearn.metrics.roc_auc_score: running accelerated version on CPU
Trial 283 finished with value: 0.7506636838543123 and parameters: {'C': 0.8499857164730494}. Best is trial 134 with value: 0.7506635788316693.
sklearn.linear_model.LogisticRegression.fit: running accelerated version on CPU
sklearn.linear_model.LogisticRegression.predict: running accelerated version on CPU
sklearn.metrics.roc_auc_score: running accelerated version on CPU
Trial 284 finished with value: 0.7506637449786018 and parameters: {'C': 0.2900055826859845}. Best is trial 134 with value: 0.7506635788316693.
sklearn.linear_model.LogisticRegression.fit: running accelerated version on CPU
sklearn.linear_model.LogisticRegression.predict: running accelerated version on CPU
sklearn.metrics.roc_auc_score: running accelerated version on CPU
Trial 285 finished with value: 0.7506638338866592 and parameters: {'C': 0.20873560279183553}. Best is trial 134 with value: 0.7506635788316693.
sklearn.linear_model.LogisticRegression.fit: running accelerated version on CPU
sklearn.linear_model.LogisticRegression.predict: running accelerated version on CPU
sklearn.metrics.roc_auc_score: running accelerated version on CPU
Trial 286 finished with value: 0.7506637274748279 and parameters: {'C': 0.2618190549567335}. Best is trial 134 with value: 0.7506635788316693.
sklearn.linear_model.LogisticRegression.fit: running accelerated version on CPU
sklearn.linear_model.LogisticRegression.predict: running accelerated version on CPU
sklearn.metrics.roc_auc_score: running accelerated version on CPU
Trial 287 finished with value: 0.7506635882781504 and parameters: {'C': 0.22710101922088058}. Best is trial 134 with value: 0.7506635788316693.
sklearn.linear_model.LogisticRegression.fit: running accelerated version on CPU
sklearn.linear_model.LogisticRegression.predict: running accelerated version on CPU
sklearn.metrics.roc_auc_score: running accelerated version on CPU
Trial 288 finished with value: 0.7506638469450302 and parameters: {'C': 0.17975619263452586}. Best is trial 134 with value: 0.7506635788316693.
sklearn.linear_model.LogisticRegression.fit: running accelerated version on CPU
sklearn.linear_model.LogisticRegression.predict: running accelerated version on CPU
sklearn.metrics.roc_auc_score: running accelerated version on CPU
Trial 289 finished with value: 0.750663687466202 and parameters: {'C': 0.3867673156310626}. Best is trial 134 with value: 0.7506635788316693.
sklearn.linear_model.LogisticRegression.fit: running accelerated version on CPU
sklearn.linear_model.LogisticRegression.predict: running accelerated version on CPU
sklearn.metrics.roc_auc_score: running accelerated version on CPU
Trial 290 finished with value: 0.7506636827429615 and parameters: {'C': 0.3059962097723745}. Best is trial 134 with value: 0.7506635788316693.
sklearn.linear_model.LogisticRegression.fit: running accelerated version on CPU
sklearn.linear_model.LogisticRegression.predict: running accelerated version on CPU
sklearn.metrics.roc_auc_score: running accelerated version on CPU
