Trial 111 finished with value: 0.7481124722846113 and parameters: {'objective': 'binary:logistic', 'tree_method': 'gpu_hist', 'lambda': 0.00561895192205362, 'alpha': 0.011604055168846548, 'colsample_bytree': 0.5304771142456826, 'subsample': 0.6501524895075488, 'learning_rate': 0.018720732562273856, 'max_depth': 20, 'min_child_weight': 187, 'eval_metric': 'logloss'}. Best is trial 91 with value: 0.7482168133916941.
start listen on 10.110.42.38:9091
@tracker All of 4 nodes getting started
@tracker All nodes finishes job
@tracker 58.305216789245605 secs between node start and job finish
Trial 112 finished with value: 0.7478729366128763 and parameters: {'objective': 'binary:logistic', 'tree_method': 'gpu_hist', 'lambda': 0.00981969242099939, 'alpha': 0.011276393112349353, 'colsample_bytree': 0.5262057305226708, 'subsample': 0.5980424650032355, 'learning_rate': 0.01967315257266933, 'max_depth': 20, 'min_child_weight': 197, 'eval_metric': 'logloss'}. Best is trial 91 with value: 0.7482168133916941.
start listen on 10.110.42.38:9091
@tracker All of 4 nodes getting started
@tracker All nodes finishes job
@tracker 58.500404834747314 secs between node start and job finish
Trial 113 finished with value: 0.7480447415707395 and parameters: {'objective': 'binary:logistic', 'tree_method': 'gpu_hist', 'lambda': 0.009385754258247659, 'alpha': 0.011452269229310892, 'colsample_bytree': 0.5173244190740152, 'subsample': 0.5965254564507203, 'learning_rate': 0.01888117476203115, 'max_depth': 20, 'min_child_weight': 195, 'eval_metric': 'logloss'}. Best is trial 91 with value: 0.7482168133916941.
start listen on 10.110.42.38:9091
@tracker All of 4 nodes getting started
@tracker All nodes finishes job
@tracker 7.858139753341675 secs between node start and job finish
Trial 114 finished with value: 0.7434409506588068 and parameters: {'objective': 'binary:logistic', 'tree_method': 'gpu_hist', 'lambda': 0.010523865735640757, 'alpha': 0.01033431020070611, 'colsample_bytree': 0.5239690902243517, 'subsample': 0.581458892328569, 'learning_rate': 0.020637858069354673, 'max_depth': 5, 'min_child_weight': 174, 'eval_metric': 'logloss'}. Best is trial 91 with value: 0.7482168133916941.
start listen on 10.110.42.38:9091
@tracker All of 4 nodes getting started
@tracker All nodes finishes job
@tracker 60.80154871940613 secs between node start and job finish
Trial 115 finished with value: 0.7479071269009785 and parameters: {'objective': 'binary:logistic', 'tree_method': 'gpu_hist', 'lambda': 0.009180600032630671, 'alpha': 0.011840354447585941, 'colsample_bytree': 0.5688097451765121, 'subsample': 0.5914619664315878, 'learning_rate': 0.018764772056738984, 'max_depth': 20, 'min_child_weight': 189, 'eval_metric': 'logloss'}. Best is trial 91 with value: 0.7482168133916941.
start listen on 10.110.42.38:9091
@tracker All of 4 nodes getting started
@tracker All nodes finishes job
@tracker 58.38948369026184 secs between node start and job finish
Trial 116 finished with value: 0.7472535719665754 and parameters: {'objective': 'binary:logistic', 'tree_method': 'gpu_hist', 'lambda': 0.007406747329386193, 'alpha': 0.011784201274989123, 'colsample_bytree': 0.5254879894880629, 'subsample': 0.5983404796975507, 'learning_rate': 0.02460698945327252, 'max_depth': 20, 'min_child_weight': 194, 'eval_metric': 'logloss'}. Best is trial 91 with value: 0.7482168133916941.
start listen on 10.110.42.38:9091
@tracker All of 4 nodes getting started
@tracker All nodes finishes job
@tracker 59.350388050079346 secs between node start and job finish
Trial 117 finished with value: 0.7478020082651492 and parameters: {'objective': 'binary:logistic', 'tree_method': 'gpu_hist', 'lambda': 0.0094339296309976, 'alpha': 0.0060052463268875, 'colsample_bytree': 0.49565885564487205, 'subsample': 0.5809493053707407, 'learning_rate': 0.01892982136334422, 'max_depth': 20, 'min_child_weight': 188, 'eval_metric': 'logloss'}. Best is trial 91 with value: 0.7482168133916941.
start listen on 10.110.42.38:9091
@tracker All of 4 nodes getting started
@tracker All nodes finishes job
@tracker 51.77863931655884 secs between node start and job finish
Trial 118 finished with value: 0.7471488535559235 and parameters: {'objective': 'binary:logistic', 'tree_method': 'gpu_hist', 'lambda': 0.01358867212351313, 'alpha': 0.014367387459829274, 'colsample_bytree': 0.5884901741428592, 'subsample': 0.5376551342043833, 'learning_rate': 0.022741027788983424, 'max_depth': 20, 'min_child_weight': 221, 'eval_metric': 'logloss'}. Best is trial 91 with value: 0.7482168133916941.
start listen on 10.110.42.38:9091
@tracker All of 4 nodes getting started
@tracker All nodes finishes job
@tracker 68.8787899017334 secs between node start and job finish
Trial 119 finished with value: 0.7473333694487124 and parameters: {'objective': 'binary:logistic', 'tree_method': 'gpu_hist', 'lambda': 0.005993338024245877, 'alpha': 0.011805829007836988, 'colsample_bytree': 0.5691320486395399, 'subsample': 0.6365808833179243, 'learning_rate': 0.019234174165170644, 'max_depth': 20, 'min_child_weight': 168, 'eval_metric': 'logloss'}. Best is trial 91 with value: 0.7482168133916941.
start listen on 10.110.42.38:9091
@tracker All of 4 nodes getting started
@tracker All nodes finishes job
@tracker 5.238220930099487 secs between node start and job finish
Trial 120 finished with value: 0.7309295865385603 and parameters: {'objective': 'binary:logistic', 'tree_method': 'gpu_hist', 'lambda': 0.008630250493755865, 'alpha': 0.008974276270440484, 'colsample_bytree': 0.46199123255901364, 'subsample': 0.5959149349935748, 'learning_rate': 0.014770602800007464, 'max_depth': 3, 'min_child_weight': 211, 'eval_metric': 'logloss'}. Best is trial 91 with value: 0.7482168133916941.
start listen on 10.110.42.38:9091
@tracker All of 4 nodes getting started
@tracker All nodes finishes job
@tracker 61.735129594802856 secs between node start and job finish
Trial 121 finished with value: 0.748127393140441 and parameters: {'objective': 'binary:logistic', 'tree_method': 'gpu_hist', 'lambda': 0.016386024072950638, 'alpha': 0.018444393943698678, 'colsample_bytree': 0.5422397964813579, 'subsample': 0.6497863139316429, 'learning_rate': 0.017939554133577597, 'max_depth': 20, 'min_child_weight': 196, 'eval_metric': 'logloss'}. Best is trial 91 with value: 0.7482168133916941.
start listen on 10.110.42.38:9091
@tracker All of 4 nodes getting started
@tracker All nodes finishes job
@tracker 67.37307143211365 secs between node start and job finish
Trial 122 finished with value: 0.7476098079378164 and parameters: {'objective': 'binary:logistic', 'tree_method': 'gpu_hist', 'lambda': 0.01861285691611443, 'alpha': 0.017798126933289197, 'colsample_bytree': 0.5516197565766364, 'subsample': 0.6687238337395836, 'learning_rate': 0.013337763515314698, 'max_depth': 20, 'min_child_weight': 194, 'eval_metric': 'logloss'}. Best is trial 91 with value: 0.7482168133916941.
start listen on 10.110.42.38:9091
@tracker All of 4 nodes getting started
@tracker All nodes finishes job
@tracker 67.13078379631042 secs between node start and job finish
Trial 123 finished with value: 0.7470730398493564 and parameters: {'objective': 'binary:logistic', 'tree_method': 'gpu_hist', 'lambda': 0.0072665203536244945, 'alpha': 0.013388478513764426, 'colsample_bytree': 0.5141733951303482, 'subsample': 0.6900487068470496, 'learning_rate': 0.026226184147651273, 'max_depth': 20, 'min_child_weight': 179, 'eval_metric': 'logloss'}. Best is trial 91 with value: 0.7482168133916941.
start listen on 10.110.42.38:9091
@tracker All of 4 nodes getting started
@tracker All nodes finishes job
@tracker 58.67373991012573 secs between node start and job finish
Trial 124 finished with value: 0.7479487640724086 and parameters: {'objective': 'binary:logistic', 'tree_method': 'gpu_hist', 'lambda': 0.0048737785974709725, 'alpha': 0.009609432188119129, 'colsample_bytree': 0.5878325776338008, 'subsample': 0.6241736025795084, 'learning_rate': 0.02111599869287396, 'max_depth': 20, 'min_child_weight': 207, 'eval_metric': 'logloss'}. Best is trial 91 with value: 0.7482168133916941.
start listen on 10.110.42.38:9091
@tracker All of 4 nodes getting started
@tracker All nodes finishes job
@tracker 58.958415031433105 secs between node start and job finish
Trial 125 finished with value: 0.7456980125597573 and parameters: {'objective': 'binary:logistic', 'tree_method': 'gpu_hist', 'lambda': 0.004659147181153811, 'alpha': 0.00655149296314764, 'colsample_bytree': 0.5981528235558368, 'subsample': 0.6284276499659225, 'learning_rate': 0.031160456939526546, 'max_depth': 20, 'min_child_weight': 207, 'eval_metric': 'logloss'}. Best is trial 91 with value: 0.7482168133916941.
start listen on 10.110.42.38:9091
@tracker All of 4 nodes getting started
@tracker All nodes finishes job
@tracker 65.18639135360718 secs between node start and job finish
Trial 126 finished with value: 0.747617962751552 and parameters: {'objective': 'binary:logistic', 'tree_method': 'gpu_hist', 'lambda': 0.011109495668819974, 'alpha': 0.027326146475811084, 'colsample_bytree': 0.5761461810650789, 'subsample': 0.6550679797687868, 'learning_rate': 0.02077601077003743, 'max_depth': 20, 'min_child_weight': 187, 'eval_metric': 'logloss'}. Best is trial 91 with value: 0.7482168133916941.
start listen on 10.110.42.38:9091
@tracker All of 4 nodes getting started
@tracker All nodes finishes job
@tracker 53.07467317581177 secs between node start and job finish
Trial 127 finished with value: 0.7478727689378365 and parameters: {'objective': 'binary:logistic', 'tree_method': 'gpu_hist', 'lambda': 0.003178999751198966, 'alpha': 0.016132710078620507, 'colsample_bytree': 0.5409696058173286, 'subsample': 0.5696955335647355, 'learning_rate': 0.018250877042629326, 'max_depth': 20, 'min_child_weight': 218, 'eval_metric': 'logloss'}. Best is trial 91 with value: 0.7482168133916941.
start listen on 10.110.42.38:9091
@tracker All of 4 nodes getting started
@tracker All nodes finishes job
@tracker 37.58732891082764 secs between node start and job finish
Trial 128 finished with value: 0.7478165982163022 and parameters: {'objective': 'binary:logistic', 'tree_method': 'gpu_hist', 'lambda': 0.0026101166585373085, 'alpha': 0.015892017094686278, 'colsample_bytree': 0.536752914575867, 'subsample': 0.5693488379546074, 'learning_rate': 0.022648022567053956, 'max_depth': 15, 'min_child_weight': 218, 'eval_metric': 'logloss'}. Best is trial 91 with value: 0.7482168133916941.
start listen on 10.110.42.38:9091
@tracker All of 4 nodes getting started
@tracker All nodes finishes job
@tracker 53.600515365600586 secs between node start and job finish
Trial 129 finished with value: 0.7452854354135656 and parameters: {'objective': 'binary:logistic', 'tree_method': 'gpu_hist', 'lambda': 0.005606082735683942, 'alpha': 0.009235874075492341, 'colsample_bytree': 0.5579948218750957, 'subsample': 0.5838090764573783, 'learning_rate': 0.03408399781664881, 'max_depth': 20, 'min_child_weight': 225, 'eval_metric': 'logloss'}. Best is trial 91 with value: 0.7482168133916941.
start listen on 10.110.42.38:9091
@tracker All of 4 nodes getting started
@tracker All nodes finishes job
@tracker 39.20263457298279 secs between node start and job finish
Trial 130 finished with value: 0.7477437926582926 and parameters: {'objective': 'binary:logistic', 'tree_method': 'gpu_hist', 'lambda': 0.003057095533601022, 'alpha': 0.012010504281770192, 'colsample_bytree': 0.4417993792228695, 'subsample': 0.707153834373757, 'learning_rate': 0.018004814951360755, 'max_depth': 13, 'min_child_weight': 213, 'eval_metric': 'logloss'}. Best is trial 91 with value: 0.7482168133916941.
start listen on 10.110.42.38:9091
@tracker All of 4 nodes getting started
@tracker All nodes finishes job
@tracker 54.53365683555603 secs between node start and job finish
Trial 131 finished with value: 0.7478359771166208 and parameters: {'objective': 'binary:logistic', 'tree_method': 'gpu_hist', 'lambda': 0.03061991939215326, 'alpha': 0.0161803863029725, 'colsample_bytree': 0.517463505959445, 'subsample': 0.5483578432874927, 'learning_rate': 0.020442023062175005, 'max_depth': 20, 'min_child_weight': 201, 'eval_metric': 'logloss'}. Best is trial 91 with value: 0.7482168133916941.
start listen on 10.110.42.38:9091
@tracker All of 4 nodes getting started
@tracker All nodes finishes job
@tracker 56.758328676223755 secs between node start and job finish
Trial 132 finished with value: 0.7482792731080263 and parameters: {'objective': 'binary:logistic', 'tree_method': 'gpu_hist', 'lambda': 0.015644101394684317, 'alpha': 0.00811322255431375, 'colsample_bytree': 0.4980271794898592, 'subsample': 0.5951890633743403, 'learning_rate': 0.017814659942085406, 'max_depth': 20, 'min_child_weight': 206, 'eval_metric': 'logloss'}. Best is trial 132 with value: 0.7482792731080263.
start listen on 10.110.42.38:9091
@tracker All of 4 nodes getting started
@tracker All nodes finishes job
@tracker 57.922075271606445 secs between node start and job finish
Trial 133 finished with value: 0.7462754487218209 and parameters: {'objective': 'binary:logistic', 'tree_method': 'gpu_hist', 'lambda': 0.015132542099002479, 'alpha': 0.00826699775681754, 'colsample_bytree': 0.5438208994991713, 'subsample': 0.5999356126479652, 'learning_rate': 0.02837932185578646, 'max_depth': 20, 'min_child_weight': 197, 'eval_metric': 'logloss'}. Best is trial 132 with value: 0.7482792731080263.
start listen on 10.110.42.38:9091
@tracker All of 4 nodes getting started
@tracker All nodes finishes job
@tracker 63.18184804916382 secs between node start and job finish
Trial 134 finished with value: 0.7480737779698842 and parameters: {'objective': 'binary:logistic', 'tree_method': 'gpu_hist', 'lambda': 0.004680754178527441, 'alpha': 0.004223696476727047, 'colsample_bytree': 0.5016762193678723, 'subsample': 0.6470997854626725, 'learning_rate': 0.01778327715981982, 'max_depth': 20, 'min_child_weight': 189, 'eval_metric': 'logloss'}. Best is trial 132 with value: 0.7482792731080263.
start listen on 10.110.42.38:9091
@tracker All of 4 nodes getting started
@tracker All nodes finishes job
@tracker 62.70435118675232 secs between node start and job finish
Trial 135 finished with value: 0.7471981790516252 and parameters: {'objective': 'binary:logistic', 'tree_method': 'gpu_hist', 'lambda': 0.005013012276499375, 'alpha': 0.00420179858239081, 'colsample_bytree': 0.4657187643728811, 'subsample': 0.6488837080868998, 'learning_rate': 0.02494667289096723, 'max_depth': 20, 'min_child_weight': 188, 'eval_metric': 'logloss'}. Best is trial 132 with value: 0.7482792731080263.
start listen on 10.110.42.38:9091
@tracker All of 4 nodes getting started
@tracker All nodes finishes job
@tracker 14.083588361740112 secs between node start and job finish
Trial 136 finished with value: 0.7449761572053202 and parameters: {'objective': 'binary:logistic', 'tree_method': 'gpu_hist', 'lambda': 0.010423801475079594, 'alpha': 0.003533030247111431, 'colsample_bytree': 0.49446405676078165, 'subsample': 0.6221375985738969, 'learning_rate': 0.01682964749652603, 'max_depth': 7, 'min_child_weight': 177, 'eval_metric': 'logloss'}. Best is trial 132 with value: 0.7482792731080263.
start listen on 10.110.42.38:9091
@tracker All of 4 nodes getting started
@tracker All nodes finishes job
@tracker 59.318408727645874 secs between node start and job finish
Trial 137 finished with value: 0.7474452160628735 and parameters: {'objective': 'binary:logistic', 'tree_method': 'gpu_hist', 'lambda': 0.006400123950343975, 'alpha': 0.005647907563164077, 'colsample_bytree': 0.5032759546884155, 'subsample': 0.6605876806093834, 'learning_rate': 0.02221646171887927, 'max_depth': 20, 'min_child_weight': 206, 'eval_metric': 'logloss'}. Best is trial 132 with value: 0.7482792731080263.
start listen on 10.110.42.38:9091
@tracker All of 4 nodes getting started
@tracker All nodes finishes job
@tracker 22.843078136444092 secs between node start and job finish
Trial 138 finished with value: 0.747349918155507 and parameters: {'objective': 'binary:logistic', 'tree_method': 'gpu_hist', 'lambda': 0.008192467183388183, 'alpha': 0.006821336499109422, 'colsample_bytree': 0.4833891799929464, 'subsample': 0.6773990381273908, 'learning_rate': 0.020078210044813194, 'max_depth': 9, 'min_child_weight': 184, 'eval_metric': 'logloss'}. Best is trial 132 with value: 0.7482792731080263.
start listen on 10.110.42.38:9091
@tracker All of 4 nodes getting started
@tracker All nodes finishes job
@tracker 8.149872303009033 secs between node start and job finish
Trial 139 finished with value: 0.7400735452008103 and parameters: {'objective': 'binary:logistic', 'tree_method': 'gpu_hist', 'lambda': 4.811040115869983, 'alpha': 0.010545259761786349, 'colsample_bytree': 0.6057233502448242, 'subsample': 0.6404270041646528, 'learning_rate': 0.015530304038365765, 'max_depth': 5, 'min_child_weight': 192, 'eval_metric': 'logloss'}. Best is trial 132 with value: 0.7482792731080263.
start listen on 10.110.42.38:9091
@tracker All of 4 nodes getting started
@tracker All nodes finishes job
@tracker 59.328123807907104 secs between node start and job finish
Trial 140 finished with value: 0.748215597574008 and parameters: {'objective': 'binary:logistic', 'tree_method': 'gpu_hist', 'lambda': 0.009841772809296953, 'alpha': 0.00840866222464401, 'colsample_bytree': 0.5837478306032641, 'subsample': 0.6290464856011669, 'learning_rate': 0.017728460178057553, 'max_depth': 20, 'min_child_weight': 208, 'eval_metric': 'logloss'}. Best is trial 132 with value: 0.7482792731080263.
start listen on 10.110.42.38:9091
@tracker All of 4 nodes getting started
@tracker All nodes finishes job
@tracker 61.59477519989014 secs between node start and job finish
Trial 141 finished with value: 0.7480763961732584 and parameters: {'objective': 'binary:logistic', 'tree_method': 'gpu_hist', 'lambda': 0.01294468169378207, 'alpha': 0.0027595832408012686, 'colsample_bytree': 0.582114625797697, 'subsample': 0.628228410705093, 'learning_rate': 0.018027076151604385, 'max_depth': 20, 'min_child_weight': 197, 'eval_metric': 'logloss'}. Best is trial 132 with value: 0.7482792731080263.
start listen on 10.110.42.38:9091
@tracker All of 4 nodes getting started
@tracker All nodes finishes job
@tracker 185.8303575515747 secs between node start and job finish
Trial 142 finished with value: 0.7457238431288351 and parameters: {'objective': 'binary:logistic', 'tree_method': 'gpu_hist', 'lambda': 0.015609233031759194, 'alpha': 0.002095898771152656, 'colsample_bytree': 0.5890451484434831, 'subsample': 0.6266850360784035, 'learning_rate': 0.017746948617764585, 'max_depth': 20, 'min_child_weight': 46, 'eval_metric': 'logloss'}. Best is trial 132 with value: 0.7482792731080263.
start listen on 10.110.42.38:9091
@tracker All of 4 nodes getting started
@tracker All nodes finishes job
@tracker 61.57421064376831 secs between node start and job finish
Trial 143 finished with value: 0.7482075041623995 and parameters: {'objective': 'binary:logistic', 'tree_method': 'gpu_hist', 'lambda': 0.012991450921721, 'alpha': 0.00269285306813057, 'colsample_bytree': 0.5647544856956882, 'subsample': 0.6579900973264393, 'learning_rate': 0.016646964680394227, 'max_depth': 20, 'min_child_weight': 208, 'eval_metric': 'logloss'}. Best is trial 132 with value: 0.7482792731080263.
start listen on 10.110.42.38:9091
@tracker All of 4 nodes getting started
@tracker All nodes finishes job
@tracker 62.65066385269165 secs between node start and job finish
Trial 144 finished with value: 0.7479195224901376 and parameters: {'objective': 'binary:logistic', 'tree_method': 'gpu_hist', 'lambda': 0.012281851260599146, 'alpha': 0.00267521772820559, 'colsample_bytree': 0.5744038941213363, 'subsample': 0.6614784879227408, 'learning_rate': 0.014516124918358153, 'max_depth': 20, 'min_child_weight': 209, 'eval_metric': 'logloss'}. Best is trial 132 with value: 0.7482792731080263.
start listen on 10.110.42.38:9091
@tracker All of 4 nodes getting started
@tracker All nodes finishes job
@tracker 61.946919679641724 secs between node start and job finish
Trial 145 finished with value: 0.7478716463346919 and parameters: {'objective': 'binary:logistic', 'tree_method': 'gpu_hist', 'lambda': 0.01951775720847946, 'alpha': 0.001159997513630201, 'colsample_bytree': 0.5749309861797106, 'subsample': 0.660985385831057, 'learning_rate': 0.014305111807650601, 'max_depth': 20, 'min_child_weight': 213, 'eval_metric': 'logloss'}. Best is trial 132 with value: 0.7482792731080263.
start listen on 10.110.42.38:9091
@tracker All of 4 nodes getting started
@tracker All nodes finishes job
@tracker 60.88649582862854 secs between node start and job finish
Trial 146 finished with value: 0.7474457024177317 and parameters: {'objective': 'binary:logistic', 'tree_method': 'gpu_hist', 'lambda': 0.004180946523931205, 'alpha': 0.0015754514404267273, 'colsample_bytree': 0.6325246639713548, 'subsample': 0.6821208697472715, 'learning_rate': 0.013213693441695913, 'max_depth': 20, 'min_child_weight': 227, 'eval_metric': 'logloss'}. Best is trial 132 with value: 0.7482792731080263.
start listen on 10.110.42.38:9091
@tracker All of 4 nodes getting started
@tracker All nodes finishes job
@tracker 60.14564323425293 secs between node start and job finish
Trial 147 finished with value: 0.7479032694026341 and parameters: {'objective': 'binary:logistic', 'tree_method': 'gpu_hist', 'lambda': 0.012263233193141623, 'alpha': 0.002803591856546169, 'colsample_bytree': 0.5602289893788674, 'subsample': 0.6339224766874861, 'learning_rate': 0.01606093067651692, 'max_depth': 20, 'min_child_weight': 209, 'eval_metric': 'logloss'}. Best is trial 132 with value: 0.7482792731080263.
start listen on 10.110.42.38:9091
@tracker All of 4 nodes getting started
@tracker All nodes finishes job
@tracker 62.758256673812866 secs between node start and job finish
