number,value,params_alpha,params_colsample_bytree,params_eval_metric,params_lambda,params_learning_rate,params_max_depth,params_min_child_weight,params_objective,params_subsample,params_tree_method,state
0,0.7472818413948052,3.843774196293632,0.7177645164332866,logloss,0.008354153123955812,0.013203814478919057,17,195,binary:logistic,0.5614412190882784,gpu_hist,COMPLETE
1,0.7368332493699067,0.0016223654999199472,0.7507640022392137,logloss,0.010623550752601468,0.04330830306992073,20,59,binary:logistic,0.6452845508192232,gpu_hist,COMPLETE
2,0.7447968980014305,0.003246992385151529,0.9660183615707596,logloss,0.42470639993760234,0.009095127333739825,20,37,binary:logistic,0.8881096397007939,gpu_hist,COMPLETE
3,0.7255906362927377,0.22879679200185854,0.5338202680569722,logloss,0.003694071720703118,0.0030973899570732074,9,139,binary:logistic,0.6604516210206979,gpu_hist,COMPLETE
4,0.7461157249797823,0.004658646100841974,0.9398208610145777,logloss,0.0018750262835688348,0.012520679059366303,17,210,binary:logistic,0.992457832926268,gpu_hist,COMPLETE
5,0.731519369807108,2.9647693791287995,0.7005323345338398,logloss,4.05359009690571,0.004113251224314417,20,227,binary:logistic,0.8171727734629988,gpu_hist,COMPLETE
6,0.7172694873896116,0.005409793188252508,0.7658773210592511,logloss,0.2069080267273601,0.001747386956209172,9,14,binary:logistic,0.5046337120361906,gpu_hist,COMPLETE
7,0.7458899172677991,0.38831526935312416,0.9115988433034714,logloss,0.020526681666460062,0.020766837966474532,9,16,binary:logistic,0.766239174731564,gpu_hist,COMPLETE
8,0.7430258600540459,0.032386481778403226,0.5641725350420301,logloss,4.659389157487917,0.010187837474160667,9,23,binary:logistic,0.8099383796024087,gpu_hist,COMPLETE
9,0.7010640728032809,0.766240311362698,0.4214702345907063,logloss,0.002639592921251016,0.00425872940274482,3,293,binary:logistic,0.525005815266256,gpu_hist,COMPLETE
10,0.7203083934119274,6.8403561795742105,0.4368919653902171,logloss,0.042395556399256434,0.09866691616855965,17,133,binary:logistic,0.40030678663023833,gpu_hist,COMPLETE
11,0.7470019520228011,0.028699487656453155,0.8551597046396144,logloss,0.001032138192450469,0.017362425539810433,17,208,binary:logistic,0.9861667126375585,gpu_hist,COMPLETE
12,0.7462106754511302,0.037415193511925,0.8321644080478137,logloss,0.0010368768473314298,0.030580716988201744,15,209,binary:logistic,0.5566833293260152,gpu_hist,COMPLETE
13,0.7413808858138096,0.04267688849526489,0.6504917580440693,logloss,0.007734878766266385,0.05683373852138358,17,264,binary:logistic,0.9495045580567376,gpu_hist,COMPLETE
14,0.7475637860710447,1.4876563393396496,0.8458531171808145,logloss,0.042312705866860555,0.017767712065985573,13,170,binary:logistic,0.6011236785564688,gpu_hist,COMPLETE
15,0.7406366241007775,1.4627988530070812,0.32263380793351737,logloss,0.0683868508581317,0.0058496008708506285,13,96,binary:logistic,0.6030955412814127,gpu_hist,COMPLETE
16,0.746900479450842,6.219591208280503,0.8107309830989022,logloss,0.8348215600902287,0.02421720961734388,7,167,binary:logistic,0.45542940792542863,gpu_hist,COMPLETE
17,0.7420268361920015,1.698287670089432,0.5992021804592051,logloss,0.02824080113308023,0.0073830084163953175,13,172,binary:logistic,0.7408473288816066,gpu_hist,COMPLETE
18,0.6914783852930577,0.12257450050079902,0.6581889474476302,logloss,0.1218221909675793,0.0017313198068323562,5,109,binary:logistic,0.5879862311554371,gpu_hist,COMPLETE
19,0.7453817072809181,8.705324998472317,0.893026827231847,logloss,0.006808601741206816,0.01410970330234466,11,248,binary:logistic,0.6815320865015322,gpu_hist,COMPLETE
20,0.7048071724554945,0.6824507471222112,0.7475124195520728,logloss,1.1249227173864182,0.0010981281158678863,13,175,binary:logistic,0.4783542427169739,gpu_hist,COMPLETE
21,0.748127518861991,0.011029707265074443,0.851118307797954,logloss,0.01490206287795873,0.016427236490381858,17,190,binary:logistic,0.6062653356449977,gpu_hist,COMPLETE
22,0.7447633885545621,0.011863723642028354,0.8243488368912918,logloss,0.01693895522605985,0.036186339993168476,17,180,binary:logistic,0.6184492955016015,gpu_hist,COMPLETE
23,0.744488090728052,3.036108587385725,0.9958251132009868,logloss,0.06240985497923463,0.02391482005857231,5,115,binary:logistic,0.5505819017177127,gpu_hist,COMPLETE
24,0.7406921855242803,0.0010701717003640393,0.7119343576787215,logloss,0.00517004951793956,0.063138214274015,11,195,binary:logistic,0.7127793225842018,gpu_hist,COMPLETE
25,0.7464709722656403,0.11265108774256595,0.8852466399869093,logloss,0.17870625771638896,0.013201223015347615,15,244,binary:logistic,0.5852245469525605,gpu_hist,COMPLETE
26,0.7353647006670652,3.437578809932919,0.7918649738393712,logloss,0.01471251691355674,0.007129834126807883,7,148,binary:logistic,0.41039579432862894,gpu_hist,COMPLETE
27,0.747060638286687,0.01212562512964299,0.6845755615336415,logloss,0.030664527120300825,0.017263643138161967,13,77,binary:logistic,0.6603054075801542,gpu_hist,COMPLETE
28,0.7416467525792023,0.2992432922494142,0.8733720615665591,logloss,0.04834681091761677,0.028803984669869956,3,159,binary:logistic,0.45360601009705953,gpu_hist,COMPLETE
29,0.7417285667461373,1.1876022577652643,0.7411702225941069,logloss,0.010751924858808406,0.04657015356628032,17,190,binary:logistic,0.6293874066223761,gpu_hist,COMPLETE
30,0.7447457343316402,0.07039133081968803,0.6004018177885384,logloss,0.011456649807699816,0.009487777228078873,17,228,binary:logistic,0.5298641668147985,gpu_hist,COMPLETE
31,0.7468693581577492,0.010489667418273002,0.6744740912584887,logloss,0.02813148521200835,0.01729431091403984,13,55,binary:logistic,0.655874746766361,gpu_hist,COMPLETE
32,0.7467953046918014,0.013957131814127676,0.7836598296199431,logloss,0.030767265050734877,0.01768977106505409,13,74,binary:logistic,0.7123274369616149,gpu_hist,COMPLETE
33,0.7462301111692542,0.002180126349935329,0.7184663085927713,logloss,0.10077827481015383,0.011987615013076464,13,130,binary:logistic,0.6502425800988085,gpu_hist,COMPLETE
34,0.7384779839751444,0.006521619483206633,0.9408654188211284,logloss,0.003569156409689676,0.03778230758720041,20,76,binary:logistic,0.5781555996528026,gpu_hist,COMPLETE
35,0.7425797302572268,0.015335185065129693,0.6264854093134886,logloss,0.005379297026167265,0.007825266385155202,13,195,binary:logistic,0.6212935841153461,gpu_hist,COMPLETE
36,0.747488022097422,4.5008080629392495,0.49030711947654454,logloss,0.24450835206409952,0.015270707074946143,17,146,binary:logistic,0.6817101618772021,gpu_hist,COMPLETE
37,0.7377496605595247,4.928397605179296,0.46371713603463116,logloss,0.4792421522615785,0.005396333912117729,17,148,binary:logistic,0.7847310171473062,gpu_hist,COMPLETE
38,0.7464837051497424,2.1687173414852348,0.5302764259699322,logloss,0.2335403361016304,0.010781042758139939,17,124,binary:logistic,0.8556544168001746,gpu_hist,COMPLETE
39,0.7481147516649352,0.7109184353257966,0.3357244346752843,logloss,2.3257117486967656,0.022719278043303363,17,227,binary:logistic,0.6913988496571828,gpu_hist,COMPLETE
40,0.747685124314937,0.5230905420401663,0.3162162443145146,logloss,2.1023270767376134,0.02137821866955477,17,277,binary:logistic,0.6910666279464626,gpu_hist,COMPLETE
41,0.7482294562563883,0.6165587583562248,0.31356808538284753,logloss,8.74096680728528,0.02192948225589245,17,269,binary:logistic,0.7387408242017688,gpu_hist,COMPLETE
42,0.7478673877776569,0.5716783909809253,0.3010089833971506,logloss,8.968727552552808,0.024917249089696582,17,300,binary:logistic,0.7479419724921269,gpu_hist,COMPLETE
43,0.7481727570875871,0.5936735852520946,0.3227016828298259,logloss,9.204484675539966,0.022408324160944817,17,293,binary:logistic,0.7483839220689563,gpu_hist,COMPLETE
44,0.7476961162681386,0.19122293018500996,0.36534506144945866,logloss,9.859035799466557,0.02762561249774918,17,287,binary:logistic,0.7506096222411013,gpu_hist,COMPLETE
45,0.744930645726366,0.8570453760738203,0.3730361076077645,logloss,9.550199303925456,0.048613177391675456,17,300,binary:logistic,0.8153871166508713,gpu_hist,COMPLETE
46,0.7472907173362384,0.4015016685423899,0.36230529116175,logloss,4.487878959377912,0.03458604041533965,17,268,binary:logistic,0.7357610823757543,gpu_hist,COMPLETE
47,0.7398276018975879,0.1824960792947485,0.4036335772941326,logloss,2.9420784614734625,0.06431442973245338,17,249,binary:logistic,0.853003678826604,gpu_hist,COMPLETE
48,0.7474706194565188,0.26749423304219655,0.30076499843829624,logloss,7.005202125834971,0.022428063092621624,9,223,binary:logistic,0.7705940645912235,gpu_hist,COMPLETE
49,0.7476172674627587,0.49850849159573346,0.3443302316829589,logloss,1.975813245659069,0.02776850993869076,20,283,binary:logistic,0.7944526014595695,gpu_hist,COMPLETE
50,0.7460459717465213,0.9560123562299645,0.38867052074539615,logloss,6.441234448452465,0.04205949979009563,15,261,binary:logistic,0.7249701762466587,gpu_hist,COMPLETE
51,0.7476070342842602,0.19240376533059853,0.3427375384722963,logloss,9.416124912968035,0.028825557462444792,17,287,binary:logistic,0.7544229501895464,gpu_hist,COMPLETE
52,0.7484127937006588,0.05905701257996917,0.43075807834575996,logloss,3.248324573620124,0.020661327310478345,17,273,binary:logistic,0.8316800194012945,gpu_hist,COMPLETE
53,0.7480403714618762,0.05081960504363486,0.43021249792239036,logloss,3.1110422897170187,0.020350628927328543,17,300,binary:logistic,0.8605374984457154,gpu_hist,COMPLETE
54,0.7349824451971241,0.055768413357889964,0.45189631712262424,logloss,2.8123957274633593,0.02002835694446626,3,273,binary:logistic,0.8996785315580059,gpu_hist,COMPLETE
55,0.747850388279227,0.023147056102345135,0.41598849840148744,logloss,1.1429002592193651,0.015293316802399273,17,237,binary:logistic,0.8554410918904032,gpu_hist,COMPLETE
56,0.7406905710095237,0.052503753126057255,0.48935404110537795,logloss,5.6491127334325455,0.011973848292679234,7,257,binary:logistic,0.910675033431199,gpu_hist,COMPLETE
57,0.7465586333876246,0.07603448124447724,0.33521049170063244,logloss,3.179109929239599,0.03309344032790739,5,216,binary:logistic,0.8268220206953804,gpu_hist,COMPLETE
58,0.7474935325910415,0.022908014678752146,0.39174917125275566,logloss,2.007935017635869,0.020195062676553462,11,235,binary:logistic,0.9194666429612186,gpu_hist,COMPLETE
59,0.7352235363431089,0.003879352325499516,0.5412076482570278,logloss,1.3928938212904454,0.08315322826682998,17,258,binary:logistic,0.9394404352579862,gpu_hist,COMPLETE
60,0.7481580468327188,0.1352178400035645,0.4409220123241459,logloss,0.5757290845414038,0.01958885494411743,17,277,binary:logistic,0.8738315433666941,gpu_hist,COMPLETE
61,0.7474222537510815,0.09211787647409077,0.4241992806968154,logloss,0.7008416095153709,0.014334391824173037,17,276,binary:logistic,0.8351867440988128,gpu_hist,COMPLETE
62,0.7479327274204575,0.13120021973358606,0.48017455753782645,logloss,3.6086904110565863,0.0195753258390568,17,291,binary:logistic,0.8727256609528293,gpu_hist,COMPLETE
63,0.7481321099907285,0.3804582458320986,0.4388361715578113,logloss,4.294407101073818,0.02452139503318059,17,268,binary:logistic,0.8867913136477945,gpu_hist,COMPLETE
64,0.7470190044493089,0.321823057383235,0.5071016699761928,logloss,4.371943401491138,0.024514786503360968,9,250,binary:logistic,0.9679648355517978,gpu_hist,COMPLETE
65,0.7477730670254098,1.9539856136635296,0.36244746304581915,logloss,5.133240597417468,0.01641867141697985,17,205,binary:logistic,0.7816396264424211,gpu_hist,COMPLETE
66,0.745877676017471,1.173349423043243,0.4586757478906358,logloss,1.544019387692188,0.039864854874854305,17,270,binary:logistic,0.8014935188757351,gpu_hist,COMPLETE
67,0.7278034846334547,0.37015321586250394,0.39378761926870287,logloss,0.8105618730731714,0.013161488857998196,3,233,binary:logistic,0.8841950419325482,gpu_hist,COMPLETE
68,0.747309343296445,0.14026106407418046,0.32628418110977336,logloss,6.922858748016803,0.03226815048750584,15,244,binary:logistic,0.7039815877448364,gpu_hist,COMPLETE
69,0.747988567654072,0.2325441862786713,0.34887948373436856,logloss,2.401437780562388,0.02567868216969665,17,264,binary:logistic,0.8354895497973667,gpu_hist,COMPLETE
70,0.7390726706619815,0.6463430093096604,0.5710040755683128,logloss,0.3755038746761557,0.010822914409255261,7,281,binary:logistic,0.9438981464650359,gpu_hist,COMPLETE
71,0.7478681607220818,0.006430817214187634,0.43347528877141395,logloss,3.792281862756733,0.01841774566854193,17,294,binary:logistic,0.8807962927853135,gpu_hist,COMPLETE
72,0.7481217690112104,0.035047860994225195,0.4458592885297392,logloss,5.462722513680973,0.022185687009859314,17,255,binary:logistic,0.8706738078872781,gpu_hist,COMPLETE
73,0.7436700146283957,0.03224404623382502,0.44592307684052696,logloss,0.0017953968480813212,0.008474986707543007,17,255,binary:logistic,0.9194388365643232,gpu_hist,COMPLETE
74,0.7440890426098337,1.0715931204759561,0.5168831017821027,logloss,6.6746001590446955,0.022806021406852502,5,240,binary:logistic,0.6683152554580348,gpu_hist,COMPLETE
75,0.7476262920473506,0.4180649436328163,0.47328169366288053,logloss,5.209107879426443,0.015884800696685093,17,220,binary:logistic,0.9005471021896463,gpu_hist,COMPLETE
76,0.7368946201014536,0.008638967514373696,0.3784426392808049,logloss,1.6447375163196365,0.0028776273099498733,11,1,binary:logistic,0.7278845626906136,gpu_hist,COMPLETE
77,0.7475246602744009,0.018440127668074558,0.4092637342781141,logloss,1.1173732885353982,0.03151974234261456,17,270,binary:logistic,0.8406225009719542,gpu_hist,COMPLETE
78,0.747871456293719,0.07983071594760065,0.3171553612085921,logloss,7.5349854302637675,0.02629403887998676,20,278,binary:logistic,0.815712481466372,gpu_hist,COMPLETE
79,0.7479049526822165,0.04273784109012732,0.5521131103356349,logloss,3.9487836838982964,0.022540683777066296,17,187,binary:logistic,0.763157986708692,gpu_hist,COMPLETE
80,0.7423806847040613,0.7580424869764691,0.5050875417155105,logloss,0.16841183744378438,0.047569870600804705,17,262,binary:logistic,0.6383959733733662,gpu_hist,COMPLETE
81,0.7481551705181401,0.05890506608194888,0.4321897980603705,logloss,5.578616708428884,0.01893696293870168,17,297,binary:logistic,0.8651530907669284,gpu_hist,COMPLETE
82,0.7477159926368225,0.162597883857575,0.40708756640103166,logloss,5.290961610416211,0.017863733189610834,17,292,binary:logistic,0.8981796535115311,gpu_hist,COMPLETE
83,0.7471676780311524,0.06176844783313682,0.3533219650509825,logloss,7.575269473362425,0.014461791763035114,17,286,binary:logistic,0.873565754066113,gpu_hist,COMPLETE
84,0.7475369583425344,0.038742269329258124,0.37569516198984076,logloss,2.4598712116740273,0.03002044965178256,17,252,binary:logistic,0.9997101130274073,gpu_hist,COMPLETE
85,0.7463020861315206,0.10670925947707073,0.44111599347717273,logloss,0.5755170513121404,0.011786450120065472,17,269,binary:logistic,0.961933485876256,gpu_hist,COMPLETE
86,0.7469777245771347,1.3898846836803562,0.30887530159927823,logloss,5.856932491057265,0.021788578972435472,9,280,binary:logistic,0.60383910880784,gpu_hist,COMPLETE
87,0.7478747147740261,0.026652575152064668,0.3320579268861529,logloss,8.28153264989947,0.018537391301796532,17,160,binary:logistic,0.8668470991348858,gpu_hist,COMPLETE
88,0.7454675959374251,0.002288642871863467,0.9313766579839946,logloss,4.402902744319766,0.03695373272913005,17,295,binary:logistic,0.7987017776343116,gpu_hist,COMPLETE
89,0.7476795099100253,0.24671530637956904,0.46731039193412516,logloss,2.794601345234314,0.02690277985377884,15,245,binary:logistic,0.6761280240170638,gpu_hist,COMPLETE
90,0.747523189262806,0.5267178334499627,0.6244596146631537,logloss,0.3306526071407574,0.016481180225781857,17,203,binary:logistic,0.9284426905533264,gpu_hist,COMPLETE
91,0.7481386088918933,0.049114434764834555,0.4286110494018011,logloss,3.406065458427133,0.023960531709684672,17,300,binary:logistic,0.8903296605167283,gpu_hist,COMPLETE
92,0.7483122743897785,0.045098441098455316,0.41906788505172227,logloss,3.2277454214715116,0.02391180295338585,17,286,binary:logistic,0.8449592438802753,gpu_hist,COMPLETE
93,0.7482171536039328,0.09353402083546923,0.4273445842541482,logloss,3.6696456985344343,0.02061171513828348,17,287,binary:logistic,0.8424173166537032,gpu_hist,COMPLETE
94,0.7473042502539392,0.07122117477407659,0.39667288753743357,logloss,3.4042657531822957,0.013558128160893374,17,285,binary:logistic,0.8467181015261196,gpu_hist,COMPLETE
95,0.7381635352076806,0.08081537043530025,0.4236622581740297,logloss,1.729613062497753,0.02465036653148086,3,294,binary:logistic,0.8261744010104943,gpu_hist,COMPLETE
96,0.7482055549921578,0.09188686696591973,0.4557460748420298,logloss,9.939911189973444,0.01989100434733362,20,276,binary:logistic,0.8908042823972178,gpu_hist,COMPLETE
97,0.7450507313390797,0.11062817743991965,0.48951805697949136,logloss,9.79715535406744,0.019484279316476536,7,288,binary:logistic,0.8931763764604762,gpu_hist,COMPLETE
98,0.7473730009099331,0.046233352455270105,0.41837482904469364,logloss,1.2454890323557342,0.030436085171952214,20,275,binary:logistic,0.8903461044604358,gpu_hist,COMPLETE
99,0.7467809602102382,0.09394609488485453,0.3851349390118256,logloss,7.948331521765017,0.035776088067219484,20,299,binary:logistic,0.9084781846539131,gpu_hist,COMPLETE
100,0.7477063505579877,0.02833911670170744,0.4581984352064359,logloss,4.340132156794411,0.027263089559262307,20,265,binary:logistic,0.8472029934426224,gpu_hist,COMPLETE
101,0.7480962194749454,0.13675563708697613,0.43493388263557187,logloss,6.592747761956265,0.02041169943038831,17,282,binary:logistic,0.9258688740885332,gpu_hist,COMPLETE
102,0.7395365817924613,0.05674919531500367,0.4042238456082574,logloss,3.6279923380837995,0.015396038376613198,5,278,binary:logistic,0.7768781631919203,gpu_hist,COMPLETE
103,0.7479376215311848,0.06559425989580983,0.48116063711596907,logloss,4.7310054216740705,0.024115795227908556,17,272,binary:logistic,0.8800268831295895,gpu_hist,COMPLETE
104,0.7465191016701309,0.018439938432068623,0.9852286213113439,logloss,2.83556549671387,0.01751260316786287,11,291,binary:logistic,0.824695404679188,gpu_hist,COMPLETE
105,0.7480496794409013,0.15145693076623926,0.5213665567082146,logloss,6.297550209175744,0.019463795264901412,20,300,binary:logistic,0.8546878183811236,gpu_hist,COMPLETE
106,0.7470464867633925,0.3106528644912911,0.45772895039945066,logloss,0.07206064046036897,0.021049449931775224,17,97,binary:logistic,0.5289833136875475,gpu_hist,COMPLETE
107,0.7477520797227637,0.21450519680432878,0.35877664778634943,logloss,2.0953894154166637,0.01618745720181481,17,284,binary:logistic,0.8092843784457389,gpu_hist,COMPLETE
108,0.7476595146268145,0.09989699650621992,0.4180364290785384,logloss,0.019788473560542523,0.02841350589928311,17,266,binary:logistic,0.8600909678775573,gpu_hist,COMPLETE
109,0.7470831959278986,0.04602898872332838,0.5024329346399297,logloss,0.9527534576521899,0.014363799235081357,17,276,binary:logistic,0.9328377280621306,gpu_hist,COMPLETE
110,0.7478211134953532,0.03723442778302542,0.3719246503857095,logloss,2.5976224457021266,0.02382575172310189,9,261,binary:logistic,0.8334959824960408,gpu_hist,COMPLETE
111,0.7483892676562148,0.08960163420963352,0.4440538499149891,logloss,5.220024229872002,0.023089769285044314,17,258,binary:logistic,0.8701600551769673,gpu_hist,COMPLETE
112,0.7481979279310946,0.4318263460256165,0.4417586135917135,logloss,7.7959457367154394,0.01861707008318393,17,287,binary:logistic,0.9114271422069988,gpu_hist,COMPLETE
113,0.7481326084315258,0.4176662894230132,0.44184229693876503,logloss,6.041297418072055,0.018801958051095698,17,290,binary:logistic,0.9046283238707663,gpu_hist,COMPLETE
114,0.7481314030327526,0.08607902386015974,0.4456236104759072,logloss,7.95440069271543,0.01825518743420104,17,288,binary:logistic,0.9093388128204355,gpu_hist,COMPLETE
115,0.7466189487527453,0.9271808763403108,0.46934321131157103,logloss,8.799419405762693,0.012782487729990433,17,295,binary:logistic,0.8669498411145826,gpu_hist,COMPLETE
116,0.7480610420295675,0.47528561806802966,0.4242978080121993,logloss,5.894614790123691,0.021870466371277025,17,279,binary:logistic,0.9088580941158805,gpu_hist,COMPLETE
117,0.7477723124182719,0.06042987778733,0.39733950677764673,logloss,9.85203102568104,0.025652962599108157,17,289,binary:logistic,0.9562510509142,gpu_hist,COMPLETE
118,0.746745967665836,0.6237042078670961,0.47417365061693184,logloss,3.436303743943746,0.03309214895511122,17,271,binary:logistic,0.8871204128430887,gpu_hist,COMPLETE
119,0.7476906042464118,0.1674525458046559,0.45346174280703366,logloss,4.99388758636877,0.019458401651116695,13,296,binary:logistic,0.9720691607731071,gpu_hist,COMPLETE
120,0.7482606256153995,0.11737156410531412,0.4919070490141975,logloss,6.851789605897696,0.017633486974557144,20,282,binary:logistic,0.8785564805360889,gpu_hist,COMPLETE
121,0.7477720005454764,0.12488998717628508,0.43663282729400515,logloss,6.884986882743505,0.021244786187002956,20,287,binary:logistic,0.9157510030494271,gpu_hist,COMPLETE
122,0.7479534988432266,0.07106966188021904,0.4855477983860328,logloss,5.772345033031432,0.017138810105707915,20,281,binary:logistic,0.8446005750066891,gpu_hist,COMPLETE
123,0.7127108931665419,0.05112489222583049,0.49748844154342997,logloss,7.767797906339431,0.0010683572167845608,20,273,binary:logistic,0.9023653816296662,gpu_hist,COMPLETE
124,0.7476048432563185,0.11917553342929642,0.4099197009382742,logloss,4.191303988373974,0.015314329188418914,20,291,binary:logistic,0.8812704957120203,gpu_hist,COMPLETE
125,0.7480774548737368,0.27317683953506394,0.4587347365477718,logloss,5.087913451283633,0.01872536796344974,17,281,binary:logistic,0.8622457666943034,gpu_hist,COMPLETE
126,0.7481262806783715,0.09233461759534092,0.43137275665872976,logloss,9.892289863711085,0.022862506802665106,15,300,binary:logistic,0.7915912183868941,gpu_hist,COMPLETE
127,0.7239647486675806,0.45307634898915145,0.38418849133285565,logloss,3.311508646200931,0.011132874318363508,3,263,binary:logistic,0.9478338233868884,gpu_hist,COMPLETE
