Trial 125 finished with value: 0.7480774548737368 and parameters: {'objective': 'binary:logistic', 'tree_method': 'gpu_hist', 'lambda': 5.087913451283633, 'alpha': 0.27317683953506394, 'colsample_bytree': 0.4587347365477718, 'subsample': 0.8622457666943034, 'learning_rate': 0.01872536796344974, 'max_depth': 17, 'min_child_weight': 281, 'eval_metric': 'logloss'}. Best is trial 52 with value: 0.7484127937006588.
start listen on 192.168.1.101:44339
@tracker All of 4 nodes getting started
@tracker All nodes finishes job
Trial 126 finished with value: 0.7481262806783715 and parameters: {'objective': 'binary:logistic', 'tree_method': 'gpu_hist', 'lambda': 9.892289863711085, 'alpha': 0.09233461759534092, 'colsample_bytree': 0.43137275665872976, 'subsample': 0.7915912183868941, 'learning_rate': 0.022862506802665106, 'max_depth': 15, 'min_child_weight': 300, 'eval_metric': 'logloss'}. Best is trial 52 with value: 0.7484127937006588.
start listen on 192.168.1.101:32839
@tracker All of 4 nodes getting started
@tracker All nodes finishes job
Trial 127 finished with value: 0.7239647486675806 and parameters: {'objective': 'binary:logistic', 'tree_method': 'gpu_hist', 'lambda': 3.311508646200931, 'alpha': 0.45307634898915145, 'colsample_bytree': 0.38418849133285565, 'subsample': 0.9478338233868884, 'learning_rate': 0.011132874318363508, 'max_depth': 3, 'min_child_weight': 263, 'eval_metric': 'logloss'}. Best is trial 52 with value: 0.7484127937006588.
start listen on 192.168.1.101:53977
@tracker All of 4 nodes getting started
@tracker All nodes finishes job
Trial 128 finished with value: 0.7477253660466212 and parameters: {'objective': 'binary:logistic', 'tree_method': 'gpu_hist', 'lambda': 6.382714328588168, 'alpha': 0.3540965510371926, 'colsample_bytree': 0.4105337608441022, 'subsample': 0.8951169312493581, 'learning_rate': 0.02862455375754651, 'max_depth': 17, 'min_child_weight': 274, 'eval_metric': 'logloss'}. Best is trial 52 with value: 0.7484127937006588.
start listen on 192.168.1.101:33859
@tracker All of 4 nodes getting started
@tracker All nodes finishes job
Trial 129 finished with value: 0.74669980382401 and parameters: {'objective': 'binary:logistic', 'tree_method': 'gpu_hist', 'lambda': 8.013486872269754, 'alpha': 0.18722234399428558, 'colsample_bytree': 0.46973419733759897, 'subsample': 0.8748564365228163, 'learning_rate': 0.026019597056703855, 'max_depth': 7, 'min_child_weight': 257, 'eval_metric': 'logloss'}. Best is trial 52 with value: 0.7484127937006588.
start listen on 192.168.1.101:48763
@tracker All of 4 nodes getting started
@tracker All nodes finishes job
Trial 130 finished with value: 0.7448382274676303 and parameters: {'objective': 'binary:logistic', 'tree_method': 'gpu_hist', 'lambda': 3.724414684269794, 'alpha': 0.7511921270006513, 'colsample_bytree': 0.44808229545998357, 'subsample': 0.9337939714272768, 'learning_rate': 0.009819392984549197, 'max_depth': 17, 'min_child_weight': 283, 'eval_metric': 'logloss'}. Best is trial 52 with value: 0.7484127937006588.
start listen on 192.168.1.101:58029
@tracker All of 4 nodes getting started
@tracker All nodes finishes job
Trial 131 finished with value: 0.7481026211329225 and parameters: {'objective': 'binary:logistic', 'tree_method': 'gpu_hist', 'lambda': 4.551809490725238, 'alpha': 0.3895268573629259, 'colsample_bytree': 0.43454378076049816, 'subsample': 0.8854401285583845, 'learning_rate': 0.020489605323147943, 'max_depth': 17, 'min_child_weight': 269, 'eval_metric': 'logloss'}. Best is trial 52 with value: 0.7484127937006588.
start listen on 192.168.1.101:47021
@tracker All of 4 nodes getting started
@tracker All nodes finishes job
Trial 132 finished with value: 0.748271711338818 and parameters: {'objective': 'binary:logistic', 'tree_method': 'gpu_hist', 'lambda': 5.531572434648238, 'alpha': 0.5761391550013278, 'colsample_bytree': 0.4227358962345336, 'subsample': 0.8505669972750434, 'learning_rate': 0.02392221640122072, 'max_depth': 17, 'min_child_weight': 288, 'eval_metric': 'logloss'}. Best is trial 52 with value: 0.7484127937006588.
start listen on 192.168.1.101:36111
@tracker All of 4 nodes getting started
@tracker All nodes finishes job
Trial 133 finished with value: 0.7478698380281538 and parameters: {'objective': 'binary:logistic', 'tree_method': 'gpu_hist', 'lambda': 5.8741133908590895, 'alpha': 0.8371633172317313, 'colsample_bytree': 0.4209843811528539, 'subsample': 0.8413649319826899, 'learning_rate': 0.01738508344926287, 'max_depth': 17, 'min_child_weight': 288, 'eval_metric': 'logloss'}. Best is trial 52 with value: 0.7484127937006588.
start listen on 192.168.1.101:41469
@tracker All of 4 nodes getting started
@tracker All nodes finishes job
Trial 134 finished with value: 0.7481588677041434 and parameters: {'objective': 'binary:logistic', 'tree_method': 'gpu_hist', 'lambda': 7.092696183740834, 'alpha': 0.6335491472951378, 'colsample_bytree': 0.3935296151036391, 'subsample': 0.816428161361795, 'learning_rate': 0.023042564583137096, 'max_depth': 17, 'min_child_weight': 290, 'eval_metric': 'logloss'}. Best is trial 52 with value: 0.7484127937006588.
start listen on 192.168.1.101:49939
@tracker All of 4 nodes getting started
@tracker All nodes finishes job
Trial 135 finished with value: 0.7439812595106563 and parameters: {'objective': 'binary:logistic', 'tree_method': 'gpu_hist', 'lambda': 7.791171350046382, 'alpha': 0.615297200557251, 'colsample_bytree': 0.3959272065963476, 'subsample': 0.8179234080104846, 'learning_rate': 0.0232422446034573, 'max_depth': 5, 'min_child_weight': 296, 'eval_metric': 'logloss'}. Best is trial 52 with value: 0.7484127937006588.
start listen on 192.168.1.101:48851
@tracker All of 4 nodes getting started
@tracker All nodes finishes job
Trial 136 finished with value: 0.7472497736476567 and parameters: {'objective': 'binary:logistic', 'tree_method': 'gpu_hist', 'lambda': 7.089649023478286, 'alpha': 1.3966636920869147, 'colsample_bytree': 0.34487277607313294, 'subsample': 0.8029361619840066, 'learning_rate': 0.031708335618475865, 'max_depth': 17, 'min_child_weight': 277, 'eval_metric': 'logloss'}. Best is trial 52 with value: 0.7484127937006588.
start listen on 192.168.1.101:60333
@tracker All of 4 nodes getting started
@tracker All nodes finishes job
Trial 137 finished with value: 0.7482615156684063 and parameters: {'objective': 'binary:logistic', 'tree_method': 'gpu_hist', 'lambda': 4.9459315261334735, 'alpha': 1.0199024117825413, 'colsample_bytree': 0.3694026983627709, 'subsample': 0.832620965145318, 'learning_rate': 0.025129393361522263, 'max_depth': 11, 'min_child_weight': 284, 'eval_metric': 'logloss'}. Best is trial 52 with value: 0.7484127937006588.
start listen on 192.168.1.101:58329
@tracker All of 4 nodes getting started
@tracker All nodes finishes job
Trial 138 finished with value: 0.7483127621338251 and parameters: {'objective': 'binary:logistic', 'tree_method': 'gpu_hist', 'lambda': 4.925057378878618, 'alpha': 2.494496155488852, 'colsample_bytree': 0.36989161766066636, 'subsample': 0.8245988625012787, 'learning_rate': 0.029174770103960215, 'max_depth': 11, 'min_child_weight': 284, 'eval_metric': 'logloss'}. Best is trial 52 with value: 0.7484127937006588.
start listen on 192.168.1.101:45107
@tracker All of 4 nodes getting started
@tracker All nodes finishes job
Trial 139 finished with value: 0.7476719561981097 and parameters: {'objective': 'binary:logistic', 'tree_method': 'gpu_hist', 'lambda': 4.856036445785085, 'alpha': 2.4544041245061923, 'colsample_bytree': 0.3641884646084552, 'subsample': 0.8282344568000701, 'learning_rate': 0.0390648643005832, 'max_depth': 11, 'min_child_weight': 266, 'eval_metric': 'logloss'}. Best is trial 52 with value: 0.7484127937006588.
start listen on 192.168.1.101:41369
@tracker All of 4 nodes getting started
@tracker All nodes finishes job
Trial 140 finished with value: 0.7478456186397803 and parameters: {'objective': 'binary:logistic', 'tree_method': 'gpu_hist', 'lambda': 8.251945011701965, 'alpha': 0.6453433630532032, 'colsample_bytree': 0.38252890429974185, 'subsample': 0.7623279946316994, 'learning_rate': 0.029359975987479515, 'max_depth': 11, 'min_child_weight': 283, 'eval_metric': 'logloss'}. Best is trial 52 with value: 0.7484127937006588.
start listen on 192.168.1.101:44587
@tracker All of 4 nodes getting started
@tracker All nodes finishes job
Trial 141 finished with value: 0.7482731051115378 and parameters: {'objective': 'binary:logistic', 'tree_method': 'gpu_hist', 'lambda': 5.185110646399712, 'alpha': 8.482639869097438, 'colsample_bytree': 0.33185669757370867, 'subsample': 0.8529551798083533, 'learning_rate': 0.026516105740946504, 'max_depth': 11, 'min_child_weight': 292, 'eval_metric': 'logloss'}. Best is trial 52 with value: 0.7484127937006588.
start listen on 192.168.1.101:41925
@tracker All of 4 nodes getting started
@tracker All nodes finishes job
Trial 142 finished with value: 0.7467029203292628 and parameters: {'objective': 'binary:logistic', 'tree_method': 'gpu_hist', 'lambda': 4.143630950730497, 'alpha': 7.224828373282706, 'colsample_bytree': 0.3353935071236244, 'subsample': 0.8510930427437974, 'learning_rate': 0.02702335860487352, 'max_depth': 11, 'min_child_weight': 38, 'eval_metric': 'logloss'}. Best is trial 52 with value: 0.7484127937006588.
start listen on 192.168.1.101:55529
@tracker All of 4 nodes getting started
@tracker All nodes finishes job
Trial 143 finished with value: 0.7476289862393302 and parameters: {'objective': 'binary:logistic', 'tree_method': 'gpu_hist', 'lambda': 6.735449888285453, 'alpha': 4.015246987506945, 'colsample_bytree': 0.3172465461124778, 'subsample': 0.8172886510792041, 'learning_rate': 0.03430296164224782, 'max_depth': 11, 'min_child_weight': 276, 'eval_metric': 'logloss'}. Best is trial 52 with value: 0.7484127937006588.
start listen on 192.168.1.101:55269
@tracker All of 4 nodes getting started
@tracker All nodes finishes job
Trial 144 finished with value: 0.7474955085726193 and parameters: {'objective': 'binary:logistic', 'tree_method': 'gpu_hist', 'lambda': 9.657628425368367, 'alpha': 5.802141704729042, 'colsample_bytree': 0.3061370083481402, 'subsample': 0.8315898442847929, 'learning_rate': 0.02117970168411465, 'max_depth': 11, 'min_child_weight': 286, 'eval_metric': 'logloss'}. Best is trial 52 with value: 0.7484127937006588.
start listen on 192.168.1.101:44437
@tracker All of 4 nodes getting started
@tracker All nodes finishes job
Trial 145 finished with value: 0.748058603448253 and parameters: {'objective': 'binary:logistic', 'tree_method': 'gpu_hist', 'lambda': 4.98786441141115, 'alpha': 2.572317723212386, 'colsample_bytree': 0.32634029904261413, 'subsample': 0.7420289478986096, 'learning_rate': 0.025330191813980052, 'max_depth': 11, 'min_child_weight': 293, 'eval_metric': 'logloss'}. Best is trial 52 with value: 0.7484127937006588.
start listen on 192.168.1.101:50493
@tracker All of 4 nodes getting started
@tracker All nodes finishes job
Trial 146 finished with value: 0.7472043752486381 and parameters: {'objective': 'binary:logistic', 'tree_method': 'gpu_hist', 'lambda': 2.4071811804775107, 'alpha': 1.8140004568801231, 'colsample_bytree': 0.36214850509370156, 'subsample': 0.8049713043909504, 'learning_rate': 0.04286112735932797, 'max_depth': 11, 'min_child_weight': 274, 'eval_metric': 'logloss'}. Best is trial 52 with value: 0.7484127937006588.
start listen on 192.168.1.101:39403
@tracker All of 4 nodes getting started
@tracker All nodes finishes job
Trial 147 finished with value: 0.7476793607111913 and parameters: {'objective': 'binary:logistic', 'tree_method': 'gpu_hist', 'lambda': 4.017158079087664, 'alpha': 9.682444509311788, 'colsample_bytree': 0.3530322755317225, 'subsample': 0.7851544867666767, 'learning_rate': 0.03030528504012107, 'max_depth': 11, 'min_child_weight': 259, 'eval_metric': 'logloss'}. Best is trial 52 with value: 0.7484127937006588.
start listen on 192.168.1.101:47621
@tracker All of 4 nodes getting started
@tracker All nodes finishes job
Trial 148 finished with value: 0.7482393104642915 and parameters: {'objective': 'binary:logistic', 'tree_method': 'gpu_hist', 'lambda': 2.909653210678623, 'alpha': 1.0223087530691461, 'colsample_bytree': 0.3001553668361244, 'subsample': 0.8404305647106631, 'learning_rate': 0.022714682667222822, 'max_depth': 11, 'min_child_weight': 282, 'eval_metric': 'logloss'}. Best is trial 52 with value: 0.7484127937006588.
start listen on 192.168.1.101:35841
@tracker All of 4 nodes getting started
@tracker All nodes finishes job
Trial 149 finished with value: 0.7479001083044338 and parameters: {'objective': 'binary:logistic', 'tree_method': 'gpu_hist', 'lambda': 2.931950260013243, 'alpha': 3.147674938058515, 'colsample_bytree': 0.3167473307010931, 'subsample': 0.8418332048398853, 'learning_rate': 0.022710666128050686, 'max_depth': 11, 'min_child_weight': 281, 'eval_metric': 'logloss'}. Best is trial 52 with value: 0.7484127937006588.
start listen on 192.168.1.101:38631
@tracker All of 4 nodes getting started
@tracker All nodes finishes job
Trial 150 finished with value: 0.7477701447286952 and parameters: {'objective': 'binary:logistic', 'tree_method': 'gpu_hist', 'lambda': 6.99104610785469, 'alpha': 1.2721595563052988, 'colsample_bytree': 0.34753669725267866, 'subsample': 0.7183355246371755, 'learning_rate': 0.026162254186589587, 'max_depth': 11, 'min_child_weight': 292, 'eval_metric': 'logloss'}. Best is trial 52 with value: 0.7484127937006588.
start listen on 192.168.1.101:57571
@tracker All of 4 nodes getting started
@tracker All nodes finishes job
Trial 151 finished with value: 0.7478255839036189 and parameters: {'objective': 'binary:logistic', 'tree_method': 'gpu_hist', 'lambda': 5.275699427556881, 'alpha': 1.016310570633641, 'colsample_bytree': 0.32725325727759486, 'subsample': 0.8558689128717972, 'learning_rate': 0.021249654744812555, 'max_depth': 11, 'min_child_weight': 285, 'eval_metric': 'logloss'}. Best is trial 52 with value: 0.7484127937006588.
start listen on 192.168.1.101:54845
@tracker All of 4 nodes getting started
@tracker All nodes finishes job
Trial 152 finished with value: 0.7482769677498794 and parameters: {'objective': 'binary:logistic', 'tree_method': 'gpu_hist', 'lambda': 8.31985811568095, 'alpha': 0.8300278293551815, 'colsample_bytree': 0.3035251335515373, 'subsample': 0.8256085573777472, 'learning_rate': 0.024166574054951928, 'max_depth': 11, 'min_child_weight': 269, 'eval_metric': 'logloss'}. Best is trial 52 with value: 0.7484127937006588.
start listen on 192.168.1.101:41875
@tracker All of 4 nodes getting started
@tracker All nodes finishes job
Trial 153 finished with value: 0.7481130410183416 and parameters: {'objective': 'binary:logistic', 'tree_method': 'gpu_hist', 'lambda': 9.99642104380746, 'alpha': 1.530229809443982, 'colsample_bytree': 0.30464511729646027, 'subsample': 0.8256812118540059, 'learning_rate': 0.023827452566045054, 'max_depth': 11, 'min_child_weight': 271, 'eval_metric': 'logloss'}. Best is trial 52 with value: 0.7484127937006588.
start listen on 192.168.1.101:50041
@tracker All of 4 nodes getting started
@tracker All nodes finishes job
Trial 154 finished with value: 0.7481918959361504 and parameters: {'objective': 'binary:logistic', 'tree_method': 'gpu_hist', 'lambda': 7.982125468839227, 'alpha': 0.8751417872286233, 'colsample_bytree': 0.3001464569111865, 'subsample': 0.8115047813717213, 'learning_rate': 0.02736528778582628, 'max_depth': 11, 'min_child_weight': 263, 'eval_metric': 'logloss'}. Best is trial 52 with value: 0.7484127937006588.
start listen on 192.168.1.101:54237
@tracker All of 4 nodes getting started
@tracker All nodes finishes job
Trial 155 finished with value: 0.7482522465866563 and parameters: {'objective': 'binary:logistic', 'tree_method': 'gpu_hist', 'lambda': 8.616879488020011, 'alpha': 1.0402415648456043, 'colsample_bytree': 0.30034559080763507, 'subsample': 0.8449534872825852, 'learning_rate': 0.02849082151062601, 'max_depth': 11, 'min_child_weight': 252, 'eval_metric': 'logloss'}. Best is trial 52 with value: 0.7484127937006588.
start listen on 192.168.1.101:38129
@tracker All of 4 nodes getting started
@tracker All nodes finishes job
Trial 156 finished with value: 0.7479474739331432 and parameters: {'objective': 'binary:logistic', 'tree_method': 'gpu_hist', 'lambda': 8.30997096660888, 'alpha': 1.145386911732287, 'colsample_bytree': 0.3072836973066762, 'subsample': 0.8357937411817775, 'learning_rate': 0.029700379106494357, 'max_depth': 11, 'min_child_weight': 245, 'eval_metric': 'logloss'}. Best is trial 52 with value: 0.7484127937006588.
start listen on 192.168.1.101:49141
@tracker All of 4 nodes getting started
@tracker All nodes finishes job
Trial 157 finished with value: 0.7476964384209281 and parameters: {'objective': 'binary:logistic', 'tree_method': 'gpu_hist', 'lambda': 5.990886732032859, 'alpha': 0.8704544061644005, 'colsample_bytree': 0.3314004676832685, 'subsample': 0.8488987334518426, 'learning_rate': 0.03282131998672769, 'max_depth': 11, 'min_child_weight': 263, 'eval_metric': 'logloss'}. Best is trial 52 with value: 0.7484127937006588.
start listen on 192.168.1.101:43767
@tracker All of 4 nodes getting started
@tracker All nodes finishes job
Trial 158 finished with value: 0.7480673945102752 and parameters: {'objective': 'binary:logistic', 'tree_method': 'gpu_hist', 'lambda': 3.75133428105102, 'alpha': 1.0298915369267803, 'colsample_bytree': 0.3166349331044893, 'subsample': 0.8629241076147921, 'learning_rate': 0.02731003674560966, 'max_depth': 11, 'min_child_weight': 254, 'eval_metric': 'logloss'}. Best is trial 52 with value: 0.7484127937006588.
start listen on 192.168.1.101:60697
@tracker All of 4 nodes getting started
@tracker All nodes finishes job
Trial 159 finished with value: 0.7481628852369913 and parameters: {'objective': 'binary:logistic', 'tree_method': 'gpu_hist', 'lambda': 3.060095996182555, 'alpha': 2.101421695901204, 'colsample_bytree': 0.3036377257334728, 'subsample': 0.8079511252762306, 'learning_rate': 0.025366067784513155, 'max_depth': 11, 'min_child_weight': 250, 'eval_metric': 'logloss'}. Best is trial 52 with value: 0.7484127937006588.
start listen on 192.168.1.101:54889
@tracker All of 4 nodes getting started
@tracker All nodes finishes job
Trial 160 finished with value: 0.7477571010831483 and parameters: {'objective': 'binary:logistic', 'tree_method': 'gpu_hist', 'lambda': 1.8004493457403985, 'alpha': 0.738870037157854, 'colsample_bytree': 0.3369193159071165, 'subsample': 0.8366384173125062, 'learning_rate': 0.0366690016751006, 'max_depth': 11, 'min_child_weight': 268, 'eval_metric': 'logloss'}. Best is trial 52 with value: 0.7484127937006588.
start listen on 192.168.1.101:43247
@tracker All of 4 nodes getting started
@tracker All nodes finishes job
Trial 161 finished with value: 0.7482138201074523 and parameters: {'objective': 'binary:logistic', 'tree_method': 'gpu_hist', 'lambda': 8.3422669918052, 'alpha': 0.5295418291044744, 'colsample_bytree': 0.3017089319246919, 'subsample': 0.8565381362888793, 'learning_rate': 0.027810298267574793, 'max_depth': 11, 'min_child_weight': 278, 'eval_metric': 'logloss'}. Best is trial 52 with value: 0.7484127937006588.
start listen on 192.168.1.101:47525
@tracker All of 4 nodes getting started
@tracker All nodes finishes job
Trial 162 finished with value: 0.7482337455144867 and parameters: {'objective': 'binary:logistic', 'tree_method': 'gpu_hist', 'lambda': 8.270506125032838, 'alpha': 0.5104962677024687, 'colsample_bytree': 0.300406462372889, 'subsample': 0.8495736637195869, 'learning_rate': 0.027591666982540838, 'max_depth': 11, 'min_child_weight': 261, 'eval_metric': 'logloss'}. Best is trial 52 with value: 0.7484127937006588.
start listen on 192.168.1.101:55497
@tracker All of 4 nodes getting started
@tracker All nodes finishes job
Trial 163 finished with value: 0.748290496500015 and parameters: {'objective': 'binary:logistic', 'tree_method': 'gpu_hist', 'lambda': 5.690572237283946, 'alpha': 0.559191587154148, 'colsample_bytree': 0.3205778420865534, 'subsample': 0.8730316317993024, 'learning_rate': 0.030001003342968305, 'max_depth': 11, 'min_child_weight': 277, 'eval_metric': 'logloss'}. Best is trial 52 with value: 0.7484127937006588.
start listen on 192.168.1.101:60361
@tracker All of 4 nodes getting started
@tracker All nodes finishes job
Trial 164 finished with value: 0.7480832697385342 and parameters: {'objective': 'binary:logistic', 'tree_method': 'gpu_hist', 'lambda': 4.997023823928458, 'alpha': 0.47550157827694645, 'colsample_bytree': 0.32288603771510704, 'subsample': 0.8724334631378052, 'learning_rate': 0.030385612144664384, 'max_depth': 11, 'min_child_weight': 258, 'eval_metric': 'logloss'}. Best is trial 52 with value: 0.7484127937006588.
start listen on 192.168.1.101:54713
@tracker All of 4 nodes getting started
@tracker All nodes finishes job
Trial 165 finished with value: 0.7246431402067628 and parameters: {'objective': 'binary:logistic', 'tree_method': 'gpu_hist', 'lambda': 6.001463046817194, 'alpha': 1.6727793799134172, 'colsample_bytree': 0.33751192299297333, 'subsample': 0.852586490007608, 'learning_rate': 0.0014391867333047104, 'max_depth': 11, 'min_child_weight': 275, 'eval_metric': 'logloss'}. Best is trial 52 with value: 0.7484127937006588.
start listen on 192.168.1.101:56765
@tracker All of 4 nodes getting started
@tracker All nodes finishes job
Trial 166 finished with value: 0.7478936260735296 and parameters: {'objective': 'binary:logistic', 'tree_method': 'gpu_hist', 'lambda': 4.455410191588069, 'alpha': 0.7503337723625247, 'colsample_bytree': 0.31785126613136727, 'subsample': 0.8588319250893087, 'learning_rate': 0.03399479412075385, 'max_depth': 11, 'min_child_weight': 269, 'eval_metric': 'logloss'}. Best is trial 52 with value: 0.7484127937006588.
start listen on 192.168.1.101:50823
@tracker All of 4 nodes getting started
@tracker All nodes finishes job
