Trial 185 finished with value: 0.7426283292073961 and parameters: {'objective': 'binary:logistic', 'tree_method': 'gpu_hist', 'lambda': 0.05966477141373188, 'alpha': 0.0011560226902759471, 'colsample_bytree': 0.5101718359902933, 'subsample': 0.7428468387539187, 'learning_rate': 0.02002081985949166, 'max_depth': 5, 'min_child_weight': 244, 'eval_metric': 'logloss'}. Best is trial 170 with value: 0.7483020055091384.
start listen on 10.110.42.38:9091
@tracker All of 4 nodes getting started
@tracker All nodes finishes job
@tracker 54.99171447753906 secs between node start and job finish
Trial 186 finished with value: 0.7481476265305432 and parameters: {'objective': 'binary:logistic', 'tree_method': 'gpu_hist', 'lambda': 0.049272737679853545, 'alpha': 0.0013796053422912798, 'colsample_bytree': 0.5643655900103715, 'subsample': 0.6954514597889214, 'learning_rate': 0.01960918010888157, 'max_depth': 20, 'min_child_weight': 252, 'eval_metric': 'logloss'}. Best is trial 170 with value: 0.7483020055091384.
start listen on 10.110.42.38:9091
@tracker All of 4 nodes getting started
@tracker All nodes finishes job
@tracker 55.89628839492798 secs between node start and job finish
Trial 187 finished with value: 0.7480858636311116 and parameters: {'objective': 'binary:logistic', 'tree_method': 'gpu_hist', 'lambda': 0.11194709894983246, 'alpha': 0.001010811031730502, 'colsample_bytree': 0.5640612959644935, 'subsample': 0.7227142651335159, 'learning_rate': 0.022958117560704462, 'max_depth': 20, 'min_child_weight': 252, 'eval_metric': 'logloss'}. Best is trial 170 with value: 0.7483020055091384.
start listen on 10.110.42.38:9091
@tracker All of 4 nodes getting started
@tracker All nodes finishes job
@tracker 56.59995102882385 secs between node start and job finish
Trial 188 finished with value: 0.747688805247436 and parameters: {'objective': 'binary:logistic', 'tree_method': 'gpu_hist', 'lambda': 0.05201330518892187, 'alpha': 0.0013357106978574061, 'colsample_bytree': 0.521359071478814, 'subsample': 0.6856464262463599, 'learning_rate': 0.01943454557537576, 'max_depth': 20, 'min_child_weight': 231, 'eval_metric': 'logloss'}. Best is trial 170 with value: 0.7483020055091384.
start listen on 10.110.42.38:9091
@tracker All of 4 nodes getting started
@tracker All nodes finishes job
@tracker 53.11259436607361 secs between node start and job finish
Trial 189 finished with value: 0.7481850155638514 and parameters: {'objective': 'binary:logistic', 'tree_method': 'gpu_hist', 'lambda': 0.09679160864731486, 'alpha': 0.0015043183644486923, 'colsample_bytree': 0.5516767576253736, 'subsample': 0.6683545085530518, 'learning_rate': 0.020295241855612545, 'max_depth': 20, 'min_child_weight': 259, 'eval_metric': 'logloss'}. Best is trial 170 with value: 0.7483020055091384.
start listen on 10.110.42.38:9091
@tracker All of 4 nodes getting started
@tracker All nodes finishes job
@tracker 26.712045907974243 secs between node start and job finish
Trial 190 finished with value: 0.7477873023167648 and parameters: {'objective': 'binary:logistic', 'tree_method': 'gpu_hist', 'lambda': 0.08725877686569454, 'alpha': 0.0014614887563137453, 'colsample_bytree': 0.5650721282226963, 'subsample': 0.6744289394288832, 'learning_rate': 0.021354635494746848, 'max_depth': 11, 'min_child_weight': 270, 'eval_metric': 'logloss'}. Best is trial 170 with value: 0.7483020055091384.
start listen on 10.110.42.38:9091
@tracker All of 4 nodes getting started
@tracker All nodes finishes job
@tracker 64.38220119476318 secs between node start and job finish
Trial 191 finished with value: 0.7290062295011378 and parameters: {'objective': 'binary:logistic', 'tree_method': 'gpu_hist', 'lambda': 0.0882886467964227, 'alpha': 0.0017946563357179902, 'colsample_bytree': 0.5513190881882892, 'subsample': 0.6881384541846968, 'learning_rate': 0.0036902888583736754, 'max_depth': 20, 'min_child_weight': 262, 'eval_metric': 'logloss'}. Best is trial 170 with value: 0.7483020055091384.
start listen on 10.110.42.38:9091
@tracker All of 4 nodes getting started
@tracker All nodes finishes job
@tracker 52.52903389930725 secs between node start and job finish
Trial 192 finished with value: 0.7484153763408101 and parameters: {'objective': 'binary:logistic', 'tree_method': 'gpu_hist', 'lambda': 0.10266298932147531, 'alpha': 0.0012262105085724805, 'colsample_bytree': 0.5431780114548579, 'subsample': 0.673031447889687, 'learning_rate': 0.01947250318816214, 'max_depth': 20, 'min_child_weight': 257, 'eval_metric': 'logloss'}. Best is trial 192 with value: 0.7484153763408101.
start listen on 10.110.42.38:9091
@tracker All of 4 nodes getting started
@tracker All nodes finishes job
@tracker 53.50167894363403 secs between node start and job finish
Trial 193 finished with value: 0.7481552724845686 and parameters: {'objective': 'binary:logistic', 'tree_method': 'gpu_hist', 'lambda': 0.10758922587371132, 'alpha': 0.00118607070972324, 'colsample_bytree': 0.5006292308013178, 'subsample': 0.6698396347063906, 'learning_rate': 0.01951492827094949, 'max_depth': 20, 'min_child_weight': 250, 'eval_metric': 'logloss'}. Best is trial 192 with value: 0.7484153763408101.
start listen on 10.110.42.38:9091
@tracker All of 4 nodes getting started
@tracker All nodes finishes job
@tracker 52.882949352264404 secs between node start and job finish
Trial 194 finished with value: 0.7481050148434516 and parameters: {'objective': 'binary:logistic', 'tree_method': 'gpu_hist', 'lambda': 0.16201476110649182, 'alpha': 0.0010194365485763411, 'colsample_bytree': 0.529023582071418, 'subsample': 0.6699338424389146, 'learning_rate': 0.019168267310993373, 'max_depth': 20, 'min_child_weight': 254, 'eval_metric': 'logloss'}. Best is trial 192 with value: 0.7484153763408101.
start listen on 10.110.42.38:9091
@tracker All of 4 nodes getting started
@tracker All nodes finishes job
@tracker 49.91083765029907 secs between node start and job finish
Trial 195 finished with value: 0.7475918435091251 and parameters: {'objective': 'binary:logistic', 'tree_method': 'gpu_hist', 'lambda': 0.10577206697475958, 'alpha': 0.0014916370089973845, 'colsample_bytree': 0.5495342665150402, 'subsample': 0.6690487228278382, 'learning_rate': 0.02204235467266024, 'max_depth': 20, 'min_child_weight': 279, 'eval_metric': 'logloss'}. Best is trial 192 with value: 0.7484153763408101.
start listen on 10.110.42.38:9091
@tracker All of 4 nodes getting started
@tracker All nodes finishes job
@tracker 53.3178071975708 secs between node start and job finish
Trial 196 finished with value: 0.7471532585334156 and parameters: {'objective': 'binary:logistic', 'tree_method': 'gpu_hist', 'lambda': 0.15169157377569883, 'alpha': 0.0011847958814711333, 'colsample_bytree': 0.6058878541307073, 'subsample': 0.6924997686878978, 'learning_rate': 0.024214291041992794, 'max_depth': 20, 'min_child_weight': 262, 'eval_metric': 'logloss'}. Best is trial 192 with value: 0.7484153763408101.
start listen on 10.110.42.38:9091
@tracker All of 4 nodes getting started
@tracker All nodes finishes job
@tracker 56.079262256622314 secs between node start and job finish
Trial 197 finished with value: 0.7479694456146884 and parameters: {'objective': 'binary:logistic', 'tree_method': 'gpu_hist', 'lambda': 0.09261292839782427, 'alpha': 0.001636861398739583, 'colsample_bytree': 0.5668369573214455, 'subsample': 0.7148177005375216, 'learning_rate': 0.016572607461402232, 'max_depth': 20, 'min_child_weight': 257, 'eval_metric': 'logloss'}. Best is trial 192 with value: 0.7484153763408101.
start listen on 10.110.42.38:9091
@tracker All of 4 nodes getting started
@tracker All nodes finishes job
@tracker 5.2405595779418945 secs between node start and job finish
Trial 198 finished with value: 0.7340783174891613 and parameters: {'objective': 'binary:logistic', 'tree_method': 'gpu_hist', 'lambda': 0.12468196402790015, 'alpha': 0.00125349051234553, 'colsample_bytree': 0.5113212663632987, 'subsample': 0.6827604788133983, 'learning_rate': 0.01824343776765834, 'max_depth': 3, 'min_child_weight': 250, 'eval_metric': 'logloss'}. Best is trial 192 with value: 0.7484153763408101.
start listen on 10.110.42.38:9091
@tracker All of 4 nodes getting started
@tracker All nodes finishes job
@tracker 55.048359394073486 secs between node start and job finish
Trial 199 finished with value: 0.7477624484860499 and parameters: {'objective': 'binary:logistic', 'tree_method': 'gpu_hist', 'lambda': 0.13317960068081192, 'alpha': 0.0014587894825740127, 'colsample_bytree': 0.5278404214930799, 'subsample': 0.7250937561738648, 'learning_rate': 0.014804106963194657, 'max_depth': 20, 'min_child_weight': 267, 'eval_metric': 'logloss'}. Best is trial 192 with value: 0.7484153763408101.
start listen on 10.110.42.38:9091
@tracker All of 4 nodes getting started
@tracker All nodes finishes job
@tracker 54.8363311290741 secs between node start and job finish
Trial 200 finished with value: 0.7479503328828668 and parameters: {'objective': 'binary:logistic', 'tree_method': 'gpu_hist', 'lambda': 0.04894293854631842, 'alpha': 0.0023967732685409564, 'colsample_bytree': 0.586645259937694, 'subsample': 0.6687936764047829, 'learning_rate': 0.019601367575245672, 'max_depth': 20, 'min_child_weight': 247, 'eval_metric': 'logloss'}. Best is trial 192 with value: 0.7484153763408101.
start listen on 10.110.42.38:9091
@tracker All of 4 nodes getting started
@tracker All nodes finishes job
@tracker 56.68792247772217 secs between node start and job finish
Trial 201 finished with value: 0.7478988637305477 and parameters: {'objective': 'binary:logistic', 'tree_method': 'gpu_hist', 'lambda': 0.06431487082602576, 'alpha': 0.0011979445860239501, 'colsample_bytree': 0.4950038742180006, 'subsample': 0.7065559901508324, 'learning_rate': 0.02073936378876805, 'max_depth': 20, 'min_child_weight': 238, 'eval_metric': 'logloss'}. Best is trial 192 with value: 0.7484153763408101.
start listen on 10.110.42.38:9091
@tracker All of 4 nodes getting started
@tracker All nodes finishes job
@tracker 55.78278970718384 secs between node start and job finish
Trial 202 finished with value: 0.7480914299701047 and parameters: {'objective': 'binary:logistic', 'tree_method': 'gpu_hist', 'lambda': 0.06488426727022545, 'alpha': 0.001325044477720189, 'colsample_bytree': 0.5022553670656736, 'subsample': 0.6943696041692912, 'learning_rate': 0.017044882023086082, 'max_depth': 20, 'min_child_weight': 245, 'eval_metric': 'logloss'}. Best is trial 192 with value: 0.7484153763408101.
start listen on 10.110.42.38:9091
@tracker All of 4 nodes getting started
@tracker All nodes finishes job
@tracker 53.02775502204895 secs between node start and job finish
Trial 203 finished with value: 0.7480024421732 and parameters: {'objective': 'binary:logistic', 'tree_method': 'gpu_hist', 'lambda': 0.04004663316753425, 'alpha': 0.0016403560791057308, 'colsample_bytree': 0.4799968249926108, 'subsample': 0.684629881550473, 'learning_rate': 0.019401022565064995, 'max_depth': 20, 'min_child_weight': 259, 'eval_metric': 'logloss'}. Best is trial 192 with value: 0.7484153763408101.
start listen on 10.110.42.38:9091
@tracker All of 4 nodes getting started
@tracker All nodes finishes job
@tracker 60.08196949958801 secs between node start and job finish
Trial 204 finished with value: 0.7475800104023483 and parameters: {'objective': 'binary:logistic', 'tree_method': 'gpu_hist', 'lambda': 0.1039806520296429, 'alpha': 0.0010839167380203853, 'colsample_bytree': 0.5408918316765569, 'subsample': 0.7078381056114466, 'learning_rate': 0.021983081432892883, 'max_depth': 20, 'min_child_weight': 215, 'eval_metric': 'logloss'}. Best is trial 192 with value: 0.7484153763408101.
start listen on 10.110.42.38:9091
@tracker All of 4 nodes getting started
@tracker All nodes finishes job
@tracker 52.95441150665283 secs between node start and job finish
Trial 205 finished with value: 0.74807687613785 and parameters: {'objective': 'binary:logistic', 'tree_method': 'gpu_hist', 'lambda': 0.05871681058367696, 'alpha': 0.0020037170512509123, 'colsample_bytree': 0.5152851687783715, 'subsample': 0.6623917418905255, 'learning_rate': 0.017841670140306656, 'max_depth': 20, 'min_child_weight': 253, 'eval_metric': 'logloss'}. Best is trial 192 with value: 0.7484153763408101.
start listen on 10.110.42.38:9091
@tracker All of 4 nodes getting started
@tracker All nodes finishes job
@tracker 55.706401348114014 secs between node start and job finish
Trial 206 finished with value: 0.7470816740720081 and parameters: {'objective': 'binary:logistic', 'tree_method': 'gpu_hist', 'lambda': 0.04381091102553009, 'alpha': 0.001406555289107824, 'colsample_bytree': 0.5518062491610879, 'subsample': 0.6759984723794894, 'learning_rate': 0.02607219613761499, 'max_depth': 20, 'min_child_weight': 238, 'eval_metric': 'logloss'}. Best is trial 192 with value: 0.7484153763408101.
start listen on 10.110.42.38:9091
@tracker All of 4 nodes getting started
@tracker All nodes finishes job
@tracker 59.69270920753479 secs between node start and job finish
Trial 207 finished with value: 0.7480495674723164 and parameters: {'objective': 'binary:logistic', 'tree_method': 'gpu_hist', 'lambda': 0.079120847224061, 'alpha': 0.0019094258560942285, 'colsample_bytree': 0.5731324831599622, 'subsample': 0.6957652473832819, 'learning_rate': 0.015877110631736326, 'max_depth': 20, 'min_child_weight': 231, 'eval_metric': 'logloss'}. Best is trial 192 with value: 0.7484153763408101.
start listen on 10.110.42.38:9091
@tracker All of 4 nodes getting started
@tracker All nodes finishes job
@tracker 57.62015724182129 secs between node start and job finish
Trial 208 finished with value: 0.7481183264634406 and parameters: {'objective': 'binary:logistic', 'tree_method': 'gpu_hist', 'lambda': 0.09725257208732704, 'alpha': 0.001256853779525443, 'colsample_bytree': 0.49492875453066376, 'subsample': 0.6519677669488791, 'learning_rate': 0.01966664848015868, 'max_depth': 20, 'min_child_weight': 217, 'eval_metric': 'logloss'}. Best is trial 192 with value: 0.7484153763408101.
start listen on 10.110.42.38:9091
@tracker All of 4 nodes getting started
@tracker All nodes finishes job
@tracker 58.085413694381714 secs between node start and job finish
Trial 209 finished with value: 0.7481274123112408 and parameters: {'objective': 'binary:logistic', 'tree_method': 'gpu_hist', 'lambda': 0.0995807677276972, 'alpha': 0.003454081411189079, 'colsample_bytree': 0.5281739047637032, 'subsample': 0.6552638483295894, 'learning_rate': 0.0180590541097808, 'max_depth': 20, 'min_child_weight': 216, 'eval_metric': 'logloss'}. Best is trial 192 with value: 0.7484153763408101.
start listen on 10.110.42.38:9091
@tracker All of 4 nodes getting started
@tracker All nodes finishes job
@tracker 30.267704486846924 secs between node start and job finish
Trial 210 finished with value: 0.7476051401258792 and parameters: {'objective': 'binary:logistic', 'tree_method': 'gpu_hist', 'lambda': 0.10039990390025959, 'alpha': 0.0031134291316286685, 'colsample_bytree': 0.5219481866367917, 'subsample': 0.6539588281609899, 'learning_rate': 0.02309886567506278, 'max_depth': 13, 'min_child_weight': 292, 'eval_metric': 'logloss'}. Best is trial 192 with value: 0.7484153763408101.
start listen on 10.110.42.38:9091
@tracker All of 4 nodes getting started
@tracker All nodes finishes job
@tracker 57.3713116645813 secs between node start and job finish
Trial 211 finished with value: 0.7482352056904122 and parameters: {'objective': 'binary:logistic', 'tree_method': 'gpu_hist', 'lambda': 0.09183012528052709, 'alpha': 0.002514138047122278, 'colsample_bytree': 0.5369438528547908, 'subsample': 0.6496085546841879, 'learning_rate': 0.017566138929840564, 'max_depth': 20, 'min_child_weight': 220, 'eval_metric': 'logloss'}. Best is trial 192 with value: 0.7484153763408101.
start listen on 10.110.42.38:9091
@tracker All of 4 nodes getting started
@tracker All nodes finishes job
@tracker 59.2762496471405 secs between node start and job finish
Trial 212 finished with value: 0.7477913231836648 and parameters: {'objective': 'binary:logistic', 'tree_method': 'gpu_hist', 'lambda': 0.10292174063271449, 'alpha': 0.0015950125804554088, 'colsample_bytree': 0.558537933328238, 'subsample': 0.6553303397191977, 'learning_rate': 0.018335440023082558, 'max_depth': 20, 'min_child_weight': 215, 'eval_metric': 'logloss'}. Best is trial 192 with value: 0.7484153763408101.
start listen on 10.110.42.38:9091
@tracker All of 4 nodes getting started
@tracker All nodes finishes job
@tracker 41.61257028579712 secs between node start and job finish
Trial 213 finished with value: 0.7479060445842973 and parameters: {'objective': 'binary:logistic', 'tree_method': 'gpu_hist', 'lambda': 0.1349171007322369, 'alpha': 0.0035752018374392565, 'colsample_bytree': 0.5422780364630024, 'subsample': 0.6697488558577649, 'learning_rate': 0.020475812596918733, 'max_depth': 15, 'min_child_weight': 216, 'eval_metric': 'logloss'}. Best is trial 192 with value: 0.7484153763408101.
start listen on 10.110.42.38:9091
@tracker All of 4 nodes getting started
@tracker All nodes finishes job
@tracker 57.76480031013489 secs between node start and job finish
Trial 214 finished with value: 0.747802659794508 and parameters: {'objective': 'binary:logistic', 'tree_method': 'gpu_hist', 'lambda': 0.08056779211365217, 'alpha': 0.002489063860161509, 'colsample_bytree': 0.47208101750692105, 'subsample': 0.6381716487802892, 'learning_rate': 0.01571786941468951, 'max_depth': 20, 'min_child_weight': 220, 'eval_metric': 'logloss'}. Best is trial 192 with value: 0.7484153763408101.
start listen on 10.110.42.38:9091
@tracker All of 4 nodes getting started
@tracker All nodes finishes job
@tracker 57.30419182777405 secs between node start and job finish
Trial 215 finished with value: 0.7479370208461215 and parameters: {'objective': 'binary:logistic', 'tree_method': 'gpu_hist', 'lambda': 0.11536447610605698, 'alpha': 0.0016699543953904883, 'colsample_bytree': 0.5293927521502686, 'subsample': 0.6480773742657453, 'learning_rate': 0.017841828867476997, 'max_depth': 20, 'min_child_weight': 219, 'eval_metric': 'logloss'}. Best is trial 192 with value: 0.7484153763408101.
start listen on 10.110.42.38:9091
@tracker All of 4 nodes getting started
@tracker All nodes finishes job
@tracker 62.17735004425049 secs between node start and job finish
Trial 216 finished with value: 0.7477635780351366 and parameters: {'objective': 'binary:logistic', 'tree_method': 'gpu_hist', 'lambda': 0.08861393021456926, 'alpha': 0.0010058936444160445, 'colsample_bytree': 0.5649477187553791, 'subsample': 0.6622887984169419, 'learning_rate': 0.014367164329591335, 'max_depth': 20, 'min_child_weight': 212, 'eval_metric': 'logloss'}. Best is trial 192 with value: 0.7484153763408101.
start listen on 10.110.42.38:9091
@tracker All of 4 nodes getting started
@tracker All nodes finishes job
@tracker 55.05513548851013 secs between node start and job finish
Trial 217 finished with value: 0.748074002740567 and parameters: {'objective': 'binary:logistic', 'tree_method': 'gpu_hist', 'lambda': 0.19871037404773628, 'alpha': 1.5716985765331173, 'colsample_bytree': 0.5126818767536871, 'subsample': 0.682532524837953, 'learning_rate': 0.019451371790628853, 'max_depth': 20, 'min_child_weight': 247, 'eval_metric': 'logloss'}. Best is trial 192 with value: 0.7484153763408101.
start listen on 10.110.42.38:9091
@tracker All of 4 nodes getting started
@tracker All nodes finishes job
@tracker 59.91852283477783 secs between node start and job finish
Trial 218 finished with value: 0.7480870477753023 and parameters: {'objective': 'binary:logistic', 'tree_method': 'gpu_hist', 'lambda': 0.05436144870736691, 'alpha': 0.0012538137707491792, 'colsample_bytree': 0.5521825368720374, 'subsample': 0.6692855963298394, 'learning_rate': 0.016780992722811538, 'max_depth': 20, 'min_child_weight': 219, 'eval_metric': 'logloss'}. Best is trial 192 with value: 0.7484153763408101.
start listen on 10.110.42.38:9091
@tracker All of 4 nodes getting started
@tracker All nodes finishes job
@tracker 63.537858724594116 secs between node start and job finish
Trial 219 finished with value: 0.747980925589774 and parameters: {'objective': 'binary:logistic', 'tree_method': 'gpu_hist', 'lambda': 0.07010529406327227, 'alpha': 0.0020097860355951843, 'colsample_bytree': 0.486870720443075, 'subsample': 0.7271135750085657, 'learning_rate': 0.021478032821164155, 'max_depth': 20, 'min_child_weight': 205, 'eval_metric': 'logloss'}. Best is trial 192 with value: 0.7484153763408101.
start listen on 10.110.42.38:9091
@tracker All of 4 nodes getting started
@tracker All nodes finishes job
@tracker 13.613953351974487 secs between node start and job finish
Trial 220 finished with value: 0.7453842835308027 and parameters: {'objective': 'binary:logistic', 'tree_method': 'gpu_hist', 'lambda': 0.09086127676893024, 'alpha': 0.001529266271209323, 'colsample_bytree': 0.5780472296640746, 'subsample': 0.6474399393155618, 'learning_rate': 0.018197415432166283, 'max_depth': 7, 'min_child_weight': 229, 'eval_metric': 'logloss'}. Best is trial 192 with value: 0.7484153763408101.
start listen on 10.110.42.38:9091
@tracker All of 4 nodes getting started
@tracker All nodes finishes job
@tracker 57.1202552318573 secs between node start and job finish
Trial 221 finished with value: 0.7479839437404882 and parameters: {'objective': 'binary:logistic', 'tree_method': 'gpu_hist', 'lambda': 0.020748293338278326, 'alpha': 0.002240167592109634, 'colsample_bytree': 0.5402291935288367, 'subsample': 0.6531025402590773, 'learning_rate': 0.0165037614264904, 'max_depth': 20, 'min_child_weight': 224, 'eval_metric': 'logloss'}. Best is trial 192 with value: 0.7484153763408101.
start listen on 10.110.42.38:9091
@tracker All of 4 nodes getting started
@tracker All nodes finishes job
@tracker 55.550538778305054 secs between node start and job finish
