Trial 117 finished with value: 0.7506636391224458 and parameters: {'C': 0.2972781534731227}. Best is trial 112 with value: 0.7506636082824634.
sklearn.linear_model.LogisticRegression.fit: running accelerated version on CPU
sklearn.linear_model.LogisticRegression.predict: running accelerated version on CPU
sklearn.metrics.roc_auc_score: running accelerated version on CPU
Trial 118 finished with value: 0.7506636063375997 and parameters: {'C': 0.2324951667270304}. Best is trial 118 with value: 0.7506636063375997.
sklearn.linear_model.LogisticRegression.fit: running accelerated version on CPU
sklearn.linear_model.LogisticRegression.predict: running accelerated version on CPU
sklearn.metrics.roc_auc_score: running accelerated version on CPU
Trial 119 finished with value: 0.7506636380110951 and parameters: {'C': 0.3025397463900412}. Best is trial 118 with value: 0.7506636063375997.
sklearn.linear_model.LogisticRegression.fit: running accelerated version on CPU
sklearn.linear_model.LogisticRegression.predict: running accelerated version on CPU
sklearn.metrics.roc_auc_score: running accelerated version on CPU
Trial 120 finished with value: 0.7506637510910307 and parameters: {'C': 0.2451333422313863}. Best is trial 118 with value: 0.7506636063375997.
sklearn.linear_model.LogisticRegression.fit: running accelerated version on CPU
sklearn.linear_model.LogisticRegression.predict: running accelerated version on CPU
sklearn.metrics.roc_auc_score: running accelerated version on CPU
Trial 121 finished with value: 0.7506636830207992 and parameters: {'C': 0.3069043540109428}. Best is trial 118 with value: 0.7506636063375997.
sklearn.linear_model.LogisticRegression.fit: running accelerated version on CPU
sklearn.linear_model.LogisticRegression.predict: running accelerated version on CPU
sklearn.metrics.roc_auc_score: running accelerated version on CPU
Trial 122 finished with value: 0.7506637246964512 and parameters: {'C': 0.26776803725618414}. Best is trial 118 with value: 0.7506636063375997.
sklearn.linear_model.LogisticRegression.fit: running accelerated version on CPU
sklearn.linear_model.LogisticRegression.predict: running accelerated version on CPU
sklearn.metrics.roc_auc_score: running accelerated version on CPU
Trial 123 finished with value: 0.7506636246748865 and parameters: {'C': 0.30035945664338337}. Best is trial 118 with value: 0.7506636063375997.
sklearn.linear_model.LogisticRegression.fit: running accelerated version on CPU
sklearn.linear_model.LogisticRegression.predict: running accelerated version on CPU
sklearn.metrics.roc_auc_score: running accelerated version on CPU
Trial 124 finished with value: 0.750663613005704 and parameters: {'C': 0.30105095015115374}. Best is trial 118 with value: 0.7506636063375997.
sklearn.linear_model.LogisticRegression.fit: running accelerated version on CPU
sklearn.linear_model.LogisticRegression.predict: running accelerated version on CPU
sklearn.metrics.roc_auc_score: running accelerated version on CPU
Trial 125 finished with value: 0.7506638222174767 and parameters: {'C': 0.22197525082922992}. Best is trial 118 with value: 0.7506636063375997.
sklearn.linear_model.LogisticRegression.fit: running accelerated version on CPU
sklearn.linear_model.LogisticRegression.predict: running accelerated version on CPU
sklearn.metrics.roc_auc_score: running accelerated version on CPU
Trial 126 finished with value: 0.7506636127278662 and parameters: {'C': 0.29932960408603704}. Best is trial 118 with value: 0.7506636063375997.
sklearn.linear_model.LogisticRegression.fit: running accelerated version on CPU
sklearn.linear_model.LogisticRegression.predict: running accelerated version on CPU
sklearn.metrics.roc_auc_score: running accelerated version on CPU
Trial 127 finished with value: 0.7506637110824048 and parameters: {'C': 0.2911778364033299}. Best is trial 118 with value: 0.7506636063375997.
sklearn.linear_model.LogisticRegression.fit: running accelerated version on CPU
sklearn.linear_model.LogisticRegression.predict: running accelerated version on CPU
sklearn.metrics.roc_auc_score: running accelerated version on CPU
Trial 128 finished with value: 0.7506636835764745 and parameters: {'C': 0.30815060867476807}. Best is trial 118 with value: 0.7506636063375997.
sklearn.linear_model.LogisticRegression.fit: running accelerated version on CPU
sklearn.linear_model.LogisticRegression.predict: running accelerated version on CPU
sklearn.metrics.roc_auc_score: running accelerated version on CPU
Trial 129 finished with value: 0.7506637302532048 and parameters: {'C': 0.2587260356778808}. Best is trial 118 with value: 0.7506636063375997.
sklearn.linear_model.LogisticRegression.fit: running accelerated version on CPU
sklearn.linear_model.LogisticRegression.predict: running accelerated version on CPU
sklearn.metrics.roc_auc_score: running accelerated version on CPU
Trial 130 finished with value: 0.7506636755191819 and parameters: {'C': 0.3287027439291467}. Best is trial 118 with value: 0.7506636063375997.
sklearn.linear_model.LogisticRegression.fit: running accelerated version on CPU
sklearn.linear_model.LogisticRegression.predict: running accelerated version on CPU
sklearn.metrics.roc_auc_score: running accelerated version on CPU
Trial 131 finished with value: 0.7506636018921967 and parameters: {'C': 0.2984919981338274}. Best is trial 131 with value: 0.7506636018921967.
sklearn.linear_model.LogisticRegression.fit: running accelerated version on CPU
sklearn.linear_model.LogisticRegression.predict: running accelerated version on CPU
sklearn.metrics.roc_auc_score: running accelerated version on CPU
Trial 132 finished with value: 0.7506636827429615 and parameters: {'C': 0.3614832330487659}. Best is trial 131 with value: 0.7506636018921967.
sklearn.linear_model.LogisticRegression.fit: running accelerated version on CPU
sklearn.linear_model.LogisticRegression.predict: running accelerated version on CPU
sklearn.metrics.roc_auc_score: running accelerated version on CPU
Trial 133 finished with value: 0.7506636246748865 and parameters: {'C': 0.23493285434604538}. Best is trial 131 with value: 0.7506636018921967.
sklearn.linear_model.LogisticRegression.fit: running accelerated version on CPU
sklearn.linear_model.LogisticRegression.predict: running accelerated version on CPU
sklearn.metrics.roc_auc_score: running accelerated version on CPU
Trial 134 finished with value: 0.7506635788316693 and parameters: {'C': 0.2293775814943481}. Best is trial 134 with value: 0.7506635788316693.
sklearn.linear_model.LogisticRegression.fit: running accelerated version on CPU
sklearn.linear_model.LogisticRegression.predict: running accelerated version on CPU
sklearn.metrics.roc_auc_score: running accelerated version on CPU
Trial 135 finished with value: 0.7506638347201723 and parameters: {'C': 0.19206966698112993}. Best is trial 134 with value: 0.7506635788316693.
sklearn.linear_model.LogisticRegression.fit: running accelerated version on CPU
sklearn.linear_model.LogisticRegression.predict: running accelerated version on CPU
sklearn.metrics.roc_auc_score: running accelerated version on CPU
Trial 136 finished with value: 0.750663613005704 and parameters: {'C': 0.23170885550327583}. Best is trial 134 with value: 0.7506635788316693.
sklearn.linear_model.LogisticRegression.fit: running accelerated version on CPU
sklearn.linear_model.LogisticRegression.predict: running accelerated version on CPU
sklearn.metrics.roc_auc_score: running accelerated version on CPU
Trial 137 finished with value: 0.7506637497018424 and parameters: {'C': 0.2440540898260521}. Best is trial 134 with value: 0.7506635788316693.
sklearn.linear_model.LogisticRegression.fit: running accelerated version on CPU
sklearn.linear_model.LogisticRegression.predict: running accelerated version on CPU
sklearn.metrics.roc_auc_score: running accelerated version on CPU
Trial 138 finished with value: 0.7506639636368556 and parameters: {'C': 0.12901277395172167}. Best is trial 134 with value: 0.7506635788316693.
sklearn.linear_model.LogisticRegression.fit: running accelerated version on CPU
sklearn.linear_model.LogisticRegression.predict: running accelerated version on CPU
sklearn.metrics.roc_auc_score: running accelerated version on CPU
Trial 139 finished with value: 0.7506637224737497 and parameters: {'C': 0.2867006629679141}. Best is trial 134 with value: 0.7506635788316693.
sklearn.linear_model.LogisticRegression.fit: running accelerated version on CPU
sklearn.linear_model.LogisticRegression.predict: running accelerated version on CPU
sklearn.metrics.roc_auc_score: running accelerated version on CPU
Trial 140 finished with value: 0.7506636221743473 and parameters: {'C': 0.2332697177120503}. Best is trial 134 with value: 0.7506635788316693.
sklearn.linear_model.LogisticRegression.fit: running accelerated version on CPU
sklearn.linear_model.LogisticRegression.predict: running accelerated version on CPU
sklearn.metrics.roc_auc_score: running accelerated version on CPU
Trial 141 finished with value: 0.7506636171732691 and parameters: {'C': 0.23134660644492755}. Best is trial 134 with value: 0.7506635788316693.
sklearn.linear_model.LogisticRegression.fit: running accelerated version on CPU
sklearn.linear_model.LogisticRegression.predict: running accelerated version on CPU
sklearn.metrics.roc_auc_score: running accelerated version on CPU
Trial 142 finished with value: 0.7506637535915698 and parameters: {'C': 0.23819486986721344}. Best is trial 134 with value: 0.7506635788316693.
sklearn.linear_model.LogisticRegression.fit: running accelerated version on CPU
sklearn.linear_model.LogisticRegression.predict: running accelerated version on CPU
sklearn.metrics.roc_auc_score: running accelerated version on CPU
Trial 143 finished with value: 0.7506638372207114 and parameters: {'C': 0.2075628282260869}. Best is trial 134 with value: 0.7506635788316693.
sklearn.linear_model.LogisticRegression.fit: running accelerated version on CPU
sklearn.linear_model.LogisticRegression.predict: running accelerated version on CPU
sklearn.metrics.roc_auc_score: running accelerated version on CPU
Trial 144 finished with value: 0.7506637285861787 and parameters: {'C': 0.2619098531506848}. Best is trial 134 with value: 0.7506635788316693.
sklearn.linear_model.LogisticRegression.fit: running accelerated version on CPU
sklearn.linear_model.LogisticRegression.predict: running accelerated version on CPU
sklearn.metrics.roc_auc_score: running accelerated version on CPU
Trial 145 finished with value: 0.7506638475007056 and parameters: {'C': 0.18689324293354068}. Best is trial 134 with value: 0.7506635788316693.
sklearn.linear_model.LogisticRegression.fit: running accelerated version on CPU
sklearn.linear_model.LogisticRegression.predict: running accelerated version on CPU
sklearn.metrics.roc_auc_score: running accelerated version on CPU
Trial 146 finished with value: 0.7506638013796507 and parameters: {'C': 0.22393693779100027}. Best is trial 134 with value: 0.7506635788316693.
sklearn.linear_model.LogisticRegression.fit: running accelerated version on CPU
sklearn.linear_model.LogisticRegression.predict: running accelerated version on CPU
sklearn.metrics.roc_auc_score: running accelerated version on CPU
Trial 147 finished with value: 0.7506638700055576 and parameters: {'C': 0.1602572387017953}. Best is trial 134 with value: 0.7506635788316693.
sklearn.linear_model.LogisticRegression.fit: running accelerated version on CPU
sklearn.linear_model.LogisticRegression.predict: running accelerated version on CPU
sklearn.metrics.roc_auc_score: running accelerated version on CPU
Trial 148 finished with value: 0.7506636852435007 and parameters: {'C': 0.32625451032297664}. Best is trial 134 with value: 0.7506635788316693.
sklearn.linear_model.LogisticRegression.fit: running accelerated version on CPU
sklearn.linear_model.LogisticRegression.predict: running accelerated version on CPU
sklearn.metrics.roc_auc_score: running accelerated version on CPU
Trial 149 finished with value: 0.7506637538694075 and parameters: {'C': 0.27795138345206816}. Best is trial 134 with value: 0.7506635788316693.
sklearn.linear_model.LogisticRegression.fit: running accelerated version on CPU
sklearn.linear_model.LogisticRegression.predict: running accelerated version on CPU
sklearn.metrics.roc_auc_score: running accelerated version on CPU
Trial 150 finished with value: 0.7506635880003127 and parameters: {'C': 0.22839581416362723}. Best is trial 134 with value: 0.7506635788316693.
sklearn.linear_model.LogisticRegression.fit: running accelerated version on CPU
sklearn.linear_model.LogisticRegression.predict: running accelerated version on CPU
sklearn.metrics.roc_auc_score: running accelerated version on CPU
Trial 151 finished with value: 0.7506636305094777 and parameters: {'C': 0.23437060797564113}. Best is trial 134 with value: 0.7506635788316693.
sklearn.linear_model.LogisticRegression.fit: running accelerated version on CPU
sklearn.linear_model.LogisticRegression.predict: running accelerated version on CPU
sklearn.metrics.roc_auc_score: running accelerated version on CPU
Trial 152 finished with value: 0.7506637616488625 and parameters: {'C': 0.2374633697971606}. Best is trial 134 with value: 0.7506635788316693.
sklearn.linear_model.LogisticRegression.fit: running accelerated version on CPU
sklearn.linear_model.LogisticRegression.predict: running accelerated version on CPU
sklearn.metrics.roc_auc_score: running accelerated version on CPU
Trial 153 finished with value: 0.7506638333309839 and parameters: {'C': 0.20563192275124706}. Best is trial 134 with value: 0.7506635788316693.
sklearn.linear_model.LogisticRegression.fit: running accelerated version on CPU
sklearn.linear_model.LogisticRegression.predict: running accelerated version on CPU
sklearn.metrics.roc_auc_score: running accelerated version on CPU
Trial 154 finished with value: 0.7506637149721324 and parameters: {'C': 0.26749160928136906}. Best is trial 134 with value: 0.7506635788316693.
sklearn.linear_model.LogisticRegression.fit: running accelerated version on CPU
sklearn.linear_model.LogisticRegression.predict: running accelerated version on CPU
sklearn.metrics.roc_auc_score: running accelerated version on CPU
Trial 155 finished with value: 0.750663862781778 and parameters: {'C': 0.16803328852677016}. Best is trial 134 with value: 0.7506635788316693.
sklearn.linear_model.LogisticRegression.fit: running accelerated version on CPU
sklearn.linear_model.LogisticRegression.predict: running accelerated version on CPU
sklearn.metrics.roc_auc_score: running accelerated version on CPU
Trial 156 finished with value: 0.7506637547029206 and parameters: {'C': 0.24129063073815604}. Best is trial 134 with value: 0.7506635788316693.
sklearn.linear_model.LogisticRegression.fit: running accelerated version on CPU
sklearn.linear_model.LogisticRegression.predict: running accelerated version on CPU
sklearn.metrics.roc_auc_score: running accelerated version on CPU
Trial 157 finished with value: 0.7506639277957949 and parameters: {'C': 0.13852046703363452}. Best is trial 134 with value: 0.7506635788316693.
sklearn.linear_model.LogisticRegression.fit: running accelerated version on CPU
sklearn.linear_model.LogisticRegression.predict: running accelerated version on CPU
sklearn.metrics.roc_auc_score: running accelerated version on CPU
Trial 158 finished with value: 0.7506638516682708 and parameters: {'C': 0.1792763565301209}. Best is trial 134 with value: 0.7506635788316693.
sklearn.linear_model.LogisticRegression.fit: running accelerated version on CPU
sklearn.linear_model.LogisticRegression.predict: running accelerated version on CPU
sklearn.metrics.roc_auc_score: running accelerated version on CPU
Trial 159 finished with value: 0.7506638255515289 and parameters: {'C': 0.2212945643539036}. Best is trial 134 with value: 0.7506635788316693.
sklearn.linear_model.LogisticRegression.fit: running accelerated version on CPU
sklearn.linear_model.LogisticRegression.predict: running accelerated version on CPU
sklearn.metrics.roc_auc_score: running accelerated version on CPU
Trial 160 finished with value: 0.7506637216402366 and parameters: {'C': 0.26528998110310975}. Best is trial 134 with value: 0.7506635788316693.
sklearn.linear_model.LogisticRegression.fit: running accelerated version on CPU
sklearn.linear_model.LogisticRegression.predict: running accelerated version on CPU
sklearn.metrics.roc_auc_score: running accelerated version on CPU
Trial 161 finished with value: 0.750663685799176 and parameters: {'C': 0.3072379975280861}. Best is trial 134 with value: 0.7506635788316693.
sklearn.linear_model.LogisticRegression.fit: running accelerated version on CPU
sklearn.linear_model.LogisticRegression.predict: running accelerated version on CPU
sklearn.metrics.roc_auc_score: running accelerated version on CPU
Trial 162 finished with value: 0.7506637713731813 and parameters: {'C': 0.28490729178054425}. Best is trial 134 with value: 0.7506635788316693.
sklearn.linear_model.LogisticRegression.fit: running accelerated version on CPU
sklearn.linear_model.LogisticRegression.predict: running accelerated version on CPU
sklearn.metrics.roc_auc_score: running accelerated version on CPU
Trial 163 finished with value: 0.750663687466202 and parameters: {'C': 0.3395267486892711}. Best is trial 134 with value: 0.7506635788316693.
sklearn.linear_model.LogisticRegression.fit: running accelerated version on CPU
sklearn.linear_model.LogisticRegression.predict: running accelerated version on CPU
sklearn.metrics.roc_auc_score: running accelerated version on CPU
Trial 164 finished with value: 0.7506638336088216 and parameters: {'C': 0.20583355394342595}. Best is trial 134 with value: 0.7506635788316693.
sklearn.linear_model.LogisticRegression.fit: running accelerated version on CPU
sklearn.linear_model.LogisticRegression.predict: running accelerated version on CPU
sklearn.metrics.roc_auc_score: running accelerated version on CPU
Trial 165 finished with value: 0.75066373442077 and parameters: {'C': 0.2532116212925464}. Best is trial 134 with value: 0.7506635788316693.
sklearn.linear_model.LogisticRegression.fit: running accelerated version on CPU
sklearn.linear_model.LogisticRegression.predict: running accelerated version on CPU
sklearn.metrics.roc_auc_score: running accelerated version on CPU
Trial 166 finished with value: 0.7506636791310717 and parameters: {'C': 0.3049518087882652}. Best is trial 134 with value: 0.7506635788316693.
sklearn.linear_model.LogisticRegression.fit: running accelerated version on CPU
sklearn.linear_model.LogisticRegression.predict: running accelerated version on CPU
sklearn.metrics.roc_auc_score: running accelerated version on CPU
Trial 167 finished with value: 0.7506637597039988 and parameters: {'C': 0.23605785595084514}. Best is trial 134 with value: 0.7506635788316693.
sklearn.linear_model.LogisticRegression.fit: running accelerated version on CPU
sklearn.linear_model.LogisticRegression.predict: running accelerated version on CPU
sklearn.metrics.roc_auc_score: running accelerated version on CPU
Trial 168 finished with value: 0.7506637560921089 and parameters: {'C': 0.2798214684072075}. Best is trial 134 with value: 0.7506635788316693.
sklearn.linear_model.LogisticRegression.fit: running accelerated version on CPU
sklearn.linear_model.LogisticRegression.predict: running accelerated version on CPU
sklearn.metrics.roc_auc_score: running accelerated version on CPU
Trial 169 finished with value: 0.7506636660727007 and parameters: {'C': 0.31894858005365423}. Best is trial 134 with value: 0.7506635788316693.
sklearn.linear_model.LogisticRegression.fit: running accelerated version on CPU
sklearn.linear_model.LogisticRegression.predict: running accelerated version on CPU
sklearn.metrics.roc_auc_score: running accelerated version on CPU
Trial 170 finished with value: 0.7506638216618013 and parameters: {'C': 0.22237642481869954}. Best is trial 134 with value: 0.7506635788316693.
sklearn.linear_model.LogisticRegression.fit: running accelerated version on CPU
sklearn.linear_model.LogisticRegression.predict: running accelerated version on CPU
sklearn.metrics.roc_auc_score: running accelerated version on CPU
Trial 171 finished with value: 0.7506636074489503 and parameters: {'C': 0.29845916089200286}. Best is trial 134 with value: 0.7506635788316693.
sklearn.linear_model.LogisticRegression.fit: running accelerated version on CPU
sklearn.linear_model.LogisticRegression.predict: running accelerated version on CPU
sklearn.metrics.roc_auc_score: running accelerated version on CPU
Trial 172 finished with value: 0.7506636821872862 and parameters: {'C': 0.3736665610172541}. Best is trial 134 with value: 0.7506635788316693.
sklearn.linear_model.LogisticRegression.fit: running accelerated version on CPU
sklearn.linear_model.LogisticRegression.predict: running accelerated version on CPU
sklearn.metrics.roc_auc_score: running accelerated version on CPU
Trial 173 finished with value: 0.7506637269191526 and parameters: {'C': 0.2566575696651397}. Best is trial 134 with value: 0.7506635788316693.
sklearn.linear_model.LogisticRegression.fit: running accelerated version on CPU
sklearn.linear_model.LogisticRegression.predict: running accelerated version on CPU
sklearn.metrics.roc_auc_score: running accelerated version on CPU
Trial 174 finished with value: 0.750663642456498 and parameters: {'C': 0.29702802581494464}. Best is trial 134 with value: 0.7506635788316693.
sklearn.linear_model.LogisticRegression.fit: running accelerated version on CPU
sklearn.linear_model.LogisticRegression.predict: running accelerated version on CPU
sklearn.metrics.roc_auc_score: running accelerated version on CPU
