Trial 497 finished with value: 0.7482624750419142 and parameters: {'objective': 'binary:logistic', 'tree_method': 'gpu_hist', 'lambda': 0.0109162656507029, 'alpha': 0.11024863498874944, 'colsample_bytree': 0.6144573243753296, 'subsample': 0.7565340858795968, 'learning_rate': 0.02039046465171827, 'max_depth': 17, 'min_child_weight': 263, 'eval_metric': 'logloss'}. Best is trial 362 with value: 0.7486883567232341.
start listen on 192.168.1.101:45511
@tracker All of 4 nodes getting started
@tracker All nodes finishes job
Trial 498 finished with value: 0.747673065187208 and parameters: {'objective': 'binary:logistic', 'tree_method': 'gpu_hist', 'lambda': 0.0048206913862989965, 'alpha': 0.08808230443221562, 'colsample_bytree': 0.3339738040527811, 'subsample': 0.7896865247941768, 'learning_rate': 0.01775473646409709, 'max_depth': 17, 'min_child_weight': 167, 'eval_metric': 'logloss'}. Best is trial 362 with value: 0.7486883567232341.
start listen on 192.168.1.101:58761
@tracker All of 4 nodes getting started
@tracker All nodes finishes job
Trial 499 finished with value: 0.7484432808292478 and parameters: {'objective': 'binary:logistic', 'tree_method': 'gpu_hist', 'lambda': 0.006712552177770801, 'alpha': 0.06915302913498789, 'colsample_bytree': 0.4539674422012254, 'subsample': 0.7921533707045828, 'learning_rate': 0.021148905764550616, 'max_depth': 17, 'min_child_weight': 248, 'eval_metric': 'logloss'}. Best is trial 362 with value: 0.7486883567232341.
start listen on 192.168.1.101:58423
@tracker All of 4 nodes getting started
@tracker All nodes finishes job
Trial 500 finished with value: 0.7481809548272444 and parameters: {'objective': 'binary:logistic', 'tree_method': 'gpu_hist', 'lambda': 0.0076513164831531685, 'alpha': 0.06970599030889452, 'colsample_bytree': 0.4293430462494564, 'subsample': 0.773338090107296, 'learning_rate': 0.01674468927632311, 'max_depth': 17, 'min_child_weight': 244, 'eval_metric': 'logloss'}. Best is trial 362 with value: 0.7486883567232341.
start listen on 192.168.1.101:56773
@tracker All of 4 nodes getting started
@tracker All nodes finishes job
Trial 501 finished with value: 0.7481679052081873 and parameters: {'objective': 'binary:logistic', 'tree_method': 'gpu_hist', 'lambda': 0.006877970296299844, 'alpha': 0.05801266664534384, 'colsample_bytree': 0.45445642934575375, 'subsample': 0.7873667377961546, 'learning_rate': 0.01929617272595725, 'max_depth': 17, 'min_child_weight': 236, 'eval_metric': 'logloss'}. Best is trial 362 with value: 0.7486883567232341.
start listen on 192.168.1.101:55789
@tracker All of 4 nodes getting started
@tracker All nodes finishes job
Trial 502 finished with value: 0.7483306882209169 and parameters: {'objective': 'binary:logistic', 'tree_method': 'gpu_hist', 'lambda': 0.00610982236137269, 'alpha': 0.07405864049367131, 'colsample_bytree': 0.47292143978432577, 'subsample': 0.7858833785166246, 'learning_rate': 0.02105399998278097, 'max_depth': 17, 'min_child_weight': 249, 'eval_metric': 'logloss'}. Best is trial 362 with value: 0.7486883567232341.
start listen on 192.168.1.101:34415
@tracker All of 4 nodes getting started
@tracker All nodes finishes job
Trial 503 finished with value: 0.7378742938193792 and parameters: {'objective': 'binary:logistic', 'tree_method': 'gpu_hist', 'lambda': 0.0038422028761906767, 'alpha': 0.12477101947388938, 'colsample_bytree': 0.4497221469958245, 'subsample': 0.7992547965075422, 'learning_rate': 0.0697205490251193, 'max_depth': 17, 'min_child_weight': 249, 'eval_metric': 'logloss'}. Best is trial 362 with value: 0.7486883567232341.
start listen on 192.168.1.101:36765
@tracker All of 4 nodes getting started
@tracker All nodes finishes job
Trial 504 finished with value: 0.7481993269827307 and parameters: {'objective': 'binary:logistic', 'tree_method': 'gpu_hist', 'lambda': 0.004342576118018029, 'alpha': 0.09614837243324396, 'colsample_bytree': 0.4451573480120435, 'subsample': 0.7652471578886968, 'learning_rate': 0.019114554258448477, 'max_depth': 17, 'min_child_weight': 257, 'eval_metric': 'logloss'}. Best is trial 362 with value: 0.7486883567232341.
start listen on 192.168.1.101:37411
@tracker All of 4 nodes getting started
@tracker All nodes finishes job
Trial 505 finished with value: 0.7482700991856817 and parameters: {'objective': 'binary:logistic', 'tree_method': 'gpu_hist', 'lambda': 0.008672363657987585, 'alpha': 0.06257638642536807, 'colsample_bytree': 0.46807173062807184, 'subsample': 0.7506493350402824, 'learning_rate': 0.02081572168937519, 'max_depth': 17, 'min_child_weight': 253, 'eval_metric': 'logloss'}. Best is trial 362 with value: 0.7486883567232341.
start listen on 192.168.1.101:40103
@tracker All of 4 nodes getting started
@tracker All nodes finishes job
Trial 506 finished with value: 0.7481256599889952 and parameters: {'objective': 'binary:logistic', 'tree_method': 'gpu_hist', 'lambda': 0.0062125520342061515, 'alpha': 0.003264487549197262, 'colsample_bytree': 0.40902944120506013, 'subsample': 0.7347094591083236, 'learning_rate': 0.02212637545796375, 'max_depth': 13, 'min_child_weight': 244, 'eval_metric': 'logloss'}. Best is trial 362 with value: 0.7486883567232341.
start listen on 192.168.1.101:38305
@tracker All of 4 nodes getting started
@tracker All nodes finishes job
Trial 507 finished with value: 0.7477562807673992 and parameters: {'objective': 'binary:logistic', 'tree_method': 'gpu_hist', 'lambda': 0.006496876687419242, 'alpha': 0.08320997015420058, 'colsample_bytree': 0.4317372191879141, 'subsample': 0.7984431679509262, 'learning_rate': 0.01646322645320457, 'max_depth': 20, 'min_child_weight': 257, 'eval_metric': 'logloss'}. Best is trial 362 with value: 0.7486883567232341.
start listen on 192.168.1.101:35113
@tracker All of 4 nodes getting started
@tracker All nodes finishes job
Trial 508 finished with value: 0.7478957055496431 and parameters: {'objective': 'binary:logistic', 'tree_method': 'gpu_hist', 'lambda': 0.010303401058662683, 'alpha': 0.0013228659745218843, 'colsample_bytree': 0.38630296361425404, 'subsample': 0.781460216130336, 'learning_rate': 0.018823777280163448, 'max_depth': 15, 'min_child_weight': 263, 'eval_metric': 'logloss'}. Best is trial 362 with value: 0.7486883567232341.
start listen on 192.168.1.101:47191
@tracker All of 4 nodes getting started
@tracker All nodes finishes job
Trial 509 finished with value: 0.747655273017878 and parameters: {'objective': 'binary:logistic', 'tree_method': 'gpu_hist', 'lambda': 0.0055014252417572435, 'alpha': 0.06939073391350445, 'colsample_bytree': 0.3719833331280008, 'subsample': 0.7942474861594954, 'learning_rate': 0.02158912981775793, 'max_depth': 17, 'min_child_weight': 241, 'eval_metric': 'logloss'}. Best is trial 362 with value: 0.7486883567232341.
start listen on 192.168.1.101:45447
@tracker All of 4 nodes getting started
@tracker All nodes finishes job
Trial 510 finished with value: 0.7479475633968761 and parameters: {'objective': 'binary:logistic', 'tree_method': 'gpu_hist', 'lambda': 0.005140981958898879, 'alpha': 0.05726241955083586, 'colsample_bytree': 0.46041181005720816, 'subsample': 0.772735561313121, 'learning_rate': 0.01759953484621239, 'max_depth': 17, 'min_child_weight': 232, 'eval_metric': 'logloss'}. Best is trial 362 with value: 0.7486883567232341.
start listen on 192.168.1.101:39065
@tracker All of 4 nodes getting started
@tracker All nodes finishes job
Trial 511 finished with value: 0.7351865430895751 and parameters: {'objective': 'binary:logistic', 'tree_method': 'gpu_hist', 'lambda': 0.00328871363240689, 'alpha': 0.10190708569467563, 'colsample_bytree': 0.36048307942442737, 'subsample': 0.8116523495122667, 'learning_rate': 0.019855417563478046, 'max_depth': 3, 'min_child_weight': 249, 'eval_metric': 'logloss'}. Best is trial 362 with value: 0.7486883567232341.
start listen on 192.168.1.101:51467
@tracker All of 4 nodes getting started
@tracker All nodes finishes job
Trial 512 finished with value: 0.7477947876806114 and parameters: {'objective': 'binary:logistic', 'tree_method': 'gpu_hist', 'lambda': 0.008301168489635594, 'alpha': 0.07902255457696143, 'colsample_bytree': 0.3000078403854664, 'subsample': 0.804215226075837, 'learning_rate': 0.02272271096023001, 'max_depth': 20, 'min_child_weight': 255, 'eval_metric': 'logloss'}. Best is trial 362 with value: 0.7486883567232341.
start listen on 192.168.1.101:38373
@tracker All of 4 nodes getting started
@tracker All nodes finishes job
Trial 513 finished with value: 0.7480239586177069 and parameters: {'objective': 'binary:logistic', 'tree_method': 'gpu_hist', 'lambda': 0.004048696367612077, 'alpha': 0.0011718822283120598, 'colsample_bytree': 0.3992479198255143, 'subsample': 0.7930542100712232, 'learning_rate': 0.020604479326499975, 'max_depth': 17, 'min_child_weight': 261, 'eval_metric': 'logloss'}. Best is trial 362 with value: 0.7486883567232341.
start listen on 192.168.1.101:58081
@tracker All of 4 nodes getting started
@tracker All nodes finishes job
Trial 514 finished with value: 0.7416465460068876 and parameters: {'objective': 'binary:logistic', 'tree_method': 'gpu_hist', 'lambda': 0.004269226531678661, 'alpha': 0.005286393117982361, 'colsample_bytree': 0.42052657604549476, 'subsample': 0.806607252122792, 'learning_rate': 0.01264706983145875, 'max_depth': 7, 'min_child_weight': 264, 'eval_metric': 'logloss'}. Best is trial 362 with value: 0.7486883567232341.
start listen on 192.168.1.101:32899
@tracker All of 4 nodes getting started
@tracker All nodes finishes job
Trial 515 finished with value: 0.7481461070362732 and parameters: {'objective': 'binary:logistic', 'tree_method': 'gpu_hist', 'lambda': 0.0023045474699202135, 'alpha': 0.06896581137604768, 'colsample_bytree': 0.4380535264701385, 'subsample': 0.696375207903645, 'learning_rate': 0.022497801968007058, 'max_depth': 17, 'min_child_weight': 254, 'eval_metric': 'logloss'}. Best is trial 362 with value: 0.7486883567232341.
start listen on 192.168.1.101:41337
@tracker All of 4 nodes getting started
@tracker All nodes finishes job
Trial 516 finished with value: 0.7418862585223058 and parameters: {'objective': 'binary:logistic', 'tree_method': 'gpu_hist', 'lambda': 0.007471610936487466, 'alpha': 0.05663089672558678, 'colsample_bytree': 0.5050159302561623, 'subsample': 0.7508457494411364, 'learning_rate': 0.018410129189226705, 'max_depth': 5, 'min_child_weight': 248, 'eval_metric': 'logloss'}. Best is trial 362 with value: 0.7486883567232341.
start listen on 192.168.1.101:48783
@tracker All of 4 nodes getting started
@tracker All nodes finishes job
Trial 517 finished with value: 0.7473727515506157 and parameters: {'objective': 'binary:logistic', 'tree_method': 'gpu_hist', 'lambda': 0.0032295222539900645, 'alpha': 0.15497092217241104, 'colsample_bytree': 0.3146246709241903, 'subsample': 0.7845561816930329, 'learning_rate': 0.014438020419626217, 'max_depth': 20, 'min_child_weight': 266, 'eval_metric': 'logloss'}. Best is trial 362 with value: 0.7486883567232341.
start listen on 192.168.1.101:55463
@tracker All of 4 nodes getting started
@tracker All nodes finishes job
Trial 518 finished with value: 0.7480782710219208 and parameters: {'objective': 'binary:logistic', 'tree_method': 'gpu_hist', 'lambda': 0.005643981537875799, 'alpha': 0.09057838259181358, 'colsample_bytree': 0.3524606511440679, 'subsample': 0.723588556170652, 'learning_rate': 0.024299701951558245, 'max_depth': 17, 'min_child_weight': 224, 'eval_metric': 'logloss'}. Best is trial 362 with value: 0.7486883567232341.
start listen on 192.168.1.101:36503
@tracker All of 4 nodes getting started
@tracker All nodes finishes job
Trial 519 finished with value: 0.7480864672334706 and parameters: {'objective': 'binary:logistic', 'tree_method': 'gpu_hist', 'lambda': 0.19983027343016221, 'alpha': 0.004009534856331508, 'colsample_bytree': 0.3833293817261883, 'subsample': 0.8118796724992027, 'learning_rate': 0.020474478522282846, 'max_depth': 17, 'min_child_weight': 257, 'eval_metric': 'logloss'}. Best is trial 362 with value: 0.7486883567232341.
start listen on 192.168.1.101:41689
@tracker All of 4 nodes getting started
@tracker All nodes finishes job
Trial 520 finished with value: 0.7479021855578458 and parameters: {'objective': 'binary:logistic', 'tree_method': 'gpu_hist', 'lambda': 0.004871916149329245, 'alpha': 0.0021510536600312883, 'colsample_bytree': 0.3369097577178576, 'subsample': 0.7682632652589995, 'learning_rate': 0.017094357413944123, 'max_depth': 20, 'min_child_weight': 266, 'eval_metric': 'logloss'}. Best is trial 362 with value: 0.7486883567232341.
start listen on 192.168.1.101:36297
@tracker All of 4 nodes getting started
@tracker All nodes finishes job
Trial 521 finished with value: 0.747696190450799 and parameters: {'objective': 'binary:logistic', 'tree_method': 'gpu_hist', 'lambda': 0.04947968837057322, 'alpha': 0.12891574181131216, 'colsample_bytree': 0.7528586154818552, 'subsample': 0.8223309187735813, 'learning_rate': 0.022023197521159645, 'max_depth': 17, 'min_child_weight': 260, 'eval_metric': 'logloss'}. Best is trial 362 with value: 0.7486883567232341.
start listen on 192.168.1.101:35407
@tracker All of 4 nodes getting started
@tracker All nodes finishes job
Trial 522 finished with value: 0.7481168997669555 and parameters: {'objective': 'binary:logistic', 'tree_method': 'gpu_hist', 'lambda': 0.013337515931729816, 'alpha': 0.0015513479810236957, 'colsample_bytree': 0.3107700755274501, 'subsample': 0.6656540352530389, 'learning_rate': 0.019410088473767267, 'max_depth': 15, 'min_child_weight': 244, 'eval_metric': 'logloss'}. Best is trial 362 with value: 0.7486883567232341.
start listen on 192.168.1.101:46657
@tracker All of 4 nodes getting started
@tracker All nodes finishes job
Trial 523 finished with value: 0.7480040450187739 and parameters: {'objective': 'binary:logistic', 'tree_method': 'gpu_hist', 'lambda': 0.07602886575334038, 'alpha': 0.0507465479039298, 'colsample_bytree': 0.35051347166974567, 'subsample': 0.8633480008451421, 'learning_rate': 0.025219138416480668, 'max_depth': 17, 'min_child_weight': 250, 'eval_metric': 'logloss'}. Best is trial 362 with value: 0.7486883567232341.
start listen on 192.168.1.101:32889
@tracker All of 4 nodes getting started
@tracker All nodes finishes job
Trial 524 finished with value: 0.7481246829727946 and parameters: {'objective': 'binary:logistic', 'tree_method': 'gpu_hist', 'lambda': 0.00790642864494407, 'alpha': 0.002918379800382532, 'colsample_bytree': 0.3233843544480312, 'subsample': 0.7998176218397189, 'learning_rate': 0.022922297812828077, 'max_depth': 20, 'min_child_weight': 270, 'eval_metric': 'logloss'}. Best is trial 362 with value: 0.7486883567232341.
start listen on 192.168.1.101:35821
@tracker All of 4 nodes getting started
@tracker All nodes finishes job
Trial 525 finished with value: 0.7481541876673484 and parameters: {'objective': 'binary:logistic', 'tree_method': 'gpu_hist', 'lambda': 0.11233883162278659, 'alpha': 0.07139860204713377, 'colsample_bytree': 0.36870754056882976, 'subsample': 0.8278663270663399, 'learning_rate': 0.019937771432317144, 'max_depth': 17, 'min_child_weight': 238, 'eval_metric': 'logloss'}. Best is trial 362 with value: 0.7486883567232341.
start listen on 192.168.1.101:42589
@tracker All of 4 nodes getting started
@tracker All nodes finishes job
Trial 526 finished with value: 0.7262873091344848 and parameters: {'objective': 'binary:logistic', 'tree_method': 'gpu_hist', 'lambda': 0.010248256133550319, 'alpha': 0.0820608935509696, 'colsample_bytree': 0.34002078674968467, 'subsample': 0.8729685521965418, 'learning_rate': 0.001810922109044365, 'max_depth': 17, 'min_child_weight': 259, 'eval_metric': 'logloss'}. Best is trial 362 with value: 0.7486883567232341.
start listen on 192.168.1.101:52973
@tracker All of 4 nodes getting started
@tracker All nodes finishes job
Trial 527 finished with value: 0.7478322215847049 and parameters: {'objective': 'binary:logistic', 'tree_method': 'gpu_hist', 'lambda': 0.05826235667536829, 'alpha': 0.001013592853109192, 'colsample_bytree': 0.48563681821708243, 'subsample': 0.8562967959231669, 'learning_rate': 0.016284569748140798, 'max_depth': 20, 'min_child_weight': 267, 'eval_metric': 'logloss'}. Best is trial 362 with value: 0.7486883567232341.
start listen on 192.168.1.101:38491
@tracker All of 4 nodes getting started
@tracker All nodes finishes job
Trial 528 finished with value: 0.7478966069939947 and parameters: {'objective': 'binary:logistic', 'tree_method': 'gpu_hist', 'lambda': 0.006351724781268501, 'alpha': 0.06085768726050917, 'colsample_bytree': 0.31267055560017437, 'subsample': 0.8393862812103381, 'learning_rate': 0.024844254312245923, 'max_depth': 9, 'min_child_weight': 254, 'eval_metric': 'logloss'}. Best is trial 362 with value: 0.7486883567232341.
start listen on 192.168.1.101:41591
@tracker All of 4 nodes getting started
@tracker All nodes finishes job
Trial 529 finished with value: 0.7484699599145992 and parameters: {'objective': 'binary:logistic', 'tree_method': 'gpu_hist', 'lambda': 0.004661881510289883, 'alpha': 0.0994206408138387, 'colsample_bytree': 0.32958141742319225, 'subsample': 0.8105180938740624, 'learning_rate': 0.02166619368000434, 'max_depth': 17, 'min_child_weight': 271, 'eval_metric': 'logloss'}. Best is trial 362 with value: 0.7486883567232341.
start listen on 192.168.1.101:56879
@tracker All of 4 nodes getting started
@tracker All nodes finishes job
Trial 530 finished with value: 0.7484400467986565 and parameters: {'objective': 'binary:logistic', 'tree_method': 'gpu_hist', 'lambda': 0.004390017023641289, 'alpha': 0.13142371866897734, 'colsample_bytree': 0.3540259043932988, 'subsample': 0.8047346002082595, 'learning_rate': 0.02157658085289684, 'max_depth': 17, 'min_child_weight': 264, 'eval_metric': 'logloss'}. Best is trial 362 with value: 0.7486883567232341.
start listen on 192.168.1.101:36533
@tracker All of 4 nodes getting started
@tracker All nodes finishes job
Trial 531 finished with value: 0.7478538474972576 and parameters: {'objective': 'binary:logistic', 'tree_method': 'gpu_hist', 'lambda': 0.003975978912286396, 'alpha': 0.16610078461897665, 'colsample_bytree': 0.5262752365277233, 'subsample': 0.791564341974843, 'learning_rate': 0.01821152199730203, 'max_depth': 17, 'min_child_weight': 269, 'eval_metric': 'logloss'}. Best is trial 362 with value: 0.7486883567232341.
start listen on 192.168.1.101:54113
@tracker All of 4 nodes getting started
@tracker All nodes finishes job
Trial 532 finished with value: 0.7469469635005939 and parameters: {'objective': 'binary:logistic', 'tree_method': 'gpu_hist', 'lambda': 0.004685059502762877, 'alpha': 0.112890685043297, 'colsample_bytree': 0.350944000342157, 'subsample': 0.8014744325944633, 'learning_rate': 0.021466070025662018, 'max_depth': 17, 'min_child_weight': 83, 'eval_metric': 'logloss'}. Best is trial 362 with value: 0.7486883567232341.
start listen on 192.168.1.101:59297
@tracker All of 4 nodes getting started
@tracker All nodes finishes job
Trial 533 finished with value: 0.7481285786738201 and parameters: {'objective': 'binary:logistic', 'tree_method': 'gpu_hist', 'lambda': 0.003313490011768625, 'alpha': 0.10010328324908771, 'colsample_bytree': 0.3304805914636137, 'subsample': 0.7753012380573981, 'learning_rate': 0.01947397321118922, 'max_depth': 17, 'min_child_weight': 262, 'eval_metric': 'logloss'}. Best is trial 362 with value: 0.7486883567232341.
start listen on 192.168.1.101:58025
@tracker All of 4 nodes getting started
@tracker All nodes finishes job
Trial 534 finished with value: 0.7478961332807509 and parameters: {'objective': 'binary:logistic', 'tree_method': 'gpu_hist', 'lambda': 0.005037648162191012, 'alpha': 0.13268012570066864, 'colsample_bytree': 0.34401703151269275, 'subsample': 0.7860395233366857, 'learning_rate': 0.017665835627523198, 'max_depth': 17, 'min_child_weight': 199, 'eval_metric': 'logloss'}. Best is trial 362 with value: 0.7486883567232341.
start listen on 192.168.1.101:42231
@tracker All of 4 nodes getting started
@tracker All nodes finishes job
Trial 535 finished with value: 0.7485025286030842 and parameters: {'objective': 'binary:logistic', 'tree_method': 'gpu_hist', 'lambda': 0.002546457211655264, 'alpha': 0.10553080569173663, 'colsample_bytree': 0.3002691321089287, 'subsample': 0.813592858328435, 'learning_rate': 0.020773013785438096, 'max_depth': 17, 'min_child_weight': 272, 'eval_metric': 'logloss'}. Best is trial 362 with value: 0.7486883567232341.
start listen on 192.168.1.101:35119
@tracker All of 4 nodes getting started
@tracker All nodes finishes job
Trial 536 finished with value: 0.7441874311835486 and parameters: {'objective': 'binary:logistic', 'tree_method': 'gpu_hist', 'lambda': 0.001548791052287014, 'alpha': 0.1415853635920343, 'colsample_bytree': 0.35587796917569403, 'subsample': 0.8119869611719646, 'learning_rate': 0.009405903176096107, 'max_depth': 17, 'min_child_weight': 273, 'eval_metric': 'logloss'}. Best is trial 362 with value: 0.7486883567232341.
start listen on 192.168.1.101:46255
@tracker All of 4 nodes getting started
@tracker All nodes finishes job
Trial 537 finished with value: 0.7483334717377104 and parameters: {'objective': 'binary:logistic', 'tree_method': 'gpu_hist', 'lambda': 0.0035445097204866065, 'alpha': 0.1868217214287962, 'colsample_bytree': 0.32998050661986567, 'subsample': 0.8110076971349598, 'learning_rate': 0.023070685403671878, 'max_depth': 17, 'min_child_weight': 274, 'eval_metric': 'logloss'}. Best is trial 362 with value: 0.7486883567232341.
start listen on 192.168.1.101:49469
@tracker All of 4 nodes getting started
@tracker All nodes finishes job
