Trial 222 finished with value: 0.7478200272889446 and parameters: {'objective': 'binary:logistic', 'tree_method': 'gpu_hist', 'lambda': 0.033323453104525766, 'alpha': 0.002562591599392, 'colsample_bytree': 0.5355430669241318, 'subsample': 0.6394904358144677, 'learning_rate': 0.016970017419731767, 'max_depth': 20, 'min_child_weight': 228, 'eval_metric': 'logloss'}. Best is trial 192 with value: 0.7484153763408101.
start listen on 10.110.42.38:9091
@tracker All of 4 nodes getting started
@tracker All nodes finishes job
@tracker 56.51355528831482 secs between node start and job finish
Trial 223 finished with value: 0.7477999601846936 and parameters: {'objective': 'binary:logistic', 'tree_method': 'gpu_hist', 'lambda': 0.1215467386019442, 'alpha': 0.0031866460558346824, 'colsample_bytree': 0.5200672781816813, 'subsample': 0.6826980565994658, 'learning_rate': 0.015151238841516097, 'max_depth': 20, 'min_child_weight': 242, 'eval_metric': 'logloss'}. Best is trial 192 with value: 0.7484153763408101.
start listen on 10.110.42.38:9091
@tracker All of 4 nodes getting started
@tracker All nodes finishes job
@tracker 59.393815755844116 secs between node start and job finish
Trial 224 finished with value: 0.7479457703714104 and parameters: {'objective': 'binary:logistic', 'tree_method': 'gpu_hist', 'lambda': 0.02325677715142888, 'alpha': 9.073219719580479, 'colsample_bytree': 0.5496180017506669, 'subsample': 0.6560801800437679, 'learning_rate': 0.01894120352646383, 'max_depth': 20, 'min_child_weight': 211, 'eval_metric': 'logloss'}. Best is trial 192 with value: 0.7484153763408101.
start listen on 10.110.42.38:9091
@tracker All of 4 nodes getting started
@tracker All nodes finishes job
@tracker 58.5774130821228 secs between node start and job finish
Trial 225 finished with value: 0.7476559010699528 and parameters: {'objective': 'binary:logistic', 'tree_method': 'gpu_hist', 'lambda': 0.17292871715212496, 'alpha': 0.001786290543686286, 'colsample_bytree': 0.5024405416055456, 'subsample': 0.7487436613407503, 'learning_rate': 0.01371096620489393, 'max_depth': 20, 'min_child_weight': 257, 'eval_metric': 'logloss'}. Best is trial 192 with value: 0.7484153763408101.
start listen on 10.110.42.38:9091
@tracker All of 4 nodes getting started
@tracker All nodes finishes job
@tracker 21.85145401954651 secs between node start and job finish
Trial 226 finished with value: 0.7472433505961783 and parameters: {'objective': 'binary:logistic', 'tree_method': 'gpu_hist', 'lambda': 0.01545604344299222, 'alpha': 0.0013332090558425666, 'colsample_bytree': 0.5329190417625429, 'subsample': 0.7168780217583245, 'learning_rate': 0.01997768141799241, 'max_depth': 9, 'min_child_weight': 222, 'eval_metric': 'logloss'}. Best is trial 192 with value: 0.7484153763408101.
start listen on 10.110.42.38:9091
@tracker All of 4 nodes getting started
@tracker All nodes finishes job
@tracker 55.64794707298279 secs between node start and job finish
Trial 227 finished with value: 0.7481257066657254 and parameters: {'objective': 'binary:logistic', 'tree_method': 'gpu_hist', 'lambda': 0.01987130345186199, 'alpha': 0.0022527313432114423, 'colsample_bytree': 0.5595009759601819, 'subsample': 0.6760856643765841, 'learning_rate': 0.016229841672589583, 'max_depth': 20, 'min_child_weight': 247, 'eval_metric': 'logloss'}. Best is trial 192 with value: 0.7484153763408101.
start listen on 10.110.42.38:9091
@tracker All of 4 nodes getting started
@tracker All nodes finishes job
@tracker 55.71493148803711 secs between node start and job finish
Trial 228 finished with value: 0.747917896861874 and parameters: {'objective': 'binary:logistic', 'tree_method': 'gpu_hist', 'lambda': 0.028779758789365138, 'alpha': 0.0020391200164513513, 'colsample_bytree': 0.567931535279198, 'subsample': 0.6742644560898525, 'learning_rate': 0.015294104802838871, 'max_depth': 20, 'min_child_weight': 250, 'eval_metric': 'logloss'}. Best is trial 192 with value: 0.7484153763408101.
start listen on 10.110.42.38:9091
@tracker All of 4 nodes getting started
@tracker All nodes finishes job
@tracker 59.0786657333374 secs between node start and job finish
Trial 229 finished with value: 0.7479584883911968 and parameters: {'objective': 'binary:logistic', 'tree_method': 'gpu_hist', 'lambda': 0.0723990552745716, 'alpha': 0.1650000404475591, 'colsample_bytree': 0.559019854282061, 'subsample': 0.7010726489347334, 'learning_rate': 0.017863375093717715, 'max_depth': 20, 'min_child_weight': 234, 'eval_metric': 'logloss'}. Best is trial 192 with value: 0.7484153763408101.
start listen on 10.110.42.38:9091
@tracker All of 4 nodes getting started
@tracker All nodes finishes job
@tracker 7.906107664108276 secs between node start and job finish
Trial 230 finished with value: 0.7439294833477013 and parameters: {'objective': 'binary:logistic', 'tree_method': 'gpu_hist', 'lambda': 0.10123595773601934, 'alpha': 0.001712367168292626, 'colsample_bytree': 0.5896089620005259, 'subsample': 0.6850773452266665, 'learning_rate': 0.02233134696982588, 'max_depth': 5, 'min_child_weight': 244, 'eval_metric': 'logloss'}. Best is trial 192 with value: 0.7484153763408101.
start listen on 10.110.42.38:9091
@tracker All of 4 nodes getting started
@tracker All nodes finishes job
@tracker 53.132107734680176 secs between node start and job finish
Trial 231 finished with value: 0.7481700324723817 and parameters: {'objective': 'binary:logistic', 'tree_method': 'gpu_hist', 'lambda': 0.019877596148975753, 'alpha': 0.0024172721779905587, 'colsample_bytree': 0.5438873571270857, 'subsample': 0.6645184355575678, 'learning_rate': 0.016703502226607776, 'max_depth': 20, 'min_child_weight': 253, 'eval_metric': 'logloss'}. Best is trial 192 with value: 0.7484153763408101.
start listen on 10.110.42.38:9091
@tracker All of 4 nodes getting started
@tracker All nodes finishes job
@tracker 52.81947731971741 secs between node start and job finish
Trial 232 finished with value: 0.7475680201783637 and parameters: {'objective': 'binary:logistic', 'tree_method': 'gpu_hist', 'lambda': 0.017424424401943712, 'alpha': 0.002857063786299043, 'colsample_bytree': 0.5525817851343398, 'subsample': 0.6645172226730804, 'learning_rate': 0.016234011976052287, 'max_depth': 20, 'min_child_weight': 268, 'eval_metric': 'logloss'}. Best is trial 192 with value: 0.7484153763408101.
start listen on 10.110.42.38:9091
@tracker All of 4 nodes getting started
@tracker All nodes finishes job
@tracker 53.55275106430054 secs between node start and job finish
Trial 233 finished with value: 0.7480164733927791 and parameters: {'objective': 'binary:logistic', 'tree_method': 'gpu_hist', 'lambda': 0.04793690863824406, 'alpha': 0.0012130859867457743, 'colsample_bytree': 0.5223802608117778, 'subsample': 0.6921607555336591, 'learning_rate': 0.01873868356704574, 'max_depth': 20, 'min_child_weight': 255, 'eval_metric': 'logloss'}. Best is trial 192 with value: 0.7484153763408101.
start listen on 10.110.42.38:9091
@tracker All of 4 nodes getting started
@tracker All nodes finishes job
@tracker 64.97395920753479 secs between node start and job finish
Trial 234 finished with value: 0.7479763094556454 and parameters: {'objective': 'binary:logistic', 'tree_method': 'gpu_hist', 'lambda': 0.021278555835788398, 'alpha': 0.00232267017887198, 'colsample_bytree': 0.5763875166150928, 'subsample': 0.9387595937355206, 'learning_rate': 0.017460233176640128, 'max_depth': 20, 'min_child_weight': 258, 'eval_metric': 'logloss'}. Best is trial 192 with value: 0.7484153763408101.
start listen on 10.110.42.38:9091
@tracker All of 4 nodes getting started
@tracker All nodes finishes job
@tracker 55.6184561252594 secs between node start and job finish
Trial 235 finished with value: 0.748008788263641 and parameters: {'objective': 'binary:logistic', 'tree_method': 'gpu_hist', 'lambda': 0.014151535496521156, 'alpha': 0.0014692750274297092, 'colsample_bytree': 0.5463870001414179, 'subsample': 0.6758880603392824, 'learning_rate': 0.014346200634198957, 'max_depth': 20, 'min_child_weight': 248, 'eval_metric': 'logloss'}. Best is trial 192 with value: 0.7484153763408101.
start listen on 10.110.42.38:9091
@tracker All of 4 nodes getting started
@tracker All nodes finishes job
@tracker 51.34924817085266 secs between node start and job finish
Trial 236 finished with value: 0.7480701974757064 and parameters: {'objective': 'binary:logistic', 'tree_method': 'gpu_hist', 'lambda': 0.038270880122159706, 'alpha': 0.001802882990944213, 'colsample_bytree': 0.5127124501482673, 'subsample': 0.6615537582611645, 'learning_rate': 0.020233789951442302, 'max_depth': 20, 'min_child_weight': 264, 'eval_metric': 'logloss'}. Best is trial 192 with value: 0.7484153763408101.
start listen on 10.110.42.38:9091
@tracker All of 4 nodes getting started
@tracker All nodes finishes job
@tracker 55.232460498809814 secs between node start and job finish
Trial 237 finished with value: 0.7478189637263069 and parameters: {'objective': 'binary:logistic', 'tree_method': 'gpu_hist', 'lambda': 0.14306204241129697, 'alpha': 0.002793565169475431, 'colsample_bytree': 0.562156161736552, 'subsample': 0.6458512812559078, 'learning_rate': 0.015687446994113667, 'max_depth': 20, 'min_child_weight': 241, 'eval_metric': 'logloss'}. Best is trial 192 with value: 0.7484153763408101.
start listen on 10.110.42.38:9091
@tracker All of 4 nodes getting started
@tracker All nodes finishes job
@tracker 55.50559616088867 secs between node start and job finish
Trial 238 finished with value: 0.7481334919553471 and parameters: {'objective': 'binary:logistic', 'tree_method': 'gpu_hist', 'lambda': 0.026252139989957932, 'alpha': 0.001210451768408503, 'colsample_bytree': 0.5315528405051119, 'subsample': 0.7133105168234041, 'learning_rate': 0.018640023188977572, 'max_depth': 20, 'min_child_weight': 249, 'eval_metric': 'logloss'}. Best is trial 192 with value: 0.7484153763408101.
start listen on 10.110.42.38:9091
@tracker All of 4 nodes getting started
@tracker All nodes finishes job
@tracker 29.48921537399292 secs between node start and job finish
Trial 239 finished with value: 0.7472349222512471 and parameters: {'objective': 'binary:logistic', 'tree_method': 'gpu_hist', 'lambda': 0.02773531730797405, 'alpha': 0.001141652710569273, 'colsample_bytree': 0.5413469670659008, 'subsample': 0.7092719784421078, 'learning_rate': 0.016917729486953473, 'max_depth': 11, 'min_child_weight': 250, 'eval_metric': 'logloss'}. Best is trial 192 with value: 0.7484153763408101.
start listen on 10.110.42.38:9091
@tracker All of 4 nodes getting started
@tracker All nodes finishes job
@tracker 52.32067561149597 secs between node start and job finish
Trial 240 finished with value: 0.748170447700794 and parameters: {'objective': 'binary:logistic', 'tree_method': 'gpu_hist', 'lambda': 0.023984134527261683, 'alpha': 0.0015550206231119967, 'colsample_bytree': 0.5281342961486659, 'subsample': 0.7314664434235864, 'learning_rate': 0.02018993316767042, 'max_depth': 20, 'min_child_weight': 275, 'eval_metric': 'logloss'}. Best is trial 192 with value: 0.7484153763408101.
start listen on 10.110.42.38:9091
@tracker All of 4 nodes getting started
@tracker All nodes finishes job
@tracker 52.93277955055237 secs between node start and job finish
Trial 241 finished with value: 0.7479053747176517 and parameters: {'objective': 'binary:logistic', 'tree_method': 'gpu_hist', 'lambda': 0.02276875114316261, 'alpha': 0.0013777274179717182, 'colsample_bytree': 0.5277169237942321, 'subsample': 0.7358759328236242, 'learning_rate': 0.02060590265636397, 'max_depth': 20, 'min_child_weight': 271, 'eval_metric': 'logloss'}. Best is trial 192 with value: 0.7484153763408101.
start listen on 10.110.42.38:9091
@tracker All of 4 nodes getting started
@tracker All nodes finishes job
@tracker 54.93096208572388 secs between node start and job finish
Trial 242 finished with value: 0.7480877486208493 and parameters: {'objective': 'binary:logistic', 'tree_method': 'gpu_hist', 'lambda': 0.01905172274971257, 'alpha': 0.0015797536961235695, 'colsample_bytree': 0.49201853598678336, 'subsample': 0.717909770695265, 'learning_rate': 0.017998939234519784, 'max_depth': 20, 'min_child_weight': 257, 'eval_metric': 'logloss'}. Best is trial 192 with value: 0.7484153763408101.
start listen on 10.110.42.38:9091
@tracker All of 4 nodes getting started
@tracker All nodes finishes job
@tracker 57.10740375518799 secs between node start and job finish
Trial 243 finished with value: 0.7479265523391083 and parameters: {'objective': 'binary:logistic', 'tree_method': 'gpu_hist', 'lambda': 0.030685040122421358, 'alpha': 0.0010151459429738109, 'colsample_bytree': 0.5448604089686913, 'subsample': 0.7365514094594209, 'learning_rate': 0.019678859354295513, 'max_depth': 20, 'min_child_weight': 244, 'eval_metric': 'logloss'}. Best is trial 192 with value: 0.7484153763408101.
start listen on 10.110.42.38:9091
@tracker All of 4 nodes getting started
@tracker All nodes finishes job
@tracker 52.10626459121704 secs between node start and job finish
Trial 244 finished with value: 0.747774893391397 and parameters: {'objective': 'binary:logistic', 'tree_method': 'gpu_hist', 'lambda': 0.02672948394095437, 'alpha': 0.0020133390529489615, 'colsample_bytree': 0.5084121083120446, 'subsample': 0.6917503267573698, 'learning_rate': 0.016459749685708378, 'max_depth': 20, 'min_child_weight': 274, 'eval_metric': 'logloss'}. Best is trial 192 with value: 0.7484153763408101.
start listen on 10.110.42.38:9091
@tracker All of 4 nodes getting started
@tracker All nodes finishes job
@tracker 55.56349515914917 secs between node start and job finish
Trial 245 finished with value: 0.747884374078797 and parameters: {'objective': 'binary:logistic', 'tree_method': 'gpu_hist', 'lambda': 0.023028286335719423, 'alpha': 0.0038900030930086923, 'colsample_bytree': 0.5622203936973119, 'subsample': 0.7260234695911372, 'learning_rate': 0.021680425605524335, 'max_depth': 20, 'min_child_weight': 253, 'eval_metric': 'logloss'}. Best is trial 192 with value: 0.7484153763408101.
start listen on 10.110.42.38:9091
@tracker All of 4 nodes getting started
@tracker All nodes finishes job
@tracker 60.35899090766907 secs between node start and job finish
Trial 246 finished with value: 0.7480520652330565 and parameters: {'objective': 'binary:logistic', 'tree_method': 'gpu_hist', 'lambda': 0.035060959699838794, 'alpha': 0.0012305512203575936, 'colsample_bytree': 0.5303798628687402, 'subsample': 0.7843155762232913, 'learning_rate': 0.018928542087193148, 'max_depth': 20, 'min_child_weight': 236, 'eval_metric': 'logloss'}. Best is trial 192 with value: 0.7484153763408101.
start listen on 10.110.42.38:9091
@tracker All of 4 nodes getting started
@tracker All nodes finishes job
@tracker 54.64283013343811 secs between node start and job finish
Trial 247 finished with value: 0.7478781375953206 and parameters: {'objective': 'binary:logistic', 'tree_method': 'gpu_hist', 'lambda': 0.01769675053079882, 'alpha': 0.001501039833265162, 'colsample_bytree': 0.5486479286421079, 'subsample': 0.7045898068468809, 'learning_rate': 0.015147291205470542, 'max_depth': 20, 'min_child_weight': 262, 'eval_metric': 'logloss'}. Best is trial 192 with value: 0.7484153763408101.
start listen on 10.110.42.38:9091
@tracker All of 4 nodes getting started
@tracker All nodes finishes job
@tracker 5.147800445556641 secs between node start and job finish
Trial 248 finished with value: 0.7381256199498071 and parameters: {'objective': 'binary:logistic', 'tree_method': 'gpu_hist', 'lambda': 0.013731361882910314, 'alpha': 0.0022608450953952967, 'colsample_bytree': 0.5189206951269565, 'subsample': 0.7100728525662952, 'learning_rate': 0.023804400527158258, 'max_depth': 3, 'min_child_weight': 249, 'eval_metric': 'logloss'}. Best is trial 192 with value: 0.7484153763408101.
start listen on 10.110.42.38:9091
@tracker All of 4 nodes getting started
@tracker All nodes finishes job
@tracker 51.705849409103394 secs between node start and job finish
Trial 249 finished with value: 0.7477436616578267 and parameters: {'objective': 'binary:logistic', 'tree_method': 'gpu_hist', 'lambda': 1.4021053487551725, 'alpha': 0.0018011020545580605, 'colsample_bytree': 0.5681595053619475, 'subsample': 0.6744178964517699, 'learning_rate': 0.017648325829785597, 'max_depth': 20, 'min_child_weight': 281, 'eval_metric': 'logloss'}. Best is trial 192 with value: 0.7484153763408101.
start listen on 10.110.42.38:9091
@tracker All of 4 nodes getting started
@tracker All nodes finishes job
@tracker 59.190555810928345 secs between node start and job finish
Trial 250 finished with value: 0.7478769356695183 and parameters: {'objective': 'binary:logistic', 'tree_method': 'gpu_hist', 'lambda': 0.08376140728048159, 'alpha': 0.0013140382198756578, 'colsample_bytree': 0.5393953223668527, 'subsample': 0.6926575188194455, 'learning_rate': 0.020260119372538684, 'max_depth': 20, 'min_child_weight': 217, 'eval_metric': 'logloss'}. Best is trial 192 with value: 0.7484153763408101.
start listen on 10.110.42.38:9091
@tracker All of 4 nodes getting started
@tracker All nodes finishes job
@tracker 59.987802505493164 secs between node start and job finish
Trial 251 finished with value: 0.7478781773261087 and parameters: {'objective': 'binary:logistic', 'tree_method': 'gpu_hist', 'lambda': 0.041069765938439744, 'alpha': 0.0017241533141958375, 'colsample_bytree': 0.5819042852194967, 'subsample': 0.714076619478892, 'learning_rate': 0.01609454141053172, 'max_depth': 20, 'min_child_weight': 232, 'eval_metric': 'logloss'}. Best is trial 192 with value: 0.7484153763408101.
start listen on 10.110.42.38:9091
@tracker All of 4 nodes getting started
@tracker All nodes finishes job
@tracker 60.8795804977417 secs between node start and job finish
Trial 252 finished with value: 0.7480239890409328 and parameters: {'objective': 'binary:logistic', 'tree_method': 'gpu_hist', 'lambda': 0.0593146397685377, 'alpha': 0.0024354691040835825, 'colsample_bytree': 0.5033556140892759, 'subsample': 0.6813020994386157, 'learning_rate': 0.018739352694355716, 'max_depth': 20, 'min_child_weight': 210, 'eval_metric': 'logloss'}. Best is trial 192 with value: 0.7484153763408101.
start listen on 10.110.42.38:9091
@tracker All of 4 nodes getting started
@tracker All nodes finishes job
@tracker 55.43793487548828 secs between node start and job finish
Trial 253 finished with value: 0.7477374401775849 and parameters: {'objective': 'binary:logistic', 'tree_method': 'gpu_hist', 'lambda': 0.11569016384862514, 'alpha': 0.00315743525971709, 'colsample_bytree': 0.5534765290201284, 'subsample': 0.7557890764294298, 'learning_rate': 0.014494564261130802, 'max_depth': 20, 'min_child_weight': 286, 'eval_metric': 'logloss'}. Best is trial 192 with value: 0.7484153763408101.
start listen on 10.110.42.38:9091
@tracker All of 4 nodes getting started
@tracker All nodes finishes job
@tracker 59.36444425582886 secs between node start and job finish
Trial 254 finished with value: 0.7475976190598909 and parameters: {'objective': 'binary:logistic', 'tree_method': 'gpu_hist', 'lambda': 0.02079589055650887, 'alpha': 0.0011558558721960683, 'colsample_bytree': 0.5278119875680409, 'subsample': 0.6984130275780295, 'learning_rate': 0.01301211727985483, 'max_depth': 20, 'min_child_weight': 239, 'eval_metric': 'logloss'}. Best is trial 192 with value: 0.7484153763408101.
start listen on 10.110.42.38:9091
@tracker All of 4 nodes getting started
@tracker All nodes finishes job
@tracker 40.19588112831116 secs between node start and job finish
Trial 255 finished with value: 0.7481355104460897 and parameters: {'objective': 'binary:logistic', 'tree_method': 'gpu_hist', 'lambda': 0.016168066420912085, 'alpha': 0.0015692923316948206, 'colsample_bytree': 0.5992506561745978, 'subsample': 0.6641900234428945, 'learning_rate': 0.017709128988877228, 'max_depth': 15, 'min_child_weight': 243, 'eval_metric': 'logloss'}. Best is trial 192 with value: 0.7484153763408101.
start listen on 10.110.42.38:9091
@tracker All of 4 nodes getting started
@tracker All nodes finishes job
@tracker 42.36242723464966 secs between node start and job finish
Trial 256 finished with value: 0.7478831527043573 and parameters: {'objective': 'binary:logistic', 'tree_method': 'gpu_hist', 'lambda': 0.015081950979878366, 'alpha': 0.002018513613814369, 'colsample_bytree': 0.5988134548204258, 'subsample': 0.7288210461472108, 'learning_rate': 0.01707992204876045, 'max_depth': 15, 'min_child_weight': 245, 'eval_metric': 'logloss'}. Best is trial 192 with value: 0.7484153763408101.
start listen on 10.110.42.38:9091
@tracker All of 4 nodes getting started
@tracker All nodes finishes job
@tracker 40.8316125869751 secs between node start and job finish
Trial 257 finished with value: 0.7475296145369856 and parameters: {'objective': 'binary:logistic', 'tree_method': 'gpu_hist', 'lambda': 0.0115876898240965, 'alpha': 0.0015635950252194362, 'colsample_bytree': 0.5785515718406468, 'subsample': 0.6745936410469697, 'learning_rate': 0.015498693476189096, 'max_depth': 15, 'min_child_weight': 252, 'eval_metric': 'logloss'}. Best is trial 192 with value: 0.7484153763408101.
start listen on 10.110.42.38:9091
@tracker All of 4 nodes getting started
@tracker All nodes finishes job
@tracker 40.15022873878479 secs between node start and job finish
Trial 258 finished with value: 0.7478253738583331 and parameters: {'objective': 'binary:logistic', 'tree_method': 'gpu_hist', 'lambda': 0.025118660464297345, 'alpha': 0.002552465915258112, 'colsample_bytree': 0.6118925626303263, 'subsample': 0.664735051433589, 'learning_rate': 0.018044205921828815, 'max_depth': 15, 'min_child_weight': 241, 'eval_metric': 'logloss'}. Best is trial 192 with value: 0.7484153763408101.
start listen on 10.110.42.38:9091
@tracker All of 4 nodes getting started
@tracker All nodes finishes job
@tracker 40.29119658470154 secs between node start and job finish
