Trial 167 finished with value: 0.7479979081401056 and parameters: {'objective': 'binary:logistic', 'tree_method': 'gpu_hist', 'lambda': 6.522359246689954, 'alpha': 0.5125493458252172, 'colsample_bytree': 0.3490917204124541, 'subsample': 0.8454890169949412, 'learning_rate': 0.028280607682639503, 'max_depth': 11, 'min_child_weight': 279, 'eval_metric': 'logloss'}. Best is trial 52 with value: 0.7484127937006588.
start listen on 192.168.1.101:36441
@tracker All of 4 nodes getting started
@tracker All nodes finishes job
Trial 168 finished with value: 0.7478547186573021 and parameters: {'objective': 'binary:logistic', 'tree_method': 'gpu_hist', 'lambda': 3.9105495645776345, 'alpha': 1.321775798200483, 'colsample_bytree': 0.30310161354848864, 'subsample': 0.8701466898878463, 'learning_rate': 0.024872585199064854, 'max_depth': 11, 'min_child_weight': 251, 'eval_metric': 'logloss'}. Best is trial 52 with value: 0.7484127937006588.
start listen on 192.168.1.101:33719
@tracker All of 4 nodes getting started
@tracker All nodes finishes job
Trial 169 finished with value: 0.7477701547308517 and parameters: {'objective': 'binary:logistic', 'tree_method': 'gpu_hist', 'lambda': 8.798046743403825, 'alpha': 1.0097281722909934, 'colsample_bytree': 0.370893145530293, 'subsample': 0.842865006589365, 'learning_rate': 0.03238098434005779, 'max_depth': 11, 'min_child_weight': 239, 'eval_metric': 'logloss'}. Best is trial 52 with value: 0.7484127937006588.
start listen on 192.168.1.101:45843
@tracker All of 4 nodes getting started
@tracker All nodes finishes job
Trial 170 finished with value: 0.7299346406390592 and parameters: {'objective': 'binary:logistic', 'tree_method': 'gpu_hist', 'lambda': 5.734013748124264, 'alpha': 0.5252329259170196, 'colsample_bytree': 0.32298174271193986, 'subsample': 0.8283602125014179, 'learning_rate': 0.002820358285463578, 'max_depth': 11, 'min_child_weight': 265, 'eval_metric': 'logloss'}. Best is trial 52 with value: 0.7484127937006588.
start listen on 192.168.1.101:52983
@tracker All of 4 nodes getting started
@tracker All nodes finishes job
Trial 171 finished with value: 0.7479076033925991 and parameters: {'objective': 'binary:logistic', 'tree_method': 'gpu_hist', 'lambda': 7.164444691938174, 'alpha': 0.7917864781693862, 'colsample_bytree': 0.3405692057247211, 'subsample': 0.8757430515992468, 'learning_rate': 0.021476288912652856, 'max_depth': 11, 'min_child_weight': 285, 'eval_metric': 'logloss'}. Best is trial 52 with value: 0.7484127937006588.
start listen on 192.168.1.101:40557
@tracker All of 4 nodes getting started
@tracker All nodes finishes job
Trial 172 finished with value: 0.7484349062459075 and parameters: {'objective': 'binary:logistic', 'tree_method': 'gpu_hist', 'lambda': 9.966075946328713, 'alpha': 0.5402005723296847, 'colsample_bytree': 0.3006414337746033, 'subsample': 0.8525508012682014, 'learning_rate': 0.02469866432582161, 'max_depth': 20, 'min_child_weight': 279, 'eval_metric': 'logloss'}. Best is trial 172 with value: 0.7484349062459075.
start listen on 192.168.1.101:57177
@tracker All of 4 nodes getting started
@tracker All nodes finishes job
Trial 173 finished with value: 0.7481558609447742 and parameters: {'objective': 'binary:logistic', 'tree_method': 'gpu_hist', 'lambda': 9.547572902691027, 'alpha': 0.5829123199569204, 'colsample_bytree': 0.3154247914506017, 'subsample': 0.8604262983223933, 'learning_rate': 0.024573821416166566, 'max_depth': 20, 'min_child_weight': 279, 'eval_metric': 'logloss'}. Best is trial 172 with value: 0.7484349062459075.
start listen on 192.168.1.101:34593
@tracker All of 4 nodes getting started
@tracker All nodes finishes job
Trial 174 finished with value: 0.747902952112004 and parameters: {'objective': 'binary:logistic', 'tree_method': 'gpu_hist', 'lambda': 4.935644171934374, 'alpha': 0.3221864026008652, 'colsample_bytree': 0.3014508375530261, 'subsample': 0.8241572289399349, 'learning_rate': 0.02731284424305171, 'max_depth': 20, 'min_child_weight': 273, 'eval_metric': 'logloss'}. Best is trial 172 with value: 0.7484349062459075.
start listen on 192.168.1.101:55065
@tracker All of 4 nodes getting started
@tracker All nodes finishes job
Trial 175 finished with value: 0.7478141875576747 and parameters: {'objective': 'binary:logistic', 'tree_method': 'gpu_hist', 'lambda': 8.201165693717043, 'alpha': 5.558463600070539, 'colsample_bytree': 0.32387513451829925, 'subsample': 0.8530917346500111, 'learning_rate': 0.02985328489010445, 'max_depth': 20, 'min_child_weight': 280, 'eval_metric': 'logloss'}. Best is trial 172 with value: 0.7484349062459075.
start listen on 192.168.1.101:52113
@tracker All of 4 nodes getting started
@tracker All nodes finishes job
Trial 176 finished with value: 0.7480396822855118 and parameters: {'objective': 'binary:logistic', 'tree_method': 'gpu_hist', 'lambda': 6.5553713149134625, 'alpha': 7.053605469208591, 'colsample_bytree': 0.30096842597228435, 'subsample': 0.8397795726614071, 'learning_rate': 0.022838611086023596, 'max_depth': 20, 'min_child_weight': 269, 'eval_metric': 'logloss'}. Best is trial 172 with value: 0.7484349062459075.
start listen on 192.168.1.101:40803
@tracker All of 4 nodes getting started
@tracker All nodes finishes job
Trial 177 finished with value: 0.7478163210732167 and parameters: {'objective': 'binary:logistic', 'tree_method': 'gpu_hist', 'lambda': 3.197137607683217, 'alpha': 3.734984219740748, 'colsample_bytree': 0.34958060183734035, 'subsample': 0.8668371738742677, 'learning_rate': 0.02565070257356839, 'max_depth': 11, 'min_child_weight': 257, 'eval_metric': 'logloss'}. Best is trial 172 with value: 0.7484349062459075.
start listen on 192.168.1.101:44873
@tracker All of 4 nodes getting started
@tracker All nodes finishes job
Trial 178 finished with value: 0.7474109582602151 and parameters: {'objective': 'binary:logistic', 'tree_method': 'gpu_hist', 'lambda': 5.528252158231712, 'alpha': 0.6496257198363379, 'colsample_bytree': 0.3354498390248057, 'subsample': 0.7922851462806165, 'learning_rate': 0.020169636551818658, 'max_depth': 11, 'min_child_weight': 275, 'eval_metric': 'logloss'}. Best is trial 172 with value: 0.7484349062459075.
start listen on 192.168.1.101:39629
@tracker All of 4 nodes getting started
@tracker All nodes finishes job
Trial 179 finished with value: 0.7476497954480235 and parameters: {'objective': 'binary:logistic', 'tree_method': 'gpu_hist', 'lambda': 4.203423655809629, 'alpha': 1.209578671767212, 'colsample_bytree': 0.3231381153405256, 'subsample': 0.8835644005353742, 'learning_rate': 0.036953543134063, 'max_depth': 9, 'min_child_weight': 140, 'eval_metric': 'logloss'}. Best is trial 172 with value: 0.7484349062459075.
start listen on 192.168.1.101:45487
@tracker All of 4 nodes getting started
@tracker All nodes finishes job
Trial 180 finished with value: 0.7480486626939125 and parameters: {'objective': 'binary:logistic', 'tree_method': 'gpu_hist', 'lambda': 8.786745081567956, 'alpha': 0.10166639385450443, 'colsample_bytree': 0.3684453097557969, 'subsample': 0.8337272652705138, 'learning_rate': 0.02875411620419936, 'max_depth': 20, 'min_child_weight': 285, 'eval_metric': 'logloss'}. Best is trial 172 with value: 0.7484349062459075.
start listen on 192.168.1.101:60201
@tracker All of 4 nodes getting started
@tracker All nodes finishes job
Trial 181 finished with value: 0.7481287948315348 and parameters: {'objective': 'binary:logistic', 'tree_method': 'gpu_hist', 'lambda': 7.445256140866729, 'alpha': 0.4611935130437341, 'colsample_bytree': 0.31403017011537615, 'subsample': 0.8507696552612896, 'learning_rate': 0.02011314876356229, 'max_depth': 15, 'min_child_weight': 283, 'eval_metric': 'logloss'}. Best is trial 172 with value: 0.7484349062459075.
start listen on 192.168.1.101:35735
@tracker All of 4 nodes getting started
@tracker All nodes finishes job
Trial 182 finished with value: 0.7481655698435709 and parameters: {'objective': 'binary:logistic', 'tree_method': 'gpu_hist', 'lambda': 9.979956414148797, 'alpha': 0.07899752970834263, 'colsample_bytree': 0.3356655478304602, 'subsample': 0.8741868475998085, 'learning_rate': 0.023625563288765906, 'max_depth': 11, 'min_child_weight': 291, 'eval_metric': 'logloss'}. Best is trial 172 with value: 0.7484349062459075.
start listen on 192.168.1.101:44113
@tracker All of 4 nodes getting started
@tracker All nodes finishes job
Trial 183 finished with value: 0.7475394374881501 and parameters: {'objective': 'binary:logistic', 'tree_method': 'gpu_hist', 'lambda': 7.537899386315523, 'alpha': 0.5437942185729702, 'colsample_bytree': 0.31355633435325464, 'subsample': 0.8184705841219163, 'learning_rate': 0.017495775030007182, 'max_depth': 13, 'min_child_weight': 272, 'eval_metric': 'logloss'}. Best is trial 172 with value: 0.7484349062459075.
start listen on 192.168.1.101:50899
@tracker All of 4 nodes getting started
@tracker All nodes finishes job
Trial 184 finished with value: 0.7363803293591155 and parameters: {'objective': 'binary:logistic', 'tree_method': 'gpu_hist', 'lambda': 6.239882021078095, 'alpha': 0.7084999707783874, 'colsample_bytree': 0.40667776544608997, 'subsample': 0.8956200749965014, 'learning_rate': 0.02195930319046812, 'max_depth': 3, 'min_child_weight': 281, 'eval_metric': 'logloss'}. Best is trial 172 with value: 0.7484349062459075.
start listen on 192.168.1.101:48105
@tracker All of 4 nodes getting started
@tracker All nodes finishes job
Trial 185 finished with value: 0.7452673927735673 and parameters: {'objective': 'binary:logistic', 'tree_method': 'gpu_hist', 'lambda': 4.915036297517884, 'alpha': 0.4092319171996264, 'colsample_bytree': 0.35712402116303976, 'subsample': 0.8652919374795173, 'learning_rate': 0.018729415475418374, 'max_depth': 7, 'min_child_weight': 288, 'eval_metric': 'logloss'}. Best is trial 172 with value: 0.7484349062459075.
start listen on 192.168.1.101:50903
@tracker All of 4 nodes getting started
@tracker All nodes finishes job
Trial 186 finished with value: 0.74793879914619 and parameters: {'objective': 'binary:logistic', 'tree_method': 'gpu_hist', 'lambda': 7.789994151076791, 'alpha': 0.8450906461693619, 'colsample_bytree': 0.3027109444518849, 'subsample': 0.8474291102614951, 'learning_rate': 0.02541695273422816, 'max_depth': 11, 'min_child_weight': 265, 'eval_metric': 'logloss'}. Best is trial 172 with value: 0.7484349062459075.
start listen on 192.168.1.101:37913
@tracker All of 4 nodes getting started
@tracker All nodes finishes job
Trial 187 finished with value: 0.7391289437667009 and parameters: {'objective': 'binary:logistic', 'tree_method': 'gpu_hist', 'lambda': 2.2525038458279423, 'alpha': 0.5602655660263817, 'colsample_bytree': 0.5816831424786028, 'subsample': 0.8853964926435087, 'learning_rate': 0.006203813796783274, 'max_depth': 20, 'min_child_weight': 293, 'eval_metric': 'logloss'}. Best is trial 172 with value: 0.7484349062459075.
start listen on 192.168.1.101:33109
@tracker All of 4 nodes getting started
@tracker All nodes finishes job
Trial 188 finished with value: 0.7460399529488669 and parameters: {'objective': 'binary:logistic', 'tree_method': 'gpu_hist', 'lambda': 9.951738140625439, 'alpha': 0.30581075292525717, 'colsample_bytree': 0.32877815778340425, 'subsample': 0.8372022253931037, 'learning_rate': 0.03138892289026662, 'max_depth': 5, 'min_child_weight': 277, 'eval_metric': 'logloss'}. Best is trial 172 with value: 0.7484349062459075.
start listen on 192.168.1.101:55627
@tracker All of 4 nodes getting started
@tracker All nodes finishes job
Trial 189 finished with value: 0.7475059480455947 and parameters: {'objective': 'binary:logistic', 'tree_method': 'gpu_hist', 'lambda': 5.770348232643185, 'alpha': 1.0060669544237941, 'colsample_bytree': 0.4191917198583527, 'subsample': 0.860571795279614, 'learning_rate': 0.021323914197696674, 'max_depth': 11, 'min_child_weight': 261, 'eval_metric': 'logloss'}. Best is trial 172 with value: 0.7484349062459075.
start listen on 192.168.1.101:52815
@tracker All of 4 nodes getting started
@tracker All nodes finishes job
Trial 190 finished with value: 0.7481132964900881 and parameters: {'objective': 'binary:logistic', 'tree_method': 'gpu_hist', 'lambda': 6.796196503509479, 'alpha': 0.4375021575913333, 'colsample_bytree': 0.3825595246332712, 'subsample': 0.8248576711349233, 'learning_rate': 0.02745607003449196, 'max_depth': 11, 'min_child_weight': 286, 'eval_metric': 'logloss'}. Best is trial 172 with value: 0.7484349062459075.
start listen on 192.168.1.101:46695
@tracker All of 4 nodes getting started
@tracker All nodes finishes job
Trial 191 finished with value: 0.7480474233989425 and parameters: {'objective': 'binary:logistic', 'tree_method': 'gpu_hist', 'lambda': 8.658774395628315, 'alpha': 0.8216966883695619, 'colsample_bytree': 0.30443154998205313, 'subsample': 0.808362740142931, 'learning_rate': 0.02778493312592679, 'max_depth': 11, 'min_child_weight': 266, 'eval_metric': 'logloss'}. Best is trial 172 with value: 0.7484349062459075.
start listen on 192.168.1.101:36485
@tracker All of 4 nodes getting started
@tracker All nodes finishes job
Trial 192 finished with value: 0.747919008629349 and parameters: {'objective': 'binary:logistic', 'tree_method': 'gpu_hist', 'lambda': 7.9060429285961655, 'alpha': 0.9553050015597262, 'colsample_bytree': 0.3148665921159923, 'subsample': 0.8154391157979162, 'learning_rate': 0.023114008267456417, 'max_depth': 11, 'min_child_weight': 261, 'eval_metric': 'logloss'}. Best is trial 172 with value: 0.7484349062459075.
start listen on 192.168.1.101:51591
@tracker All of 4 nodes getting started
@tracker All nodes finishes job
Trial 193 finished with value: 0.7484547798362147 and parameters: {'objective': 'binary:logistic', 'tree_method': 'gpu_hist', 'lambda': 4.582114453174963, 'alpha': 0.06720775689659914, 'colsample_bytree': 0.30173827950139837, 'subsample': 0.8455147547698268, 'learning_rate': 0.025777644748367887, 'max_depth': 11, 'min_child_weight': 274, 'eval_metric': 'logloss'}. Best is trial 193 with value: 0.7484547798362147.
start listen on 192.168.1.101:60673
@tracker All of 4 nodes getting started
@tracker All nodes finishes job
Trial 194 finished with value: 0.7484090534498151 and parameters: {'objective': 'binary:logistic', 'tree_method': 'gpu_hist', 'lambda': 3.6258315429780814, 'alpha': 0.0722546011689914, 'colsample_bytree': 0.32921746286513737, 'subsample': 0.8570326083467239, 'learning_rate': 0.02479493272121328, 'max_depth': 11, 'min_child_weight': 276, 'eval_metric': 'logloss'}. Best is trial 193 with value: 0.7484547798362147.
start listen on 192.168.1.101:42783
@tracker All of 4 nodes getting started
@tracker All nodes finishes job
Trial 195 finished with value: 0.7481042021682387 and parameters: {'objective': 'binary:logistic', 'tree_method': 'gpu_hist', 'lambda': 2.8257943874735134, 'alpha': 0.06888015609378653, 'colsample_bytree': 0.30022890150525333, 'subsample': 0.8564287716196729, 'learning_rate': 0.025316936025090275, 'max_depth': 11, 'min_child_weight': 271, 'eval_metric': 'logloss'}. Best is trial 193 with value: 0.7484547798362147.
start listen on 192.168.1.101:47709
@tracker All of 4 nodes getting started
@tracker All nodes finishes job
Trial 196 finished with value: 0.7479670584333447 and parameters: {'objective': 'binary:logistic', 'tree_method': 'gpu_hist', 'lambda': 3.9508213485536308, 'alpha': 0.061413235265312394, 'colsample_bytree': 0.3445715315063817, 'subsample': 0.8450166207908367, 'learning_rate': 0.030731526624226013, 'max_depth': 11, 'min_child_weight': 276, 'eval_metric': 'logloss'}. Best is trial 193 with value: 0.7484547798362147.
start listen on 192.168.1.101:60307
@tracker All of 4 nodes getting started
@tracker All nodes finishes job
Trial 197 finished with value: 0.748334124239501 and parameters: {'objective': 'binary:logistic', 'tree_method': 'gpu_hist', 'lambda': 3.3027862066934586, 'alpha': 0.03932805881197725, 'colsample_bytree': 0.32777661715719336, 'subsample': 0.833228894123625, 'learning_rate': 0.02425415419735006, 'max_depth': 11, 'min_child_weight': 280, 'eval_metric': 'logloss'}. Best is trial 193 with value: 0.7484547798362147.
start listen on 192.168.1.101:50289
@tracker All of 4 nodes getting started
@tracker All nodes finishes job
Trial 198 finished with value: 0.7479729020543422 and parameters: {'objective': 'binary:logistic', 'tree_method': 'gpu_hist', 'lambda': 3.291097501000465, 'alpha': 0.07610298144613314, 'colsample_bytree': 0.3323554581733522, 'subsample': 0.831535835147687, 'learning_rate': 0.03446833150978717, 'max_depth': 11, 'min_child_weight': 281, 'eval_metric': 'logloss'}. Best is trial 193 with value: 0.7484547798362147.
start listen on 192.168.1.101:55327
@tracker All of 4 nodes getting started
@tracker All nodes finishes job
Trial 199 finished with value: 0.7480709298558299 and parameters: {'objective': 'binary:logistic', 'tree_method': 'gpu_hist', 'lambda': 2.679168894544345, 'alpha': 0.027211743792745317, 'colsample_bytree': 0.32025255739041153, 'subsample': 0.840606216802038, 'learning_rate': 0.023809485340908508, 'max_depth': 11, 'min_child_weight': 295, 'eval_metric': 'logloss'}. Best is trial 193 with value: 0.7484547798362147.
start listen on 192.168.1.101:40707
@tracker All of 4 nodes getting started
@tracker All nodes finishes job
Trial 200 finished with value: 0.7478913822564288 and parameters: {'objective': 'binary:logistic', 'tree_method': 'gpu_hist', 'lambda': 3.611263891789743, 'alpha': 0.04709032067749633, 'colsample_bytree': 0.353160416349183, 'subsample': 0.8560446687561714, 'learning_rate': 0.027213327984037167, 'max_depth': 11, 'min_child_weight': 270, 'eval_metric': 'logloss'}. Best is trial 193 with value: 0.7484547798362147.
start listen on 192.168.1.101:39739
@tracker All of 4 nodes getting started
@tracker All nodes finishes job
Trial 201 finished with value: 0.7481816590068434 and parameters: {'objective': 'binary:logistic', 'tree_method': 'gpu_hist', 'lambda': 4.519163401406415, 'alpha': 0.08645509341923069, 'colsample_bytree': 0.3186396068507934, 'subsample': 0.8762879258777894, 'learning_rate': 0.0225386621749566, 'max_depth': 11, 'min_child_weight': 278, 'eval_metric': 'logloss'}. Best is trial 193 with value: 0.7484547798362147.
start listen on 192.168.1.101:38233
@tracker All of 4 nodes getting started
@tracker All nodes finishes job
Trial 202 finished with value: 0.7481409618992024 and parameters: {'objective': 'binary:logistic', 'tree_method': 'gpu_hist', 'lambda': 5.113884705992113, 'alpha': 0.039005988080135695, 'colsample_bytree': 0.33302009326196236, 'subsample': 0.8644563552062149, 'learning_rate': 0.024910172117427555, 'max_depth': 11, 'min_child_weight': 274, 'eval_metric': 'logloss'}. Best is trial 193 with value: 0.7484547798362147.
start listen on 192.168.1.101:58871
@tracker All of 4 nodes getting started
@tracker All nodes finishes job
Trial 203 finished with value: 0.7478678814952135 and parameters: {'objective': 'binary:logistic', 'tree_method': 'gpu_hist', 'lambda': 4.315861861981357, 'alpha': 0.05344908168639921, 'colsample_bytree': 0.31376772163582645, 'subsample': 0.8304515566788679, 'learning_rate': 0.02114863993937335, 'max_depth': 11, 'min_child_weight': 283, 'eval_metric': 'logloss'}. Best is trial 193 with value: 0.7484547798362147.
start listen on 192.168.1.101:42741
@tracker All of 4 nodes getting started
@tracker All nodes finishes job
Trial 204 finished with value: 0.7483298556803095 and parameters: {'objective': 'binary:logistic', 'tree_method': 'gpu_hist', 'lambda': 5.569522993057361, 'alpha': 0.11490286566571398, 'colsample_bytree': 0.33817923423702, 'subsample': 0.8478375933600285, 'learning_rate': 0.02607460930130783, 'max_depth': 11, 'min_child_weight': 289, 'eval_metric': 'logloss'}. Best is trial 193 with value: 0.7484547798362147.
start listen on 192.168.1.101:44287
@tracker All of 4 nodes getting started
@tracker All nodes finishes job
Trial 205 finished with value: 0.7481231982082346 and parameters: {'objective': 'binary:logistic', 'tree_method': 'gpu_hist', 'lambda': 3.560166328936511, 'alpha': 0.03564340364971764, 'colsample_bytree': 0.34262826335795615, 'subsample': 0.8468143968276909, 'learning_rate': 0.02945695943927505, 'max_depth': 11, 'min_child_weight': 290, 'eval_metric': 'logloss'}. Best is trial 193 with value: 0.7484547798362147.
start listen on 192.168.1.101:42581
@tracker All of 4 nodes getting started
@tracker All nodes finishes job
Trial 206 finished with value: 0.748155228725134 and parameters: {'objective': 'binary:logistic', 'tree_method': 'gpu_hist', 'lambda': 5.176174782874991, 'alpha': 0.11313250858151687, 'colsample_bytree': 0.33064138947530847, 'subsample': 0.8240116124793475, 'learning_rate': 0.026251662737298884, 'max_depth': 11, 'min_child_weight': 287, 'eval_metric': 'logloss'}. Best is trial 193 with value: 0.7484547798362147.
start listen on 192.168.1.101:54849
@tracker All of 4 nodes getting started
@tracker All nodes finishes job
Trial 207 finished with value: 0.7478764784876166 and parameters: {'objective': 'binary:logistic', 'tree_method': 'gpu_hist', 'lambda': 2.5209301182064254, 'alpha': 0.0665033035321277, 'colsample_bytree': 0.35701906003386974, 'subsample': 0.8376286883222839, 'learning_rate': 0.03232657045196269, 'max_depth': 11, 'min_child_weight': 281, 'eval_metric': 'logloss'}. Best is trial 193 with value: 0.7484547798362147.
start listen on 192.168.1.101:52083
@tracker All of 4 nodes getting started
@tracker All nodes finishes job
Trial 208 finished with value: 0.7483171019583814 and parameters: {'objective': 'binary:logistic', 'tree_method': 'gpu_hist', 'lambda': 3.21726543152639, 'alpha': 0.03258883930991042, 'colsample_bytree': 0.3130625602107962, 'subsample': 0.8514076316720067, 'learning_rate': 0.024156438527313195, 'max_depth': 11, 'min_child_weight': 297, 'eval_metric': 'logloss'}. Best is trial 193 with value: 0.7484547798362147.
start listen on 192.168.1.101:52527
@tracker All of 4 nodes getting started
@tracker All nodes finishes job
